src/handlers/admin/websocket-admin.ts(13,38): error TS6133: 'params' is declared but its value is never read.
src/handlers/ai-services/ai-enhanced.ts(56,17): error TS6133: 'key' is declared but its value is never read.
src/handlers/ai-services/ai.ts(317,15): error TS6133: 'key' is declared but its value is never read.
src/handlers/ai-services/ai.ts(486,13): error TS6133: 'userInfo' is declared but its value is never read.
src/handlers/ai-services/ai.ts(680,30): error TS6133: 'userId' is declared but its value is never read.
src/handlers/ai-services/ai.ts(680,38): error TS6133: 'userEmail' is declared but its value is never read.
src/handlers/ai-services/ai.ts(680,49): error TS6133: 'userName' is declared but its value is never read.
src/handlers/ai-services/ai.ts(680,59): error TS6133: 'userIdentification' is declared but its value is never read.
src/handlers/ai-services/creative.ts(45,6): error TS6196: 'SpeechRecognizeResponse' is declared but never used.
src/handlers/ai-services/creative.ts(203,51): error TS2769: No overload matches this call.
src/handlers/ai-services/creative.ts(205,38): error TS2532: Object is possibly 'undefined'.
src/handlers/ai-services/creative.ts(400,16): error TS18048: 'sentiment.score' is possibly 'undefined'.
src/handlers/ai-services/creative.ts(401,16): error TS18048: 'sentiment.score' is possibly 'undefined'.
src/handlers/ai-services/creative.ts(404,31): error TS18048: 'sentiment.score' is possibly 'undefined'.
src/handlers/ai-services/creative.ts(405,31): error TS18048: 'sentiment.score' is possibly 'undefined'.
src/handlers/ai-services/creative.ts(406,28): error TS18048: 'sentiment.score' is possibly 'undefined'.
src/handlers/ai-services/creative.ts(407,27): error TS18048: 'sentiment.score' is possibly 'undefined'.
src/handlers/ai-services/creative.ts(408,19): error TS18048: 'sentiment.magnitude' is possibly 'undefined'.
src/handlers/analytics/analytics.ts(2,1): error TS6133: 'google' is declared but its value is never read.
src/handlers/analytics/analytics.ts(3,1): error TS6133: 'getOAuth2Client' is declared but its value is never read.
src/handlers/analytics/analytics.ts(5,1): error TS6133: 'BadRequestError' is declared but its value is never read.
src/handlers/analytics/analytics.ts(19,7): error TS6133: 'metrics' is declared but its value is never read.
src/handlers/analytics/analytics.ts(20,7): error TS6133: 'dimensions' is declared but its value is never read.
src/handlers/analytics/daily-drive-recap.ts(146,9): error TS2532: Object is possibly 'undefined'.
src/handlers/analytics/daily-drive-recap.ts(151,22): error TS2532: Object is possibly 'undefined'.
src/handlers/analytics/daily-drive-recap.ts(156,22): error TS2532: Object is possibly 'undefined'.
src/handlers/analytics/daily-drive-recap.ts(157,21): error TS2532: Object is possibly 'undefined'.
src/handlers/analytics/daily-drive-recap.ts(158,38): error TS2345: Argument of type 'string | undefined' is not assignable to parameter of type 'string'.
src/handlers/analytics/daily-drive-recap.ts(162,22): error TS2532: Object is possibly 'undefined'.
src/handlers/analytics/daily-drive-recap.ts(163,21): error TS2532: Object is possibly 'undefined'.
src/handlers/analytics/daily-drive-recap.ts(164,38): error TS2345: Argument of type 'string | undefined' is not assignable to parameter of type 'string'.
src/handlers/analytics/daily-drive-recap.ts(168,22): error TS2532: Object is possibly 'undefined'.
src/handlers/analytics/daily-drive-recap.ts(169,21): error TS2532: Object is possibly 'undefined'.
src/handlers/analytics/daily-drive-recap.ts(170,38): error TS2345: Argument of type 'string | undefined' is not assignable to parameter of type 'string'.
src/handlers/analytics/daily-drive-recap.ts(174,22): error TS2532: Object is possibly 'undefined'.
src/handlers/analytics/daily-drive-recap.ts(175,21): error TS2532: Object is possibly 'undefined'.
src/handlers/analytics/daily-drive-recap.ts(176,38): error TS2345: Argument of type 'string | undefined' is not assignable to parameter of type 'string'.
src/handlers/analytics/daily-drive-recap.ts(208,9): error TS2532: Object is possibly 'undefined'.
src/handlers/analytics/daily-drive-recap.ts(212,13): error TS2532: Object is possibly 'undefined'.
src/handlers/analytics/daily-drive-recap.ts(213,13): error TS2532: Object is possibly 'undefined'.
src/handlers/analytics/daily-drive-recap.ts(214,13): error TS2532: Object is possibly 'undefined'.
src/handlers/analytics/daily-drive-recap.ts(215,13): error TS2532: Object is possibly 'undefined'.
src/handlers/analytics/daily-drive-recap.ts(216,13): error TS2532: Object is possibly 'undefined'.
src/handlers/analytics/dashboard-analytics.ts(324,37): error TS6133: 'params' is declared but its value is never read.
src/handlers/analytics/dashboard-analytics.ts(348,46): error TS6133: 'params' is declared but its value is never read.
src/handlers/analytics/dashboard-analytics.ts(367,41): error TS6133: 'params' is declared but its value is never read.
src/handlers/analytics/dashboard-analytics.ts(382,31): error TS18048: 'mostPopular' is possibly 'undefined'.
src/handlers/analytics/dashboard-analytics.ts(395,41): error TS6133: 'params' is declared but its value is never read.
src/handlers/analytics/dashboard-analytics.ts(419,39): error TS6133: 'params' is declared but its value is never read.
src/handlers/analytics/weekly-report.ts(5,14): error TS6133: 'err' is declared but its value is never read.
src/handlers/analytics/weekly-report.ts(67,9): error TS6133: 'sentiments' is declared but its value is never read.
src/handlers/analytics/weekly-report.ts(318,44): error TS6133: 'userId' is declared but its value is never read.
src/handlers/analytics/weekly-report.ts(486,13): error TS6133: 'dailyGroups' is declared but its value is never read.
src/handlers/analytics/weekly-report.ts(686,7): error TS2532: Object is possibly 'undefined'.
src/handlers/analytics/weekly-report.ts(694,33): error TS6133: 'conversations' is declared but its value is never read.
src/handlers/analytics/weekly-report.ts(695,21): error TS2532: Object is possibly 'undefined'.
src/handlers/analytics/weekly-report.ts(696,20): error TS2532: Object is possibly 'undefined'.
src/handlers/analytics/weekly-report.ts(705,27): error TS2532: Object is possibly 'undefined'.
src/handlers/analytics/weekly-report.ts(705,49): error TS2532: Object is possibly 'undefined'.
src/handlers/analytics/weekly-report.ts(805,18): error TS2345: Argument of type 'string | undefined' is not assignable to parameter of type 'string'.
src/handlers/analytics/weekly-report.ts(805,41): error TS2345: Argument of type 'string | undefined' is not assignable to parameter of type 'string'.
src/handlers/analytics/weekly-report.ts(887,3): error TS6133: 'conversations' is declared but its value is never read.
src/handlers/analytics/weekly-report.ts(924,3): error TS6133: 'userId' is declared but its value is never read.
src/handlers/bali-zero/kbli.ts(228,13): error TS7053: Element implicitly has an 'any' type because expression of type 'any' can't be used to index type '{ "56101": { code: string; name: string; nameEn: string; description: string; requirements: string[]; minimumCapital: string; }; "56102": { code: string; name: string; nameEn: string; description: string; requirements: string[]; minimumCapital: string; }; "56103": { ...; }; "56104": { ...; }; "56301": { ...; }; } | ...'.
src/handlers/bali-zero/kbli.ts(233,21): error TS7053: Element implicitly has an 'any' type because expression of type 'any' can't be used to index type '{ "56101": { code: string; name: string; nameEn: string; description: string; requirements: string[]; minimumCapital: string; }; "56102": { code: string; name: string; nameEn: string; description: string; requirements: string[]; minimumCapital: string; }; "56103": { ...; }; "56104": { ...; }; "56301": { ...; }; } | ...'.
src/handlers/bali-zero/kbli.ts(247,21): error TS7053: Element implicitly has an 'any' type because expression of type 'any' can't be used to index type '{ restaurants: { "56101": { code: string; name: string; nameEn: string; description: string; requirements: string[]; minimumCapital: string; }; "56102": { code: string; name: string; nameEn: string; description: string; requirements: string[]; minimumCapital: string; }; "56103": { ...; }; "56104": { ...; }; "56301":...'.
src/handlers/bali-zero/kbli.ts(253,32): error TS7053: Element implicitly has an 'any' type because expression of type 'any' can't be used to index type '{ restaurants: { "56101": { code: string; name: string; nameEn: string; description: string; requirements: string[]; minimumCapital: string; }; "56102": { code: string; name: string; nameEn: string; description: string; requirements: string[]; minimumCapital: string; }; "56103": { ...; }; "56104": { ...; }; "56301":...'.
src/handlers/bali-zero/oracle.ts(172,28): error TS2339: Property 'ok' does not exist on type 'never'.
src/handlers/bali-zero/oracle.ts(210,28): error TS2339: Property 'ok' does not exist on type 'never'.
src/handlers/bali-zero/oracle.ts(266,28): error TS2339: Property 'ok' does not exist on type 'never'.
src/handlers/communication/communication.ts(130,24): error TS6133: 'thread' is declared but its value is never read.
src/handlers/communication/instagram.ts(11,14): error TS6133: 'err' is declared but its value is never read.
src/handlers/communication/instagram.ts(191,11): error TS6133: 'commentId' is declared but its value is never read.
src/handlers/communication/instagram.ts(359,31): error TS6133: 'userId' is declared but its value is never read.
src/handlers/communication/instagram.ts(477,11): error TS6133: 'userId' is declared but its value is never read.
src/handlers/communication/translate.ts(66,13): error TS6133: 'service' is declared but its value is never read.
src/handlers/communication/translate.ts(66,30): error TS6133: 'projectId' is declared but its value is never read.
src/handlers/communication/translate.ts(181,13): error TS6133: 'service' is declared but its value is never read.
src/handlers/communication/whatsapp.ts(9,14): error TS6133: 'err' is declared but its value is never read.
src/handlers/communication/whatsapp.ts(325,40): error TS6133: 'userId' is declared but its value is never read.
src/handlers/communication/whatsapp.ts(325,48): error TS6133: 'groupId' is declared but its value is never read.
src/handlers/communication/whatsapp.ts(453,11): error TS6133: 'userId' is declared but its value is never read.
src/handlers/communication/whatsapp.ts(453,49): error TS6133: 'isGroup' is declared but its value is never read.
src/handlers/communication/whatsapp.ts(453,58): error TS6133: 'groupId' is declared but its value is never read.
src/handlers/example-modern-handler.ts(16,48): error TS6133: 'req' is declared but its value is never read.
src/handlers/example-modern-handler.ts(39,48): error TS6133: 'req' is declared but its value is never read.
src/handlers/example-modern-handler.ts(40,9): error TS6198: All destructured elements are unused.
src/handlers/example-modern-handler.ts(55,49): error TS6133: 'req' is declared but its value is never read.
src/handlers/google-workspace/calendar.ts(1,19): error TS6133: 'ApiSuccess' is declared but its value is never read.
src/handlers/google-workspace/docs.ts(1,19): error TS6133: 'ApiSuccess' is declared but its value is never read.
src/handlers/google-workspace/drive-multipart.ts(1,1): error TS6133: 'ok' is declared but its value is never read.
src/handlers/google-workspace/drive-multipart.ts(2,1): error TS6133: 'BadRequestError' is declared but its value is never read.
src/handlers/google-workspace/drive.ts(1,19): error TS6133: 'ApiSuccess' is declared but its value is never read.
src/handlers/google-workspace/sheets.ts(1,19): error TS6133: 'ApiSuccess' is declared but its value is never read.
src/handlers/identity/identity.ts(32,20): error TS2532: Object is possibly 'undefined'.
src/handlers/identity/identity.ts(136,52): error TS2345: Argument of type 'string | undefined' is not assignable to parameter of type 'string'.
src/handlers/maps/maps.ts(5,1): error TS6133: 'google' is declared but its value is never read.
src/handlers/memory/conversation-autosave.ts(3,1): error TS6192: All imports in import declaration are unused.
src/handlers/memory/conversation-autosave.ts(4,1): error TS6133: 'BadRequestError' is declared but its value is never read.
src/handlers/memory/conversation-autosave.ts(31,9): error TS6133: 'apiKey' is declared but its value is never read.
src/handlers/memory/conversation-autosave.ts(138,30): error TS2339: Property 'error' does not exist on type 'ApiSuccess<{ file: any; sharedDrive: string | null; }>'.
src/handlers/memory/episodes-firestore.ts(3,14): error TS6133: 'err' is declared but its value is never read.
src/handlers/memory/episodes-firestore.ts(184,17): error TS6133: 'userId' is declared but its value is never read.
src/handlers/memory/memory-firestore.ts(2,14): error TS6133: 'err' is declared but its value is never read.
src/handlers/memory/memory-firestore.ts(5,54): error TS6133: 'hybridMemorySearch' is declared but its value is never read.
src/handlers/memory/memory-firestore.ts(270,5): error TS2322: Type 'string | undefined' is not assignable to type 'string'.
src/handlers/memory/memory-firestore.ts(302,18): error TS2532: Object is possibly 'undefined'.
src/handlers/memory/memory.ts(2,14): error TS6133: 'err' is declared but its value is never read.
src/handlers/rag/rag.ts(14,45): error TS6133: 'req' is declared but its value is never read.
src/handlers/rag/rag.ts(46,49): error TS6133: 'req' is declared but its value is never read.
src/handlers/rag/rag.ts(71,46): error TS6133: 'req' is declared but its value is never read.
src/handlers/rag/rag.ts(91,33): error TS6133: 'params' is declared but its value is never read.
src/handlers/rag/rag.ts(91,46): error TS6133: 'req' is declared but its value is never read.
src/handlers/system/handlers-introspection.ts(11,28): error TS6133: 'HandlerMetadata' is declared but its value is never read.
src/handlers/zantara/zantara-dashboard.ts(2,1): error TS6133: 'getFirestore' is declared but its value is never read.
src/handlers/zantara/zantara-dashboard.ts(372,48): error TS6133: 'params' is declared but its value is never read.
src/handlers/zantara/zantara-test.ts(2,1): error TS6133: 'getFirestore' is declared but its value is never read.
src/handlers/zantara/zantara-test.ts(133,9): error TS6133: 'p' is declared but its value is never read.
src/handlers/zantara/zantara-test.ts(216,9): error TS6133: 'p' is declared but its value is never read.
src/handlers/zantara/zantara-test.ts(239,9): error TS6133: 'p' is declared but its value is never read.
src/handlers/zantara/zantara-v2-simple.ts(2,1): error TS6133: 'getFirestore' is declared but its value is never read.
src/handlers/zero/chat-simple.ts(10,1): error TS6133: 'executeZeroTool' is declared but its value is never read.
src/handlers/zero/chat.ts(30,7): error TS6133: 'getGeminiClient' is declared but its value is never read.
src/index.ts(57,27): error TS6133: 'req' is declared but its value is never read.
src/index.ts(69,28): error TS6133: 'req' is declared but its value is never read.
src/index.ts(78,34): error TS6133: 'req' is declared but its value is never read.
src/middleware/monitoring.ts(38,9): error TS6133: 'requestMetrics' is declared but its value is never read.
src/middleware/monitoring.ts(96,54): error TS6133: 'res' is declared but its value is never read.
src/middleware/reality-check.ts(135,41): error TS6133: 'req' is declared but its value is never read.
src/middleware/reality-check.ts(253,41): error TS6133: 'req' is declared but its value is never read.
src/middleware/validation.ts(59,43): error TS6133: 'req' is declared but its value is never read.
src/middleware/validation.ts(75,44): error TS6133: 'req' is declared but its value is never read.
src/router.ts(223,13): error TS6133: 'name' is declared but its value is never read.
src/router.ts(223,24): error TS6133: 'email' is declared but its value is never read.
src/router.ts(223,50): error TS6133: 'details' is declared but its value is never read.
src/router.ts(223,64): error TS6133: 'nationality' is declared but its value is never read.
src/router.ts(223,82): error TS6133: 'urgency' is declared but its value is never read.
src/router.ts(246,27): error TS6133: 'details' is declared but its value is never read.
src/router.ts(390,16): error TS6133: 'code' is declared but its value is never read.
src/router.ts(438,16): error TS6133: 'code' is declared but its value is never read.
src/router.ts(446,16): error TS6133: 'code' is declared but its value is never read.
src/router.ts(1250,17): error TS6133: 'startTime' is declared but its value is never read.
src/routes/api/rag.ts(106,30): error TS6133: 'req' is declared but its value is never read.
src/services/anti-hallucination.ts(143,5): error TS6133: 'context' is declared but its value is never read.
src/services/bridgeProxy.ts(7,50): error TS6133: 'key' is declared but its value is never read.
src/services/bridgeProxy.ts(7,63): error TS6133: 'params' is declared but its value is never read.
src/services/google-auth-service.ts(8,1): error TS6133: 'GoogleAuth' is declared but its value is never read.
src/services/memory-cache.ts(59,34): error TS2345: Argument of type 'string | undefined' is not assignable to parameter of type 'string'.
src/services/memory-cache.ts(97,31): error TS2345: Argument of type 'string | undefined' is not assignable to parameter of type 'string'.
src/services/memory-vector.ts(4,10): error TS6133: 'memoryCache' is declared but its value is never read.
src/services/memory-vector.ts(8,11): error TS6196: 'EmbeddingResponse' is declared but never used.
src/services/reality-anchor.ts(24,11): error TS6133: 'antiHallucination' is declared but its value is never read.
src/services/session-tracker.ts(47,17): error TS2532: Object is possibly 'undefined'.
src/services/session-tracker.ts(65,19): error TS2532: Object is possibly 'undefined'.
src/utils/handlers-list.ts(25,7): error TS6133: 'currentFilename' is declared but its value is never read.
