{"meta": {"format": 3, "version": "7.11.3", "timestamp": "2025-11-30T10:44:20.889599", "branch_coverage": true, "show_contexts": false}, "files": {"BACKEND_ESSENTIALS.py": {"executed_lines": [], "summary": {"covered_lines": 0, "num_statements": 18, "percent_covered": 0.0, "percent_covered_display": "0.00", "missing_lines": 18, "excluded_lines": 0, "num_branches": 0, "num_partial_branches": 0, "covered_branches": 0, "missing_branches": 0}, "missing_lines": [17, 28, 35, 46, 59, 60, 62, 64, 66, 70, 71, 73, 75, 77, 81, 82, 84, 111], "excluded_lines": [], "executed_branches": [], "missing_branches": [], "functions": {"GmailService.list_messages": {"executed_lines": [], "summary": {"covered_lines": 0, "num_statements": 1, "percent_covered": 0.0, "percent_covered_display": "0.00", "missing_lines": 1, "excluded_lines": 0, "num_branches": 0, "num_partial_branches": 0, "covered_branches": 0, "missing_branches": 0}, "missing_lines": [62], "excluded_lines": [], "executed_branches": [], "missing_branches": []}, "GmailService.get_message_details": {"executed_lines": [], "summary": {"covered_lines": 0, "num_statements": 1, "percent_covered": 0.0, "percent_covered_display": "0.00", "missing_lines": 1, "excluded_lines": 0, "num_branches": 0, "num_partial_branches": 0, "covered_branches": 0, "missing_branches": 0}, "missing_lines": [66], "excluded_lines": [], "executed_branches": [], "missing_branches": []}, "CalendarService.list_upcoming_events": {"executed_lines": [], "summary": {"covered_lines": 0, "num_statements": 1, "percent_covered": 0.0, "percent_covered_display": "0.00", "missing_lines": 1, "excluded_lines": 0, "num_branches": 0, "num_partial_branches": 0, "covered_branches": 0, "missing_branches": 0}, "missing_lines": [73], "excluded_lines": [], "executed_branches": [], "missing_branches": []}, "CalendarService.create_event": {"executed_lines": [], "summary": {"covered_lines": 0, "num_statements": 1, "percent_covered": 0.0, "percent_covered_display": "0.00", "missing_lines": 1, "excluded_lines": 0, "num_branches": 0, "num_partial_branches": 0, "covered_branches": 0, "missing_branches": 0}, "missing_lines": [77], "excluded_lines": [], "executed_branches": [], "missing_branches": []}, "AutoCRMService.process_email_interaction": {"executed_lines": [], "summary": {"covered_lines": 0, "num_statements": 1, "percent_covered": 0.0, "percent_covered_display": "0.00", "missing_lines": 1, "excluded_lines": 0, "num_branches": 0, "num_partial_branches": 0, "covered_branches": 0, "missing_branches": 0}, "missing_lines": [84], "excluded_lines": [], "executed_branches": [], "missing_branches": []}, "": {"executed_lines": [], "summary": {"covered_lines": 0, "num_statements": 13, "percent_covered": 0.0, "percent_covered_display": "0.00", "missing_lines": 13, "excluded_lines": 0, "num_branches": 0, "num_partial_branches": 0, "covered_branches": 0, "missing_branches": 0}, "missing_lines": [17, 28, 35, 46, 59, 60, 64, 70, 71, 75, 81, 82, 111], "excluded_lines": [], "executed_branches": [], "missing_branches": []}}, "classes": {"GmailService": {"executed_lines": [], "summary": {"covered_lines": 0, "num_statements": 2, "percent_covered": 0.0, "percent_covered_display": "0.00", "missing_lines": 2, "excluded_lines": 0, "num_branches": 0, "num_partial_branches": 0, "covered_branches": 0, "missing_branches": 0}, "missing_lines": [62, 66], "excluded_lines": [], "executed_branches": [], "missing_branches": []}, "CalendarService": {"executed_lines": [], "summary": {"covered_lines": 0, "num_statements": 2, "percent_covered": 0.0, "percent_covered_display": "0.00", "missing_lines": 2, "excluded_lines": 0, "num_branches": 0, "num_partial_branches": 0, "covered_branches": 0, "missing_branches": 0}, "missing_lines": [73, 77], "excluded_lines": [], "executed_branches": [], "missing_branches": []}, "AutoCRMService": {"executed_lines": [], "summary": {"covered_lines": 0, "num_statements": 1, "percent_covered": 0.0, "percent_covered_display": "0.00", "missing_lines": 1, "excluded_lines": 0, "num_branches": 0, "num_partial_branches": 0, "covered_branches": 0, "missing_branches": 0}, "missing_lines": [84], "excluded_lines": [], "executed_branches": [], "missing_branches": []}, "": {"executed_lines": [], "summary": {"covered_lines": 0, "num_statements": 13, "percent_covered": 0.0, "percent_covered_display": "0.00", "missing_lines": 13, "excluded_lines": 0, "num_branches": 0, "num_partial_branches": 0, "covered_branches": 0, "missing_branches": 0}, "missing_lines": [17, 28, 35, 46, 59, 60, 64, 70, 71, 75, 81, 82, 111], "excluded_lines": [], "executed_branches": [], "missing_branches": []}}}, "analyze_coverage.py": {"executed_lines": [], "summary": {"covered_lines": 0, "num_statements": 51, "percent_covered": 0.0, "percent_covered_display": "0.00", "missing_lines": 51, "excluded_lines": 0, "num_branches": 14, "num_partial_branches": 0, "covered_branches": 0, "missing_branches": 14}, "missing_lines": [4, 5, 7, 8, 10, 11, 12, 13, 14, 15, 18, 20, 28, 30, 31, 32, 33, 36, 37, 38, 40, 41, 42, 45, 46, 47, 48, 49, 50, 52, 53, 54, 55, 56, 57, 60, 61, 62, 63, 64, 65, 67, 68, 69, 70, 71, 72, 73, 74, 76, 77], "excluded_lines": [], "executed_branches": [], "missing_branches": [[11, 12], [11, 28], [12, 11], [12, 13], [37, 38], [37, 40], [41, 42], [41, 45], [46, 47], [46, 52], [47, 46], [47, 48], [54, 55], [54, 60]], "functions": {"": {"executed_lines": [], "summary": {"covered_lines": 0, "num_statements": 51, "percent_covered": 0.0, "percent_covered_display": "0.00", "missing_lines": 51, "excluded_lines": 0, "num_branches": 14, "num_partial_branches": 0, "covered_branches": 0, "missing_branches": 14}, "missing_lines": [4, 5, 7, 8, 10, 11, 12, 13, 14, 15, 18, 20, 28, 30, 31, 32, 33, 36, 37, 38, 40, 41, 42, 45, 46, 47, 48, 49, 50, 52, 53, 54, 55, 56, 57, 60, 61, 62, 63, 64, 65, 67, 68, 69, 70, 71, 72, 73, 74, 76, 77], "excluded_lines": [], "executed_branches": [], "missing_branches": [[11, 12], [11, 28], [12, 11], [12, 13], [37, 38], [37, 40], [41, 42], [41, 45], [46, 47], [46, 52], [47, 46], [47, 48], [54, 55], [54, 60]]}}, "classes": {"": {"executed_lines": [], "summary": {"covered_lines": 0, "num_statements": 51, "percent_covered": 0.0, "percent_covered_display": "0.00", "missing_lines": 51, "excluded_lines": 0, "num_branches": 14, "num_partial_branches": 0, "covered_branches": 0, "missing_branches": 14}, "missing_lines": [4, 5, 7, 8, 10, 11, 12, 13, 14, 15, 18, 20, 28, 30, 31, 32, 33, 36, 37, 38, 40, 41, 42, 45, 46, 47, 48, 49, 50, 52, 53, 54, 55, 56, 57, 60, 61, 62, 63, 64, 65, 67, 68, 69, 70, 71, 72, 73, 74, 76, 77], "excluded_lines": [], "executed_branches": [], "missing_branches": [[11, 12], [11, 28], [12, 11], [12, 13], [37, 38], [37, 40], [41, 42], [41, 45], [46, 47], [46, 52], [47, 46], [47, 48], [54, 55], [54, 60]]}}}, "backend/__init__.py": {"executed_lines": [], "summary": {"covered_lines": 0, "num_statements": 0, "percent_covered": 100.0, "percent_covered_display": "100.00", "missing_lines": 0, "excluded_lines": 0, "num_branches": 0, "num_partial_branches": 0, "covered_branches": 0, "missing_branches": 0}, "missing_lines": [], "excluded_lines": [], "executed_branches": [], "missing_branches": [], "functions": {"": {"executed_lines": [], "summary": {"covered_lines": 0, "num_statements": 0, "percent_covered": 100.0, "percent_covered_display": "100.00", "missing_lines": 0, "excluded_lines": 0, "num_branches": 0, "num_partial_branches": 0, "covered_branches": 0, "missing_branches": 0}, "missing_lines": [], "excluded_lines": [], "executed_branches": [], "missing_branches": []}}, "classes": {"": {"executed_lines": [], "summary": {"covered_lines": 0, "num_statements": 0, "percent_covered": 100.0, "percent_covered_display": "100.00", "missing_lines": 0, "excluded_lines": 0, "num_branches": 0, "num_partial_branches": 0, "covered_branches": 0, "missing_branches": 0}, "missing_lines": [], "excluded_lines": [], "executed_branches": [], "missing_branches": []}}}, "backend/agents/__init__.py": {"executed_lines": [], "summary": {"covered_lines": 0, "num_statements": 0, "percent_covered": 100.0, "percent_covered_display": "100.00", "missing_lines": 0, "excluded_lines": 0, "num_branches": 0, "num_partial_branches": 0, "covered_branches": 0, "missing_branches": 0}, "missing_lines": [], "excluded_lines": [], "executed_branches": [], "missing_branches": [], "functions": {"": {"executed_lines": [], "summary": {"covered_lines": 0, "num_statements": 0, "percent_covered": 100.0, "percent_covered_display": "100.00", "missing_lines": 0, "excluded_lines": 0, "num_branches": 0, "num_partial_branches": 0, "covered_branches": 0, "missing_branches": 0}, "missing_lines": [], "excluded_lines": [], "executed_branches": [], "missing_branches": []}}, "classes": {"": {"executed_lines": [], "summary": {"covered_lines": 0, "num_statements": 0, "percent_covered": 100.0, "percent_covered_display": "100.00", "missing_lines": 0, "excluded_lines": 0, "num_branches": 0, "num_partial_branches": 0, "covered_branches": 0, "missing_branches": 0}, "missing_lines": [], "excluded_lines": [], "executed_branches": [], "missing_branches": []}}}, "backend/agents/agents/__init__.py": {"executed_lines": [], "summary": {"covered_lines": 0, "num_statements": 4, "percent_covered": 0.0, "percent_covered_display": "0.00", "missing_lines": 4, "excluded_lines": 0, "num_branches": 0, "num_partial_branches": 0, "covered_branches": 0, "missing_branches": 0}, "missing_lines": [6, 7, 8, 10], "excluded_lines": [], "executed_branches": [], "missing_branches": [], "functions": {"": {"executed_lines": [], "summary": {"covered_lines": 0, "num_statements": 4, "percent_covered": 0.0, "percent_covered_display": "0.00", "missing_lines": 4, "excluded_lines": 0, "num_branches": 0, "num_partial_branches": 0, "covered_branches": 0, "missing_branches": 0}, "missing_lines": [6, 7, 8, 10], "excluded_lines": [], "executed_branches": [], "missing_branches": []}}, "classes": {"": {"executed_lines": [], "summary": {"covered_lines": 0, "num_statements": 4, "percent_covered": 0.0, "percent_covered_display": "0.00", "missing_lines": 4, "excluded_lines": 0, "num_branches": 0, "num_partial_branches": 0, "covered_branches": 0, "missing_branches": 0}, "missing_lines": [6, 7, 8, 10], "excluded_lines": [], "executed_branches": [], "missing_branches": []}}}, "backend/agents/agents/client_value_predictor.py": {"executed_lines": [], "summary": {"covered_lines": 0, "num_statements": 120, "percent_covered": 0.0, "percent_covered_display": "0.00", "missing_lines": 120, "excluded_lines": 0, "num_branches": 42, "num_partial_branches": 0, "covered_branches": 0, "missing_branches": 42}, "missing_lines": [6, 7, 8, 9, 10, 11, 12, 13, 14, 15, 16, 18, 28, 29, 30, 31, 32, 33, 34, 36, 39, 40, 43, 65, 66, 67, 69, 70, 73, 74, 75, 76, 77, 80, 83, 91, 110, 112, 113, 114, 115, 116, 117, 119, 121, 123, 124, 125, 126, 127, 128, 130, 132, 135, 137, 138, 140, 141, 142, 143, 145, 147, 169, 175, 177, 179, 181, 184, 185, 187, 188, 193, 194, 195, 196, 198, 201, 202, 205, 206, 208, 215, 216, 218, 220, 221, 224, 238, 239, 241, 242, 243, 244, 245, 246, 247, 248, 249, 251, 253, 256, 258, 260, 265, 267, 268, 269, 270, 272, 274, 275, 276, 278, 279, 280, 283, 284, 285, 286, 298], "excluded_lines": [], "executed_branches": [], "missing_branches": [[69, 70], [69, 73], [112, 113], [112, 114], [114, 115], [114, 116], [116, 117], [116, 119], [123, 124], [123, 125], [125, 126], [125, 127], [127, 128], [127, 130], [135, 137], [135, 147], [140, 141], [140, 142], [142, 143], [142, 145], [184, 185], [184, 187], [215, 216], [215, 278], [220, 221], [220, 224], [241, 242], [241, 244], [244, 245], [244, 247], [247, 248], [247, 251], [251, 215], [251, 253], [258, 215], [258, 260], [267, 268], [267, 269], [269, 270], [269, 272], [284, 285], [284, 298]], "functions": {"ClientValuePredictor.__init__": {"executed_lines": [], "summary": {"covered_lines": 0, "num_statements": 6, "percent_covered": 0.0, "percent_covered_display": "0.00", "missing_lines": 6, "excluded_lines": 0, "num_branches": 0, "num_partial_branches": 0, "covered_branches": 0, "missing_branches": 0}, "missing_lines": [29, 30, 31, 32, 33, 34], "excluded_lines": [], "executed_branches": [], "missing_branches": []}, "ClientValuePredictor.calculate_client_score": {"executed_lines": [], "summary": {"covered_lines": 0, "num_statements": 16, "percent_covered": 0.0, "percent_covered_display": "0.00", "missing_lines": 16, "excluded_lines": 0, "num_branches": 2, "num_partial_branches": 0, "covered_branches": 0, "missing_branches": 2}, "missing_lines": [39, 40, 43, 65, 66, 67, 69, 70, 73, 74, 75, 76, 77, 80, 83, 91], "excluded_lines": [], "executed_branches": [], "missing_branches": [[69, 70], [69, 73]]}, "ClientValuePredictor._calculate_risk": {"executed_lines": [], "summary": {"covered_lines": 0, "num_statements": 7, "percent_covered": 0.0, "percent_covered_display": "0.00", "missing_lines": 7, "excluded_lines": 0, "num_branches": 6, "num_partial_branches": 0, "covered_branches": 0, "missing_branches": 6}, "missing_lines": [112, 113, 114, 115, 116, 117, 119], "excluded_lines": [], "executed_branches": [], "missing_branches": [[112, 113], [112, 114], [114, 115], [114, 116], [116, 117], [116, 119]]}, "ClientValuePredictor._get_segment": {"executed_lines": [], "summary": {"covered_lines": 0, "num_statements": 7, "percent_covered": 0.0, "percent_covered_display": "0.00", "missing_lines": 7, "excluded_lines": 0, "num_branches": 6, "num_partial_branches": 0, "covered_branches": 0, "missing_branches": 6}, "missing_lines": [123, 124, 125, 126, 127, 128, 130], "excluded_lines": [], "executed_branches": [], "missing_branches": [[123, 124], [123, 125], [125, 126], [125, 127], [127, 128], [127, 130]]}, "ClientValuePredictor.generate_nurturing_message": {"executed_lines": [], "summary": {"covered_lines": 0, "num_statements": 11, "percent_covered": 0.0, "percent_covered_display": "0.00", "missing_lines": 11, "excluded_lines": 0, "num_branches": 6, "num_partial_branches": 0, "covered_branches": 0, "missing_branches": 6}, "missing_lines": [135, 137, 138, 140, 141, 142, 143, 145, 147, 169, 175], "excluded_lines": [], "executed_branches": [], "missing_branches": [[135, 137], [135, 147], [140, 141], [140, 142], [142, 143], [142, 145]]}, "ClientValuePredictor.send_whatsapp_message": {"executed_lines": [], "summary": {"covered_lines": 0, "num_statements": 10, "percent_covered": 0.0, "percent_covered_display": "0.00", "missing_lines": 10, "excluded_lines": 0, "num_branches": 2, "num_partial_branches": 0, "covered_branches": 0, "missing_branches": 2}, "missing_lines": [179, 181, 184, 185, 187, 188, 193, 194, 195, 196], "excluded_lines": [], "executed_branches": [], "missing_branches": [[184, 185], [184, 187]]}, "ClientValuePredictor.run_daily_nurturing": {"executed_lines": [], "summary": {"covered_lines": 0, "num_statements": 44, "percent_covered": 0.0, "percent_covered_display": "0.00", "missing_lines": 44, "excluded_lines": 0, "num_branches": 20, "num_partial_branches": 0, "covered_branches": 0, "missing_branches": 20}, "missing_lines": [201, 202, 205, 206, 208, 215, 216, 218, 220, 221, 224, 238, 239, 241, 242, 243, 244, 245, 246, 247, 248, 249, 251, 253, 256, 258, 260, 265, 267, 268, 269, 270, 272, 274, 275, 276, 278, 279, 280, 283, 284, 285, 286, 298], "excluded_lines": [], "executed_branches": [], "missing_branches": [[215, 216], [215, 278], [220, 221], [220, 224], [241, 242], [241, 244], [244, 245], [244, 247], [247, 248], [247, 251], [251, 215], [251, 253], [258, 215], [258, 260], [267, 268], [267, 269], [269, 270], [269, 272], [284, 285], [284, 298]]}, "": {"executed_lines": [], "summary": {"covered_lines": 0, "num_statements": 19, "percent_covered": 0.0, "percent_covered_display": "0.00", "missing_lines": 19, "excluded_lines": 0, "num_branches": 0, "num_partial_branches": 0, "covered_branches": 0, "missing_branches": 0}, "missing_lines": [6, 7, 8, 9, 10, 11, 12, 13, 14, 15, 16, 18, 28, 36, 110, 121, 132, 177, 198], "excluded_lines": [], "executed_branches": [], "missing_branches": []}}, "classes": {"ClientValuePredictor": {"executed_lines": [], "summary": {"covered_lines": 0, "num_statements": 101, "percent_covered": 0.0, "percent_covered_display": "0.00", "missing_lines": 101, "excluded_lines": 0, "num_branches": 42, "num_partial_branches": 0, "covered_branches": 0, "missing_branches": 42}, "missing_lines": [29, 30, 31, 32, 33, 34, 39, 40, 43, 65, 66, 67, 69, 70, 73, 74, 75, 76, 77, 80, 83, 91, 112, 113, 114, 115, 116, 117, 119, 123, 124, 125, 126, 127, 128, 130, 135, 137, 138, 140, 141, 142, 143, 145, 147, 169, 175, 179, 181, 184, 185, 187, 188, 193, 194, 195, 196, 201, 202, 205, 206, 208, 215, 216, 218, 220, 221, 224, 238, 239, 241, 242, 243, 244, 245, 246, 247, 248, 249, 251, 253, 256, 258, 260, 265, 267, 268, 269, 270, 272, 274, 275, 276, 278, 279, 280, 283, 284, 285, 286, 298], "excluded_lines": [], "executed_branches": [], "missing_branches": [[69, 70], [69, 73], [112, 113], [112, 114], [114, 115], [114, 116], [116, 117], [116, 119], [123, 124], [123, 125], [125, 126], [125, 127], [127, 128], [127, 130], [135, 137], [135, 147], [140, 141], [140, 142], [142, 143], [142, 145], [184, 185], [184, 187], [215, 216], [215, 278], [220, 221], [220, 224], [241, 242], [241, 244], [244, 245], [244, 247], [247, 248], [247, 251], [251, 215], [251, 253], [258, 215], [258, 260], [267, 268], [267, 269], [269, 270], [269, 272], [284, 285], [284, 298]]}, "": {"executed_lines": [], "summary": {"covered_lines": 0, "num_statements": 19, "percent_covered": 0.0, "percent_covered_display": "0.00", "missing_lines": 19, "excluded_lines": 0, "num_branches": 0, "num_partial_branches": 0, "covered_branches": 0, "missing_branches": 0}, "missing_lines": [6, 7, 8, 9, 10, 11, 12, 13, 14, 15, 16, 18, 28, 36, 110, 121, 132, 177, 198], "excluded_lines": [], "executed_branches": [], "missing_branches": []}}}, "backend/agents/agents/conversation_trainer.py": {"executed_lines": [], "summary": {"covered_lines": 0, "num_statements": 53, "percent_covered": 0.0, "percent_covered_display": "0.00", "missing_lines": 53, "excluded_lines": 0, "num_branches": 6, "num_partial_branches": 0, "covered_branches": 0, "missing_branches": 6}, "missing_lines": [6, 7, 8, 10, 19, 20, 21, 22, 24, 28, 29, 31, 45, 46, 47, 49, 50, 53, 58, 89, 91, 94, 109, 111, 113, 114, 117, 118, 121, 122, 123, 126, 127, 128, 149, 150, 156, 158, 179, 186, 189, 191, 194, 196, 197, 198, 201, 204, 206, 209, 210, 211, 212], "excluded_lines": [], "executed_branches": [], "missing_branches": [[49, 50], [49, 53], [196, 197], [196, 201], [210, -189], [210, 211]], "functions": {"ConversationTrainer.__init__": {"executed_lines": [], "summary": {"covered_lines": 0, "num_statements": 3, "percent_covered": 0.0, "percent_covered_display": "0.00", "missing_lines": 3, "excluded_lines": 0, "num_branches": 0, "num_partial_branches": 0, "covered_branches": 0, "missing_branches": 0}, "missing_lines": [20, 21, 22], "excluded_lines": [], "executed_branches": [], "missing_branches": []}, "ConversationTrainer.analyze_winning_patterns": {"executed_lines": [], "summary": {"covered_lines": 0, "num_statements": 11, "percent_covered": 0.0, "percent_covered_display": "0.00", "missing_lines": 11, "excluded_lines": 0, "num_branches": 2, "num_partial_branches": 0, "covered_branches": 0, "missing_branches": 2}, "missing_lines": [28, 29, 31, 45, 46, 47, 49, 50, 53, 58, 89], "excluded_lines": [], "executed_branches": [], "missing_branches": [[49, 50], [49, 53]]}, "ConversationTrainer.generate_prompt_update": {"executed_lines": [], "summary": {"covered_lines": 0, "num_statements": 2, "percent_covered": 0.0, "percent_covered_display": "0.00", "missing_lines": 2, "excluded_lines": 0, "num_branches": 0, "num_partial_branches": 0, "covered_branches": 0, "missing_branches": 0}, "missing_lines": [94, 109], "excluded_lines": [], "executed_branches": [], "missing_branches": []}, "ConversationTrainer.create_improvement_pr": {"executed_lines": [], "summary": {"covered_lines": 0, "num_statements": 16, "percent_covered": 0.0, "percent_covered_display": "0.00", "missing_lines": 16, "excluded_lines": 0, "num_branches": 0, "num_partial_branches": 0, "covered_branches": 0, "missing_branches": 0}, "missing_lines": [113, 114, 117, 118, 121, 122, 123, 126, 127, 128, 149, 150, 156, 158, 179, 186], "excluded_lines": [], "executed_branches": [], "missing_branches": []}, "run_conversation_trainer": {"executed_lines": [], "summary": {"covered_lines": 0, "num_statements": 12, "percent_covered": 0.0, "percent_covered_display": "0.00", "missing_lines": 12, "excluded_lines": 0, "num_branches": 4, "num_partial_branches": 0, "covered_branches": 0, "missing_branches": 4}, "missing_lines": [191, 194, 196, 197, 198, 201, 204, 206, 209, 210, 211, 212], "excluded_lines": [], "executed_branches": [], "missing_branches": [[196, 197], [196, 201], [210, -189], [210, 211]]}, "": {"executed_lines": [], "summary": {"covered_lines": 0, "num_statements": 9, "percent_covered": 0.0, "percent_covered_display": "0.00", "missing_lines": 9, "excluded_lines": 0, "num_branches": 0, "num_partial_branches": 0, "covered_branches": 0, "missing_branches": 0}, "missing_lines": [6, 7, 8, 10, 19, 24, 91, 111, 189], "excluded_lines": [], "executed_branches": [], "missing_branches": []}}, "classes": {"ConversationTrainer": {"executed_lines": [], "summary": {"covered_lines": 0, "num_statements": 32, "percent_covered": 0.0, "percent_covered_display": "0.00", "missing_lines": 32, "excluded_lines": 0, "num_branches": 2, "num_partial_branches": 0, "covered_branches": 0, "missing_branches": 2}, "missing_lines": [20, 21, 22, 28, 29, 31, 45, 46, 47, 49, 50, 53, 58, 89, 94, 109, 113, 114, 117, 118, 121, 122, 123, 126, 127, 128, 149, 150, 156, 158, 179, 186], "excluded_lines": [], "executed_branches": [], "missing_branches": [[49, 50], [49, 53]]}, "": {"executed_lines": [], "summary": {"covered_lines": 0, "num_statements": 21, "percent_covered": 0.0, "percent_covered_display": "0.00", "missing_lines": 21, "excluded_lines": 0, "num_branches": 4, "num_partial_branches": 0, "covered_branches": 0, "missing_branches": 4}, "missing_lines": [6, 7, 8, 10, 19, 24, 91, 111, 189, 191, 194, 196, 197, 198, 201, 204, 206, 209, 210, 211, 212], "excluded_lines": [], "executed_branches": [], "missing_branches": [[196, 197], [196, 201], [210, -189], [210, 211]]}}}, "backend/agents/agents/knowledge_graph_builder.py": {"executed_lines": [], "summary": {"covered_lines": 0, "num_statements": 126, "percent_covered": 0.0, "percent_covered_display": "0.00", "missing_lines": 126, "excluded_lines": 0, "num_branches": 20, "num_partial_branches": 0, "covered_branches": 0, "missing_branches": 20}, "missing_lines": [6, 7, 8, 9, 10, 11, 12, 13, 14, 15, 17, 27, 28, 29, 30, 32, 34, 35, 38, 57, 76, 90, 91, 92, 94, 96, 99, 124, 130, 132, 133, 134, 135, 136, 137, 138, 139, 141, 144, 145, 147, 149, 170, 176, 177, 178, 179, 180, 181, 182, 183, 184, 186, 189, 200, 202, 206, 220, 223, 224, 227, 233, 234, 235, 236, 237, 239, 242, 243, 244, 248, 249, 252, 254, 256, 257, 265, 268, 274, 275, 277, 278, 279, 281, 282, 283, 285, 286, 296, 297, 298, 300, 302, 305, 306, 308, 315, 316, 317, 319, 321, 322, 323, 324, 325, 327, 329, 332, 333, 336, 343, 346, 358, 361, 368, 370, 371, 373, 380, 383, 384, 387, 406, 415, 416, 418], "excluded_lines": [], "executed_branches": [], "missing_branches": [[134, 135], [134, 136], [144, 145], [144, 147], [179, 180], [179, 181], [234, 235], [234, 239], [256, 257], [256, 274], [274, 275], [274, 296], [277, 278], [277, 296], [281, 277], [281, 282], [285, 277], [285, 286], [321, 322], [321, 327]], "functions": {"KnowledgeGraphBuilder.__init__": {"executed_lines": [], "summary": {"covered_lines": 0, "num_statements": 3, "percent_covered": 0.0, "percent_covered_display": "0.00", "missing_lines": 3, "excluded_lines": 0, "num_branches": 0, "num_partial_branches": 0, "covered_branches": 0, "missing_branches": 0}, "missing_lines": [28, 29, 30], "excluded_lines": [], "executed_branches": [], "missing_branches": []}, "KnowledgeGraphBuilder.init_graph_schema": {"executed_lines": [], "summary": {"covered_lines": 0, "num_statements": 9, "percent_covered": 0.0, "percent_covered_display": "0.00", "missing_lines": 9, "excluded_lines": 0, "num_branches": 0, "num_partial_branches": 0, "covered_branches": 0, "missing_branches": 0}, "missing_lines": [34, 35, 38, 57, 76, 90, 91, 92, 94], "excluded_lines": [], "executed_branches": [], "missing_branches": []}, "KnowledgeGraphBuilder.extract_entities_from_text": {"executed_lines": [], "summary": {"covered_lines": 0, "num_statements": 11, "percent_covered": 0.0, "percent_covered_display": "0.00", "missing_lines": 11, "excluded_lines": 0, "num_branches": 2, "num_partial_branches": 0, "covered_branches": 0, "missing_branches": 2}, "missing_lines": [99, 124, 130, 132, 133, 134, 135, 136, 137, 138, 139], "excluded_lines": [], "executed_branches": [], "missing_branches": [[134, 135], [134, 136]]}, "KnowledgeGraphBuilder.extract_relationships": {"executed_lines": [], "summary": {"covered_lines": 0, "num_statements": 14, "percent_covered": 0.0, "percent_covered_display": "0.00", "missing_lines": 14, "excluded_lines": 0, "num_branches": 4, "num_partial_branches": 0, "covered_branches": 0, "missing_branches": 4}, "missing_lines": [144, 145, 147, 149, 170, 176, 177, 178, 179, 180, 181, 182, 183, 184], "excluded_lines": [], "executed_branches": [], "missing_branches": [[144, 145], [144, 147], [179, 180], [179, 181]]}, "KnowledgeGraphBuilder.upsert_entity": {"executed_lines": [], "summary": {"covered_lines": 0, "num_statements": 2, "percent_covered": 0.0, "percent_covered_display": "0.00", "missing_lines": 2, "excluded_lines": 0, "num_branches": 0, "num_partial_branches": 0, "covered_branches": 0, "missing_branches": 0}, "missing_lines": [189, 200], "excluded_lines": [], "executed_branches": [], "missing_branches": []}, "KnowledgeGraphBuilder.upsert_relationship": {"executed_lines": [], "summary": {"covered_lines": 0, "num_statements": 1, "percent_covered": 0.0, "percent_covered_display": "0.00", "missing_lines": 1, "excluded_lines": 0, "num_branches": 0, "num_partial_branches": 0, "covered_branches": 0, "missing_branches": 0}, "missing_lines": [206], "excluded_lines": [], "executed_branches": [], "missing_branches": []}, "KnowledgeGraphBuilder.process_conversation": {"executed_lines": [], "summary": {"covered_lines": 0, "num_statements": 34, "percent_covered": 0.0, "percent_covered_display": "0.00", "missing_lines": 34, "excluded_lines": 0, "num_branches": 12, "num_partial_branches": 0, "covered_branches": 0, "missing_branches": 12}, "missing_lines": [223, 224, 227, 233, 234, 235, 236, 237, 239, 242, 243, 244, 248, 249, 252, 254, 256, 257, 265, 268, 274, 275, 277, 278, 279, 281, 282, 283, 285, 286, 296, 297, 298, 300], "excluded_lines": [], "executed_branches": [], "missing_branches": [[234, 235], [234, 239], [256, 257], [256, 274], [274, 275], [274, 296], [277, 278], [277, 296], [281, 277], [281, 282], [285, 277], [285, 286]]}, "KnowledgeGraphBuilder.build_graph_from_all_conversations": {"executed_lines": [], "summary": {"covered_lines": 0, "num_statements": 13, "percent_covered": 0.0, "percent_covered_display": "0.00", "missing_lines": 13, "excluded_lines": 0, "num_branches": 2, "num_partial_branches": 0, "covered_branches": 0, "missing_branches": 2}, "missing_lines": [305, 306, 308, 315, 316, 317, 319, 321, 322, 323, 324, 325, 327], "excluded_lines": [], "executed_branches": [], "missing_branches": [[321, 322], [321, 327]]}, "KnowledgeGraphBuilder.get_entity_insights": {"executed_lines": [], "summary": {"covered_lines": 0, "num_statements": 11, "percent_covered": 0.0, "percent_covered_display": "0.00", "missing_lines": 11, "excluded_lines": 0, "num_branches": 0, "num_partial_branches": 0, "covered_branches": 0, "missing_branches": 0}, "missing_lines": [332, 333, 336, 343, 346, 358, 361, 368, 370, 371, 373], "excluded_lines": [], "executed_branches": [], "missing_branches": []}, "KnowledgeGraphBuilder.semantic_search_entities": {"executed_lines": [], "summary": {"covered_lines": 0, "num_statements": 7, "percent_covered": 0.0, "percent_covered_display": "0.00", "missing_lines": 7, "excluded_lines": 0, "num_branches": 0, "num_partial_branches": 0, "covered_branches": 0, "missing_branches": 0}, "missing_lines": [383, 384, 387, 406, 415, 416, 418], "excluded_lines": [], "executed_branches": [], "missing_branches": []}, "": {"executed_lines": [], "summary": {"covered_lines": 0, "num_statements": 21, "percent_covered": 0.0, "percent_covered_display": "0.00", "missing_lines": 21, "excluded_lines": 0, "num_branches": 0, "num_partial_branches": 0, "covered_branches": 0, "missing_branches": 0}, "missing_lines": [6, 7, 8, 9, 10, 11, 12, 13, 14, 15, 17, 27, 32, 96, 141, 186, 202, 220, 302, 329, 380], "excluded_lines": [], "executed_branches": [], "missing_branches": []}}, "classes": {"KnowledgeGraphBuilder": {"executed_lines": [], "summary": {"covered_lines": 0, "num_statements": 105, "percent_covered": 0.0, "percent_covered_display": "0.00", "missing_lines": 105, "excluded_lines": 0, "num_branches": 20, "num_partial_branches": 0, "covered_branches": 0, "missing_branches": 20}, "missing_lines": [28, 29, 30, 34, 35, 38, 57, 76, 90, 91, 92, 94, 99, 124, 130, 132, 133, 134, 135, 136, 137, 138, 139, 144, 145, 147, 149, 170, 176, 177, 178, 179, 180, 181, 182, 183, 184, 189, 200, 206, 223, 224, 227, 233, 234, 235, 236, 237, 239, 242, 243, 244, 248, 249, 252, 254, 256, 257, 265, 268, 274, 275, 277, 278, 279, 281, 282, 283, 285, 286, 296, 297, 298, 300, 305, 306, 308, 315, 316, 317, 319, 321, 322, 323, 324, 325, 327, 332, 333, 336, 343, 346, 358, 361, 368, 370, 371, 373, 383, 384, 387, 406, 415, 416, 418], "excluded_lines": [], "executed_branches": [], "missing_branches": [[134, 135], [134, 136], [144, 145], [144, 147], [179, 180], [179, 181], [234, 235], [234, 239], [256, 257], [256, 274], [274, 275], [274, 296], [277, 278], [277, 296], [281, 277], [281, 282], [285, 277], [285, 286], [321, 322], [321, 327]]}, "": {"executed_lines": [], "summary": {"covered_lines": 0, "num_statements": 21, "percent_covered": 0.0, "percent_covered_display": "0.00", "missing_lines": 21, "excluded_lines": 0, "num_branches": 0, "num_partial_branches": 0, "covered_branches": 0, "missing_branches": 0}, "missing_lines": [6, 7, 8, 9, 10, 11, 12, 13, 14, 15, 17, 27, 32, 96, 141, 186, 202, 220, 302, 329, 380], "excluded_lines": [], "executed_branches": [], "missing_branches": []}}}, "backend/agents/run_client_predictor.py": {"executed_lines": [], "summary": {"covered_lines": 0, "num_statements": 27, "percent_covered": 0.0, "percent_covered_display": "0.00", "missing_lines": 27, "excluded_lines": 3, "num_branches": 4, "num_partial_branches": 0, "covered_branches": 0, "missing_branches": 4}, "missing_lines": [7, 8, 9, 10, 13, 15, 18, 21, 24, 25, 27, 28, 31, 32, 34, 35, 36, 37, 38, 40, 41, 42, 44, 45, 47, 48, 49], "excluded_lines": [52, 53, 54], "executed_branches": [], "missing_branches": [[40, 41], [40, 44], [41, 42], [41, 44]], "functions": {"main": {"executed_lines": [], "summary": {"covered_lines": 0, "num_statements": 18, "percent_covered": 0.0, "percent_covered_display": "0.00", "missing_lines": 18, "excluded_lines": 0, "num_branches": 4, "num_partial_branches": 0, "covered_branches": 0, "missing_branches": 4}, "missing_lines": [25, 27, 28, 31, 32, 34, 35, 36, 37, 38, 40, 41, 42, 44, 45, 47, 48, 49], "excluded_lines": [], "executed_branches": [], "missing_branches": [[40, 41], [40, 44], [41, 42], [41, 44]]}, "": {"executed_lines": [], "summary": {"covered_lines": 0, "num_statements": 9, "percent_covered": 0.0, "percent_covered_display": "0.00", "missing_lines": 9, "excluded_lines": 3, "num_branches": 0, "num_partial_branches": 0, "covered_branches": 0, "missing_branches": 0}, "missing_lines": [7, 8, 9, 10, 13, 15, 18, 21, 24], "excluded_lines": [52, 53, 54], "executed_branches": [], "missing_branches": []}}, "classes": {"": {"executed_lines": [], "summary": {"covered_lines": 0, "num_statements": 27, "percent_covered": 0.0, "percent_covered_display": "0.00", "missing_lines": 27, "excluded_lines": 3, "num_branches": 4, "num_partial_branches": 0, "covered_branches": 0, "missing_branches": 4}, "missing_lines": [7, 8, 9, 10, 13, 15, 18, 21, 24, 25, 27, 28, 31, 32, 34, 35, 36, 37, 38, 40, 41, 42, 44, 45, 47, 48, 49], "excluded_lines": [52, 53, 54], "executed_branches": [], "missing_branches": [[40, 41], [40, 44], [41, 42], [41, 44]]}}}, "backend/agents/run_conversation_trainer.py": {"executed_lines": [], "summary": {"covered_lines": 0, "num_statements": 33, "percent_covered": 0.0, "percent_covered_display": "0.00", "missing_lines": 33, "excluded_lines": 3, "num_branches": 2, "num_partial_branches": 0, "covered_branches": 0, "missing_branches": 2}, "missing_lines": [7, 8, 9, 10, 11, 14, 16, 19, 22, 25, 26, 27, 28, 30, 32, 33, 36, 37, 39, 40, 41, 43, 46, 47, 48, 51, 52, 53, 55, 56, 58, 59, 60], "excluded_lines": [63, 64, 65], "executed_branches": [], "missing_branches": [[39, 40], [39, 43]], "functions": {"main": {"executed_lines": [], "summary": {"covered_lines": 0, "num_statements": 23, "percent_covered": 0.0, "percent_covered_display": "0.00", "missing_lines": 23, "excluded_lines": 0, "num_branches": 2, "num_partial_branches": 0, "covered_branches": 0, "missing_branches": 2}, "missing_lines": [26, 27, 28, 30, 32, 33, 36, 37, 39, 40, 41, 43, 46, 47, 48, 51, 52, 53, 55, 56, 58, 59, 60], "excluded_lines": [], "executed_branches": [], "missing_branches": [[39, 40], [39, 43]]}, "": {"executed_lines": [], "summary": {"covered_lines": 0, "num_statements": 10, "percent_covered": 0.0, "percent_covered_display": "0.00", "missing_lines": 10, "excluded_lines": 3, "num_branches": 0, "num_partial_branches": 0, "covered_branches": 0, "missing_branches": 0}, "missing_lines": [7, 8, 9, 10, 11, 14, 16, 19, 22, 25], "excluded_lines": [63, 64, 65], "executed_branches": [], "missing_branches": []}}, "classes": {"": {"executed_lines": [], "summary": {"covered_lines": 0, "num_statements": 33, "percent_covered": 0.0, "percent_covered_display": "0.00", "missing_lines": 33, "excluded_lines": 3, "num_branches": 2, "num_partial_branches": 0, "covered_branches": 0, "missing_branches": 2}, "missing_lines": [7, 8, 9, 10, 11, 14, 16, 19, 22, 25, 26, 27, 28, 30, 32, 33, 36, 37, 39, 40, 41, 43, 46, 47, 48, 51, 52, 53, 55, 56, 58, 59, 60], "excluded_lines": [63, 64, 65], "executed_branches": [], "missing_branches": [[39, 40], [39, 43]]}}}, "backend/agents/run_knowledge_graph.py": {"executed_lines": [], "summary": {"covered_lines": 0, "num_statements": 40, "percent_covered": 0.0, "percent_covered_display": "0.00", "missing_lines": 40, "excluded_lines": 3, "num_branches": 8, "num_partial_branches": 0, "covered_branches": 0, "missing_branches": 8}, "missing_lines": [7, 8, 9, 10, 11, 14, 16, 19, 22, 25, 26, 27, 28, 29, 31, 33, 34, 37, 38, 39, 40, 43, 44, 47, 48, 50, 51, 52, 53, 57, 58, 59, 61, 62, 63, 65, 66, 68, 69, 70], "excluded_lines": [73, 74, 75], "executed_branches": [], "missing_branches": [[37, 38], [37, 43], [52, 53], [52, 57], [58, 59], [58, 61], [62, 63], [62, 65]], "functions": {"main": {"executed_lines": [], "summary": {"covered_lines": 0, "num_statements": 30, "percent_covered": 0.0, "percent_covered_display": "0.00", "missing_lines": 30, "excluded_lines": 0, "num_branches": 8, "num_partial_branches": 0, "covered_branches": 0, "missing_branches": 8}, "missing_lines": [26, 27, 28, 29, 31, 33, 34, 37, 38, 39, 40, 43, 44, 47, 48, 50, 51, 52, 53, 57, 58, 59, 61, 62, 63, 65, 66, 68, 69, 70], "excluded_lines": [], "executed_branches": [], "missing_branches": [[37, 38], [37, 43], [52, 53], [52, 57], [58, 59], [58, 61], [62, 63], [62, 65]]}, "": {"executed_lines": [], "summary": {"covered_lines": 0, "num_statements": 10, "percent_covered": 0.0, "percent_covered_display": "0.00", "missing_lines": 10, "excluded_lines": 3, "num_branches": 0, "num_partial_branches": 0, "covered_branches": 0, "missing_branches": 0}, "missing_lines": [7, 8, 9, 10, 11, 14, 16, 19, 22, 25], "excluded_lines": [73, 74, 75], "executed_branches": [], "missing_branches": []}}, "classes": {"": {"executed_lines": [], "summary": {"covered_lines": 0, "num_statements": 40, "percent_covered": 0.0, "percent_covered_display": "0.00", "missing_lines": 40, "excluded_lines": 3, "num_branches": 8, "num_partial_branches": 0, "covered_branches": 0, "missing_branches": 8}, "missing_lines": [7, 8, 9, 10, 11, 14, 16, 19, 22, 25, 26, 27, 28, 29, 31, 33, 34, 37, 38, 39, 40, 43, 44, 47, 48, 50, 51, 52, 53, 57, 58, 59, 61, 62, 63, 65, 66, 68, 69, 70], "excluded_lines": [73, 74, 75], "executed_branches": [], "missing_branches": [[37, 38], [37, 43], [52, 53], [52, 57], [58, 59], [58, 61], [62, 63], [62, 65]]}}}, "backend/app/__init__.py": {"executed_lines": [1, 3], "summary": {"covered_lines": 1, "num_statements": 1, "percent_covered": 100.0, "percent_covered_display": "100.00", "missing_lines": 0, "excluded_lines": 0, "num_branches": 0, "num_partial_branches": 0, "covered_branches": 0, "missing_branches": 0}, "missing_lines": [], "excluded_lines": [], "executed_branches": [], "missing_branches": [], "functions": {"": {"executed_lines": [1, 3], "summary": {"covered_lines": 1, "num_statements": 1, "percent_covered": 100.0, "percent_covered_display": "100.00", "missing_lines": 0, "excluded_lines": 0, "num_branches": 0, "num_partial_branches": 0, "covered_branches": 0, "missing_branches": 0}, "missing_lines": [], "excluded_lines": [], "executed_branches": [], "missing_branches": []}}, "classes": {"": {"executed_lines": [1, 3], "summary": {"covered_lines": 1, "num_statements": 1, "percent_covered": 100.0, "percent_covered_display": "100.00", "missing_lines": 0, "excluded_lines": 0, "num_branches": 0, "num_partial_branches": 0, "covered_branches": 0, "missing_branches": 0}, "missing_lines": [], "excluded_lines": [], "executed_branches": [], "missing_branches": []}}}, "backend/app/config.py": {"executed_lines": [], "summary": {"covered_lines": 0, "num_statements": 2, "percent_covered": 0.0, "percent_covered_display": "0.00", "missing_lines": 2, "excluded_lines": 0, "num_branches": 0, "num_partial_branches": 0, "covered_branches": 0, "missing_branches": 0}, "missing_lines": [8, 10], "excluded_lines": [], "executed_branches": [], "missing_branches": [], "functions": {"": {"executed_lines": [], "summary": {"covered_lines": 0, "num_statements": 2, "percent_covered": 0.0, "percent_covered_display": "0.00", "missing_lines": 2, "excluded_lines": 0, "num_branches": 0, "num_partial_branches": 0, "covered_branches": 0, "missing_branches": 0}, "missing_lines": [8, 10], "excluded_lines": [], "executed_branches": [], "missing_branches": []}}, "classes": {"": {"executed_lines": [], "summary": {"covered_lines": 0, "num_statements": 2, "percent_covered": 0.0, "percent_covered_display": "0.00", "missing_lines": 2, "excluded_lines": 0, "num_branches": 0, "num_partial_branches": 0, "covered_branches": 0, "missing_branches": 0}, "missing_lines": [8, 10], "excluded_lines": [], "executed_branches": [], "missing_branches": []}}}, "backend/app/core/__init__.py": {"executed_lines": [1, 6, 8], "summary": {"covered_lines": 2, "num_statements": 2, "percent_covered": 100.0, "percent_covered_display": "100.00", "missing_lines": 0, "excluded_lines": 0, "num_branches": 0, "num_partial_branches": 0, "covered_branches": 0, "missing_branches": 0}, "missing_lines": [], "excluded_lines": [], "executed_branches": [], "missing_branches": [], "functions": {"": {"executed_lines": [1, 6, 8], "summary": {"covered_lines": 2, "num_statements": 2, "percent_covered": 100.0, "percent_covered_display": "100.00", "missing_lines": 0, "excluded_lines": 0, "num_branches": 0, "num_partial_branches": 0, "covered_branches": 0, "missing_branches": 0}, "missing_lines": [], "excluded_lines": [], "executed_branches": [], "missing_branches": []}}, "classes": {"": {"executed_lines": [1, 6, 8], "summary": {"covered_lines": 2, "num_statements": 2, "percent_covered": 100.0, "percent_covered_display": "100.00", "missing_lines": 0, "excluded_lines": 0, "num_branches": 0, "num_partial_branches": 0, "covered_branches": 0, "missing_branches": 0}, "missing_lines": [], "excluded_lines": [], "executed_branches": [], "missing_branches": []}}}, "backend/app/core/config.py": {"executed_lines": [1, 7, 8, 11, 12, 17, 18, 23, 24, 25, 26, 27, 29, 30, 31, 33, 34, 35, 41, 42, 43, 44, 49, 50, 55, 56, 57, 62, 63, 64, 69, 70, 71, 72, 73, 74, 79, 80, 81, 82, 83, 84, 85, 86, 87, 88, 89, 90, 95, 96, 101, 102, 103, 108, 113, 118, 123, 124, 125, 130, 131, 132, 137, 138, 143, 150, 151, 152, 153, 158, 159, 160, 161, 162, 163, 164, 165, 170, 171, 172, 173, 178, 179, 180, 185, 191, 195, 200, 201, 202, 207, 208, 209, 210, 215, 217, 218, 219, 220, 224], "summary": {"covered_lines": 98, "num_statements": 99, "percent_covered": 98.01980198019803, "percent_covered_display": "98.02", "missing_lines": 1, "excluded_lines": 0, "num_branches": 2, "num_partial_branches": 1, "covered_branches": 1, "missing_branches": 1}, "missing_lines": [36], "excluded_lines": [], "executed_branches": [[34, 35]], "missing_branches": [[34, 36]], "functions": {"Settings.set_dimensions_from_provider": {"executed_lines": [33, 34, 35], "summary": {"covered_lines": 3, "num_statements": 4, "percent_covered": 66.66666666666667, "percent_covered_display": "66.67", "missing_lines": 1, "excluded_lines": 0, "num_branches": 2, "num_partial_branches": 1, "covered_branches": 1, "missing_branches": 1}, "missing_lines": [36], "excluded_lines": [], "executed_branches": [[34, 35]], "missing_branches": [[34, 36]]}, "": {"executed_lines": [1, 7, 8, 11, 12, 17, 18, 23, 24, 25, 26, 27, 29, 30, 31, 41, 42, 43, 44, 49, 50, 55, 56, 57, 62, 63, 64, 69, 70, 71, 72, 73, 74, 79, 80, 81, 82, 83, 84, 85, 86, 87, 88, 89, 90, 95, 96, 101, 102, 103, 108, 113, 118, 123, 124, 125, 130, 131, 132, 137, 138, 143, 150, 151, 152, 153, 158, 159, 160, 161, 162, 163, 164, 165, 170, 171, 172, 173, 178, 179, 180, 185, 191, 195, 200, 201, 202, 207, 208, 209, 210, 215, 217, 218, 219, 220, 224], "summary": {"covered_lines": 95, "num_statements": 95, "percent_covered": 100.0, "percent_covered_display": "100.00", "missing_lines": 0, "excluded_lines": 0, "num_branches": 0, "num_partial_branches": 0, "covered_branches": 0, "missing_branches": 0}, "missing_lines": [], "excluded_lines": [], "executed_branches": [], "missing_branches": []}}, "classes": {"Settings": {"executed_lines": [33, 34, 35], "summary": {"covered_lines": 3, "num_statements": 4, "percent_covered": 66.66666666666667, "percent_covered_display": "66.67", "missing_lines": 1, "excluded_lines": 0, "num_branches": 2, "num_partial_branches": 1, "covered_branches": 1, "missing_branches": 1}, "missing_lines": [36], "excluded_lines": [], "executed_branches": [[34, 35]], "missing_branches": [[34, 36]]}, "Settings.Config": {"executed_lines": [], "summary": {"covered_lines": 0, "num_statements": 0, "percent_covered": 100.0, "percent_covered_display": "100.00", "missing_lines": 0, "excluded_lines": 0, "num_branches": 0, "num_partial_branches": 0, "covered_branches": 0, "missing_branches": 0}, "missing_lines": [], "excluded_lines": [], "executed_branches": [], "missing_branches": []}, "": {"executed_lines": [1, 7, 8, 11, 12, 17, 18, 23, 24, 25, 26, 27, 29, 30, 31, 41, 42, 43, 44, 49, 50, 55, 56, 57, 62, 63, 64, 69, 70, 71, 72, 73, 74, 79, 80, 81, 82, 83, 84, 85, 86, 87, 88, 89, 90, 95, 96, 101, 102, 103, 108, 113, 118, 123, 124, 125, 130, 131, 132, 137, 138, 143, 150, 151, 152, 153, 158, 159, 160, 161, 162, 163, 164, 165, 170, 171, 172, 173, 178, 179, 180, 185, 191, 195, 200, 201, 202, 207, 208, 209, 210, 215, 217, 218, 219, 220, 224], "summary": {"covered_lines": 95, "num_statements": 95, "percent_covered": 100.0, "percent_covered_display": "100.00", "missing_lines": 0, "excluded_lines": 0, "num_branches": 0, "num_partial_branches": 0, "covered_branches": 0, "missing_branches": 0}, "missing_lines": [], "excluded_lines": [], "executed_branches": [], "missing_branches": []}}}, "backend/app/dependencies.py": {"executed_lines": [], "summary": {"covered_lines": 0, "num_statements": 18, "percent_covered": 0.0, "percent_covered_display": "0.00", "missing_lines": 18, "excluded_lines": 2, "num_branches": 2, "num_partial_branches": 0, "covered_branches": 0, "missing_branches": 2}, "missing_lines": [7, 8, 9, 11, 14, 16, 23, 26, 28, 29, 32, 44, 45, 49, 56, 61, 64, 69], "excluded_lines": [20, 21], "executed_branches": [], "missing_branches": [[44, 45], [44, 49]], "functions": {"get_search_service": {"executed_lines": [], "summary": {"covered_lines": 0, "num_statements": 3, "percent_covered": 0.0, "percent_covered_display": "0.00", "missing_lines": 3, "excluded_lines": 0, "num_branches": 2, "num_partial_branches": 0, "covered_branches": 0, "missing_branches": 2}, "missing_lines": [44, 45, 49], "excluded_lines": [], "executed_branches": [], "missing_branches": [[44, 45], [44, 49]]}, "get_bali_zero_router": {"executed_lines": [], "summary": {"covered_lines": 0, "num_statements": 1, "percent_covered": 0.0, "percent_covered_display": "0.00", "missing_lines": 1, "excluded_lines": 0, "num_branches": 0, "num_partial_branches": 0, "covered_branches": 0, "missing_branches": 0}, "missing_lines": [61], "excluded_lines": [], "executed_branches": [], "missing_branches": []}, "get_intelligent_router": {"executed_lines": [], "summary": {"covered_lines": 0, "num_statements": 1, "percent_covered": 0.0, "percent_covered_display": "0.00", "missing_lines": 1, "excluded_lines": 0, "num_branches": 0, "num_partial_branches": 0, "covered_branches": 0, "missing_branches": 0}, "missing_lines": [69], "excluded_lines": [], "executed_branches": [], "missing_branches": []}, "": {"executed_lines": [], "summary": {"covered_lines": 0, "num_statements": 13, "percent_covered": 0.0, "percent_covered_display": "0.00", "missing_lines": 13, "excluded_lines": 2, "num_branches": 0, "num_partial_branches": 0, "covered_branches": 0, "missing_branches": 0}, "missing_lines": [7, 8, 9, 11, 14, 16, 23, 26, 28, 29, 32, 56, 64], "excluded_lines": [20, 21], "executed_branches": [], "missing_branches": []}}, "classes": {"": {"executed_lines": [], "summary": {"covered_lines": 0, "num_statements": 18, "percent_covered": 0.0, "percent_covered_display": "0.00", "missing_lines": 18, "excluded_lines": 2, "num_branches": 2, "num_partial_branches": 0, "covered_branches": 0, "missing_branches": 2}, "missing_lines": [7, 8, 9, 11, 14, 16, 23, 26, 28, 29, 32, 44, 45, 49, 56, 61, 64, 69], "excluded_lines": [20, 21], "executed_branches": [], "missing_branches": [[44, 45], [44, 49]]}}}, "backend/app/feature_flags.py": {"executed_lines": [], "summary": {"covered_lines": 0, "num_statements": 20, "percent_covered": 0.0, "percent_covered_display": "0.00", "missing_lines": 20, "excluded_lines": 0, "num_branches": 2, "num_partial_branches": 0, "covered_branches": 0, "missing_branches": 2}, "missing_lines": [6, 9, 12, 15, 18, 21, 28, 31, 39, 40, 43, 44, 46, 47, 48, 49, 52, 59, 62, 69], "excluded_lines": [], "executed_branches": [], "missing_branches": [[39, 40], [39, 43]], "functions": {"should_enable_skill_detection": {"executed_lines": [], "summary": {"covered_lines": 0, "num_statements": 1, "percent_covered": 0.0, "percent_covered_display": "0.00", "missing_lines": 1, "excluded_lines": 0, "num_branches": 0, "num_partial_branches": 0, "covered_branches": 0, "missing_branches": 0}, "missing_lines": [28], "excluded_lines": [], "executed_branches": [], "missing_branches": []}, "should_enable_collective_memory": {"executed_lines": [], "summary": {"covered_lines": 0, "num_statements": 8, "percent_covered": 0.0, "percent_covered_display": "0.00", "missing_lines": 8, "excluded_lines": 0, "num_branches": 2, "num_partial_branches": 0, "covered_branches": 0, "missing_branches": 2}, "missing_lines": [39, 40, 43, 44, 46, 47, 48, 49], "excluded_lines": [], "executed_branches": [], "missing_branches": [[39, 40], [39, 43]]}, "should_enable_tool_execution": {"executed_lines": [], "summary": {"covered_lines": 0, "num_statements": 1, "percent_covered": 0.0, "percent_covered_display": "0.00", "missing_lines": 1, "excluded_lines": 0, "num_branches": 0, "num_partial_branches": 0, "covered_branches": 0, "missing_branches": 0}, "missing_lines": [59], "excluded_lines": [], "executed_branches": [], "missing_branches": []}, "get_feature_flags": {"executed_lines": [], "summary": {"covered_lines": 0, "num_statements": 1, "percent_covered": 0.0, "percent_covered_display": "0.00", "missing_lines": 1, "excluded_lines": 0, "num_branches": 0, "num_partial_branches": 0, "covered_branches": 0, "missing_branches": 0}, "missing_lines": [69], "excluded_lines": [], "executed_branches": [], "missing_branches": []}, "": {"executed_lines": [], "summary": {"covered_lines": 0, "num_statements": 9, "percent_covered": 0.0, "percent_covered_display": "0.00", "missing_lines": 9, "excluded_lines": 0, "num_branches": 0, "num_partial_branches": 0, "covered_branches": 0, "missing_branches": 0}, "missing_lines": [6, 9, 12, 15, 18, 21, 31, 52, 62], "excluded_lines": [], "executed_branches": [], "missing_branches": []}}, "classes": {"": {"executed_lines": [], "summary": {"covered_lines": 0, "num_statements": 20, "percent_covered": 0.0, "percent_covered_display": "0.00", "missing_lines": 20, "excluded_lines": 0, "num_branches": 2, "num_partial_branches": 0, "covered_branches": 0, "missing_branches": 2}, "missing_lines": [6, 9, 12, 15, 18, 21, 28, 31, 39, 40, 43, 44, 46, 47, 48, 49, 52, 59, 62, 69], "excluded_lines": [], "executed_branches": [], "missing_branches": [[39, 40], [39, 43]]}}}, "backend/app/main_cloud.py": {"executed_lines": [], "summary": {"covered_lines": 0, "num_statements": 392, "percent_covered": 0.0, "percent_covered_display": "0.00", "missing_lines": 392, "excluded_lines": 0, "num_branches": 78, "num_partial_branches": 0, "covered_branches": 0, "missing_branches": 78}, "missing_lines": [11, 13, 14, 15, 17, 18, 19, 20, 21, 22, 25, 26, 27, 28, 31, 34, 35, 36, 39, 40, 41, 42, 43, 44, 45, 48, 49, 50, 51, 54, 77, 80, 81, 82, 83, 84, 85, 86, 87, 88, 89, 92, 93, 94, 95, 96, 99, 100, 101, 104, 105, 106, 109, 116, 120, 121, 122, 123, 126, 130, 132, 135, 136, 145, 146, 151, 161, 162, 163, 165, 169, 178, 181, 184, 187, 189, 193, 195, 196, 197, 198, 199, 200, 201, 202, 203, 204, 205, 206, 207, 208, 209, 210, 211, 212, 213, 215, 217, 222, 224, 225, 228, 230, 234, 235, 240, 241, 243, 246, 249, 254, 257, 258, 259, 261, 265, 266, 272, 280, 288, 289, 292, 294, 299, 300, 301, 312, 313, 316, 321, 322, 324, 325, 326, 329, 330, 332, 334, 339, 340, 342, 343, 344, 352, 353, 354, 355, 358, 359, 360, 361, 362, 363, 365, 366, 367, 368, 369, 370, 371, 374, 375, 376, 377, 378, 379, 380, 381, 382, 384, 387, 401, 402, 403, 404, 406, 407, 408, 410, 411, 412, 413, 414, 417, 418, 419, 420, 422, 428, 432, 433, 435, 437, 439, 440, 441, 442, 443, 444, 445, 448, 449, 450, 451, 452, 453, 456, 457, 458, 459, 460, 467, 470, 473, 474, 475, 477, 478, 479, 484, 485, 486, 488, 489, 492, 493, 494, 496, 497, 498, 499, 500, 503, 504, 507, 508, 509, 512, 515, 516, 518, 519, 522, 523, 525, 529, 531, 532, 533, 536, 537, 538, 539, 540, 541, 543, 544, 545, 548, 549, 551, 561, 564, 567, 577, 579, 580, 582, 583, 584, 587, 588, 589, 590, 591, 594, 595, 598, 599, 601, 602, 605, 606, 608, 609, 610, 613, 614, 615, 616, 618, 619, 620, 621, 623, 624, 626, 627, 630, 631, 632, 635, 636, 637, 640, 641, 642, 643, 646, 647, 648, 649, 652, 653, 654, 655, 657, 665, 666, 667, 670, 671, 672, 673, 674, 675, 676, 677, 678, 679, 683, 684, 685, 699, 700, 703, 708, 709, 714, 715, 718, 720, 721, 722, 724, 725, 728, 729, 730, 731, 732, 733, 734, 739, 740, 741, 743, 745, 747, 749, 757, 758, 760, 761, 762, 763, 764, 767, 769, 772, 775, 777, 779, 786, 787, 790, 791, 792, 794, 806, 807, 808, 809, 812, 813, 815, 816, 817, 819, 820, 821, 823], "excluded_lines": [], "executed_branches": [], "missing_branches": [[135, 136], [135, 145], [145, 146], [145, 151], [161, 162], [161, 165], [162, 161], [162, 163], [288, 289], [288, 292], [299, 300], [299, 312], [321, 322], [321, 324], [324, 325], [324, 329], [342, 343], [342, 358], [360, 361], [360, 365], [362, 360], [362, 363], [365, 366], [365, 384], [370, 371], [370, 375], [377, 365], [377, 378], [402, 403], [402, 407], [403, 404], [403, 406], [407, 408], [407, 410], [410, 411], [410, 417], [412, 413], [412, 417], [417, 418], [417, 422], [419, 420], [419, 422], [432, 433], [432, 435], [477, 478], [477, 503], [522, 523], [522, 543], [549, 551], [549, 564], [641, 642], [641, 646], [647, 648], [647, 652], [653, 654], [653, 657], [671, 672], [671, 673], [675, 676], [675, 679], [699, 700], [699, 703], [708, 709], [708, 714], [714, 715], [714, 718], [720, 721], [720, 722], [730, 731], [730, 743], [733, 734], [733, 743], [749, 757], [749, 772], [757, 758], [757, 769], [792, -743], [792, 794]], "functions": {"_allowed_origins": {"executed_lines": [], "summary": {"covered_lines": 0, "num_statements": 10, "percent_covered": 0.0, "percent_covered_display": "0.00", "missing_lines": 10, "excluded_lines": 0, "num_branches": 8, "num_partial_branches": 0, "covered_branches": 0, "missing_branches": 8}, "missing_lines": [132, 135, 136, 145, 146, 151, 161, 162, 163, 165], "excluded_lines": [], "executed_branches": [], "missing_branches": [[135, 136], [135, 145], [145, 146], [145, 151], [161, 162], [161, 165], [162, 161], [162, 163]]}, "include_routers": {"executed_lines": [], "summary": {"covered_lines": 0, "num_statements": 21, "percent_covered": 0.0, "percent_covered_display": "0.00", "missing_lines": 21, "excluded_lines": 0, "num_branches": 0, "num_partial_branches": 0, "covered_branches": 0, "missing_branches": 0}, "missing_lines": [195, 196, 197, 198, 199, 200, 201, 202, 203, 204, 205, 206, 207, 208, 209, 210, 211, 212, 213, 215, 217], "excluded_lines": [], "executed_branches": [], "missing_branches": []}, "get_csrf_token": {"executed_lines": [], "summary": {"covered_lines": 0, "num_statements": 10, "percent_covered": 0.0, "percent_covered_display": "0.00", "missing_lines": 10, "excluded_lines": 0, "num_branches": 0, "num_partial_branches": 0, "covered_branches": 0, "missing_branches": 0}, "missing_lines": [240, 241, 243, 246, 249, 254, 257, 258, 259, 261], "excluded_lines": [], "executed_branches": [], "missing_branches": []}, "get_dashboard_stats": {"executed_lines": [], "summary": {"covered_lines": 0, "num_statements": 1, "percent_covered": 0.0, "percent_covered_display": "0.00", "missing_lines": 1, "excluded_lines": 0, "num_branches": 0, "num_partial_branches": 0, "covered_branches": 0, "missing_branches": 0}, "missing_lines": [272], "excluded_lines": [], "executed_branches": [], "missing_branches": []}, "_validate_api_key": {"executed_lines": [], "summary": {"covered_lines": 0, "num_statements": 9, "percent_covered": 0.0, "percent_covered_display": "0.00", "missing_lines": 9, "excluded_lines": 0, "num_branches": 4, "num_partial_branches": 0, "covered_branches": 0, "missing_branches": 4}, "missing_lines": [288, 289, 292, 294, 299, 300, 301, 312, 313], "excluded_lines": [], "executed_branches": [], "missing_branches": [[288, 289], [288, 292], [299, 300], [299, 312]]}, "_validate_auth_token": {"executed_lines": [], "summary": {"covered_lines": 0, "num_statements": 41, "percent_covered": 0.0, "percent_covered_display": "0.00", "missing_lines": 41, "excluded_lines": 0, "num_branches": 16, "num_partial_branches": 0, "covered_branches": 0, "missing_branches": 16}, "missing_lines": [321, 322, 324, 325, 326, 329, 330, 332, 334, 339, 340, 342, 343, 344, 352, 353, 354, 355, 358, 359, 360, 361, 362, 363, 365, 366, 367, 368, 369, 370, 371, 374, 375, 376, 377, 378, 379, 380, 381, 382, 384], "excluded_lines": [], "executed_branches": [], "missing_branches": [[321, 322], [321, 324], [324, 325], [324, 329], [342, 343], [342, 358], [360, 361], [360, 365], [362, 360], [362, 363], [365, 366], [365, 384], [370, 371], [370, 375], [377, 365], [377, 378]]}, "_validate_auth_mixed": {"executed_lines": [], "summary": {"covered_lines": 0, "num_statements": 17, "percent_covered": 0.0, "percent_covered_display": "0.00", "missing_lines": 17, "excluded_lines": 0, "num_branches": 14, "num_partial_branches": 0, "covered_branches": 0, "missing_branches": 14}, "missing_lines": [401, 402, 403, 404, 406, 407, 408, 410, 411, 412, 413, 414, 417, 418, 419, 420, 422], "excluded_lines": [], "executed_branches": [], "missing_branches": [[402, 403], [402, 407], [403, 404], [403, 406], [407, 408], [407, 410], [410, 411], [410, 417], [412, 413], [412, 417], [417, 418], [417, 422], [419, 420], [419, 422]]}, "initialize_services": {"executed_lines": [], "summary": {"covered_lines": 0, "num_statements": 109, "percent_covered": 0.0, "percent_covered_display": "0.00", "missing_lines": 109, "excluded_lines": 0, "num_branches": 8, "num_partial_branches": 0, "covered_branches": 0, "missing_branches": 8}, "missing_lines": [432, 433, 435, 437, 439, 440, 441, 442, 443, 444, 445, 448, 449, 450, 451, 452, 453, 456, 457, 458, 459, 460, 467, 470, 473, 474, 475, 477, 478, 479, 484, 485, 486, 488, 489, 492, 493, 494, 496, 497, 498, 499, 500, 503, 504, 507, 508, 509, 512, 515, 516, 518, 519, 522, 523, 525, 529, 531, 532, 533, 536, 537, 538, 539, 540, 541, 543, 544, 545, 548, 549, 551, 561, 564, 567, 577, 579, 580, 582, 583, 584, 587, 588, 589, 590, 591, 594, 595, 598, 599, 601, 602, 605, 606, 608, 609, 610, 613, 614, 615, 616, 618, 619, 620, 621, 623, 624, 626, 627], "excluded_lines": [], "executed_branches": [], "missing_branches": [[432, 433], [432, 435], [477, 478], [477, 503], [522, 523], [522, 543], [549, 551], [549, 564]]}, "on_startup": {"executed_lines": [], "summary": {"covered_lines": 0, "num_statements": 1, "percent_covered": 0.0, "percent_covered_display": "0.00", "missing_lines": 1, "excluded_lines": 0, "num_branches": 0, "num_partial_branches": 0, "covered_branches": 0, "missing_branches": 0}, "missing_lines": [632], "excluded_lines": [], "executed_branches": [], "missing_branches": []}, "on_shutdown": {"executed_lines": [], "summary": {"covered_lines": 0, "num_statements": 14, "percent_covered": 0.0, "percent_covered_display": "0.00", "missing_lines": 14, "excluded_lines": 0, "num_branches": 6, "num_partial_branches": 0, "covered_branches": 0, "missing_branches": 6}, "missing_lines": [637, 640, 641, 642, 643, 646, 647, 648, 649, 652, 653, 654, 655, 657], "excluded_lines": [], "executed_branches": [], "missing_branches": [[641, 642], [641, 646], [647, 648], [647, 652], [653, 654], [653, 657]]}, "root": {"executed_lines": [], "summary": {"covered_lines": 0, "num_statements": 1, "percent_covered": 0.0, "percent_covered_display": "0.00", "missing_lines": 1, "excluded_lines": 0, "num_branches": 0, "num_partial_branches": 0, "covered_branches": 0, "missing_branches": 0}, "missing_lines": [667], "excluded_lines": [], "executed_branches": [], "missing_branches": []}, "_parse_history": {"executed_lines": [], "summary": {"covered_lines": 0, "num_statements": 9, "percent_covered": 0.0, "percent_covered_display": "0.00", "missing_lines": 9, "excluded_lines": 0, "num_branches": 4, "num_partial_branches": 0, "covered_branches": 0, "missing_branches": 4}, "missing_lines": [671, 672, 673, 674, 675, 676, 677, 678, 679], "excluded_lines": [], "executed_branches": [], "missing_branches": [[671, 672], [671, 673], [675, 676], [675, 679]]}, "bali_zero_chat_stream": {"executed_lines": [], "summary": {"covered_lines": 0, "num_statements": 25, "percent_covered": 0.0, "percent_covered_display": "0.00", "missing_lines": 25, "excluded_lines": 0, "num_branches": 12, "num_partial_branches": 0, "covered_branches": 0, "missing_branches": 12}, "missing_lines": [699, 700, 703, 708, 709, 714, 715, 718, 720, 721, 722, 724, 725, 728, 729, 730, 731, 732, 733, 734, 739, 740, 741, 743, 823], "excluded_lines": [], "executed_branches": [], "missing_branches": [[699, 700], [699, 703], [708, 709], [708, 714], [714, 715], [714, 718], [720, 721], [720, 722], [730, 731], [730, 743], [733, 734], [733, 743]]}, "bali_zero_chat_stream.event_stream": {"executed_lines": [], "summary": {"covered_lines": 0, "num_statements": 29, "percent_covered": 0.0, "percent_covered_display": "0.00", "missing_lines": 29, "excluded_lines": 0, "num_branches": 6, "num_partial_branches": 0, "covered_branches": 0, "missing_branches": 6}, "missing_lines": [745, 747, 749, 757, 758, 760, 761, 762, 763, 764, 767, 769, 772, 775, 777, 779, 786, 787, 790, 791, 792, 794, 806, 815, 816, 817, 819, 820, 821], "excluded_lines": [], "executed_branches": [], "missing_branches": [[749, 757], [749, 772], [757, 758], [757, 769], [792, -743], [792, 794]]}, "bali_zero_chat_stream.event_stream.run_collective_memory": {"executed_lines": [], "summary": {"covered_lines": 0, "num_statements": 5, "percent_covered": 0.0, "percent_covered_display": "0.00", "missing_lines": 5, "excluded_lines": 0, "num_branches": 0, "num_partial_branches": 0, "covered_branches": 0, "missing_branches": 0}, "missing_lines": [807, 808, 809, 812, 813], "excluded_lines": [], "executed_branches": [], "missing_branches": []}, "": {"executed_lines": [], "summary": {"covered_lines": 0, "num_statements": 90, "percent_covered": 0.0, "percent_covered_display": "0.00", "missing_lines": 90, "excluded_lines": 0, "num_branches": 0, "num_partial_branches": 0, "covered_branches": 0, "missing_branches": 0}, "missing_lines": [11, 13, 14, 15, 17, 18, 19, 20, 21, 22, 25, 26, 27, 28, 31, 34, 35, 36, 39, 40, 41, 42, 43, 44, 45, 48, 49, 50, 51, 54, 77, 80, 81, 82, 83, 84, 85, 86, 87, 88, 89, 92, 93, 94, 95, 96, 99, 100, 101, 104, 105, 106, 109, 116, 120, 121, 122, 123, 126, 130, 169, 178, 181, 184, 187, 189, 193, 222, 224, 225, 228, 230, 234, 235, 265, 266, 280, 316, 387, 428, 630, 631, 635, 636, 665, 666, 670, 683, 684, 685], "excluded_lines": [], "executed_branches": [], "missing_branches": []}}, "classes": {"": {"executed_lines": [], "summary": {"covered_lines": 0, "num_statements": 392, "percent_covered": 0.0, "percent_covered_display": "0.00", "missing_lines": 392, "excluded_lines": 0, "num_branches": 78, "num_partial_branches": 0, "covered_branches": 0, "missing_branches": 78}, "missing_lines": [11, 13, 14, 15, 17, 18, 19, 20, 21, 22, 25, 26, 27, 28, 31, 34, 35, 36, 39, 40, 41, 42, 43, 44, 45, 48, 49, 50, 51, 54, 77, 80, 81, 82, 83, 84, 85, 86, 87, 88, 89, 92, 93, 94, 95, 96, 99, 100, 101, 104, 105, 106, 109, 116, 120, 121, 122, 123, 126, 130, 132, 135, 136, 145, 146, 151, 161, 162, 163, 165, 169, 178, 181, 184, 187, 189, 193, 195, 196, 197, 198, 199, 200, 201, 202, 203, 204, 205, 206, 207, 208, 209, 210, 211, 212, 213, 215, 217, 222, 224, 225, 228, 230, 234, 235, 240, 241, 243, 246, 249, 254, 257, 258, 259, 261, 265, 266, 272, 280, 288, 289, 292, 294, 299, 300, 301, 312, 313, 316, 321, 322, 324, 325, 326, 329, 330, 332, 334, 339, 340, 342, 343, 344, 352, 353, 354, 355, 358, 359, 360, 361, 362, 363, 365, 366, 367, 368, 369, 370, 371, 374, 375, 376, 377, 378, 379, 380, 381, 382, 384, 387, 401, 402, 403, 404, 406, 407, 408, 410, 411, 412, 413, 414, 417, 418, 419, 420, 422, 428, 432, 433, 435, 437, 439, 440, 441, 442, 443, 444, 445, 448, 449, 450, 451, 452, 453, 456, 457, 458, 459, 460, 467, 470, 473, 474, 475, 477, 478, 479, 484, 485, 486, 488, 489, 492, 493, 494, 496, 497, 498, 499, 500, 503, 504, 507, 508, 509, 512, 515, 516, 518, 519, 522, 523, 525, 529, 531, 532, 533, 536, 537, 538, 539, 540, 541, 543, 544, 545, 548, 549, 551, 561, 564, 567, 577, 579, 580, 582, 583, 584, 587, 588, 589, 590, 591, 594, 595, 598, 599, 601, 602, 605, 606, 608, 609, 610, 613, 614, 615, 616, 618, 619, 620, 621, 623, 624, 626, 627, 630, 631, 632, 635, 636, 637, 640, 641, 642, 643, 646, 647, 648, 649, 652, 653, 654, 655, 657, 665, 666, 667, 670, 671, 672, 673, 674, 675, 676, 677, 678, 679, 683, 684, 685, 699, 700, 703, 708, 709, 714, 715, 718, 720, 721, 722, 724, 725, 728, 729, 730, 731, 732, 733, 734, 739, 740, 741, 743, 745, 747, 749, 757, 758, 760, 761, 762, 763, 764, 767, 769, 772, 775, 777, 779, 786, 787, 790, 791, 792, 794, 806, 807, 808, 809, 812, 813, 815, 816, 817, 819, 820, 821, 823], "excluded_lines": [], "executed_branches": [], "missing_branches": [[135, 136], [135, 145], [145, 146], [145, 151], [161, 162], [161, 165], [162, 161], [162, 163], [288, 289], [288, 292], [299, 300], [299, 312], [321, 322], [321, 324], [324, 325], [324, 329], [342, 343], [342, 358], [360, 361], [360, 365], [362, 360], [362, 363], [365, 366], [365, 384], [370, 371], [370, 375], [377, 365], [377, 378], [402, 403], [402, 407], [403, 404], [403, 406], [407, 408], [407, 410], [410, 411], [410, 417], [412, 413], [412, 417], [417, 418], [417, 422], [419, 420], [419, 422], [432, 433], [432, 435], [477, 478], [477, 503], [522, 523], [522, 543], [549, 551], [549, 564], [641, 642], [641, 646], [647, 648], [647, 652], [653, 654], [653, 657], [671, 672], [671, 673], [675, 676], [675, 679], [699, 700], [699, 703], [708, 709], [708, 714], [714, 715], [714, 718], [720, 721], [720, 722], [730, 731], [730, 743], [733, 734], [733, 743], [749, 757], [749, 772], [757, 758], [757, 769], [792, -743], [792, 794]]}}}, "backend/app/metrics.py": {"executed_lines": [], "summary": {"covered_lines": 0, "num_statements": 97, "percent_covered": 0.0, "percent_covered_display": "0.00", "missing_lines": 97, "excluded_lines": 0, "num_branches": 2, "num_partial_branches": 0, "covered_branches": 0, "missing_branches": 2}, "missing_lines": [6, 7, 9, 10, 12, 15, 16, 17, 18, 19, 20, 23, 26, 31, 32, 33, 36, 37, 38, 41, 42, 45, 48, 51, 52, 53, 54, 56, 58, 59, 61, 63, 64, 66, 67, 68, 69, 70, 71, 72, 73, 74, 75, 77, 81, 83, 85, 86, 88, 91, 92, 95, 96, 97, 98, 99, 102, 103, 104, 105, 106, 107, 109, 111, 112, 114, 116, 118, 120, 122, 124, 126, 128, 129, 130, 131, 133, 135, 137, 139, 143, 146, 150, 153, 156, 159, 162, 165, 167, 169, 171, 172, 174, 176, 177, 184, 186], "excluded_lines": [], "executed_branches": [], "missing_branches": [[130, -126], [130, 131]], "functions": {"MetricsCollector.__init__": {"executed_lines": [], "summary": {"covered_lines": 0, "num_statements": 3, "percent_covered": 0.0, "percent_covered_display": "0.00", "missing_lines": 3, "excluded_lines": 0, "num_branches": 0, "num_partial_branches": 0, "covered_branches": 0, "missing_branches": 0}, "missing_lines": [52, 53, 54], "excluded_lines": [], "executed_branches": [], "missing_branches": []}, "MetricsCollector.update_session_count": {"executed_lines": [], "summary": {"covered_lines": 0, "num_statements": 2, "percent_covered": 0.0, "percent_covered_display": "0.00", "missing_lines": 2, "excluded_lines": 0, "num_branches": 0, "num_partial_branches": 0, "covered_branches": 0, "missing_branches": 0}, "missing_lines": [58, 59], "excluded_lines": [], "executed_branches": [], "missing_branches": []}, "MetricsCollector.measure_redis_latency": {"executed_lines": [], "summary": {"covered_lines": 0, "num_statements": 12, "percent_covered": 0.0, "percent_covered_display": "0.00", "missing_lines": 12, "excluded_lines": 0, "num_branches": 0, "num_partial_branches": 0, "covered_branches": 0, "missing_branches": 0}, "missing_lines": [63, 64, 66, 67, 68, 69, 70, 71, 72, 73, 74, 75], "excluded_lines": [], "executed_branches": [], "missing_branches": []}, "MetricsCollector.measure_sse_latency": {"executed_lines": [], "summary": {"covered_lines": 0, "num_statements": 1, "percent_covered": 0.0, "percent_covered_display": "0.00", "missing_lines": 1, "excluded_lines": 0, "num_branches": 0, "num_partial_branches": 0, "covered_branches": 0, "missing_branches": 0}, "missing_lines": [81], "excluded_lines": [], "executed_branches": [], "missing_branches": []}, "MetricsCollector.update_sse_latency": {"executed_lines": [], "summary": {"covered_lines": 0, "num_statements": 2, "percent_covered": 0.0, "percent_covered_display": "0.00", "missing_lines": 2, "excluded_lines": 0, "num_branches": 0, "num_partial_branches": 0, "covered_branches": 0, "missing_branches": 0}, "missing_lines": [85, 86], "excluded_lines": [], "executed_branches": [], "missing_branches": []}, "MetricsCollector.update_system_metrics": {"executed_lines": [], "summary": {"covered_lines": 0, "num_statements": 13, "percent_covered": 0.0, "percent_covered_display": "0.00", "missing_lines": 13, "excluded_lines": 0, "num_branches": 0, "num_partial_branches": 0, "covered_branches": 0, "missing_branches": 0}, "missing_lines": [91, 92, 95, 96, 97, 98, 99, 102, 103, 104, 105, 106, 107], "excluded_lines": [], "executed_branches": [], "missing_branches": []}, "MetricsCollector.record_request": {"executed_lines": [], "summary": {"covered_lines": 0, "num_statements": 2, "percent_covered": 0.0, "percent_covered_display": "0.00", "missing_lines": 2, "excluded_lines": 0, "num_branches": 0, "num_partial_branches": 0, "covered_branches": 0, "missing_branches": 0}, "missing_lines": [111, 112], "excluded_lines": [], "executed_branches": [], "missing_branches": []}, "MetricsCollector.record_cache_hit": {"executed_lines": [], "summary": {"covered_lines": 0, "num_statements": 1, "percent_covered": 0.0, "percent_covered_display": "0.00", "missing_lines": 1, "excluded_lines": 0, "num_branches": 0, "num_partial_branches": 0, "covered_branches": 0, "missing_branches": 0}, "missing_lines": [116], "excluded_lines": [], "executed_branches": [], "missing_branches": []}, "MetricsCollector.record_cache_miss": {"executed_lines": [], "summary": {"covered_lines": 0, "num_statements": 1, "percent_covered": 0.0, "percent_covered_display": "0.00", "missing_lines": 1, "excluded_lines": 0, "num_branches": 0, "num_partial_branches": 0, "covered_branches": 0, "missing_branches": 0}, "missing_lines": [120], "excluded_lines": [], "executed_branches": [], "missing_branches": []}, "MetricsCollector.record_cache_set": {"executed_lines": [], "summary": {"covered_lines": 0, "num_statements": 1, "percent_covered": 0.0, "percent_covered_display": "0.00", "missing_lines": 1, "excluded_lines": 0, "num_branches": 0, "num_partial_branches": 0, "covered_branches": 0, "missing_branches": 0}, "missing_lines": [124], "excluded_lines": [], "executed_branches": [], "missing_branches": []}, "MetricsCollector.record_ai_request": {"executed_lines": [], "summary": {"covered_lines": 0, "num_statements": 4, "percent_covered": 0.0, "percent_covered_display": "0.00", "missing_lines": 4, "excluded_lines": 0, "num_branches": 2, "num_partial_branches": 0, "covered_branches": 0, "missing_branches": 2}, "missing_lines": [128, 129, 130, 131], "excluded_lines": [], "executed_branches": [], "missing_branches": [[130, -126], [130, 131]]}, "MetricsCollector.update_db_connections": {"executed_lines": [], "summary": {"covered_lines": 0, "num_statements": 1, "percent_covered": 0.0, "percent_covered_display": "0.00", "missing_lines": 1, "excluded_lines": 0, "num_branches": 0, "num_partial_branches": 0, "covered_branches": 0, "missing_branches": 0}, "missing_lines": [135], "excluded_lines": [], "executed_branches": [], "missing_branches": []}, "MetricsCollector.record_db_query": {"executed_lines": [], "summary": {"covered_lines": 0, "num_statements": 1, "percent_covered": 0.0, "percent_covered_display": "0.00", "missing_lines": 1, "excluded_lines": 0, "num_branches": 0, "num_partial_branches": 0, "covered_branches": 0, "missing_branches": 0}, "missing_lines": [139], "excluded_lines": [], "executed_branches": [], "missing_branches": []}, "get_active_sessions_count": {"executed_lines": [], "summary": {"covered_lines": 0, "num_statements": 1, "percent_covered": 0.0, "percent_covered_display": "0.00", "missing_lines": 1, "excluded_lines": 0, "num_branches": 0, "num_partial_branches": 0, "covered_branches": 0, "missing_branches": 0}, "missing_lines": [150], "excluded_lines": [], "executed_branches": [], "missing_branches": []}, "collect_all_metrics": {"executed_lines": [], "summary": {"covered_lines": 0, "num_statements": 3, "percent_covered": 0.0, "percent_covered_display": "0.00", "missing_lines": 3, "excluded_lines": 0, "num_branches": 0, "num_partial_branches": 0, "covered_branches": 0, "missing_branches": 0}, "missing_lines": [156, 159, 162], "excluded_lines": [], "executed_branches": [], "missing_branches": []}, "get_metrics_middleware": {"executed_lines": [], "summary": {"covered_lines": 0, "num_statements": 4, "percent_covered": 0.0, "percent_covered_display": "0.00", "missing_lines": 4, "excluded_lines": 0, "num_branches": 0, "num_partial_branches": 0, "covered_branches": 0, "missing_branches": 0}, "missing_lines": [167, 169, 171, 186], "excluded_lines": [], "executed_branches": [], "missing_branches": []}, "get_metrics_middleware.metrics_middleware": {"executed_lines": [], "summary": {"covered_lines": 0, "num_statements": 5, "percent_covered": 0.0, "percent_covered_display": "0.00", "missing_lines": 5, "excluded_lines": 0, "num_branches": 0, "num_partial_branches": 0, "covered_branches": 0, "missing_branches": 0}, "missing_lines": [172, 174, 176, 177, 184], "excluded_lines": [], "executed_branches": [], "missing_branches": []}, "": {"executed_lines": [], "summary": {"covered_lines": 0, "num_statements": 40, "percent_covered": 0.0, "percent_covered_display": "0.00", "missing_lines": 40, "excluded_lines": 0, "num_branches": 0, "num_partial_branches": 0, "covered_branches": 0, "missing_branches": 0}, "missing_lines": [6, 7, 9, 10, 12, 15, 16, 17, 18, 19, 20, 23, 26, 31, 32, 33, 36, 37, 38, 41, 42, 45, 48, 51, 56, 61, 77, 83, 88, 109, 114, 118, 122, 126, 133, 137, 143, 146, 153, 165], "excluded_lines": [], "executed_branches": [], "missing_branches": []}}, "classes": {"MetricsCollector": {"executed_lines": [], "summary": {"covered_lines": 0, "num_statements": 44, "percent_covered": 0.0, "percent_covered_display": "0.00", "missing_lines": 44, "excluded_lines": 0, "num_branches": 2, "num_partial_branches": 0, "covered_branches": 0, "missing_branches": 2}, "missing_lines": [52, 53, 54, 58, 59, 63, 64, 66, 67, 68, 69, 70, 71, 72, 73, 74, 75, 81, 85, 86, 91, 92, 95, 96, 97, 98, 99, 102, 103, 104, 105, 106, 107, 111, 112, 116, 120, 124, 128, 129, 130, 131, 135, 139], "excluded_lines": [], "executed_branches": [], "missing_branches": [[130, -126], [130, 131]]}, "": {"executed_lines": [], "summary": {"covered_lines": 0, "num_statements": 53, "percent_covered": 0.0, "percent_covered_display": "0.00", "missing_lines": 53, "excluded_lines": 0, "num_branches": 0, "num_partial_branches": 0, "covered_branches": 0, "missing_branches": 0}, "missing_lines": [6, 7, 9, 10, 12, 15, 16, 17, 18, 19, 20, 23, 26, 31, 32, 33, 36, 37, 38, 41, 42, 45, 48, 51, 56, 61, 77, 83, 88, 109, 114, 118, 122, 126, 133, 137, 143, 146, 150, 153, 156, 159, 162, 165, 167, 169, 171, 172, 174, 176, 177, 184, 186], "excluded_lines": [], "executed_branches": [], "missing_branches": []}}}, "backend/app/models.py": {"executed_lines": [], "summary": {"covered_lines": 0, "num_statements": 70, "percent_covered": 0.0, "percent_covered_display": "0.00", "missing_lines": 70, "excluded_lines": 0, "num_branches": 0, "num_partial_branches": 0, "covered_branches": 0, "missing_branches": 0}, "missing_lines": [5, 6, 8, 11, 14, 15, 16, 17, 18, 21, 24, 25, 26, 27, 30, 33, 34, 35, 36, 37, 38, 39, 40, 41, 42, 45, 48, 49, 50, 51, 52, 55, 58, 59, 60, 63, 66, 67, 68, 69, 70, 73, 76, 77, 78, 79, 80, 83, 86, 87, 88, 89, 90, 91, 92, 95, 98, 99, 100, 103, 106, 107, 108, 109, 110, 113, 116, 117, 118, 119], "excluded_lines": [], "executed_branches": [], "missing_branches": [], "functions": {"": {"executed_lines": [], "summary": {"covered_lines": 0, "num_statements": 70, "percent_covered": 0.0, "percent_covered_display": "0.00", "missing_lines": 70, "excluded_lines": 0, "num_branches": 0, "num_partial_branches": 0, "covered_branches": 0, "missing_branches": 0}, "missing_lines": [5, 6, 8, 11, 14, 15, 16, 17, 18, 21, 24, 25, 26, 27, 30, 33, 34, 35, 36, 37, 38, 39, 40, 41, 42, 45, 48, 49, 50, 51, 52, 55, 58, 59, 60, 63, 66, 67, 68, 69, 70, 73, 76, 77, 78, 79, 80, 83, 86, 87, 88, 89, 90, 91, 92, 95, 98, 99, 100, 103, 106, 107, 108, 109, 110, 113, 116, 117, 118, 119], "excluded_lines": [], "executed_branches": [], "missing_branches": []}}, "classes": {"TierLevel": {"executed_lines": [], "summary": {"covered_lines": 0, "num_statements": 0, "percent_covered": 100.0, "percent_covered_display": "100.00", "missing_lines": 0, "excluded_lines": 0, "num_branches": 0, "num_partial_branches": 0, "covered_branches": 0, "missing_branches": 0}, "missing_lines": [], "excluded_lines": [], "executed_branches": [], "missing_branches": []}, "AccessLevel": {"executed_lines": [], "summary": {"covered_lines": 0, "num_statements": 0, "percent_covered": 100.0, "percent_covered_display": "100.00", "missing_lines": 0, "excluded_lines": 0, "num_branches": 0, "num_partial_branches": 0, "covered_branches": 0, "missing_branches": 0}, "missing_lines": [], "excluded_lines": [], "executed_branches": [], "missing_branches": []}, "ChunkMetadata": {"executed_lines": [], "summary": {"covered_lines": 0, "num_statements": 0, "percent_covered": 100.0, "percent_covered_display": "100.00", "missing_lines": 0, "excluded_lines": 0, "num_branches": 0, "num_partial_branches": 0, "covered_branches": 0, "missing_branches": 0}, "missing_lines": [], "excluded_lines": [], "executed_branches": [], "missing_branches": []}, "SearchQuery": {"executed_lines": [], "summary": {"covered_lines": 0, "num_statements": 0, "percent_covered": 100.0, "percent_covered_display": "100.00", "missing_lines": 0, "excluded_lines": 0, "num_branches": 0, "num_partial_branches": 0, "covered_branches": 0, "missing_branches": 0}, "missing_lines": [], "excluded_lines": [], "executed_branches": [], "missing_branches": []}, "SearchResult": {"executed_lines": [], "summary": {"covered_lines": 0, "num_statements": 0, "percent_covered": 100.0, "percent_covered_display": "100.00", "missing_lines": 0, "excluded_lines": 0, "num_branches": 0, "num_partial_branches": 0, "covered_branches": 0, "missing_branches": 0}, "missing_lines": [], "excluded_lines": [], "executed_branches": [], "missing_branches": []}, "SearchResponse": {"executed_lines": [], "summary": {"covered_lines": 0, "num_statements": 0, "percent_covered": 100.0, "percent_covered_display": "100.00", "missing_lines": 0, "excluded_lines": 0, "num_branches": 0, "num_partial_branches": 0, "covered_branches": 0, "missing_branches": 0}, "missing_lines": [], "excluded_lines": [], "executed_branches": [], "missing_branches": []}, "BookIngestionRequest": {"executed_lines": [], "summary": {"covered_lines": 0, "num_statements": 0, "percent_covered": 100.0, "percent_covered_display": "100.00", "missing_lines": 0, "excluded_lines": 0, "num_branches": 0, "num_partial_branches": 0, "covered_branches": 0, "missing_branches": 0}, "missing_lines": [], "excluded_lines": [], "executed_branches": [], "missing_branches": []}, "BookIngestionResponse": {"executed_lines": [], "summary": {"covered_lines": 0, "num_statements": 0, "percent_covered": 100.0, "percent_covered_display": "100.00", "missing_lines": 0, "excluded_lines": 0, "num_branches": 0, "num_partial_branches": 0, "covered_branches": 0, "missing_branches": 0}, "missing_lines": [], "excluded_lines": [], "executed_branches": [], "missing_branches": []}, "BatchIngestionRequest": {"executed_lines": [], "summary": {"covered_lines": 0, "num_statements": 0, "percent_covered": 100.0, "percent_covered_display": "100.00", "missing_lines": 0, "excluded_lines": 0, "num_branches": 0, "num_partial_branches": 0, "covered_branches": 0, "missing_branches": 0}, "missing_lines": [], "excluded_lines": [], "executed_branches": [], "missing_branches": []}, "BatchIngestionResponse": {"executed_lines": [], "summary": {"covered_lines": 0, "num_statements": 0, "percent_covered": 100.0, "percent_covered_display": "100.00", "missing_lines": 0, "excluded_lines": 0, "num_branches": 0, "num_partial_branches": 0, "covered_branches": 0, "missing_branches": 0}, "missing_lines": [], "excluded_lines": [], "executed_branches": [], "missing_branches": []}, "HealthResponse": {"executed_lines": [], "summary": {"covered_lines": 0, "num_stateme
[...]
{"covered_lines": 0, "num_statements": 26, "percent_covered": 0.0, "percent_covered_display": "0.00", "missing_lines": 26, "excluded_lines": 0, "num_branches": 4, "num_partial_branches": 0, "covered_branches": 0, "missing_branches": 4}, "missing_lines": [2, 3, 5, 25, 26, 27, 29, 30, 32, 33, 34, 36, 38, 39, 42, 45, 47, 48, 49, 50, 52, 53, 54, 56, 57, 58], "excluded_lines": [], "executed_branches": [], "missing_branches": [[32, 33], [32, 56], [47, 48], [47, 52]]}}}, "check_db_schema.py": {"executed_lines": [], "summary": {"covered_lines": 0, "num_statements": 34, "percent_covered": 0.0, "percent_covered_display": "0.00", "missing_lines": 34, "excluded_lines": 2, "num_branches": 8, "num_partial_branches": 0, "covered_branches": 0, "missing_branches": 8}, "missing_lines": [5, 6, 8, 11, 14, 16, 17, 18, 20, 21, 22, 24, 25, 26, 29, 31, 33, 43, 45, 56, 58, 59, 60, 61, 64, 66, 68, 70, 71, 72, 74, 75, 76, 78], "excluded_lines": [81, 82], "executed_branches": [], "missing_branches": [[16, 17], [16, 20], [31, 33], [31, 68], [43, 45], [43, 66], [60, 61], [60, 64]], "functions": {"check_schema": {"executed_lines": [], "summary": {"covered_lines": 0, "num_statements": 30, "percent_covered": 0.0, "percent_covered_display": "0.00", "missing_lines": 30, "excluded_lines": 0, "num_branches": 8, "num_partial_branches": 0, "covered_branches": 0, "missing_branches": 8}, "missing_lines": [14, 16, 17, 18, 20, 21, 22, 24, 25, 26, 29, 31, 33, 43, 45, 56, 58, 59, 60, 61, 64, 66, 68, 70, 71, 72, 74, 75, 76, 78], "excluded_lines": [], "executed_branches": [], "missing_branches": [[16, 17], [16, 20], [31, 33], [31, 68], [43, 45], [43, 66], [60, 61], [60, 64]]}, "": {"executed_lines": [], "summary": {"covered_lines": 0, "num_statements": 4, "percent_covered": 0.0, "percent_covered_display": "0.00", "missing_lines": 4, "excluded_lines": 2, "num_branches": 0, "num_partial_branches": 0, "covered_branches": 0, "missing_branches": 0}, "missing_lines": [5, 6, 8, 11], "excluded_lines": [81, 82], "executed_branches": [], "missing_branches": []}}, "classes": {"": {"executed_lines": [], "summary": {"covered_lines": 0, "num_statements": 34, "percent_covered": 0.0, "percent_covered_display": "0.00", "missing_lines": 34, "excluded_lines": 2, "num_branches": 8, "num_partial_branches": 0, "covered_branches": 0, "missing_branches": 8}, "missing_lines": [5, 6, 8, 11, 14, 16, 17, 18, 20, 21, 22, 24, 25, 26, 29, 31, 33, 43, 45, 56, 58, 59, 60, 61, 64, 66, 68, 70, 71, 72, 74, 75, 76, 78], "excluded_lines": [81, 82], "executed_branches": [], "missing_branches": [[16, 17], [16, 20], [31, 33], [31, 68], [43, 45], [43, 66], [60, 61], [60, 64]]}}}, "check_env.py": {"executed_lines": [], "summary": {"covered_lines": 0, "num_statements": 22, "percent_covered": 0.0, "percent_covered_display": "0.00", "missing_lines": 22, "excluded_lines": 0, "num_branches": 8, "num_partial_branches": 0, "covered_branches": 0, "missing_branches": 8}, "missing_lines": [5, 6, 8, 9, 10, 12, 14, 15, 16, 17, 19, 20, 22, 23, 25, 26, 28, 30, 31, 32, 34, 35], "excluded_lines": [], "executed_branches": [], "missing_branches": [[15, 16], [15, 28], [17, 19], [17, 25], [19, 20], [19, 22], [30, 31], [30, 34]], "functions": {"": {"executed_lines": [], "summary": {"covered_lines": 0, "num_statements": 22, "percent_covered": 0.0, "percent_covered_display": "0.00", "missing_lines": 22, "excluded_lines": 0, "num_branches": 8, "num_partial_branches": 0, "covered_branches": 0, "missing_branches": 8}, "missing_lines": [5, 6, 8, 9, 10, 12, 14, 15, 16, 17, 19, 20, 22, 23, 25, 26, 28, 30, 31, 32, 34, 35], "excluded_lines": [], "executed_branches": [], "missing_branches": [[15, 16], [15, 28], [17, 19], [17, 25], [19, 20], [19, 22], [30, 31], [30, 34]]}}, "classes": {"": {"executed_lines": [], "summary": {"covered_lines": 0, "num_statements": 22, "percent_covered": 0.0, "percent_covered_display": "0.00", "missing_lines": 22, "excluded_lines": 0, "num_branches": 8, "num_partial_branches": 0, "covered_branches": 0, "missing_branches": 8}, "missing_lines": [5, 6, 8, 9, 10, 12, 14, 15, 16, 17, 19, 20, 22, 23, 25, 26, 28, 30, 31, 32, 34, 35], "excluded_lines": [], "executed_branches": [], "missing_branches": [[15, 16], [15, 28], [17, 19], [17, 25], [19, 20], [19, 22], [30, 31], [30, 34]]}}}, "organize_parallel_work.py": {"executed_lines": [], "summary": {"covered_lines": 0, "num_statements": 147, "percent_covered": 0.0, "percent_covered_display": "0.00", "missing_lines": 147, "excluded_lines": 0, "num_branches": 76, "num_partial_branches": 0, "covered_branches": 0, "missing_branches": 76}, "missing_lines": [4, 5, 8, 14, 15, 16, 17, 18, 19, 20, 21, 22, 23, 24, 25, 27, 28, 29, 31, 38, 39, 42, 44, 45, 48, 50, 51, 52, 53, 54, 55, 56, 57, 58, 59, 60, 62, 64, 66, 67, 68, 69, 70, 71, 72, 73, 74, 75, 76, 77, 78, 79, 80, 81, 82, 83, 84, 86, 88, 89, 91, 92, 94, 95, 97, 98, 99, 100, 101, 103, 105, 106, 108, 109, 111, 112, 115, 118, 119, 120, 121, 122, 124, 133, 135, 136, 137, 138, 139, 140, 141, 143, 144, 145, 146, 147, 149, 150, 151, 153, 156, 157, 158, 161, 162, 163, 166, 168, 169, 170, 172, 173, 175, 176, 177, 178, 180, 181, 182, 183, 184, 186, 187, 189, 190, 191, 192, 194, 195, 196, 198, 199, 200, 201, 202, 203, 204, 205, 207, 208, 209, 210, 211, 213, 214, 215, 216], "excluded_lines": [], "executed_branches": [], "missing_branches": [[15, 16], [15, 42], [16, 15], [16, 17], [18, 15], [18, 19], [27, 15], [27, 28], [44, 45], [44, 118], [48, 50], [48, 64], [51, 52], [51, 53], [53, 54], [53, 55], [55, 56], [55, 57], [57, 58], [57, 59], [59, 60], [59, 62], [64, 66], [64, 88], [67, 68], [67, 69], [69, 70], [69, 71], [71, 72], [71, 73], [73, 74], [73, 75], [75, 76], [75, 77], [77, 78], [77, 79], [79, 80], [79, 81], [81, 82], [81, 83], [83, 84], [83, 86], [88, 89], [88, 91], [91, 92], [91, 94], [94, 95], [94, 97], [97, 98], [97, 105], [98, 99], [98, 100], [100, 101], [100, 103], [105, 106], [105, 108], [108, 109], [108, 111], [111, 112], [111, 115], [119, 120], [119, 133], [149, 150], [149, 153], [166, 168], [166, 172], [175, 176], [175, 194], [186, 187], [186, 189], [198, 199], [198, 213], [207, 198], [207, 208], [209, 210], [209, 211]], "functions": {"": {"executed_lines": [], "summary": {"covered_lines": 0, "num_statements": 147, "percent_covered": 0.0, "percent_covered_display": "0.00", "missing_lines": 147, "excluded_lines": 0, "num_branches": 76, "num_partial_branches": 0, "covered_branches": 0, "missing_branches": 76}, "missing_lines": [4, 5, 8, 14, 15, 16, 17, 18, 19, 20, 21, 22, 23, 24, 25, 27, 28, 29, 31, 38, 39, 42, 44, 45, 48, 50, 51, 52, 53, 54, 55, 56, 57, 58, 59, 60, 62, 64, 66, 67, 68, 69, 70, 71, 72, 73, 74, 75, 76, 77, 78, 79, 80, 81, 82, 83, 84, 86, 88, 89, 91, 92, 94, 95, 97, 98, 99, 100, 101, 103, 105, 106, 108, 109, 111, 112, 115, 118, 119, 120, 121, 122, 124, 133, 135, 136, 137, 138, 139, 140, 141, 143, 144, 145, 146, 147, 149, 150, 151, 153, 156, 157, 158, 161, 162, 163, 166, 168, 169, 170, 172, 173, 175, 176, 177, 178, 180, 181, 182, 183, 184, 186, 187, 189, 190, 191, 192, 194, 195, 196, 198, 199, 200, 201, 202, 203, 204, 205, 207, 208, 209, 210, 211, 213, 214, 215, 216], "excluded_lines": [], "executed_branches": [], "missing_branches": [[15, 16], [15, 42], [16, 15], [16, 17], [18, 15], [18, 19], [27, 15], [27, 28], [44, 45], [44, 118], [48, 50], [48, 64], [51, 52], [51, 53], [53, 54], [53, 55], [55, 56], [55, 57], [57, 58], [57, 59], [59, 60], [59, 62], [64, 66], [64, 88], [67, 68], [67, 69], [69, 70], [69, 71], [71, 72], [71, 73], [73, 74], [73, 75], [75, 76], [75, 77], [77, 78], [77, 79], [79, 80], [79, 81], [81, 82], [81, 83], [83, 84], [83, 86], [88, 89], [88, 91], [91, 92], [91, 94], [94, 95], [94, 97], [97, 98], [97, 105], [98, 99], [98, 100], [100, 101], [100, 103], [105, 106], [105, 108], [108, 109], [108, 111], [111, 112], [111, 115], [119, 120], [119, 133], [149, 150], [149, 153], [166, 168], [166, 172], [175, 176], [175, 194], [186, 187], [186, 189], [198, 199], [198, 213], [207, 198], [207, 208], [209, 210], [209, 211]]}}, "classes": {"": {"executed_lines": [], "summary": {"covered_lines": 0, "num_statements": 147, "percent_covered": 0.0, "percent_covered_display": "0.00", "missing_lines": 147, "excluded_lines": 0, "num_branches": 76, "num_partial_branches": 0, "covered_branches": 0, "missing_branches": 76}, "missing_lines": [4, 5, 8, 14, 15, 16, 17, 18, 19, 20, 21, 22, 23, 24, 25, 27, 28, 29, 31, 38, 39, 42, 44, 45, 48, 50, 51, 52, 53, 54, 55, 56, 57, 58, 59, 60, 62, 64, 66, 67, 68, 69, 70, 71, 72, 73, 74, 75, 76, 77, 78, 79, 80, 81, 82, 83, 84, 86, 88, 89, 91, 92, 94, 95, 97, 98, 99, 100, 101, 103, 105, 106, 108, 109, 111, 112, 115, 118, 119, 120, 121, 122, 124, 133, 135, 136, 137, 138, 139, 140, 141, 143, 144, 145, 146, 147, 149, 150, 151, 153, 156, 157, 158, 161, 162, 163, 166, 168, 169, 170, 172, 173, 175, 176, 177, 178, 180, 181, 182, 183, 184, 186, 187, 189, 190, 191, 192, 194, 195, 196, 198, 199, 200, 201, 202, 203, 204, 205, 207, 208, 209, 210, 211, 213, 214, 215, 216], "excluded_lines": [], "executed_branches": [], "missing_branches": [[15, 16], [15, 42], [16, 15], [16, 17], [18, 15], [18, 19], [27, 15], [27, 28], [44, 45], [44, 118], [48, 50], [48, 64], [51, 52], [51, 53], [53, 54], [53, 55], [55, 56], [55, 57], [57, 58], [57, 59], [59, 60], [59, 62], [64, 66], [64, 88], [67, 68], [67, 69], [69, 70], [69, 71], [71, 72], [71, 73], [73, 74], [73, 75], [75, 76], [75, 77], [77, 78], [77, 79], [79, 80], [79, 81], [81, 82], [81, 83], [83, 84], [83, 86], [88, 89], [88, 91], [91, 92], [91, 94], [94, 95], [94, 97], [97, 98], [97, 105], [98, 99], [98, 100], [100, 101], [100, 103], [105, 106], [105, 108], [108, 109], [108, 111], [111, 112], [111, 115], [119, 120], [119, 133], [149, 150], [149, 153], [166, 168], [166, 172], [175, 176], [175, 194], [186, 187], [186, 189], [198, 199], [198, 213], [207, 198], [207, 208], [209, 210], [209, 211]]}}}, "roadmap_to_90.py": {"executed_lines": [], "summary": {"covered_lines": 0, "num_statements": 107, "percent_covered": 0.0, "percent_covered_display": "0.00", "missing_lines": 107, "excluded_lines": 0, "num_branches": 20, "num_partial_branches": 0, "covered_branches": 0, "missing_branches": 20}, "missing_lines": [4, 5, 8, 9, 10, 11, 14, 15, 16, 18, 19, 20, 21, 22, 23, 24, 25, 26, 27, 28, 29, 32, 38, 39, 40, 41, 43, 44, 45, 46, 47, 51, 52, 53, 54, 56, 59, 60, 61, 63, 72, 74, 77, 80, 81, 82, 84, 85, 86, 88, 89, 90, 92, 93, 94, 95, 96, 97, 98, 100, 101, 102, 103, 105, 107, 108, 109, 110, 112, 113, 114, 117, 118, 119, 121, 122, 123, 126, 127, 129, 130, 131, 132, 133, 134, 135, 136, 137, 138, 139, 142, 143, 144, 145, 146, 149, 150, 151, 152, 153, 155, 156, 157, 158, 160, 161, 163], "excluded_lines": [], "executed_branches": [], "missing_branches": [[39, 40], [39, 77], [40, 39], [40, 41], [43, 39], [43, 44], [51, 52], [51, 53], [59, 39], [59, 60], [100, 101], [100, 107], [102, 103], [102, 105], [107, 108], [107, 112], [155, 156], [155, 163], [157, 158], [157, 160]], "functions": {"print_phase": {"executed_lines": [], "summary": {"covered_lines": 0, "num_statements": 24, "percent_covered": 0.0, "percent_covered_display": "0.00", "missing_lines": 24, "excluded_lines": 0, "num_branches": 6, "num_partial_branches": 0, "covered_branches": 0, "missing_branches": 6}, "missing_lines": [89, 90, 92, 93, 94, 95, 96, 97, 98, 100, 101, 102, 103, 105, 107, 108, 109, 110, 112, 113, 114, 117, 118, 119], "excluded_lines": [], "executed_branches": [], "missing_branches": [[100, 101], [100, 107], [102, 103], [102, 105], [107, 108], [107, 112]]}, "": {"executed_lines": [], "summary": {"covered_lines": 0, "num_statements": 83, "percent_covered": 0.0, "percent_covered_display": "0.00", "missing_lines": 83, "excluded_lines": 0, "num_branches": 14, "num_partial_branches": 0, "covered_branches": 0, "missing_branches": 14}, "missing_lines": [4, 5, 8, 9, 10, 11, 14, 15, 16, 18, 19, 20, 21, 22, 23, 24, 25, 26, 27, 28, 29, 32, 38, 39, 40, 41, 43, 44, 45, 46, 47, 51, 52, 53, 54, 56, 59, 60, 61, 63, 72, 74, 77, 80, 81, 82, 84, 85, 86, 88, 121, 122, 123, 126, 127, 129, 130, 131, 132, 133, 134, 135, 136, 137, 138, 139, 142, 143, 144, 145, 146, 149, 150, 151, 152, 153, 155, 156, 157, 158, 160, 161, 163], "excluded_lines": [], "executed_branches": [], "missing_branches": [[39, 40], [39, 77], [40, 39], [40, 41], [43, 39], [43, 44], [51, 52], [51, 53], [59, 39], [59, 60], [155, 156], [155, 163], [157, 158], [157, 160]]}}, "classes": {"": {"executed_lines": [], "summary": {"covered_lines": 0, "num_statements": 107, "percent_covered": 0.0, "percent_covered_display": "0.00", "missing_lines": 107, "excluded_lines": 0, "num_branches": 20, "num_partial_branches": 0, "covered_branches": 0, "missing_branches": 20}, "missing_lines": [4, 5, 8, 9, 10, 11, 14, 15, 16, 18, 19, 20, 21, 22, 23, 24, 25, 26, 27, 28, 29, 32, 38, 39, 40, 41, 43, 44, 45, 46, 47, 51, 52, 53, 54, 56, 59, 60, 61, 63, 72, 74, 77, 80, 81, 82, 84, 85, 86, 88, 89, 90, 92, 93, 94, 95, 96, 97, 98, 100, 101, 102, 103, 105, 107, 108, 109, 110, 112, 113, 114, 117, 118, 119, 121, 122, 123, 126, 127, 129, 130, 131, 132, 133, 134, 135, 136, 137, 138, 139, 142, 143, 144, 145, 146, 149, 150, 151, 152, 153, 155, 156, 157, 158, 160, 161, 163], "excluded_lines": [], "executed_branches": [], "missing_branches": [[39, 40], [39, 77], [40, 39], [40, 41], [43, 39], [43, 44], [51, 52], [51, 53], [59, 39], [59, 60], [100, 101], [100, 107], [102, 103], [102, 105], [107, 108], [107, 112], [155, 156], [155, 163], [157, 158], [157, 160]]}}}, "run_migrations.py": {"executed_lines": [], "summary": {"covered_lines": 0, "num_statements": 50, "percent_covered": 0.0, "percent_covered_display": "0.00", "missing_lines": 50, "excluded_lines": 9, "num_branches": 10, "num_partial_branches": 0, "covered_branches": 0, "missing_branches": 10}, "missing_lines": [7, 8, 9, 11, 14, 18, 20, 21, 22, 23, 25, 26, 27, 28, 32, 34, 35, 36, 39, 40, 42, 43, 44, 47, 48, 51, 52, 55, 56, 57, 58, 59, 63, 65, 67, 68, 78, 80, 81, 83, 86, 87, 88, 89, 90, 92, 93, 94, 96, 97], "excluded_lines": [100, 102, 103, 104, 105, 106, 107, 110, 112], "executed_branches": [], "missing_branches": [[20, 21], [20, 25], [43, 44], [43, 47], [47, 48], [47, 63], [67, 68], [67, 86], [78, 80], [78, 83]], "functions": {"run_migrations": {"executed_lines": [], "summary": {"covered_lines": 0, "num_statements": 45, "percent_covered": 0.0, "percent_covered_display": "0.00", "missing_lines": 45, "excluded_lines": 0, "num_branches": 10, "num_partial_branches": 0, "covered_branches": 0, "missing_branches": 10}, "missing_lines": [18, 20, 21, 22, 23, 25, 26, 27, 28, 32, 34, 35, 36, 39, 40, 42, 43, 44, 47, 48, 51, 52, 55, 56, 57, 58, 59, 63, 65, 67, 68, 78, 80, 81, 83, 86, 87, 88, 89, 90, 92, 93, 94, 96, 97], "excluded_lines": [], "executed_branches": [], "missing_branches": [[20, 21], [20, 25], [43, 44], [43, 47], [47, 48], [47, 63], [67, 68], [67, 86], [78, 80], [78, 83]]}, "": {"executed_lines": [], "summary": {"covered_lines": 0, "num_statements": 5, "percent_covered": 0.0, "percent_covered_display": "0.00", "missing_lines": 5, "excluded_lines": 9, "num_branches": 0, "num_partial_branches": 0, "covered_branches": 0, "missing_branches": 0}, "missing_lines": [7, 8, 9, 11, 14], "excluded_lines": [100, 102, 103, 104, 105, 106, 107, 110, 112], "executed_branches": [], "missing_branches": []}}, "classes": {"": {"executed_lines": [], "summary": {"covered_lines": 0, "num_statements": 50, "percent_covered": 0.0, "percent_covered_display": "0.00", "missing_lines": 50, "excluded_lines": 9, "num_branches": 10, "num_partial_branches": 0, "covered_branches": 0, "missing_branches": 10}, "missing_lines": [7, 8, 9, 11, 14, 18, 20, 21, 22, 23, 25, 26, 27, 28, 32, 34, 35, 36, 39, 40, 42, 43, 44, 47, 48, 51, 52, 55, 56, 57, 58, 59, 63, 65, 67, 68, 78, 80, 81, 83, 86, 87, 88, 89, 90, 92, 93, 94, 96, 97], "excluded_lines": [100, 102, 103, 104, 105, 106, 107, 110, 112], "executed_branches": [], "missing_branches": [[20, 21], [20, 25], [43, 44], [43, 47], [47, 48], [47, 63], [67, 68], [67, 86], [78, 80], [78, 83]]}}}, "verify_all_coverage.py": {"executed_lines": [], "summary": {"covered_lines": 0, "num_statements": 21, "percent_covered": 0.0, "percent_covered_display": "0.00", "missing_lines": 21, "excluded_lines": 0, "num_branches": 4, "num_partial_branches": 0, "covered_branches": 0, "missing_branches": 4}, "missing_lines": [2, 3, 5, 13, 14, 15, 17, 18, 19, 21, 22, 23, 26, 27, 28, 29, 30, 32, 33, 34, 36], "excluded_lines": [], "executed_branches": [], "missing_branches": [[17, 18], [17, 36], [27, 28], [27, 32]], "functions": {"": {"executed_lines": [], "summary": {"covered_lines": 0, "num_statements": 21, "percent_covered": 0.0, "percent_covered_display": "0.00", "missing_lines": 21, "excluded_lines": 0, "num_branches": 4, "num_partial_branches": 0, "covered_branches": 0, "missing_branches": 4}, "missing_lines": [2, 3, 5, 13, 14, 15, 17, 18, 19, 21, 22, 23, 26, 27, 28, 29, 30, 32, 33, 34, 36], "excluded_lines": [], "executed_branches": [], "missing_branches": [[17, 18], [17, 36], [27, 28], [27, 32]]}}, "classes": {"": {"executed_lines": [], "summary": {"covered_lines": 0, "num_statements": 21, "percent_covered": 0.0, "percent_covered_display": "0.00", "missing_lines": 21, "excluded_lines": 0, "num_branches": 4, "num_partial_branches": 0, "covered_branches": 0, "missing_branches": 4}, "missing_lines": [2, 3, 5, 13, 14, 15, 17, 18, 19, 21, 22, 23, 26, 27, 28, 29, 30, 32, 33, 34, 36], "excluded_lines": [], "executed_branches": [], "missing_branches": [[17, 18], [17, 36], [27, 28], [27, 32]]}}}, "verify_streaming.py": {"executed_lines": [], "summary": {"covered_lines": 0, "num_statements": 34, "percent_covered": 0.0, "percent_covered_display": "0.00", "missing_lines": 34, "excluded_lines": 2, "num_branches": 10, "num_partial_branches": 0, "covered_branches": 0, "missing_branches": 10}, "missing_lines": [1, 2, 4, 7, 8, 9, 14, 16, 18, 19, 20, 21, 23, 24, 25, 27, 28, 29, 30, 32, 33, 34, 35, 36, 37, 39, 40, 41, 43, 45, 46, 48, 50, 51], "excluded_lines": [54, 55], "executed_branches": [], "missing_branches": [[23, 24], [23, 27], [27, 28], [27, 48], [29, 30], [29, 32], [32, 27], [32, 33], [40, 41], [40, 43]], "functions": {"test_streaming": {"executed_lines": [], "summary": {"covered_lines": 0, "num_statements": 30, "percent_covered": 0.0, "percent_covered_display": "0.00", "missing_lines": 30, "excluded_lines": 0, "num_branches": 10, "num_partial_branches": 0, "covered_branches": 0, "missing_branches": 10}, "missing_lines": [8, 9, 14, 16, 18, 19, 20, 21, 23, 24, 25, 27, 28, 29, 30, 32, 33, 34, 35, 36, 37, 39, 40, 41, 43, 45, 46, 48, 50, 51], "excluded_lines": [], "executed_branches": [], "missing_branches": [[23, 24], [23, 27], [27, 28], [27, 48], [29, 30], [29, 32], [32, 27], [32, 33], [40, 41], [40, 43]]}, "": {"executed_lines": [], "summary": {"covered_lines": 0, "num_statements": 4, "percent_covered": 0.0, "percent_covered_display": "0.00", "missing_lines": 4, "excluded_lines": 2, "num_branches": 0, "num_partial_branches": 0, "covered_branches": 0, "missing_branches": 0}, "missing_lines": [1, 2, 4, 7], "excluded_lines": [54, 55], "executed_branches": [], "missing_branches": []}}, "classes": {"": {"executed_lines": [], "summary": {"covered_lines": 0, "num_statements": 34, "percent_covered": 0.0, "percent_covered_display": "0.00", "missing_lines": 34, "excluded_lines": 2, "num_branches": 10, "num_partial_branches": 0, "covered_branches": 0, "missing_branches": 10}, "missing_lines": [1, 2, 4, 7, 8, 9, 14, 16, 18, 19, 20, 21, 23, 24, 25, 27, 28, 29, 30, 32, 33, 34, 35, 36, 37, 39, 40, 41, 43, 45, 46, 48, 50, 51], "excluded_lines": [54, 55], "executed_branches": [], "missing_branches": [[23, 24], [23, 27], [27, 28], [27, 48], [29, 30], [29, 32], [32, 27], [32, 33], [40, 41], [40, 43]]}}}}, "totals": {"covered_lines": 338, "num_statements": 13339, "percent_covered": 2.233355465684795, "percent_covered_display": "2.23", "missing_lines": 13001, "excluded_lines": 89, "num_branches": 3228, "num_partial_branches": 2, "covered_branches": 32, "missing_branches": 3196}}