{
  "meta": {
    "format": 3,
    "version": "7.11.3",
    "timestamp": "2025-12-01T00:32:57.752699",
    "branch_coverage": true,
    "show_contexts": false
  },
  "files": {
    "backend/__init__.py": {
      "executed_lines": [1],
      "summary": {
        "covered_lines": 0,
        "num_statements": 0,
        "percent_covered": 100.0,
        "percent_covered_display": "100.00",
        "missing_lines": 0,
        "excluded_lines": 0,
        "num_branches": 0,
        "num_partial_branches": 0,
        "covered_branches": 0,
        "missing_branches": 0
      },
      "missing_lines": [],
      "excluded_lines": [],
      "executed_branches": [],
      "missing_branches": [],
      "functions": {
        "": {
          "executed_lines": [1],
          "summary": {
            "covered_lines": 0,
            "num_statements": 0,
            "percent_covered": 100.0,
            "percent_covered_display": "100.00",
            "missing_lines": 0,
            "excluded_lines": 0,
            "num_branches": 0,
            "num_partial_branches": 0,
            "covered_branches": 0,
            "missing_branches": 0
          },
          "missing_lines": [],
          "excluded_lines": [],
          "executed_branches": [],
          "missing_branches": []
        }
      },
      "classes": {
        "": {
          "executed_lines": [1],
          "summary": {
            "covered_lines": 0,
            "num_statements": 0,
            "percent_covered": 100.0,
            "percent_covered_display": "100.00",
            "missing_lines": 0,
            "excluded_lines": 0,
            "num_branches": 0,
            "num_partial_branches": 0,
            "covered_branches": 0,
            "missing_branches": 0
          },
          "missing_lines": [],
          "excluded_lines": [],
          "executed_branches": [],
          "missing_branches": []
        }
      }
    },
    "backend/agents/__init__.py": {
      "executed_lines": [1, 7, 9],
      "summary": {
        "covered_lines": 2,
        "num_statements": 2,
        "percent_covered": 100.0,
        "percent_covered_display": "100.00",
        "missing_lines": 0,
        "excluded_lines": 0,
        "num_branches": 0,
        "num_partial_branches": 0,
        "covered_branches": 0,
        "missing_branches": 0
      },
      "missing_lines": [],
      "excluded_lines": [],
      "executed_branches": [],
      "missing_branches": [],
      "functions": {
        "": {
          "executed_lines": [1, 7, 9],
          "summary": {
            "covered_lines": 2,
            "num_statements": 2,
            "percent_covered": 100.0,
            "percent_covered_display": "100.00",
            "missing_lines": 0,
            "excluded_lines": 0,
            "num_branches": 0,
            "num_partial_branches": 0,
            "covered_branches": 0,
            "missing_branches": 0
          },
          "missing_lines": [],
          "excluded_lines": [],
          "executed_branches": [],
          "missing_branches": []
        }
      },
      "classes": {
        "": {
          "executed_lines": [1, 7, 9],
          "summary": {
            "covered_lines": 2,
            "num_statements": 2,
            "percent_covered": 100.0,
            "percent_covered_display": "100.00",
            "missing_lines": 0,
            "excluded_lines": 0,
            "num_branches": 0,
            "num_partial_branches": 0,
            "covered_branches": 0,
            "missing_branches": 0
          },
          "missing_lines": [],
          "excluded_lines": [],
          "executed_branches": [],
          "missing_branches": []
        }
      }
    },
    "backend/app/__init__.py": {
      "executed_lines": [1, 3],
      "summary": {
        "covered_lines": 1,
        "num_statements": 1,
        "percent_covered": 100.0,
        "percent_covered_display": "100.00",
        "missing_lines": 0,
        "excluded_lines": 0,
        "num_branches": 0,
        "num_partial_branches": 0,
        "covered_branches": 0,
        "missing_branches": 0
      },
      "missing_lines": [],
      "excluded_lines": [],
      "executed_branches": [],
      "missing_branches": [],
      "functions": {
        "": {
          "executed_lines": [1, 3],
          "summary": {
            "covered_lines": 1,
            "num_statements": 1,
            "percent_covered": 100.0,
            "percent_covered_display": "100.00",
            "missing_lines": 0,
            "excluded_lines": 0,
            "num_branches": 0,
            "num_partial_branches": 0,
            "covered_branches": 0,
            "missing_branches": 0
          },
          "missing_lines": [],
          "excluded_lines": [],
          "executed_branches": [],
          "missing_branches": []
        }
      },
      "classes": {
        "": {
          "executed_lines": [1, 3],
          "summary": {
            "covered_lines": 1,
            "num_statements": 1,
            "percent_covered": 100.0,
            "percent_covered_display": "100.00",
            "missing_lines": 0,
            "excluded_lines": 0,
            "num_branches": 0,
            "num_partial_branches": 0,
            "covered_branches": 0,
            "missing_branches": 0
          },
          "missing_lines": [],
          "excluded_lines": [],
          "executed_branches": [],
          "missing_branches": []
        }
      }
    },
    "backend/app/config.py": {
      "executed_lines": [1, 8, 10],
      "summary": {
        "covered_lines": 2,
        "num_statements": 2,
        "percent_covered": 100.0,
        "percent_covered_display": "100.00",
        "missing_lines": 0,
        "excluded_lines": 0,
        "num_branches": 0,
        "num_partial_branches": 0,
        "covered_branches": 0,
        "missing_branches": 0
      },
      "missing_lines": [],
      "excluded_lines": [],
      "executed_branches": [],
      "missing_branches": [],
      "functions": {
        "": {
          "executed_lines": [1, 8, 10],
          "summary": {
            "covered_lines": 2,
            "num_statements": 2,
            "percent_covered": 100.0,
            "percent_covered_display": "100.00",
            "missing_lines": 0,
            "excluded_lines": 0,
            "num_branches": 0,
            "num_partial_branches": 0,
            "covered_branches": 0,
            "missing_branches": 0
          },
          "missing_lines": [],
          "excluded_lines": [],
          "executed_branches": [],
          "missing_branches": []
        }
      },
      "classes": {
        "": {
          "executed_lines": [1, 8, 10],
          "summary": {
            "covered_lines": 2,
            "num_statements": 2,
            "percent_covered": 100.0,
            "percent_covered_display": "100.00",
            "missing_lines": 0,
            "excluded_lines": 0,
            "num_branches": 0,
            "num_partial_branches": 0,
            "covered_branches": 0,
            "missing_branches": 0
          },
          "missing_lines": [],
          "excluded_lines": [],
          "executed_branches": [],
          "missing_branches": []
        }
      }
    },
    "backend/app/core/__init__.py": {
      "executed_lines": [1, 6, 8],
      "summary": {
        "covered_lines": 2,
        "num_statements": 2,
        "percent_covered": 100.0,
        "percent_covered_display": "100.00",
        "missing_lines": 0,
        "excluded_lines": 0,
        "num_branches": 0,
        "num_partial_branches": 0,
        "covered_branches": 0,
        "missing_branches": 0
      },
      "missing_lines": [],
      "excluded_lines": [],
      "executed_branches": [],
      "missing_branches": [],
      "functions": {
        "": {
          "executed_lines": [1, 6, 8],
          "summary": {
            "covered_lines": 2,
            "num_statements": 2,
            "percent_covered": 100.0,
            "percent_covered_display": "100.00",
            "missing_lines": 0,
            "excluded_lines": 0,
            "num_branches": 0,
            "num_partial_branches": 0,
            "covered_branches": 0,
            "missing_branches": 0
          },
          "missing_lines": [],
          "excluded_lines": [],
          "executed_branches": [],
          "missing_branches": []
        }
      },
      "classes": {
        "": {
          "executed_lines": [1, 6, 8],
          "summary": {
            "covered_lines": 2,
            "num_statements": 2,
            "percent_covered": 100.0,
            "percent_covered_display": "100.00",
            "missing_lines": 0,
            "excluded_lines": 0,
            "num_branches": 0,
            "num_partial_branches": 0,
            "covered_branches": 0,
            "missing_branches": 0
          },
          "missing_lines": [],
          "excluded_lines": [],
          "executed_branches": [],
          "missing_branches": []
        }
      }
    },
    "backend/app/core/config.py": {
      "executed_lines": [
        1, 7, 8, 11, 12, 17, 18, 23, 24, 25, 26, 27, 29, 30, 31, 33, 34, 35, 36, 41, 42, 43, 44, 49,
        50, 55, 56, 57, 62, 63, 64, 69, 70, 71, 72, 73, 74, 79, 80, 81, 82, 83, 84, 85, 86, 87, 88,
        89, 90, 95, 96, 101, 102, 103, 108, 113, 118, 123, 124, 125, 130, 131, 132, 137, 138, 143,
        150, 151, 152, 153, 158, 159, 160, 161, 162, 163, 164, 165, 170, 171, 172, 173, 178, 179,
        180, 185, 191, 195, 200, 201, 202, 207, 208, 209, 210, 215, 217, 218, 219, 220, 224
      ],
      "summary": {
        "covered_lines": 99,
        "num_statements": 99,
        "percent_covered": 100.0,
        "percent_covered_display": "100.00",
        "missing_lines": 0,
        "excluded_lines": 0,
        "num_branches": 2,
        "num_partial_branches": 0,
        "covered_branches": 2,
        "missing_branches": 0
      },
      "missing_lines": [],
      "excluded_lines": [],
      "executed_branches": [
        [34, 35],
        [34, 36]
      ],
      "missing_branches": [],
      "functions": {
        "Settings.set_dimensions_from_provider": {
          "executed_lines": [33, 34, 35, 36],
          "summary": {
            "covered_lines": 4,
            "num_statements": 4,
            "percent_covered": 100.0,
            "percent_covered_display": "100.00",
            "missing_lines": 0,
            "excluded_lines": 0,
            "num_branches": 2,
            "num_partial_branches": 0,
            "covered_branches": 2,
            "missing_branches": 0
          },
          "missing_lines": [],
          "excluded_lines": [],
          "executed_branches": [
            [34, 35],
            [34, 36]
          ],
          "missing_branches": []
        },
        "": {
          "executed_lines": [
            1, 7, 8, 11, 12, 17, 18, 23, 24, 25, 26, 27, 29, 30, 31, 41, 42, 43, 44, 49, 50, 55, 56,
            57, 62, 63, 64, 69, 70, 71, 72, 73, 74, 79, 80, 81, 82, 83, 84, 85, 86, 87, 88, 89, 90,
            95, 96, 101, 102, 103, 108, 113, 118, 123, 124, 125, 130, 131, 132, 137, 138, 143, 150,
            151, 152, 153, 158, 159, 160, 161, 162, 163, 164, 165, 170, 171, 172, 173, 178, 179,
            180, 185, 191, 195, 200, 201, 202, 207, 208, 209, 210, 215, 217, 218, 219, 220, 224
          ],
          "summary": {
            "covered_lines": 95,
            "num_statements": 95,
            "percent_covered": 100.0,
            "percent_covered_display": "100.00",
            "missing_lines": 0,
            "excluded_lines": 0,
            "num_branches": 0,
            "num_partial_branches": 0,
            "covered_branches": 0,
            "missing_branches": 0
          },
          "missing_lines": [],
          "excluded_lines": [],
          "executed_branches": [],
          "missing_branches": []
        }
      },
      "classes": {
        "Settings": {
          "executed_lines": [33, 34, 35, 36],
          "summary": {
            "covered_lines": 4,
            "num_statements": 4,
            "percent_covered": 100.0,
            "percent_covered_display": "100.00",
            "missing_lines": 0,
            "excluded_lines": 0,
            "num_branches": 2,
            "num_partial_branches": 0,
            "covered_branches": 2,
            "missing_branches": 0
          },
          "missing_lines": [],
          "excluded_lines": [],
          "executed_branches": [
            [34, 35],
            [34, 36]
          ],
          "missing_branches": []
        },
        "Settings.Config": {
          "executed_lines": [],
          "summary": {
            "covered_lines": 0,
            "num_statements": 0,
            "percent_covered": 100.0,
            "percent_covered_display": "100.00",
            "missing_lines": 0,
            "excluded_lines": 0,
            "num_branches": 0,
            "num_partial_branches": 0,
            "covered_branches": 0,
            "missing_branches": 0
          },
          "missing_lines": [],
          "excluded_lines": [],
          "executed_branches": [],
          "missing_branches": []
        },
        "": {
          "executed_lines": [
            1, 7, 8, 11, 12, 17, 18, 23, 24, 25, 26, 27, 29, 30, 31, 41, 42, 43, 44, 49, 50, 55, 56,
            57, 62, 63, 64, 69, 70, 71, 72, 73, 74, 79, 80, 81, 82, 83, 84, 85, 86, 87, 88, 89, 90,
            95, 96, 101, 102, 103, 108, 113, 118, 123, 124, 125, 130, 131, 132, 137, 138, 143, 150,
            151, 152, 153, 158, 159, 160, 161, 162, 163, 164, 165, 170, 171, 172, 173, 178, 179,
            180, 185, 191, 195, 200, 201, 202, 207, 208, 209, 210, 215, 217, 218, 219, 220, 224
          ],
          "summary": {
            "covered_lines": 95,
            "num_statements": 95,
            "percent_covered": 100.0,
            "percent_covered_display": "100.00",
            "missing_lines": 0,
            "excluded_lines": 0,
            "num_branches": 0,
            "num_partial_branches": 0,
            "covered_branches": 0,
            "missing_branches": 0
          },
          "missing_lines": [],
          "excluded_lines": [],
          "executed_branches": [],
          "missing_branches": []
        }
      }
    },
    "backend/app/models.py": {
      "executed_lines": [
        1, 5, 6, 8, 11, 12, 14, 15, 16, 17, 18, 21, 22, 24, 25, 26, 27, 30, 31, 33, 34, 35, 36, 37,
        38, 39, 40, 41, 42, 45, 46, 48, 49, 50, 51, 52, 55, 56, 58, 59, 60, 63, 64, 66, 67, 68, 69,
        70, 73, 74, 76, 77, 78, 79, 80, 83, 84, 86, 87, 88, 89, 90, 91, 92, 95, 96, 98, 99, 100,
        103, 104, 106, 107, 108, 109, 110, 113, 114, 116, 117, 118, 119
      ],
      "summary": {
        "covered_lines": 70,
        "num_statements": 70,
        "percent_covered": 100.0,
        "percent_covered_display": "100.00",
        "missing_lines": 0,
        "excluded_lines": 0,
        "num_branches": 0,
        "num_partial_branches": 0,
        "covered_branches": 0,
        "missing_branches": 0
      },
      "missing_lines": [],
      "excluded_lines": [],
      "executed_branches": [],
      "missing_branches": [],
      "functions": {
        "": {
          "executed_lines": [
            1, 5, 6, 8, 11, 12, 14, 15, 16, 17, 18, 21, 22, 24, 25, 26, 27, 30, 31, 33, 34, 35, 36,
            37, 38, 39, 40, 41, 42, 45, 46, 48, 49, 50, 51, 52, 55, 56, 58, 59, 60, 63, 64, 66, 67,
            68, 69, 70, 73, 74, 76, 77, 78, 79, 80, 83, 84, 86, 87, 88, 89, 90, 91, 92, 95, 96, 98,
            99, 100, 103, 104, 106, 107, 108, 109, 110, 113, 114, 116, 117, 118, 119
          ],
          "summary": {
            "covered_lines": 70,
            "num_statements": 70,
            "percent_covered": 100.0,
            "percent_covered_display": "100.00",
            "missing_lines": 0,
            "excluded_lines": 0,
            "num_branches": 0,
            "num_partial_branches": 0,
            "covered_branches": 0,
            "missing_branches": 0
          },
          "missing_lines": [],
          "excluded_lines": [],
          "executed_branches": [],
          "missing_branches": []
        }
      },
      "classes": {
        "TierLevel": {
          "executed_lines": [],
          "summary": {
            "covered_lines": 0,
            "num_statements": 0,
            "percent_covered": 100.0,
            "percent_covered_display": "100.00",
            "missing_lines": 0,
            "excluded_lines": 0,
            "num_branches": 0,
            "num_partial_branches": 0,
            "covered_branches": 0,
            "missing_branches": 0
          },
          "missing_lines": [],
          "excluded_lines": [],
          "executed_branches": [],
          "missing_branches": []
        },
        "AccessLevel": {
          "executed_lines": [],
          "summary": {
            "covered_lines": 0,
            "num_statements": 0,
            "percent_covered": 100.0,
            "percent_covered_display": "100.00",
            "missing_lines": 0,
            "excluded_lines": 0,
            "num_branches": 0,
            "num_partial_branches": 0,
            "covered_branches": 0,
            "missing_branches": 0
          },
          "missing_lines": [],
          "excluded_lines": [],
          "executed_branches": [],
          "missing_branches": []
        },
        "ChunkMetadata": {
          "executed_lines": [],
          "summary": {
            "covered_lines": 0,
            "num_statements": 0,
            "percent_covered": 100.0,
            "percent_covered_display": "100.00",
            "missing_lines": 0,
            "excluded_lines": 0,
            "num_branches": 0,
            "num_partial_branches": 0,
            "covered_branches": 0,
            "missing_branches": 0
          },
          "missing_lines": [],
          "excluded_lines": [],
          "executed_branches": [],
          "missing_branches": []
        },
        "SearchQuery": {
          "executed_lines": [],
          "summary": {
            "covered_lines": 0,
            "num_statements": 0,
            "percent_covered": 100.0,
            "percent_covered_display": "100.00",
            "missing_lines": 0,
            "excluded_lines": 0,
            "num_branches": 0,
            "num_partial_branches": 0,
            "covered_branches": 0,
            "missing_branches": 0
          },
          "missing_lines": [],
          "excluded_lines": [],
          "executed_branches": [],
          "missing_branches": []
        },
        "SearchResult": {
          "executed_lines": [],
          "summary": {
            "covered_lines": 0,
            "num_statements": 0,
            "percent_covered": 100.0,
            "percent_covered_display": "100.00",
            "missing_lines": 0,
            "excluded_lines": 0,
            "num_branches": 0,
            "num_partial_branches": 0,
            "covered_branches": 0,
            "missing_branches": 0
          },
          "missing_lines": [],
          "excluded_lines": [],
          "executed_branches": [],
          "missing_branches": []
        },
        "SearchResponse": {
          "executed_lines": [],
          "summary": {
            "covered_lines": 0,
            "num_statements": 0,
            "percent_covered": 100.0,
            "percent_covered_display": "100.00",
            "missing_lines": 0,
            "excluded_lines": 0,
            "num_branches": 0,
            "num_partial_branches": 0,
            "covered_branches": 0,
            "missing_branches": 0
          },
          "missing_lines": [],
          "excluded_lines": [],
          "executed_branches": [],
          "missing_branches": []
        },
        "BookIngestionRequest": {
          "executed_lines": [],
          "summary": {
            "covered_lines": 0,
            "num_statements": 0,
            "percent_covered": 100.0,
            "percent_covered_display": "100.00",
            "missing_lines": 0,
            "excluded_lines": 0,
            "num_branches": 0,
            "num_partial_branches": 0,
            "covered_branches": 0,
            "missing_branches": 0
          },
          "missing_lines": [],
          "excluded_lines": [],
          "executed_branches": [],
          "missing_branches": []
        },
        "BookIngestionResponse": {
          "executed_lines": [],
          "summary": {
            "covered_lines": 0,
            "num_statements": 0,
            "percent_covered": 100.0,
            "percent_covered_display": "100.00",
            "missing_lines": 0,
            "excluded_lines": 0,
            "num_branches": 0,
            "num_partial_branches": 0,
            "covered_branches": 0,
            "missing_branches": 0
          },
          "missing_lines": [],
          "excluded_lines": [],
          "executed_branches": [],
          "missing_branches": []
        },
        "BatchIngestionRequest": {
          "executed_lines": [],
          "summary": {
            "covered_lines": 0,
            "num_statements": 0,
            "percent_covered": 100.0,
            "percent_covered_display": "100.00",
            "missing_lines": 0,
            "excluded_lines": 0,
            "num_branches": 0,
            "num_partial_branches": 0,
            "covered_branches": 0,
            "missing_branches": 0
          },
          "missing_lines": [],
          "excluded_lines": [],
          "executed_branches": [],
          "missing_branches": []
        },
        "BatchIngestionResponse": {
          "executed_lines": [],
          "summary": {
            "covered_lines": 0,
            "num_statements": 0,
            "percent_covered": 100.0,
            "percent_covered_display": "100.00",
            "missing_lines": 0,
            "excluded_lines": 0,
            "num_branches": 0,
            "num_partial_branches": 0,
            "covered_branches": 0,
            "missing_branches": 0
          },
          "missing_lines": [],
          "excluded_lines": [],
          "executed_branches": [],
          "missing_branches": []
        },
        "HealthResponse": {
          "executed_lines": [],
          "summary": {
            "covered_lines": 0,
            "num_statements": 0,
            "percent_covered": 100.0,
            "percent_covered_display": "100.00",
            "missing_lines": 0,
            "excluded_lines": 0,
            "num_branches": 0,
            "num_partial_branches": 0,
            "covered_branches": 0,
            "missing_branches": 0
          },
          "missing_lines": [],
          "excluded_lines": [],
          "executed_branches": [],
          "missing_branches": []
        },
        "": {
          "executed_lines": [
            1, 5, 6, 8, 11, 12, 14, 15, 16, 17, 18, 21, 22, 24, 25, 26, 27, 30, 31, 33, 34, 35, 36,
            37, 38, 39, 40, 41, 42, 45, 46, 48, 49, 50, 51, 52, 55, 56, 58, 59, 60, 63, 64, 66, 67,
            68, 69, 70, 73, 74, 76, 77, 78, 79, 80, 83, 84, 86, 87, 88, 89, 90, 91, 92, 95, 96, 98,
            99, 100, 103, 104, 106, 107, 108, 109, 110, 113, 114, 116, 117, 118, 119
          ],
          "summary": {
            "covered_lines": 70,
            "num_statements": 70,
            "percent_covered": 100.0,
            "percent_covered_display": "100.00",
            "missing_lines": 0,
            "excluded_lines": 0,
            "num_branches": 0,
            "num_partial_branches": 0,
            "covered_branches": 0,
            "missing_branches": 0
          },
          "missing_lines": [],
          "excluded_lines": [],
          "executed_branches": [],
          "missing_branches": []
        }
      }
    },
    "backend/app/modules/knowledge/__init__.py": {
      "executed_lines": [1, 6, 7, 9],
      "summary": {
        "covered_lines": 3,
        "num_statements": 3,
        "percent_covered": 100.0,
        "percent_covered_display": "100.00",
        "missing_lines": 0,
        "excluded_lines": 0,
        "num_branches": 0,
        "num_partial_branches": 0,
        "covered_branches": 0,
        "missing_branches": 0
      },
      "missing_lines": [],
      "excluded_lines": [],
      "executed_branches": [],
      "missing_branches": [],
      "functions": {
        "": {
          "executed_lines": [1, 6, 7, 9],
          "summary": {
            "covered_lines": 3,
            "num_statements": 3,
            "percent_covered": 100.0,
            "percent_covered_display": "100.00",
            "missing_lines": 0,
            "excluded_lines": 0,
            "num_branches": 0,
            "num_partial_branches": 0,
            "covered_branches": 0,
            "missing_branches": 0
          },
          "missing_lines": [],
          "excluded_lines": [],
          "executed_branches": [],
          "missing_branches": []
        }
      },
      "classes": {
        "": {
          "executed_lines": [1, 6, 7, 9],
          "summary": {
            "covered_lines": 3,
            "num_statements": 3,
            "percent_covered": 100.0,
            "percent_covered_display": "100.00",
            "missing_lines": 0,
            "excluded_lines": 0,
            "num_branches": 0,
            "num_partial_branches": 0,
            "covered_branches": 0,
            "missing_branches": 0
          },
          "missing_lines": [],
          "excluded_lines": [],
          "executed_branches": [],
          "missing_branches": []
        }
      }
    },
    "backend/app/modules/knowledge/router.py": {
      "executed_lines": [
        1, 6, 7, 8, 10, 12, 13, 15, 16, 19, 22, 25, 26, 27, 30, 31, 42, 43, 45, 50, 54, 57, 66, 68,
        69, 71, 72, 73, 76, 79, 93, 97, 99, 101, 106, 114, 116, 117, 118, 121, 122, 124, 125, 126,
        132, 133, 134
      ],
      "summary": {
        "covered_lines": 46,
        "num_statements": 48,
        "percent_covered": 94.64285714285714,
        "percent_covered_display": "94.64",
        "missing_lines": 2,
        "excluded_lines": 0,
        "num_branches": 8,
        "num_partial_branches": 1,
        "covered_branches": 7,
        "missing_branches": 1
      },
      "missing_lines": [51, 115],
      "excluded_lines": [],
      "executed_branches": [
        [25, 26],
        [25, 27],
        [50, 54],
        [68, 69],
        [68, 99],
        [69, 71],
        [69, 99]
      ],
      "missing_branches": [[50, 51]],
      "functions": {
        "get_knowledge_service": {
          "executed_lines": [25, 26, 27],
          "summary": {
            "covered_lines": 3,
            "num_statements": 3,
            "percent_covered": 100.0,
            "percent_covered_display": "100.00",
            "missing_lines": 0,
            "excluded_lines": 0,
            "num_branches": 2,
            "num_partial_branches": 0,
            "covered_branches": 2,
            "missing_branches": 0
          },
          "missing_lines": [],
          "excluded_lines": [],
          "executed_branches": [
            [25, 26],
            [25, 27]
          ],
          "missing_branches": []
        },
        "semantic_search": {
          "executed_lines": [
            42, 43, 45, 50, 54, 57, 66, 68, 69, 71, 72, 73, 76, 79, 93, 97, 99, 101, 106, 114, 116,
            117, 118
          ],
          "summary": {
            "covered_lines": 23,
            "num_statements": 25,
            "percent_covered": 90.3225806451613,
            "percent_covered_display": "90.32",
            "missing_lines": 2,
            "excluded_lines": 0,
            "num_branches": 6,
            "num_partial_branches": 1,
            "covered_branches": 5,
            "missing_branches": 1
          },
          "missing_lines": [51, 115],
          "excluded_lines": [],
          "executed_branches": [
            [50, 54],
            [68, 69],
            [68, 99],
            [69, 71],
            [69, 99]
          ],
          "missing_branches": [[50, 51]]
        },
        "search_health": {
          "executed_lines": [124, 125, 126, 132, 133, 134],
          "summary": {
            "covered_lines": 6,
            "num_statements": 6,
            "percent_covered": 100.0,
            "percent_covered_display": "100.00",
            "missing_lines": 0,
            "excluded_lines": 0,
            "num_branches": 0,
            "num_partial_branches": 0,
            "covered_branches": 0,
            "missing_branches": 0
          },
          "missing_lines": [],
          "excluded_lines": [],
          "executed_branches": [],
          "missing_branches": []
        },
        "": {
          "executed_lines": [1, 6, 7, 8, 10, 12, 13, 15, 16, 19, 22, 30, 31, 121, 122],
          "summary": {
            "covered_lines": 14,
            "num_statements": 14,
            "percent_covered": 100.0,
            "percent_covered_display": "100.00",
            "missing_lines": 0,
            "excluded_lines": 0,
            "num_branches": 0,
            "num_partial_branches": 0,
            "covered_branches": 0,
            "missing_branches": 0
          },
          "missing_lines": [],
          "excluded_lines": [],
          "executed_branches": [],
          "missing_branches": []
        }
      },
      "classes": {
        "": {
          "executed_lines": [
            1, 6, 7, 8, 10, 12, 13, 15, 16, 19, 22, 25, 26, 27, 30, 31, 42, 43, 45, 50, 54, 57, 66,
            68, 69, 71, 72, 73, 76, 79, 93, 97, 99, 101, 106, 114, 116, 117, 118, 121, 122, 124,
            125, 126, 132, 133, 134
          ],
          "summary": {
            "covered_lines": 46,
            "num_statements": 48,
            "percent_covered": 94.64285714285714,
            "percent_covered_display": "94.64",
            "missing_lines": 2,
            "excluded_lines": 0,
            "num_branches": 8,
            "num_partial_branches": 1,
            "covered_branches": 7,
            "missing_branches": 1
          },
          "missing_lines": [51, 115],
          "excluded_lines": [],
          "executed_branches": [
            [25, 26],
            [25, 27],
            [50, 54],
            [68, 69],
            [68, 99],
            [69, 71],
            [69, 99]
          ],
          "missing_branches": [[50, 51]]
        }
      }
    },
    "backend/app/modules/knowledge/service.py": {
      "executed_lines": [
        1, 6, 7, 9, 10, 11, 13, 14, 15, 17, 20, 21, 28, 35, 37, 40, 41, 42, 47, 48, 51, 52, 83, 86,
        87, 88, 91, 109, 111, 112, 133, 135, 137, 140, 145, 148, 149, 150, 151, 152, 153, 155, 158,
        159, 160, 161, 162, 165, 168, 169, 172, 173, 174, 176, 177, 179, 182, 187, 188, 189, 194,
        196, 197, 199, 202, 203, 205, 218
      ],
      "summary": {
        "covered_lines": 66,
        "num_statements": 69,
        "percent_covered": 96.47058823529412,
        "percent_covered_display": "96.47",
        "missing_lines": 3,
        "excluded_lines": 0,
        "num_branches": 16,
        "num_partial_branches": 0,
        "covered_branches": 16,
        "missing_branches": 0
      },
      "missing_lines": [226, 227, 228],
      "excluded_lines": [],
      "executed_branches": [
        [148, 149],
        [148, 151],
        [151, 152],
        [151, 155],
        [159, 160],
        [159, 165],
        [168, 169],
        [168, 172],
        [172, 173],
        [172, 176],
        [188, 189],
        [188, 218],
        [196, 197],
        [196, 199],
        [202, 203],
        [202, 205]
      ],
      "missing_branches": [],
      "functions": {
        "KnowledgeService.__init__": {
          "executed_lines": [37, 40, 41, 42, 47, 48, 51, 52, 83, 86, 87, 88, 91, 109],
          "summary": {
            "covered_lines": 14,
            "num_statements": 14,
            "percent_covered": 100.0,
            "percent_covered_display": "100.00",
            "missing_lines": 0,
            "excluded_lines": 0,
            "num_branches": 0,
            "num_partial_branches": 0,
            "covered_branches": 0,
            "missing_branches": 0
          },
          "missing_lines": [],
          "excluded_lines": [],
          "executed_branches": [],
          "missing_branches": []
        },
        "KnowledgeService.search": {
          "executed_lines": [
            133, 135, 137, 140, 145, 148, 149, 150, 151, 152, 153, 155, 158, 159, 160, 161, 162,
            165, 168, 169, 172, 173, 174, 176, 177, 179, 182, 187, 188, 189, 194, 196, 197, 199,
            202, 203, 205, 218
          ],
          "summary": {
            "covered_lines": 38,
            "num_statements": 41,
            "percent_covered": 94.73684210526316,
            "percent_covered_display": "94.74",
            "missing_lines": 3,
            "excluded_lines": 0,
            "num_branches": 16,
            "num_partial_branches": 0,
            "covered_branches": 16,
            "missing_branches": 0
          },
          "missing_lines": [226, 227, 228],
          "excluded_lines": [],
          "executed_branches": [
            [148, 149],
            [148, 151],
            [151, 152],
            [151, 155],
            [159, 160],
            [159, 165],
            [168, 169],
            [168, 172],
            [172, 173],
            [172, 176],
            [188, 189],
            [188, 218],
            [196, 197],
            [196, 199],
            [202, 203],
            [202, 205]
          ],
          "missing_branches": []
        },
        "": {
          "executed_lines": [1, 6, 7, 9, 10, 11, 13, 14, 15, 17, 20, 21, 28, 35, 111, 112],
          "summary": {
            "covered_lines": 14,
            "num_statements": 14,
            "percent_covered": 100.0,
            "percent_covered_display": "100.00",
            "missing_lines": 0,
            "excluded_lines": 0,
            "num_branches": 0,
            "num_partial_branches": 0,
            "covered_branches": 0,
            "missing_branches": 0
          },
          "missing_lines": [],
          "excluded_lines": [],
          "executed_branches": [],
          "missing_branches": []
        }
      },
      "classes": {
        "KnowledgeService": {
          "executed_lines": [
            37, 40, 41, 42, 47, 48, 51, 52, 83, 86, 87, 88, 91, 109, 133, 135, 137, 140, 145, 148,
            149, 150, 151, 152, 153, 155, 158, 159, 160, 161, 162, 165, 168, 169, 172, 173, 174,
            176, 177, 179, 182, 187, 188, 189, 194, 196, 197, 199, 202, 203, 205, 218
          ],
          "summary": {
            "covered_lines": 52,
            "num_statements": 55,
            "percent_covered": 95.77464788732394,
            "percent_covered_display": "95.77",
            "missing_lines": 3,
            "excluded_lines": 0,
            "num_branches": 16,
            "num_partial_branches": 0,
            "covered_branches": 16,
            "missing_branches": 0
          },
          "missing_lines": [226, 227, 228],
          "excluded_lines": [],
          "executed_branches": [
            [148, 149],
            [148, 151],
            [151, 152],
            [151, 155],
            [159, 160],
            [159, 165],
            [168, 169],
            [168, 172],
            [172, 173],
            [172, 176],
            [188, 189],
            [188, 218],
            [196, 197],
            [196, 199],
            [202, 203],
            [202, 205]
          ],
          "missing_branches": []
        },
        "": {
          "executed_lines": [1, 6, 7, 9, 10, 11, 13, 14, 15, 17, 20, 21, 28, 35, 111, 112],
          "summary": {
            "covered_lines": 14,
            "num_statements": 14,
            "percent_covered": 100.0,
            "percent_covered_display": "100.00",
            "missing_lines": 0,
            "excluded_lines": 0,
            "num_branches": 0,
            "num_partial_branches": 0,
            "covered_branches": 0,
            "missing_branches": 0
          },
          "missing_lines": [],
          "excluded_lines": [],
          "executed_branches": [],
          "missing_branches": []
        }
      }
    },
    "backend/app/routers/__init__.py": {
      "executed_lines": [1],
      "summary": {
        "covered_lines": 0,
        "num_statements": 0,
        "percent_covered": 100.0,
        "percent_covered_display": "100.00",
        "missing_lines": 0,
        "excluded_lines": 0,
        "num_branches": 0,
        "num_partial_branches": 0,
        "covered_branches": 0,
        "missing_branches": 0
      },
      "missing_lines": [],
      "excluded_lines": [],
      "executed_branches": [],
      "missing_branches": [],
      "functions": {
        "": {
          "executed_lines": [1],
          "summary": {
            "covered_lines": 0,
            "num_statements": 0,
            "percent_covered": 100.0,
            "percent_covered_display": "100.00",
            "missing_lines": 0,
            "excluded_lines": 0,
            "num_branches": 0,
            "num_partial_branches": 0,
            "covered_branches": 0,
            "missing_branches": 0
          },
          "missing_lines": [],
          "excluded_lines": [],
          "executed_branches": [],
          "missing_branches": []
        }
      },
      "classes": {
        "": {
          "executed_lines": [1],
          "summary": {
            "covered_lines": 0,
            "num_statements": 0,
            "percent_covered": 100.0,
            "percent_covered_display": "100.00",
            "missing_lines": 0,
            "excluded_lines": 0,
            "num_branches": 0,
            "num_partial_branches": 0,
            "covered_branches": 0,
            "missing_branches": 0
          },
          "missing_lines": [],
          "excluded_lines": [],
          "executed_branches": [],
          "missing_branches": []
        }
      }
    },
    "backend/app/routers/autonomous_agents.py": {
      "executed_lines": [
        1, 11, 14, 15, 16, 17, 19, 20, 22, 24, 25, 26, 28, 30, 33, 36, 37, 38, 39, 40, 41, 42, 43,
        44, 52, 54, 55, 57, 59, 62, 64, 65, 72, 75, 78, 80, 93, 95, 96, 97, 102, 103, 115, 117, 125,
        128, 140, 142, 143, 145, 147, 150, 152, 166, 168, 169, 170, 175, 176, 187, 189, 196, 199,
        211, 213, 214, 216, 218, 221, 222, 223, 226, 229, 231, 246, 248, 249, 250, 255, 256, 271,
        273, 282, 287, 299, 300, 307, 342, 343, 353, 354, 356, 359, 360, 370, 374
      ],
      "summary": {
        "covered_lines": 95,
        "num_statements": 95,
        "percent_covered": 100.0,
        "percent_covered_display": "100.00",
        "missing_lines": 0,
        "excluded_lines": 0,
        "num_branches": 6,
        "num_partial_branches": 0,
        "covered_branches": 6,
        "missing_branches": 0
      },
      "missing_lines": [],
      "excluded_lines": [],
      "executed_branches": [
        [64, 65],
        [64, 75],
        [221, 222],
        [221, 226],
        [353, 354],
        [353, 356]
      ],
      "missing_branches": [],
      "functions": {
        "_run_conversation_trainer_task": {
          "executed_lines": [54, 55, 57, 59, 62, 64, 65, 72, 75, 78, 80, 93, 95, 96, 97],
          "summary": {
            "covered_lines": 15,
            "num_statements": 15,
            "percent_covered": 100.0,
            "percent_covered_display": "100.00",
            "missing_lines": 0,
            "excluded_lines": 0,
            "num_branches": 2,
            "num_partial_branches": 0,
            "covered_branches": 2,
            "missing_branches": 0
          },
          "missing_lines": [],
          "excluded_lines": [],
          "executed_branches": [
            [64, 65],
            [64, 75]
          ],
          "missing_branches": []
        },
        "run_conversation_trainer": {
          "executed_lines": [115, 117, 125, 128],
          "summary": {
            "covered_lines": 4,
            "num_statements": 4,
            "percent_covered": 100.0,
            "percent_covered_display": "100.00",
            "missing_lines": 0,
            "excluded_lines": 0,
            "num_branches": 0,
            "num_partial_branches": 0,
            "covered_branches": 0,
            "missing_branches": 0
          },
          "missing_lines": [],
          "excluded_lines": [],
          "executed_branches": [],
          "missing_branches": []
        },
        "_run_client_value_predictor_task": {
          "executed_lines": [142, 143, 145, 147, 150, 152, 166, 168, 169, 170],
          "summary": {
            "covered_lines": 10,
            "num_statements": 10,
            "percent_covered": 100.0,
            "percent_covered_display": "100.00",
            "missing_lines": 0,
            "excluded_lines": 0,
            "num_branches": 0,
            "num_partial_branches": 0,
            "covered_branches": 0,
            "missing_branches": 0
          },
          "missing_lines": [],
          "excluded_lines": [],
          "executed_branches": [],
          "missing_branches": []
        },
        "run_client_value_predictor": {
          "executed_lines": [187, 189, 196, 199],
          "summary": {
            "covered_lines": 4,
            "num_statements": 4,
            "percent_covered": 100.0,
            "percent_covered_display": "100.00",
            "missing_lines": 0,
            "excluded_lines": 0,
            "num_branches": 0,
            "num_partial_branches": 0,
            "covered_branches": 0,
            "missing_branches": 0
          },
          "missing_lines": [],
          "excluded_lines": [],
          "executed_branches": [],
          "missing_branches": []
        },
        "_run_knowledge_graph_builder_task": {
          "executed_lines": [213, 214, 216, 218, 221, 222, 223, 226, 229, 231, 246, 248, 249, 250],
          "summary": {
            "covered_lines": 14,
            "num_statements": 14,
            "percent_covered": 100.0,
            "percent_covered_display": "100.00",
            "missing_lines": 0,
            "excluded_lines": 0,
            "num_branches": 2,
            "num_partial_branches": 0,
            "covered_branches": 2,
            "missing_branches": 0
          },
          "missing_lines": [],
          "excluded_lines": [],
          "executed_branches": [
            [221, 222],
            [221, 226]
          ],
          "missing_branches": []
        },
        "run_knowledge_graph_builder": {
          "executed_lines": [271, 273, 282, 287],
          "summary": {
            "covered_lines": 4,
            "num_statements": 4,
            "percent_covered": 100.0,
            "percent_covered_display": "100.00",
            "missing_lines": 0,
            "excluded_lines": 0,
            "num_branches": 0,
            "num_partial_branches": 0,
            "covered_branches": 0,
            "missing_branches": 0
          },
          "missing_lines": [],
          "excluded_lines": [],
          "executed_branches": [],
          "missing_branches": []
        },
        "get_autonomous_agents_status": {
          "executed_lines": [307],
          "summary": {
            "covered_lines": 1,
            "num_statements": 1,
            "percent_covered": 100.0,
            "percent_covered_display": "100.00",
            "missing_lines": 0,
            "excluded_lines": 0,
            "num_branches": 0,
            "num_partial_branches": 0,
            "covered_branches": 0,
            "missing_branches": 0
          },
          "missing_lines": [],
          "excluded_lines": [],
          "executed_branches": [],
          "missing_branches": []
        },
        "get_execution_status": {
          "executed_lines": [353, 354, 356],
          "summary": {
            "covered_lines": 3,
            "num_statements": 3,
            "percent_covered": 100.0,
            "percent_covered_display": "100.00",
            "missing_lines": 0,
            "excluded_lines": 0,
            "num_branches": 2,
            "num_partial_branches": 0,
            "covered_branches": 2,
            "missing_branches": 0
          },
          "missing_lines": [],
          "excluded_lines": [],
          "executed_branches": [
            [353, 354],
            [353, 356]
          ],
          "missing_branches": []
        },
        "list_executions": {
          "executed_lines": [370, 374],
          "summary": {
            "covered_lines": 2,
            "num_statements": 2,
            "percent_covered": 100.0,
            "percent_covered_display": "100.00",
            "missing_lines": 0,
            "excluded_lines": 0,
            "num_branches": 0,
            "num_partial_branches": 0,
            "covered_branches": 0,
            "missing_branches": 0
          },
          "missing_lines": [],
          "excluded_lines": [],
          "executed_branches": [],
          "missing_branches": []
        },
        "": {
          "executed_lines": [
            1, 11, 14, 15, 16, 17, 19, 20, 22, 24, 25, 26, 28, 30, 33, 36, 37, 38, 39, 40, 41, 42,
            43, 44, 52, 102, 103, 140, 175, 176, 211, 255, 256, 299, 300, 342, 343, 359, 360
          ],
          "summary": {
            "covered_lines": 38,
            "num_statements": 38,
            "percent_covered": 100.0,
            "percent_covered_display": "100.00",
            "missing_lines": 0,
            "excluded_lines": 0,
            "num_branches": 0,
            "num_partial_branches": 0,
            "covered_branches": 0,
            "missing_branches": 0
          },
          "missing_lines": [],
          "excluded_lines": [],
          "executed_branches": [],
          "missing_branches": []
        }
      },
      "classes": {
        "AgentExecutionResponse": {
          "executed_lines": [],
          "summary": {
            "covered_lines": 0,
            "num_statements": 0,
            "percent_covered": 100.0,
            "percent_covered_display": "100.00",
            "missing_lines": 0,
            "excluded_lines": 0,
            "num_branches": 0,
            "num_partial_branches": 0,
            "covered_branches": 0,
            "missing_branches": 0
          },
          "missing_lines": [],
          "excluded_lines": [],
          "executed_branches": [],
          "missing_branches": []
        },
        "": {
          "executed_lines": [
            1, 11, 14, 15, 16, 17, 19, 20, 22, 24, 25, 26, 28, 30, 33, 36, 37, 38, 39, 40, 41, 42,
            43, 44, 52, 54, 55, 57, 59, 62, 64, 65, 72, 75, 78, 80, 93, 95, 96, 97, 102, 103, 115,
            117, 125, 128, 140, 142, 143, 145, 147, 150, 152, 166, 168, 169, 170, 175, 176, 187,
            189, 196, 199, 211, 213, 214, 216, 218, 221, 222, 223, 226, 229, 231, 246, 248, 249,
            250, 255, 256, 271, 273, 282, 287, 299, 300, 307, 342, 343, 353, 354, 356, 359, 360,
            370, 374
          ],
          "summary": {
            "covered_lines": 95,
            "num_statements": 95,
            "percent_covered": 100.0,
            "percent_covered_display": "100.00",
            "missing_lines": 0,
            "excluded_lines": 0,
            "num_branches": 6,
            "num_partial_branches": 0,
            "covered_branches": 6,
            "missing_branches": 0
          },
          "missing_lines": [],
          "excluded_lines": [],
          "executed_branches": [
            [64, 65],
            [64, 75],
            [221, 222],
            [221, 226],
            [353, 354],
            [353, 356]
          ],
          "missing_branches": []
        }
      }
    },
    "backend/app/routers/crm_practices.py": {
      "executed_lines": [
        1, 6, 7, 8, 10, 11, 12, 13, 15, 17, 19, 27, 28, 29, 30, 31, 32, 33, 34, 35, 38, 39, 40, 41,
        42, 43, 44, 45, 46, 47, 48, 49, 50, 51, 52, 55, 56, 57, 58, 59, 60, 61, 62, 63, 64, 65, 66,
        67, 68, 69, 77, 79, 80, 81, 82, 90, 91, 105, 106, 107, 110, 114, 116, 117, 122, 125, 150,
        153, 163, 177, 179, 180, 182, 186, 188, 189, 190, 191, 192, 195, 196, 211, 212, 213, 216,
        230, 232, 233, 234, 236, 237, 238, 240, 241, 242, 244, 245, 246, 248, 249, 250, 252, 253,
        255, 256, 258, 259, 261, 263, 264, 265, 268, 269, 276, 277, 278, 280, 284, 286, 287, 288,
        290, 292, 293, 295, 296, 298, 300, 301, 302, 305, 306, 313, 314, 315, 317, 318, 320, 321,
        323, 325, 326, 327, 330, 331, 334, 335, 336, 338, 357, 359, 360, 362, 363, 365, 367, 368,
        369, 370, 371, 374, 375, 395, 396, 397, 400, 401, 403, 404, 405, 406, 407, 409, 410, 412,
        413, 415, 421, 423, 424, 426, 427, 430, 431, 447, 448, 450, 466, 468, 469, 471, 473, 475,
        476, 477, 478, 479, 482, 483, 497, 498, 499, 502, 503, 505, 506, 508, 511, 519, 522, 531,
        533, 534, 536, 538, 540, 541, 542, 543, 544, 547, 548, 557, 558, 559, 562, 569, 572, 581,
        584, 594, 597, 604, 606, 607, 609, 617, 618, 619
      ],
      "summary": {
        "covered_lines": 238,
        "num_statements": 238,
        "percent_covered": 100.0,
        "percent_covered_display": "100.00",
        "missing_lines": 0,
        "excluded_lines": 0,
        "num_branches": 32,
        "num_partial_branches": 0,
        "covered_branches": 32,
        "missing_branches": 0
      },
      "missing_lines": [],
      "excluded_lines": [],
      "executed_branches": [
        [80, 81],
        [80, 82],
        [116, 117],
        [116, 122],
        [232, 233],
        [232, 236],
        [236, 237],
        [236, 240],
        [240, 241],
        [240, 244],
        [244, 245],
        [244, 248],
        [248, 249],
        [248, 252],
        [286, 287],
        [286, 290],
        [362, 363],
        [362, 365],
        [403, 404],
        [403, 412],
        [404, 403],
        [404, 405],
        [405, 406],
        [405, 409],
        [412, 413],
        [412, 415],
        [426, 427],
        [426, 430],
        [447, 448],
        [447, 466],
        [505, 506],
        [505, 508]
      ],
      "missing_branches": [],
      "functions": {
        "get_db_connection": {
          "executed_lines": [79, 80, 81, 82],
          "summary": {
            "covered_lines": 4,
            "num_statements": 4,
            "percent_covered": 100.0,
            "percent_covered_display": "100.00",
            "missing_lines": 0,
            "excluded_lines": 0,
            "num_branches": 2,
            "num_partial_branches": 0,
            "covered_branches": 2,
            "missing_branches": 0
          },
          "missing_lines": [],
          "excluded_lines": [],
          "executed_branches": [
            [80, 81],
            [80, 82]
          ],
          "missing_branches": []
        },
        "create_practice": {
          "executed_lines": [
            105, 106, 107, 110, 114, 116, 117, 122, 125, 150, 153, 163, 177, 179, 180, 182, 186,
            188, 189, 190, 191, 192
          ],
          "summary": {
            "covered_lines": 22,
            "num_statements": 22,
            "percent_covered": 100.0,
            "percent_covered_display": "100.00",
            "missing_lines": 0,
            "excluded_lines": 0,
            "num_branches": 2,
            "num_partial_branches": 0,
            "covered_branches": 2,
            "missing_branches": 0
          },
          "missing_lines": [],
          "excluded_lines": [],
          "executed_branches": [
            [116, 117],
            [116, 122]
          ],
          "missing_branches": []
        },
        "list_practices": {
          "executed_lines": [
            211, 212, 213, 216, 230, 232, 233, 234, 236, 237, 238, 240, 241, 242, 244, 245, 246,
            248, 249, 250, 252, 253, 255, 256, 258, 259, 261, 263, 264, 265
          ],
          "summary": {
            "covered_lines": 30,
            "num_statements": 30,
            "percent_covered": 100.0,
            "percent_covered_display": "100.00",
            "missing_lines": 0,
            "excluded_lines": 0,
            "num_branches": 10,
            "num_partial_branches": 0,
            "covered_branches": 10,
            "missing_branches": 0
          },
          "missing_lines": [],
          "excluded_lines": [],
          "executed_branches": [
            [232, 233],
            [232, 236],
            [236, 237],
            [236, 240],
            [240, 241],
            [240, 244],
            [244, 245],
            [244, 248],
            [248, 249],
            [248, 252]
          ],
          "missing_branches": []
        },
        "get_active_practices": {
          "executed_lines": [
            276, 277, 278, 280, 284, 286, 287, 288, 290, 292, 293, 295, 296, 298, 300, 301, 302
          ],
          "summary": {
            "covered_lines": 17,
            "num_statements": 17,
            "percent_covered": 100.0,
            "percent_covered_display": "100.00",
            "missing_lines": 0,
            "excluded_lines": 0,
            "num_branches": 2,
            "num_partial_branches": 0,
            "covered_branches": 2,
            "missing_branches": 0
          },
          "missing_lines": [],
          "excluded_lines": [],
          "executed_branches": [
            [286, 287],
            [286, 290]
          ],
          "missing_branches": []
        },
        "get_upcoming_renewals": {
          "executed_lines": [313, 314, 315, 317, 318, 320, 321, 323, 325, 326, 327],
          "summary": {
            "covered_lines": 11,
            "num_statements": 11,
            "percent_covered": 100.0,
            "percent_covered_display": "100.00",
            "missing_lines": 0,
            "excluded_lines": 0,
            "num_branches": 0,
            "num_partial_branches": 0,
            "covered_branches": 0,
            "missing_branches": 0
          },
          "missing_lines": [],
          "excluded_lines": [],
          "executed_branches": [],
          "missing_branches": []
        },
        "get_practice": {
          "executed_lines": [
            334, 335, 336, 338, 357, 359, 360, 362, 363, 365, 367, 368, 369, 370, 371
          ],
          "summary": {
            "covered_lines": 15,
            "num_statements": 15,
            "percent_covered": 100.0,
            "percent_covered_display": "100.00",
            "missing_lines": 0,
            "excluded_lines": 0,
            "num_branches": 2,
            "num_partial_branches": 0,
            "covered_branches": 2,
            "missing_branches": 0
          },
          "missing_lines": [],
          "excluded_lines": [],
          "executed_branches": [
            [362, 363],
            [362, 365]
          ],
          "missing_branches": []
        },
        "update_practice": {
          "executed_lines": [
            395, 396, 397, 400, 401, 403, 404, 405, 406, 407, 409, 410, 412, 413, 415, 421, 423,
            424, 426, 427, 430, 431, 447, 448, 450, 466, 468, 469, 471, 473, 475, 476, 477, 478, 479
          ],
          "summary": {
            "covered_lines": 35,
            "num_statements": 35,
            "percent_covered": 100.0,
            "percent_covered_display": "100.00",
            "missing_lines": 0,
            "excluded_lines": 0,
            "num_branches": 12,
            "num_partial_branches": 0,
            "covered_branches": 12,
            "missing_branches": 0
          },
          "missing_lines": [],
          "excluded_lines": [],
          "executed_branches": [
            [403, 404],
            [403, 412],
            [404, 403],
            [404, 405],
            [405, 406],
            [405, 409],
            [412, 413],
            [412, 415],
            [426, 427],
            [426, 430],
            [447, 448],
            [447, 466]
          ],
          "missing_branches": []
        },
        "add_document_to_practice": {
          "executed_lines": [
            497, 498, 499, 502, 503, 505, 506, 508, 511, 519, 522, 531, 533, 534, 536, 538, 540,
            541, 542, 543, 544
          ],
          "summary": {
            "covered_lines": 21,
            "num_statements": 21,
            "percent_covered": 100.0,
            "percent_covered_display": "100.00",
            "missing_lines": 0,
            "excluded_lines": 0,
            "num_branches": 2,
            "num_partial_branches": 0,
            "covered_branches": 2,
            "missing_branches": 0
          },
          "missing_lines": [],
          "excluded_lines": [],
          "executed_branches": [
            [505, 506],
            [505, 508]
          ],
          "missing_branches": []
        },
        "get_practices_stats": {
          "executed_lines": [
            557, 558, 559, 562, 569, 572, 581, 584, 594, 597, 604, 606, 607, 609, 617, 618, 619
          ],
          "summary": {
            "covered_lines": 17,
            "num_statements": 17,
            "percent_covered": 100.0,
            "percent_covered_display": "100.00",
            "missing_lines": 0,
            "excluded_lines": 0,
            "num_branches": 0,
            "num_partial_branches": 0,
            "covered_branches": 0,
            "missing_branches": 0
          },
          "missing_lines": [],
          "excluded_lines": [],
          "executed_branches": [],
          "missing_branches": []
        },
        "": {
          "executed_lines": [
            1, 6, 7, 8, 10, 11, 12, 13, 15, 17, 19, 27, 28, 29, 30, 31, 32, 33, 34, 35, 38, 39, 40,
            41, 42, 43, 44, 45, 46, 47, 48, 49, 50, 51, 52, 55, 56, 57, 58, 59, 60, 61, 62, 63, 64,
            65, 66, 67, 68, 69, 77, 90, 91, 195, 196, 268, 269, 305, 306, 330, 331, 374, 375, 482,
            483, 547, 548
          ],
          "summary": {
            "covered_lines": 66,
            "num_statements": 66,
            "percent_covered": 100.0,
            "percent_covered_display": "100.00",
            "missing_lines": 0,
            "excluded_lines": 0,
            "num_branches": 0,
            "num_partial_branches": 0,
            "covered_branches": 0,
            "missing_branches": 0
          },
          "missing_lines": [],
          "excluded_lines": [],
          "executed_branches": [],
          "missing_branches": []
        }
      },
      "classes": {
        "PracticeCreate": {
          "executed_lines": [],
          "summary": {
            "covered_lines": 0,
            "num_statements": 0,
            "percent_covered": 100.0,
            "percent_covered_display": "100.00",
            "missing_lines": 0,
            "excluded_lines": 0,
            "num_branches": 0,
            "num_partial_branches": 0,
            "covered_branches": 0,
            "missing_branches": 0
          },
          "missing_lines": [],
          "excluded_lines": [],
          "executed_branches": [],
          "missing_branches": []
        },
        "PracticeUpdate": {
          "executed_lines": [],
          "summary": {
            "covered_lines": 0,
            "num_statements": 0,
            "percent_covered": 100.0,
            "percent_covered_display": "100.00",
            "missing_lines": 0,
            "excluded_lines": 0,
            "num_branches": 0,
            "num_partial_branches": 0,
            "covered_branches": 0,
            "missing_branches": 0
          },
          "missing_lines": [],
          "excluded_lines": [],
          "executed_branches": [],
          "missing_branches": []
        },
        "PracticeResponse": {
          "executed_lines": [],
          "summary": {
            "covered_lines": 0,
            "num_statements": 0,
            "percent_covered": 100.0,
            "percent_covered_display": "100.00",
            "missing_lines": 0,
            "excluded_lines": 0,
            "num_branches": 0,
            "num_partial_branches": 0,
            "covered_branches": 0,
            "missing_branches": 0
          },
          "missing_lines": [],
          "excluded_lines": [],
          "executed_branches": [],
          "missing_branches": []
        },
        "": {
          "executed_lines": [
            1, 6, 7, 8, 10, 11, 12, 13, 15, 17, 19, 27, 28, 29, 30, 31, 32, 33, 34, 35, 38, 39, 40,
            41, 42, 43, 44, 45, 46, 47, 48, 49, 50, 51, 52, 55, 56, 57, 58, 59, 60, 61, 62, 63, 64,
            65, 66, 67, 68, 69, 77, 79, 80, 81, 82, 90, 91, 105, 106, 107, 110, 114, 116, 117, 122,
            125, 150, 153, 163, 177, 179, 180, 182, 186, 188, 189, 190, 191, 192, 195, 196, 211,
            212, 213, 216, 230, 232, 233, 234, 236, 237, 238, 240, 241, 242, 244, 245, 246, 248,
            249, 250, 252, 253, 255, 256, 258, 259, 261, 263, 264, 265, 268, 269, 276, 277, 278,
            280, 284, 286, 287, 288, 290, 292, 293, 295, 296, 298, 300, 301, 302, 305, 306, 313,
            314, 315, 317, 318, 320, 321, 323, 325, 326, 327, 330, 331, 334, 335, 336, 338, 357,
            359, 360, 362, 363, 365, 367, 368, 369, 370, 371, 374, 375, 395, 396, 397, 400, 401,
            403, 404, 405, 406, 407, 409, 410, 412, 413, 415, 421, 423, 424, 426, 427, 430, 431,
            447, 448, 450, 466, 468, 469, 471, 473, 475, 476, 477, 478, 479, 482, 483, 497, 498,
            499, 502, 503, 505, 506, 508, 511, 519, 522, 531, 533, 534, 536, 538, 540, 541, 542,
            543, 544, 547, 548, 557, 558, 559, 562, 569, 572, 581, 584, 594, 597, 604, 606, 607,
            609, 617, 618, 619
          ],
          "summary": {
            "covered_lines": 238,
            "num_statements": 238,
            "percent_covered": 100.0,
            "percent_covered_display": "100.00",
            "missing_lines": 0,
            "excluded_lines": 0,
            "num_branches": 32,
            "num_partial_branches": 0,
            "covered_branches": 32,
            "missing_branches": 0
          },
          "missing_lines": [],
          "excluded_lines": [],
          "executed_branches": [
            [80, 81],
            [80, 82],
            [116, 117],
            [116, 122],
            [232, 233],
            [232, 236],
            [236, 237],
            [236, 240],
            [240, 241],
            [240, 244],
            [244, 245],
            [244, 248],
            [248, 249],
            [248, 252],
            [286, 287],
            [286, 290],
            [362, 363],
            [362, 365],
            [403, 404],
            [403, 412],
            [404, 403],
            [404, 405],
            [405, 406],
            [405, 409],
            [412, 413],
            [412, 415],
            [426, 427],
            [426, 430],
            [447, 448],
            [447, 466],
            [505, 506],
            [505, 508]
          ],
          "missing_branches": []
        }
      }
    },
    "backend/app/routers/crm_shared_memory.py": {
      "executed_lines": [
        1, 7, 9, 10, 11, 13, 15, 17, 25, 27, 28, 29, 30, 33, 40, 41, 42, 43, 45, 53, 54, 70, 71, 72,
        74, 75, 86, 87, 89, 114, 117, 119, 120, 122, 123, 127, 130, 145, 148, 149, 151, 167, 171,
        172, 174, 175, 176, 177, 179, 180, 185, 186, 187, 195, 196, 198, 205, 225, 228, 229, 231,
        255, 258, 262, 265, 266, 267, 268, 269, 270, 271, 273, 288, 290, 291, 294, 300, 302, 303,
        304, 307, 308, 315, 316, 317, 319, 344, 346, 347, 349, 351, 352, 353, 356, 357, 370, 371,
        372, 375, 376, 378, 379, 382, 395, 398, 407, 410, 424, 427, 428, 429, 430, 432, 433, 435,
        462, 463, 464, 465, 466, 469, 470, 480, 481, 482, 484, 487, 488, 491, 498, 501, 511, 514,
        523, 526, 533, 536, 549, 551, 552, 554, 556, 557, 558
      ],
      "summary": {
        "covered_lines": 143,
        "num_statements": 143,
        "percent_covered": 99.44134078212291,
        "percent_covered_display": "99.44",
        "missing_lines": 0,
        "excluded_lines": 0,
        "num_branches": 36,
        "num_partial_branches": 1,
        "covered_branches": 35,
        "missing_branches": 1
      },
      "missing_lines": [],
      "excluded_lines": [],
      "executed_branches": [
        [28, 29],
        [28, 30],
        [86, 87],
        [86, 117],
        [117, 119],
        [117, 171],
        [122, 123],
        [122, 171],
        [148, 149],
        [148, 171],
        [174, 175],
        [174, 179],
        [175, 176],
        [179, 180],
        [179, 228],
        [186, 187],
        [186, 195],
        [195, 196],
        [195, 198],
        [228, 229],
        [228, 258],
        [258, 262],
        [258, 290],
        [266, 267],
        [266, 268],
        [268, 269],
        [268, 270],
        [270, 271],
        [270, 273],
        [378, 379],
        [378, 382],
        [428, 429],
        [428, 432],
        [429, 428],
        [429, 430]
      ],
      "missing_branches": [[175, 174]],
      "functions": {
        "get_db_connection": {
          "executed_lines": [27, 28, 29, 30],
          "summary": {
            "covered_lines": 4,
            "num_statements": 4,
            "percent_covered": 100.0,
            "percent_covered_display": "100.00",
            "missing_lines": 0,
            "excluded_lines": 0,
            "num_branches": 2,
            "num_partial_branches": 0,
            "covered_branches": 2,
            "missing_branches": 0
          },
          "missing_lines": [],
          "excluded_lines": [],
          "executed_branches": [
            [28, 29],
            [28, 30]
          ],
          "missing_branches": []
        },
        "_get_practice_codes": {
          "executed_lines": [40, 41, 42, 43, 45],
          "summary": {
            "covered_lines": 5,
            "num_statements": 5,
            "percent_covered": 100.0,
            "percent_covered_display": "100.00",
            "missing_lines": 0,
            "excluded_lines": 0,
            "num_branches": 0,
            "num_partial_branches": 0,
            "covered_branches": 0,
            "missing_branches": 0
          },
          "missing_lines": [],
          "excluded_lines": [],
          "executed_branches": [],
          "missing_branches": []
        },
        "search_shared_memory": {
          "executed_lines": [
            70, 71, 72, 74, 75, 86, 87, 89, 114, 117, 119, 120, 122, 123, 127, 130, 145, 148, 149,
            151, 167, 171, 172, 174, 175, 176, 177, 179, 180, 185, 186, 187, 195, 196, 198, 205,
            225, 228, 229, 231, 255, 258, 262, 265, 266, 267, 268, 269, 270, 271, 273, 288, 290,
            291, 294, 300, 302, 303, 304
          ],
          "summary": {
            "covered_lines": 59,
            "num_statements": 59,
            "percent_covered": 98.85057471264368,
            "percent_covered_display": "98.85",
            "missing_lines": 0,
            "excluded_lines": 0,
            "num_branches": 28,
            "num_partial_branches": 1,
            "covered_branches": 27,
            "missing_branches": 1
          },
          "missing_lines": [],
          "excluded_lines": [],
          "executed_branches": [
            [86, 87],
            [86, 117],
            [117, 119],
            [117, 171],
            [122, 123],
            [122, 171],
            [148, 149],
            [148, 171],
            [174, 175],
            [174, 179],
            [175, 176],
            [179, 180],
            [179, 228],
            [186, 187],
            [186, 195],
            [195, 196],
            [195, 198],
            [228, 229],
            [228, 258],
            [258, 262],
            [258, 290],
            [266, 267],
            [266, 268],
            [268, 269],
            [268, 270],
            [270, 271],
            [270, 273]
          ],
          "missing_branches": [[175, 174]]
        },
        "get_upcoming_renewals": {
          "executed_lines": [315, 316, 317, 319, 344, 346, 347, 349, 351, 352, 353],
          "summary": {
            "covered_lines": 11,
            "num_statements": 11,
            "percent_covered": 100.0,
            "percent_covered_display": "100.00",
            "missing_lines": 0,
            "excluded_lines": 0,
            "num_branches": 0,
            "num_partial_branches": 0,
            "covered_branches": 0,
            "missing_branches": 0
          },
          "missing_lines": [],
          "excluded_lines": [],
          "executed_branches": [],
          "missing_branches": []
        },
        "get_client_full_context": {
          "executed_lines": [
            370, 371, 372, 375, 376, 378, 379, 382, 395, 398, 407, 410, 424, 427, 428, 429, 430,
            432, 433, 435, 462, 463, 464, 465, 466
          ],
          "summary": {
            "covered_lines": 25,
            "num_statements": 25,
            "percent_covered": 100.0,
            "percent_covered_display": "100.00",
            "missing_lines": 0,
            "excluded_lines": 0,
            "num_branches": 6,
            "num_partial_branches": 0,
            "covered_branches": 6,
            "missing_branches": 0
          },
          "missing_lines": [],
          "excluded_lines": [],
          "executed_branches": [
            [378, 379],
            [378, 382],
            [428, 429],
            [428, 432],
            [429, 428],
            [429, 430]
          ],
          "missing_branches": []
        },
        "get_team_overview": {
          "executed_lines": [
            480, 481, 482, 484, 487, 488, 491, 498, 501, 511, 514, 523, 526, 533, 536, 549, 551,
            552, 554, 556, 557, 558
          ],
          "summary": {
            "covered_lines": 22,
            "num_statements": 22,
            "percent_covered": 100.0,
            "percent_covered_display": "100.00",
            "missing_lines": 0,
            "excluded_lines": 0,
            "num_branches": 0,
            "num_partial_branches": 0,
            "covered_branches": 0,
            "missing_branches": 0
          },
          "missing_lines": [],
          "excluded_lines": [],
          "executed_branches": [],
          "missing_branches": []
        },
        "": {
          "executed_lines": [
            1, 7, 9, 10, 11, 13, 15, 17, 25, 33, 53, 54, 307, 308, 356, 357, 469, 470
          ],
          "summary": {
            "covered_lines": 17,
            "num_statements": 17,
            "percent_covered": 100.0,
            "percent_covered_display": "100.00",
            "missing_lines": 0,
            "excluded_lines": 0,
            "num_branches": 0,
            "num_partial_branches": 0,
            "covered_branches": 0,
            "missing_branches": 0
          },
          "missing_lines": [],
          "excluded_lines": [],
          "executed_branches": [],
          "missing_branches": []
        }
      },
      "classes": {
        "": {
          "executed_lines": [
            1, 7, 9, 10, 11, 13, 15, 17, 25, 27, 28, 29, 30, 33, 40, 41, 42, 43, 45, 53, 54, 70, 71,
            72, 74, 75, 86, 87, 89, 114, 117, 119, 120, 122, 123, 127, 130, 145, 148, 149, 151, 167,
            171, 172, 174, 175, 176, 177, 179, 180, 185, 186, 187, 195, 196, 198, 205, 225, 228,
            229, 231, 255, 258, 262, 265, 266, 267, 268, 269, 270, 271, 273, 288, 290, 291, 294,
            300, 302, 303, 304, 307, 308, 315, 316, 317, 319, 344, 346, 347, 349, 351, 352, 353,
            356, 357, 370, 371, 372, 375, 376, 378, 379, 382, 395, 398, 407, 410, 424, 427, 428,
            429, 430, 432, 433, 435, 462, 463, 464, 465, 466, 469, 470, 480, 481, 482, 484, 487,
            488, 491, 498, 501, 511, 514, 523, 526, 533, 536, 549, 551, 552, 554, 556, 557, 558
          ],
          "summary": {
            "covered_lines": 143,
            "num_statements": 143,
            "percent_covered": 99.44134078212291,
            "percent_covered_display": "99.44",
            "missing_lines": 0,
            "excluded_lines": 0,
            "num_branches": 36,
            "num_partial_branches": 1,
            "covered_branches": 35,
            "missing_branches": 1
          },
          "missing_lines": [],
          "excluded_lines": [],
          "executed_branches": [
            [28, 29],
            [28, 30],
            [86, 87],
            [86, 117],
            [117, 119],
            [117, 171],
            [122, 123],
            [122, 171],
            [148, 149],
            [148, 171],
            [174, 175],
            [174, 179],
            [175, 176],
            [179, 180],
            [179, 228],
            [186, 187],
            [186, 195],
            [195, 196],
            [195, 198],
            [228, 229],
            [228, 258],
            [258, 262],
            [258, 290],
            [266, 267],
            [266, 268],
            [268, 269],
            [268, 270],
            [270, 271],
            [270, 273],
            [378, 379],
            [378, 382],
            [428, 429],
            [428, 432],
            [429, 428],
            [429, 430]
          ],
          "missing_branches": [[175, 174]]
        }
      }
    },
    "backend/app/routers/health.py": {
      "executed_lines": [
        1, 5, 7, 9, 11, 12, 15, 16, 17, 23, 25, 29, 30, 31, 39, 41, 42, 44, 60, 62, 63, 70, 72, 73
      ],
      "summary": {
        "covered_lines": 23,
        "num_statements": 23,
        "percent_covered": 100.0,
        "percent_covered_display": "100.00",
        "missing_lines": 0,
        "excluded_lines": 0,
        "num_branches": 2,
        "num_partial_branches": 0,
        "covered_branches": 2,
        "missing_branches": 0
      },
      "missing_lines": [],
      "excluded_lines": [],
      "executed_branches": [
        [29, 30],
        [29, 39]
      ],
      "missing_branches": [],
      "functions": {
        "health_check": {
          "executed_lines": [23, 25, 29, 30, 31, 39, 41, 42, 44, 60, 62, 63, 70, 72, 73],
          "summary": {
            "covered_lines": 15,
            "num_statements": 15,
            "percent_covered": 100.0,
            "percent_covered_display": "100.00",
            "missing_lines": 0,
            "excluded_lines": 0,
            "num_branches": 2,
            "num_partial_branches": 0,
            "covered_branches": 2,
            "missing_branches": 0
          },
          "missing_lines": [],
          "excluded_lines": [],
          "executed_branches": [
            [29, 30],
            [29, 39]
          ],
          "missing_branches": []
        },
        "": {
          "executed_lines": [1, 5, 7, 9, 11, 12, 15, 16, 17],
          "summary": {
            "covered_lines": 8,
            "num_statements": 8,
            "percent_covered": 100.0,
            "percent_covered_display": "100.00",
            "missing_lines": 0,
            "excluded_lines": 0,
            "num_branches": 0,
            "num_partial_branches": 0,
            "covered_branches": 0,
            "missing_branches": 0
          },
          "missing_lines": [],
          "excluded_lines": [],
          "executed_branches": [],
          "missing_branches": []
        }
      },
      "classes": {
        "": {
          "executed_lines": [
            1, 5, 7, 9, 11, 12, 15, 16, 17, 23, 25, 29, 30, 31, 39, 41, 42, 44, 60, 62, 63, 70, 72,
            73
          ],
          "summary": {
            "covered_lines": 23,
            "num_statements": 23,
            "percent_covered": 100.0,
            "percent_covered_display": "100.00",
            "missing_lines": 0,
            "excluded_lines": 0,
            "num_branches": 2,
            "num_partial_branches": 0,
            "covered_branches": 2,
            "missing_branches": 0
          },
          "missing_lines": [],
          "excluded_lines": [],
          "executed_branches": [
            [29, 30],
            [29, 39]
          ],
          "missing_branches": []
        }
      }
    },
    "backend/app/routers/image_generation.py": {
      "executed_lines": [
        1, 5, 6, 7, 9, 11, 14, 15, 16, 17, 18, 19, 22, 23, 24, 25, 28, 29, 39, 40, 45, 47, 56, 57,
        58, 60, 66, 68, 71, 72, 73, 74, 76, 78, 80, 81, 84, 85
      ],
      "summary": {
        "covered_lines": 37,
        "num_statements": 38,
        "percent_covered": 91.66666666666667,
        "percent_covered_display": "91.67",
        "missing_lines": 1,
        "excluded_lines": 0,
        "num_branches": 10,
        "num_partial_branches": 3,
        "covered_branches": 7,
        "missing_branches": 3
      },
      "missing_lines": [61],
      "excluded_lines": [],
      "executed_branches": [
        [39, 40],
        [39, 45],
        [60, 66],
        [72, 73],
        [73, 74],
        [73, 78],
        [74, 76]
      ],
      "missing_branches": [
        [60, 61],
        [72, 78],
        [74, 73]
      ],
      "functions": {
        "generate_image": {
          "executed_lines": [
            39, 40, 45, 47, 56, 57, 58, 60, 66, 68, 71, 72, 73, 74, 76, 78, 80, 81, 84, 85
          ],
          "summary": {
            "covered_lines": 20,
            "num_statements": 21,
            "percent_covered": 87.09677419354838,
            "percent_covered_display": "87.10",
            "missing_lines": 1,
            "excluded_lines": 0,
            "num_branches": 10,
            "num_partial_branches": 3,
            "covered_branches": 7,
            "missing_branches": 3
          },
          "missing_lines": [61],
          "excluded_lines": [],
          "executed_branches": [
            [39, 40],
            [39, 45],
            [60, 66],
            [72, 73],
            [73, 74],
            [73, 78],
            [74, 76]
          ],
          "missing_branches": [
            [60, 61],
            [72, 78],
            [74, 73]
          ]
        },
        "": {
          "executed_lines": [1, 5, 6, 7, 9, 11, 14, 15, 16, 17, 18, 19, 22, 23, 24, 25, 28, 29],
          "summary": {
            "covered_lines": 17,
            "num_statements": 17,
            "percent_covered": 100.0,
            "percent_covered_display": "100.00",
            "missing_lines": 0,
            "excluded_lines": 0,
            "num_branches": 0,
            "num_partial_branches": 0,
            "covered_branches": 0,
            "missing_branches": 0
          },
          "missing_lines": [],
          "excluded_lines": [],
          "executed_branches": [],
          "missing_branches": []
        }
      },
      "classes": {
        "ImageGenerationRequest": {
          "executed_lines": [],
          "summary": {
            "covered_lines": 0,
            "num_statements": 0,
            "percent_covered": 100.0,
            "percent_covered_display": "100.00",
            "missing_lines": 0,
            "excluded_lines": 0,
            "num_branches": 0,
            "num_partial_branches": 0,
            "covered_branches": 0,
            "missing_branches": 0
          },
          "missing_lines": [],
          "excluded_lines": [],
          "executed_branches": [],
          "missing_branches": []
        },
        "ImageGenerationResponse": {
          "executed_lines": [],
          "summary": {
            "covered_lines": 0,
            "num_statements": 0,
            "percent_covered": 100.0,
            "percent_covered_display": "100.00",
            "missing_lines": 0,
            "excluded_lines": 0,
            "num_branches": 0,
            "num_partial_branches": 0,
            "covered_branches": 0,
            "missing_branches": 0
          },
          "missing_lines": [],
          "excluded_lines": [],
          "executed_branches": [],
          "missing_branches": []
        },
        "": {
          "executed_lines": [
            1, 5, 6, 7, 9, 11, 14, 15, 16, 17, 18, 19, 22, 23, 24, 25, 28, 29, 39, 40, 45, 47, 56,
            57, 58, 60, 66, 68, 71, 72, 73, 74, 76, 78, 80, 81, 84, 85
          ],
          "summary": {
            "covered_lines": 37,
            "num_statements": 38,
            "percent_covered": 91.66666666666667,
            "percent_covered_display": "91.67",
            "missing_lines": 1,
[...]
            "covered_lines": 12,
            "num_statements": 12,
            "percent_covered": 93.75,
            "percent_covered_display": "93.75",
            "missing_lines": 0,
            "excluded_lines": 0,
            "num_branches": 4,
            "num_partial_branches": 1,
            "covered_branches": 3,
            "missing_branches": 1
          },
          "missing_lines": [],
          "excluded_lines": [],
          "executed_branches": [
            [170, 171],
            [170, 177],
            [172, 173]
          ],
          "missing_branches": [[172, 174]]
        },
        "ZantaraTools.get_tool_definitions": {
          "executed_lines": [196, 271, 272],
          "summary": {
            "covered_lines": 3,
            "num_statements": 3,
            "percent_covered": 100.0,
            "percent_covered_display": "100.00",
            "missing_lines": 0,
            "excluded_lines": 0,
            "num_branches": 0,
            "num_partial_branches": 0,
            "covered_branches": 0,
            "missing_branches": 0
          },
          "missing_lines": [],
          "excluded_lines": [],
          "executed_branches": [],
          "missing_branches": []
        },
        "get_zantara_tools": {
          "executed_lines": [282, 283, 284],
          "summary": {
            "covered_lines": 3,
            "num_statements": 3,
            "percent_covered": 100.0,
            "percent_covered_display": "100.00",
            "missing_lines": 0,
            "excluded_lines": 0,
            "num_branches": 2,
            "num_partial_branches": 0,
            "covered_branches": 2,
            "missing_branches": 0
          },
          "missing_lines": [],
          "excluded_lines": [],
          "executed_branches": [
            [282, 283],
            [282, 284]
          ],
          "missing_branches": []
        },
        "": {
          "executed_lines": [1, 7, 8, 10, 11, 13, 16, 17, 24, 29, 59, 98, 139, 189, 276, 279],
          "summary": {
            "covered_lines": 14,
            "num_statements": 14,
            "percent_covered": 100.0,
            "percent_covered_display": "100.00",
            "missing_lines": 0,
            "excluded_lines": 0,
            "num_branches": 0,
            "num_partial_branches": 0,
            "covered_branches": 0,
            "missing_branches": 0
          },
          "missing_lines": [],
          "excluded_lines": [],
          "executed_branches": [],
          "missing_branches": []
        }
      },
      "classes": {
        "ZantaraTools": {
          "executed_lines": [
            25, 26, 27, 43, 44, 46, 47, 48, 49, 50, 51, 53, 69, 70, 71, 73, 76, 77, 79, 82, 83, 92,
            94, 95, 96, 105, 107, 108, 110, 112, 114, 115, 123, 137, 146, 150, 152, 154, 169, 170,
            171, 172, 173, 174, 177, 179, 196, 271, 272
          ],
          "summary": {
            "covered_lines": 49,
            "num_statements": 52,
            "percent_covered": 94.28571428571429,
            "percent_covered_display": "94.29",
            "missing_lines": 3,
            "excluded_lines": 0,
            "num_branches": 18,
            "num_partial_branches": 1,
            "covered_branches": 17,
            "missing_branches": 1
          },
          "missing_lines": [55, 56, 57],
          "excluded_lines": [],
          "executed_branches": [
            [46, 47],
            [46, 48],
            [48, 49],
            [48, 50],
            [50, 51],
            [50, 53],
            [76, 77],
            [76, 79],
            [82, 83],
            [82, 92],
            [107, 108],
            [107, 110],
            [114, 115],
            [114, 123],
            [170, 171],
            [170, 177],
            [172, 173]
          ],
          "missing_branches": [[172, 174]]
        },
        "": {
          "executed_lines": [
            1, 7, 8, 10, 11, 13, 16, 17, 24, 29, 59, 98, 139, 189, 276, 279, 282, 283, 284
          ],
          "summary": {
            "covered_lines": 17,
            "num_statements": 17,
            "percent_covered": 100.0,
            "percent_covered_display": "100.00",
            "missing_lines": 0,
            "excluded_lines": 0,
            "num_branches": 2,
            "num_partial_branches": 0,
            "covered_branches": 2,
            "missing_branches": 0
          },
          "missing_lines": [],
          "excluded_lines": [],
          "executed_branches": [
            [282, 283],
            [282, 284]
          ],
          "missing_branches": []
        }
      }
    },
    "backend/utils/__init__.py": {
      "executed_lines": [1],
      "summary": {
        "covered_lines": 0,
        "num_statements": 0,
        "percent_covered": 100.0,
        "percent_covered_display": "100.00",
        "missing_lines": 0,
        "excluded_lines": 0,
        "num_branches": 0,
        "num_partial_branches": 0,
        "covered_branches": 0,
        "missing_branches": 0
      },
      "missing_lines": [],
      "excluded_lines": [],
      "executed_branches": [],
      "missing_branches": [],
      "functions": {
        "": {
          "executed_lines": [1],
          "summary": {
            "covered_lines": 0,
            "num_statements": 0,
            "percent_covered": 100.0,
            "percent_covered_display": "100.00",
            "missing_lines": 0,
            "excluded_lines": 0,
            "num_branches": 0,
            "num_partial_branches": 0,
            "covered_branches": 0,
            "missing_branches": 0
          },
          "missing_lines": [],
          "excluded_lines": [],
          "executed_branches": [],
          "missing_branches": []
        }
      },
      "classes": {
        "": {
          "executed_lines": [1],
          "summary": {
            "covered_lines": 0,
            "num_statements": 0,
            "percent_covered": 100.0,
            "percent_covered_display": "100.00",
            "missing_lines": 0,
            "excluded_lines": 0,
            "num_branches": 0,
            "num_partial_branches": 0,
            "covered_branches": 0,
            "missing_branches": 0
          },
          "missing_lines": [],
          "excluded_lines": [],
          "executed_branches": [],
          "missing_branches": []
        }
      }
    },
    "backend/utils/response_sanitizer.py": {
      "executed_lines": [
        1, 6, 9, 25, 26, 28, 31, 32, 33, 36, 37, 38, 39, 42, 43, 44, 45, 46, 49, 50, 51, 52, 55, 56,
        59, 60, 63, 65, 68, 80, 81, 84, 87, 88, 91, 92, 94, 95, 96, 98, 101, 113, 114, 117, 122,
        123, 125, 128, 138, 141, 144, 159, 160, 165, 184, 185, 186, 189, 207, 208, 211, 214, 235,
        238, 239, 242, 243, 245
      ],
      "summary": {
        "covered_lines": 67,
        "num_statements": 67,
        "percent_covered": 100.0,
        "percent_covered_display": "100.00",
        "missing_lines": 0,
        "excluded_lines": 0,
        "num_branches": 22,
        "num_partial_branches": 0,
        "covered_branches": 22,
        "missing_branches": 0
      },
      "missing_lines": [],
      "excluded_lines": [],
      "executed_branches": [
        [25, 26],
        [25, 28],
        [80, 81],
        [80, 84],
        [87, 88],
        [87, 91],
        [92, 94],
        [92, 98],
        [113, 114],
        [113, 117],
        [117, 122],
        [117, 125],
        [159, 160],
        [159, 165],
        [185, 186],
        [185, 189],
        [207, 208],
        [207, 211],
        [238, 239],
        [238, 242],
        [242, 243],
        [242, 245]
      ],
      "missing_branches": [],
      "functions": {
        "sanitize_zantara_response": {
          "executed_lines": [
            25, 26, 28, 31, 32, 33, 36, 37, 38, 39, 42, 43, 44, 45, 46, 49, 50, 51, 52, 55, 56, 59,
            60, 63, 65
          ],
          "summary": {
            "covered_lines": 25,
            "num_statements": 25,
            "percent_covered": 100.0,
            "percent_covered_display": "100.00",
            "missing_lines": 0,
            "excluded_lines": 0,
            "num_branches": 2,
            "num_partial_branches": 0,
            "covered_branches": 2,
            "missing_branches": 0
          },
          "missing_lines": [],
          "excluded_lines": [],
          "executed_branches": [
            [25, 26],
            [25, 28]
          ],
          "missing_branches": []
        },
        "enforce_santai_mode": {
          "executed_lines": [80, 81, 84, 87, 88, 91, 92, 94, 95, 96, 98],
          "summary": {
            "covered_lines": 11,
            "num_statements": 11,
            "percent_covered": 100.0,
            "percent_covered_display": "100.00",
            "missing_lines": 0,
            "excluded_lines": 0,
            "num_branches": 6,
            "num_partial_branches": 0,
            "covered_branches": 6,
            "missing_branches": 0
          },
          "missing_lines": [],
          "excluded_lines": [],
          "executed_branches": [
            [80, 81],
            [80, 84],
            [87, 88],
            [87, 91],
            [92, 94],
            [92, 98]
          ],
          "missing_branches": []
        },
        "add_contact_if_appropriate": {
          "executed_lines": [113, 114, 117, 122, 123, 125],
          "summary": {
            "covered_lines": 6,
            "num_statements": 6,
            "percent_covered": 100.0,
            "percent_covered_display": "100.00",
            "missing_lines": 0,
            "excluded_lines": 0,
            "num_branches": 4,
            "num_partial_branches": 0,
            "covered_branches": 4,
            "missing_branches": 0
          },
          "missing_lines": [],
          "excluded_lines": [],
          "executed_branches": [
            [113, 114],
            [113, 117],
            [117, 122],
            [117, 125]
          ],
          "missing_branches": []
        },
        "classify_query_type": {
          "executed_lines": [138, 141, 144, 159, 160, 165, 184, 185, 186, 189, 207, 208, 211],
          "summary": {
            "covered_lines": 13,
            "num_statements": 13,
            "percent_covered": 100.0,
            "percent_covered_display": "100.00",
            "missing_lines": 0,
            "excluded_lines": 0,
            "num_branches": 6,
            "num_partial_branches": 0,
            "covered_branches": 6,
            "missing_branches": 0
          },
          "missing_lines": [],
          "excluded_lines": [],
          "executed_branches": [
            [159, 160],
            [159, 165],
            [185, 186],
            [185, 189],
            [207, 208],
            [207, 211]
          ],
          "missing_branches": []
        },
        "process_zantara_response": {
          "executed_lines": [235, 238, 239, 242, 243, 245],
          "summary": {
            "covered_lines": 6,
            "num_statements": 6,
            "percent_covered": 100.0,
            "percent_covered_display": "100.00",
            "missing_lines": 0,
            "excluded_lines": 0,
            "num_branches": 4,
            "num_partial_branches": 0,
            "covered_branches": 4,
            "missing_branches": 0
          },
          "missing_lines": [],
          "excluded_lines": [],
          "executed_branches": [
            [238, 239],
            [238, 242],
            [242, 243],
            [242, 245]
          ],
          "missing_branches": []
        },
        "": {
          "executed_lines": [1, 6, 9, 68, 101, 128, 214],
          "summary": {
            "covered_lines": 6,
            "num_statements": 6,
            "percent_covered": 100.0,
            "percent_covered_display": "100.00",
            "missing_lines": 0,
            "excluded_lines": 0,
            "num_branches": 0,
            "num_partial_branches": 0,
            "covered_branches": 0,
            "missing_branches": 0
          },
          "missing_lines": [],
          "excluded_lines": [],
          "executed_branches": [],
          "missing_branches": []
        }
      },
      "classes": {
        "": {
          "executed_lines": [
            1, 6, 9, 25, 26, 28, 31, 32, 33, 36, 37, 38, 39, 42, 43, 44, 45, 46, 49, 50, 51, 52, 55,
            56, 59, 60, 63, 65, 68, 80, 81, 84, 87, 88, 91, 92, 94, 95, 96, 98, 101, 113, 114, 117,
            122, 123, 125, 128, 138, 141, 144, 159, 160, 165, 184, 185, 186, 189, 207, 208, 211,
            214, 235, 238, 239, 242, 243, 245
          ],
          "summary": {
            "covered_lines": 67,
            "num_statements": 67,
            "percent_covered": 100.0,
            "percent_covered_display": "100.00",
            "missing_lines": 0,
            "excluded_lines": 0,
            "num_branches": 22,
            "num_partial_branches": 0,
            "covered_branches": 22,
            "missing_branches": 0
          },
          "missing_lines": [],
          "excluded_lines": [],
          "executed_branches": [
            [25, 26],
            [25, 28],
            [80, 81],
            [80, 84],
            [87, 88],
            [87, 91],
            [92, 94],
            [92, 98],
            [113, 114],
            [113, 117],
            [117, 122],
            [117, 125],
            [159, 160],
            [159, 165],
            [185, 186],
            [185, 189],
            [207, 208],
            [207, 211],
            [238, 239],
            [238, 242],
            [242, 243],
            [242, 245]
          ],
          "missing_branches": []
        }
      }
    },
    "backend/utils/tier_classifier.py": {
      "executed_lines": [
        1, 6, 7, 9, 11, 14, 15, 26, 113, 124, 136, 138, 143, 145, 160, 163, 164, 165, 166, 168, 169,
        170, 173, 174, 175, 176, 179, 180, 181, 184, 187, 188, 190, 200, 207, 211, 223, 224, 225
      ],
      "summary": {
        "covered_lines": 37,
        "num_statements": 37,
        "percent_covered": 100.0,
        "percent_covered_display": "100.00",
        "missing_lines": 0,
        "excluded_lines": 0,
        "num_branches": 8,
        "num_partial_branches": 0,
        "covered_branches": 8,
        "missing_branches": 0
      },
      "missing_lines": [],
      "excluded_lines": [],
      "executed_branches": [
        [164, 165],
        [164, 168],
        [168, 169],
        [168, 173],
        [174, 175],
        [174, 179],
        [179, 180],
        [179, 187]
      ],
      "missing_branches": [],
      "functions": {
        "TierClassifier.__init__": {
          "executed_lines": [138, 143],
          "summary": {
            "covered_lines": 2,
            "num_statements": 2,
            "percent_covered": 100.0,
            "percent_covered_display": "100.00",
            "missing_lines": 0,
            "excluded_lines": 0,
            "num_branches": 0,
            "num_partial_branches": 0,
            "covered_branches": 0,
            "missing_branches": 0
          },
          "missing_lines": [],
          "excluded_lines": [],
          "executed_branches": [],
          "missing_branches": []
        },
        "TierClassifier.classify_book_tier": {
          "executed_lines": [
            160, 163, 164, 165, 166, 168, 169, 170, 173, 174, 175, 176, 179, 180, 181, 184, 187, 188
          ],
          "summary": {
            "covered_lines": 18,
            "num_statements": 18,
            "percent_covered": 100.0,
            "percent_covered_display": "100.00",
            "missing_lines": 0,
            "excluded_lines": 0,
            "num_branches": 8,
            "num_partial_branches": 0,
            "covered_branches": 8,
            "missing_branches": 0
          },
          "missing_lines": [],
          "excluded_lines": [],
          "executed_branches": [
            [164, 165],
            [164, 168],
            [168, 169],
            [168, 173],
            [174, 175],
            [174, 179],
            [179, 180],
            [179, 187]
          ],
          "missing_branches": []
        },
        "TierClassifier.get_min_access_level": {
          "executed_lines": [200, 207],
          "summary": {
            "covered_lines": 2,
            "num_statements": 2,
            "percent_covered": 100.0,
            "percent_covered_display": "100.00",
            "missing_lines": 0,
            "excluded_lines": 0,
            "num_branches": 0,
            "num_partial_branches": 0,
            "covered_branches": 0,
            "missing_branches": 0
          },
          "missing_lines": [],
          "excluded_lines": [],
          "executed_branches": [],
          "missing_branches": []
        },
        "classify_book_tier": {
          "executed_lines": [223, 224, 225],
          "summary": {
            "covered_lines": 3,
            "num_statements": 3,
            "percent_covered": 100.0,
            "percent_covered_display": "100.00",
            "missing_lines": 0,
            "excluded_lines": 0,
            "num_branches": 0,
            "num_partial_branches": 0,
            "covered_branches": 0,
            "missing_branches": 0
          },
          "missing_lines": [],
          "excluded_lines": [],
          "executed_branches": [],
          "missing_branches": []
        },
        "": {
          "executed_lines": [1, 6, 7, 9, 11, 14, 15, 26, 113, 124, 136, 145, 190, 211],
          "summary": {
            "covered_lines": 12,
            "num_statements": 12,
            "percent_covered": 100.0,
            "percent_covered_display": "100.00",
            "missing_lines": 0,
            "excluded_lines": 0,
            "num_branches": 0,
            "num_partial_branches": 0,
            "covered_branches": 0,
            "missing_branches": 0
          },
          "missing_lines": [],
          "excluded_lines": [],
          "executed_branches": [],
          "missing_branches": []
        }
      },
      "classes": {
        "TierClassifier": {
          "executed_lines": [
            138, 143, 160, 163, 164, 165, 166, 168, 169, 170, 173, 174, 175, 176, 179, 180, 181,
            184, 187, 188, 200, 207
          ],
          "summary": {
            "covered_lines": 22,
            "num_statements": 22,
            "percent_covered": 100.0,
            "percent_covered_display": "100.00",
            "missing_lines": 0,
            "excluded_lines": 0,
            "num_branches": 8,
            "num_partial_branches": 0,
            "covered_branches": 8,
            "missing_branches": 0
          },
          "missing_lines": [],
          "excluded_lines": [],
          "executed_branches": [
            [164, 165],
            [164, 168],
            [168, 169],
            [168, 173],
            [174, 175],
            [174, 179],
            [179, 180],
            [179, 187]
          ],
          "missing_branches": []
        },
        "": {
          "executed_lines": [
            1, 6, 7, 9, 11, 14, 15, 26, 113, 124, 136, 145, 190, 211, 223, 224, 225
          ],
          "summary": {
            "covered_lines": 15,
            "num_statements": 15,
            "percent_covered": 100.0,
            "percent_covered_display": "100.00",
            "missing_lines": 0,
            "excluded_lines": 0,
            "num_branches": 0,
            "num_partial_branches": 0,
            "covered_branches": 0,
            "missing_branches": 0
          },
          "missing_lines": [],
          "excluded_lines": [],
          "executed_branches": [],
          "missing_branches": []
        }
      }
    }
  },
  "totals": {
    "covered_lines": 8731,
    "num_statements": 8978,
    "percent_covered": 96.31032053539978,
    "percent_covered_display": "96.31",
    "missing_lines": 247,
    "excluded_lines": 94,
    "num_branches": 2378,
    "num_partial_branches": 154,
    "covered_branches": 2206,
    "missing_branches": 172
  }
}
