TN:
SF:src/server.ts
FN:19,startServer
FN:36,(anonymous_1)
FN:42,(anonymous_2)
FN:53,(anonymous_3)
FN:69,(anonymous_4)
FN:79,(anonymous_5)
FN:90,(anonymous_6)
FN:97,(anonymous_7)
FN:99,(anonymous_8)
FN:106,(anonymous_9)
FNF:10
FNH:0
FNDA:0,startServer
FNDA:0,(anonymous_1)
FNDA:0,(anonymous_2)
FNDA:0,(anonymous_3)
FNDA:0,(anonymous_4)
FNDA:0,(anonymous_5)
FNDA:0,(anonymous_6)
FNDA:0,(anonymous_7)
FNDA:0,(anonymous_8)
FNDA:0,(anonymous_9)
DA:21,0
DA:24,0
DA:27,0
DA:30,0
DA:31,0
DA:34,0
DA:36,0
DA:37,0
DA:38,0
DA:42,0
DA:43,0
DA:53,0
DA:54,0
DA:66,0
DA:69,0
DA:70,0
DA:71,0
DA:79,0
DA:80,0
DA:88,0
DA:90,0
DA:91,0
DA:92,0
DA:93,0
DA:97,0
DA:98,0
DA:99,0
DA:100,0
DA:106,0
DA:107,0
DA:108,0
LF:31
LH:0
BRDA:74,0,0,0
BRDA:74,0,1,0
BRDA:88,1,0,0
BRDA:88,1,1,0
BRDA:88,1,2,0
BRF:5
BRH:0
end_of_record
TN:
SF:src/websocket.ts
FN:13,setupWebSocket
FN:26,(anonymous_1)
FN:36,(anonymous_2)
FN:51,(anonymous_3)
FN:56,(anonymous_4)
FN:61,(anonymous_5)
FN:68,(anonymous_6)
FN:85,setupRedisBridge
FN:89,(anonymous_8)
FN:99,(anonymous_9)
FN:109,(anonymous_10)
FN:119,(anonymous_11)
FN:131,closeWebSocket
FN:132,(anonymous_13)
FN:133,(anonymous_14)
FNF:15
FNH:0
FNDA:0,setupWebSocket
FNDA:0,(anonymous_1)
FNDA:0,(anonymous_2)
FNDA:0,(anonymous_3)
FNDA:0,(anonymous_4)
FNDA:0,(anonymous_5)
FNDA:0,(anonymous_6)
FNDA:0,setupRedisBridge
FNDA:0,(anonymous_8)
FNDA:0,(anonymous_9)
FNDA:0,(anonymous_10)
FNDA:0,(anonymous_11)
FNDA:0,closeWebSocket
FNDA:0,(anonymous_13)
FNDA:0,(anonymous_14)
DA:14,0
DA:23,0
DA:26,0
DA:27,0
DA:28,0
DA:29,0
DA:31,0
DA:32,0
DA:36,0
DA:37,0
DA:38,0
DA:41,0
DA:44,0
DA:51,0
DA:52,0
DA:56,0
DA:57,0
DA:61,0
DA:62,0
DA:63,0
DA:64,0
DA:68,0
DA:69,0
DA:70,0
DA:75,0
DA:77,0
DA:79,0
DA:87,0
DA:90,0
DA:91,0
DA:92,0
DA:97,0
DA:100,0
DA:101,0
DA:102,0
DA:107,0
DA:110,0
DA:111,0
DA:112,0
DA:117,0
DA:120,0
DA:121,0
DA:125,0
DA:132,0
DA:133,0
DA:134,0
DA:135,0
LF:47
LH:0
BRDA:16,0,0,0
BRDA:16,0,1,0
BRDA:28,1,0,0
BRDA:28,1,1,0
BRF:4
BRH:0
end_of_record
TN:
SF:src/agents/bali-zero-services.ts
FN:334,(anonymous_0)
FN:349,(anonymous_1)
FN:371,(anonymous_2)
FN:424,(anonymous_3)
FN:462,(anonymous_4)
FN:474,(anonymous_5)
FN:488,(anonymous_6)
FN:501,(anonymous_7)
FNF:8
FNH:0
FNDA:0,(anonymous_0)
FNDA:0,(anonymous_1)
FNDA:0,(anonymous_2)
FNDA:0,(anonymous_3)
FNDA:0,(anonymous_4)
FNDA:0,(anonymous_5)
FNDA:0,(anonymous_6)
FNDA:0,(anonymous_7)
DA:9,0
DA:335,0
DA:336,0
DA:338,0
DA:350,0
DA:352,0
DA:353,0
DA:355,0
DA:356,0
DA:358,0
DA:359,0
DA:361,0
DA:362,0
DA:364,0
DA:365,0
DA:368,0
DA:372,0
DA:421,0
DA:425,0
DA:459,0
DA:463,0
DA:471,0
DA:475,0
DA:489,0
DA:502,0
LF:25
LH:0
BRDA:350,0,0,0
BRDA:350,0,1,0
BRDA:352,1,0,0
BRDA:352,1,1,0
BRDA:352,2,0,0
BRDA:352,2,1,0
BRDA:352,2,2,0
BRDA:352,2,3,0
BRDA:355,3,0,0
BRDA:355,3,1,0
BRDA:355,4,0,0
BRDA:355,4,1,0
BRDA:355,4,2,0
BRDA:358,5,0,0
BRDA:358,5,1,0
BRDA:358,6,0,0
BRDA:358,6,1,0
BRDA:358,6,2,0
BRDA:361,7,0,0
BRDA:361,7,1,0
BRDA:361,8,0,0
BRDA:361,8,1,0
BRDA:361,8,2,0
BRDA:364,9,0,0
BRDA:364,9,1,0
BRDA:364,10,0,0
BRDA:364,10,1,0
BRDA:364,10,2,0
BRDA:421,11,0,0
BRDA:421,11,1,0
BRDA:459,12,0,0
BRDA:459,12,1,0
BRDA:471,13,0,0
BRDA:471,13,1,0
BRF:34
BRH:0
end_of_record
TN:
SF:src/agents/eye-kbli.ts
FN:360,(anonymous_0)
FN:381,(anonymous_1)
FN:385,(anonymous_2)
FN:388,(anonymous_3)
FN:391,(anonymous_4)
FN:398,(anonymous_5)
FN:429,(anonymous_6)
FN:445,(anonymous_7)
FN:456,(anonymous_8)
FN:467,(anonymous_9)
FN:493,(anonymous_10)
FN:502,(anonymous_11)
FNF:12
FNH:0
FNDA:0,(anonymous_0)
FNDA:0,(anonymous_1)
FNDA:0,(anonymous_2)
FNDA:0,(anonymous_3)
FNDA:0,(anonymous_4)
FNDA:0,(anonymous_5)
FNDA:0,(anonymous_6)
FNDA:0,(anonymous_7)
FNDA:0,(anonymous_8)
FNDA:0,(anonymous_9)
FNDA:0,(anonymous_10)
FNDA:0,(anonymous_11)
DA:17,0
DA:67,0
DA:141,0
DA:202,0
DA:236,0
DA:269,0
DA:303,0
DA:361,0
DA:362,0
DA:366,0
DA:383,0
DA:385,0
DA:386,0
DA:388,0
DA:389,0
DA:391,0
DA:392,0
DA:395,0
DA:399,0
DA:401,0
DA:407,0
DA:416,0
DA:422,0
DA:430,0
DA:446,0
DA:457,0
DA:464,0
DA:468,0
DA:487,0
DA:496,0
DA:504,0
LF:31
LH:0
BRDA:383,0,0,0
BRDA:383,0,1,0
BRDA:385,1,0,0
BRDA:385,1,1,0
BRDA:388,2,0,0
BRDA:388,2,1,0
BRDA:391,3,0,0
BRDA:391,3,1,0
BRDA:399,4,0,0
BRDA:399,4,1,0
BRDA:399,4,2,0
BRDA:399,4,3,0
BRDA:464,5,0,0
BRDA:464,5,1,0
BRDA:487,6,0,0
BRDA:487,6,1,0
BRF:16
BRH:0
end_of_record
TN:
SF:src/agents/legal-architect.ts
FN:321,(anonymous_0)
FN:341,(anonymous_1)
FN:355,(anonymous_2)
FN:390,(anonymous_3)
FN:395,(anonymous_4)
FN:407,(anonymous_5)
FN:425,(anonymous_6)
FN:432,(anonymous_7)
FN:439,(anonymous_8)
FNF:9
FNH:0
FNDA:0,(anonymous_0)
FNDA:0,(anonymous_1)
FNDA:0,(anonymous_2)
FNDA:0,(anonymous_3)
FNDA:0,(anonymous_4)
FNDA:0,(anonymous_5)
FNDA:0,(anonymous_6)
FNDA:0,(anonymous_7)
FNDA:0,(anonymous_8)
DA:16,0
DA:322,0
DA:323,0
DA:324,0
DA:326,0
DA:342,0
DA:344,0
DA:345,0
DA:346,0
DA:347,0
DA:348,0
DA:349,0
DA:350,0
DA:352,0
DA:356,0
DA:387,0
DA:391,0
DA:396,0
DA:397,0
DA:404,0
DA:408,0
DA:409,0
DA:415,0
DA:416,0
DA:419,0
DA:426,0
DA:433,0
DA:440,0
LF:28
LH:0
BRDA:342,0,0,0
BRDA:342,0,1,0
BRDA:344,1,0,0
BRDA:344,1,1,0
BRDA:345,2,0,0
BRDA:345,2,1,0
BRDA:346,3,0,0
BRDA:346,3,1,0
BRDA:347,4,0,0
BRDA:347,4,1,0
BRDA:348,5,0,0
BRDA:348,5,1,0
BRDA:349,6,0,0
BRDA:349,6,1,0
BRDA:349,7,0,0
BRDA:349,7,1,0
BRDA:350,8,0,0
BRDA:350,8,1,0
BRDA:350,9,0,0
BRDA:350,9,1,0
BRDA:387,10,0,0
BRDA:387,10,1,0
BRDA:391,11,0,0
BRDA:391,11,1,0
BRDA:396,12,0,0
BRDA:396,12,1,0
BRDA:408,13,0,0
BRDA:408,13,1,0
BRDA:408,14,0,0
BRDA:408,14,1,0
BRDA:415,15,0,0
BRDA:415,15,1,0
BRF:32
BRH:0
end_of_record
TN:
SF:src/agents/property-sage.ts
FN:272,(anonymous_0)
FN:289,(anonymous_1)
FN:292,(anonymous_2)
FN:295,(anonymous_3)
FN:298,(anonymous_4)
FN:301,(anonymous_5)
FN:308,(anonymous_6)
FN:324,(anonymous_7)
FN:342,(anonymous_8)
FN:353,(anonymous_9)
FN:361,(anonymous_10)
FN:381,(anonymous_11)
FN:394,(anonymous_12)
FN:405,(anonymous_13)
FN:434,(anonymous_14)
FNF:15
FNH:0
FNDA:0,(anonymous_0)
FNDA:0,(anonymous_1)
FNDA:0,(anonymous_2)
FNDA:0,(anonymous_3)
FNDA:0,(anonymous_4)
FNDA:0,(anonymous_5)
FNDA:0,(anonymous_6)
FNDA:0,(anonymous_7)
FNDA:0,(anonymous_8)
FNDA:0,(anonymous_9)
FNDA:0,(anonymous_10)
FNDA:0,(anonymous_11)
FNDA:0,(anonymous_12)
FNDA:0,(anonymous_13)
FNDA:0,(anonymous_14)
DA:17,0
DA:73,0
DA:177,0
DA:205,0
DA:244,0
DA:273,0
DA:274,0
DA:276,0
DA:290,0
DA:292,0
DA:293,0
DA:295,0
DA:296,0
DA:298,0
DA:299,0
DA:301,0
DA:302,0
DA:305,0
DA:310,0
DA:311,0
DA:312,0
DA:314,0
DA:315,0
DA:317,0
DA:318,0
DA:321,0
DA:325,0
DA:327,0
DA:328,0
DA:335,0
DA:343,0
DA:345,0
DA:347,0
DA:349,0
DA:354,0
DA:362,0
DA:365,0
DA:372,0
DA:377,0
DA:382,0
DA:383,0
DA:384,0
DA:386,0
DA:388,0
DA:389,0
DA:391,0
DA:395,0
DA:397,0
DA:399,0
DA:401,0
DA:406,0
DA:408,0
DA:416,0
DA:424,0
DA:435,0
DA:442,0
DA:443,0
DA:446,0
LF:58
LH:0
BRDA:290,0,0,0
BRDA:290,0,1,0
BRDA:292,1,0,0
BRDA:292,1,1,0
BRDA:295,2,0,0
BRDA:295,2,1,0
BRDA:298,3,0,0
BRDA:298,3,1,0
BRDA:301,4,0,0
BRDA:301,4,1,0
BRDA:310,5,0,0
BRDA:310,5,1,0
BRDA:311,6,0,0
BRDA:311,6,1,0
BRDA:312,7,0,0
BRDA:312,7,1,0
BRDA:314,8,0,0
BRDA:314,8,1,0
BRDA:314,9,0,0
BRDA:314,9,1,0
BRDA:314,9,2,0
BRDA:317,10,0,0
BRDA:317,10,1,0
BRDA:317,11,0,0
BRDA:317,11,1,0
BRDA:317,11,2,0
BRDA:327,12,0,0
BRDA:327,12,1,0
BRDA:343,13,0,0
BRDA:343,13,1,0
BRDA:343,13,2,0
BRDA:362,14,0,0
BRDA:362,14,1,0
BRDA:362,14,2,0
BRDA:362,14,3,0
BRDA:362,14,4,0
BRDA:382,15,0,0
BRDA:382,15,1,0
BRDA:383,16,0,0
BRDA:383,16,1,0
BRDA:388,17,0,0
BRDA:388,17,1,0
BRDA:395,18,0,0
BRDA:395,18,1,0
BRDA:395,18,2,0
BRDA:406,19,0,0
BRDA:406,19,1,0
BRDA:406,19,2,0
BRDA:442,20,0,0
BRDA:442,20,1,0
BRF:50
BRH:0
end_of_record
TN:
SF:src/agents/tax-genius.ts
FN:348,(anonymous_0)
FN:391,(anonymous_1)
FN:404,(anonymous_2)
FN:426,(anonymous_3)
FN:431,(anonymous_4)
FN:435,(anonymous_5)
FN:443,(anonymous_6)
FN:466,(anonymous_7)
FN:480,(anonymous_8)
FN:496,(anonymous_9)
FNF:10
FNH:0
FNDA:0,(anonymous_0)
FNDA:0,(anonymous_1)
FNDA:0,(anonymous_2)
FNDA:0,(anonymous_3)
FNDA:0,(anonymous_4)
FNDA:0,(anonymous_5)
FNDA:0,(anonymous_6)
FNDA:0,(anonymous_7)
FNDA:0,(anonymous_8)
FNDA:0,(anonymous_9)
DA:12,0
DA:40,0
DA:93,0
DA:144,0
DA:196,0
DA:264,0
DA:298,0
DA:351,0
DA:393,0
DA:405,0
DA:428,0
DA:432,0
DA:436,0
DA:444,0
DA:467,0
DA:481,0
DA:497,0
LF:17
LH:0
BRF:0
BRH:0
end_of_record
TN:
SF:src/agents/visa-oracle.ts
FN:2054,(anonymous_0)
FN:2072,(anonymous_1)
FN:2109,(anonymous_2)
FN:2150,(anonymous_3)
FN:2169,(anonymous_4)
FN:2181,(anonymous_5)
FNF:6
FNH:0
FNDA:0,(anonymous_0)
FNDA:0,(anonymous_1)
FNDA:0,(anonymous_2)
FNDA:0,(anonymous_3)
FNDA:0,(anonymous_4)
FNDA:0,(anonymous_5)
DA:9,0
DA:2055,0
DA:2056,0
DA:2058,0
DA:2073,0
DA:2074,0
DA:2077,0
DA:2078,0
DA:2080,0
DA:2081,0
DA:2083,0
DA:2084,0
DA:2086,0
DA:2087,0
DA:2089,0
DA:2090,0
DA:2094,0
DA:2095,0
DA:2099,0
DA:2100,0
DA:2102,0
DA:2103,0
DA:2106,0
DA:2110,0
DA:2147,0
DA:2151,0
DA:2153,0
DA:2154,0
DA:2156,0
DA:2157,0
DA:2159,0
DA:2160,0
DA:2163,0
DA:2170,0
DA:2183,0
DA:2190,0
DA:2191,0
DA:2192,0
DA:2193,0
DA:2198,0
LF:40
LH:0
BRDA:2073,0,0,0
BRDA:2073,0,1,0
BRDA:2074,1,0,0
BRDA:2074,1,1,0
BRDA:2077,2,0,0
BRDA:2077,2,1,0
BRDA:2077,3,0,0
BRDA:2077,3,1,0
BRDA:2077,3,2,0
BRDA:2080,4,0,0
BRDA:2080,4,1,0
BRDA:2080,5,0,0
BRDA:2080,5,1,0
BRDA:2083,6,0,0
BRDA:2083,6,1,0
BRDA:2083,7,0,0
BRDA:2083,7,1,0
BRDA:2086,8,0,0
BRDA:2086,8,1,0
BRDA:2086,9,0,0
BRDA:2086,9,1,0
BRDA:2086,9,2,0
BRDA:2089,10,0,0
BRDA:2089,10,1,0
BRDA:2089,11,0,0
BRDA:2089,11,1,0
BRDA:2094,12,0,0
BRDA:2094,12,1,0
BRDA:2094,13,0,0
BRDA:2094,13,1,0
BRDA:2095,14,0,0
BRDA:2095,14,1,0
BRDA:2099,15,0,0
BRDA:2099,15,1,0
BRDA:2099,16,0,0
BRDA:2099,16,1,0
BRDA:2102,17,0,0
BRDA:2102,17,1,0
BRDA:2102,18,0,0
BRDA:2102,18,1,0
BRDA:2147,19,0,0
BRDA:2147,19,1,0
BRDA:2153,20,0,0
BRDA:2153,20,1,0
BRDA:2156,21,0,0
BRDA:2156,21,1,0
BRDA:2159,22,0,0
BRDA:2159,22,1,0
BRDA:2192,23,0,0
BRDA:2192,23,1,0
BRF:50
BRH:0
end_of_record
TN:
SF:src/app-gateway/app-bootstrap.ts
FN:6,genSessionId
FN:10,buildBootstrapResponse
FNF:2
FNH:0
FNDA:0,genSessionId
FNDA:0,buildBootstrapResponse
DA:7,0
DA:11,0
DA:12,0
DA:13,0
DA:28,0
DA:29,0
DA:30,0
DA:33,0
LF:8
LH:0
BRF:0
BRH:0
end_of_record
TN:
SF:src/app-gateway/app-events.ts
FN:13,remember
FN:15,(anonymous_1)
FN:18,checkIdem
FN:25,originAllowed
FN:27,(anonymous_4)
FN:31,handleAppEvent
FNF:6
FNH:0
FNDA:0,remember
FNDA:0,(anonymous_1)
FNDA:0,checkIdem
FNDA:0,originAllowed
FNDA:0,(anonymous_4)
FNDA:0,handleAppEvent
DA:10,0
DA:11,0
DA:14,0
DA:15,0
DA:19,0
DA:20,0
DA:21,0
DA:22,0
DA:26,0
DA:27,0
DA:28,0
DA:32,0
DA:33,0
DA:34,0
DA:35,0
DA:36,0
DA:38,0
DA:41,0
DA:42,0
DA:43,0
DA:47,0
DA:48,0
DA:49,0
DA:50,0
DA:54,0
DA:55,0
DA:58,0
DA:60,0
DA:62,0
DA:63,0
DA:64,0
DA:69,0
DA:74,0
DA:77,0
DA:80,0
DA:81,0
DA:82,0
DA:83,0
DA:87,0
DA:94,0
DA:95,0
DA:96,0
DA:104,0
DA:108,0
DA:115,0
DA:118,0
DA:125,0
DA:126,0
DA:134,0
DA:135,0
DA:142,0
DA:144,0
DA:145,0
DA:146,0
DA:149,0
DA:150,0
DA:154,0
DA:156,0
DA:162,0
DA:170,0
DA:172,0
DA:174,0
DA:175,0
DA:176,0
DA:178,0
DA:179,0
DA:182,0
DA:183,0
DA:185,0
DA:186,0
DA:189,0
DA:197,0
DA:200,0
DA:207,0
DA:208,0
DA:218,0
DA:226,0
DA:227,0
DA:228,0
LF:79
LH:0
BRDA:19,0,0,0
BRDA:19,0,1,0
BRDA:21,1,0,0
BRDA:21,1,1,0
BRDA:21,2,0,0
BRDA:21,2,1,0
BRDA:26,3,0,0
BRDA:26,3,1,0
BRDA:28,4,0,0
BRDA:28,4,1,0
BRDA:33,5,0,0
BRDA:33,5,1,0
BRDA:35,6,0,0
BRDA:35,6,1,0
BRDA:35,6,2,0
BRDA:41,7,0,0
BRDA:41,7,1,0
BRDA:42,8,0,0
BRDA:42,8,1,0
BRDA:48,9,0,0
BRDA:48,9,1,0
BRDA:49,10,0,0
BRDA:49,10,1,0
BRDA:49,11,0,0
BRDA:49,11,1,0
BRDA:49,11,2,0
BRDA:55,12,0,0
BRDA:55,12,1,0
BRDA:63,13,0,0
BRDA:63,13,1,0
BRDA:71,14,0,0
BRDA:71,14,1,0
BRDA:80,15,0,0
BRDA:80,15,1,0
BRDA:81,16,0,0
BRDA:81,16,1,0
BRDA:81,16,2,0
BRDA:82,17,0,0
BRDA:82,17,1,0
BRDA:95,18,0,0
BRDA:95,18,1,0
BRDA:111,19,0,0
BRDA:111,19,1,0
BRDA:115,20,0,0
BRDA:115,20,1,0
BRDA:115,20,2,0
BRDA:125,21,0,0
BRDA:125,21,1,0
BRDA:125,22,0,0
BRDA:125,22,1,0
BRDA:125,22,2,0
BRDA:134,23,0,0
BRDA:134,23,1,0
BRDA:142,24,0,0
BRDA:142,24,1,0
BRDA:144,25,0,0
BRDA:144,25,1,0
BRDA:145,26,0,0
BRDA:145,26,1,0
BRDA:149,27,0,0
BRDA:149,27,1,0
BRDA:172,28,0,0
BRDA:172,28,1,0
BRDA:174,29,0,0
BRDA:174,29,1,0
BRDA:175,30,0,0
BRDA:175,30,1,0
BRDA:182,31,0,0
BRDA:182,31,1,0
BRDA:203,32,0,0
BRDA:203,32,1,0
BRDA:207,33,0,0
BRDA:207,33,1,0
BRDA:213,34,0,0
BRDA:213,34,1,0
BRDA:221,35,0,0
BRDA:221,35,1,0
BRDA:227,36,0,0
BRDA:227,36,1,0
BRF:79
BRH:0
end_of_record
TN:
SF:src/app-gateway/capability-map.ts
FNF:0
FNH:0
DA:9,0
LF:1
LH:0
BRF:0
BRH:0
end_of_record
TN:
SF:src/app-gateway/param-normalizer.ts
FN:3,normalizeParams
FNF:1
FNH:0
FNDA:0,normalizeParams
DA:4,0
DA:5,0
DA:7,0
DA:8,0
DA:9,0
DA:12,0
DA:16,0
DA:20,0
DA:23,0
DA:26,0
LF:10
LH:0
BRDA:5,0,0,0
BRDA:5,0,1,0
BRDA:5,0,2,0
BRDA:5,0,3,0
BRDA:5,0,4,0
BRDA:7,1,0,0
BRDA:7,1,1,0
BRDA:7,1,2,0
BRDA:9,2,0,0
BRDA:9,2,1,0
BRDA:20,3,0,0
BRDA:20,3,1,0
BRDA:23,4,0,0
BRDA:23,4,1,0
BRDA:26,5,0,0
BRDA:26,5,1,0
BRF:16
BRH:0
end_of_record
TN:
SF:src/app-gateway/session-store.ts
FN:9,cleanup
FN:17,createSession
FN:30,getSession
FN:34,persistSessionFirestore
FNF:4
FNH:0
FNDA:0,cleanup
FNDA:0,createSession
FNDA:0,getSession
FNDA:0,persistSessionFirestore
DA:6,0
DA:7,0
DA:10,0
DA:11,0
DA:12,0
DA:15,0
DA:18,0
DA:24,0
DA:25,0
DA:26,0
DA:27,0
DA:31,0
DA:35,0
DA:36,0
DA:37,0
DA:40,0
LF:16
LH:0
BRDA:12,0,0,0
BRDA:12,0,1,0
BRDA:24,1,0,0
BRDA:24,1,1,0
BRDA:24,2,0,0
BRDA:24,2,1,0
BRDA:25,3,0,0
BRDA:25,3,1,0
BRDA:31,4,0,0
BRDA:31,4,1,0
BRDA:40,5,0,0
BRDA:40,5,1,0
BRF:12
BRH:0
end_of_record
TN:
SF:src/app-gateway/types.ts
FNF:0
FNH:0
DA:4,0
DA:15,0
DA:22,0
LF:3
LH:0
BRF:0
BRH:0
end_of_record
TN:
SF:src/config/cache-config.ts
FN:91,(anonymous_0)
FN:106,(anonymous_1)
FN:123,(anonymous_2)
FN:135,(anonymous_3)
FN:148,(anonymous_4)
FNF:5
FNH:0
FNDA:0,(anonymous_0)
FNDA:0,(anonymous_1)
FNDA:0,(anonymous_2)
FNDA:0,(anonymous_3)
FNDA:0,(anonymous_4)
DA:13,0
DA:85,0
DA:86,0
DA:92,0
DA:93,0
DA:95,0
DA:96,0
DA:97,0
DA:100,0
DA:107,0
DA:110,0
DA:111,0
DA:114,0
DA:115,0
DA:117,0
DA:124,0
DA:125,0
DA:126,0
DA:127,0
DA:136,0
DA:145,0
DA:148,0
LF:22
LH:0
BRDA:93,0,0,0
BRDA:93,0,1,0
BRDA:95,1,0,0
BRDA:95,1,1,0
BRDA:110,2,0,0
BRDA:110,2,1,0
BRDA:110,3,0,0
BRDA:110,3,1,0
BRDA:110,3,2,0
BRDA:114,4,0,0
BRDA:114,4,1,0
BRDA:126,5,0,0
BRDA:126,5,1,0
BRF:13
BRH:0
end_of_record
TN:
SF:src/config/flags.ts
FN:23,envBool
FN:33,getFlags
FN:36,(anonymous_2)
FN:42,computeFlagsETag
FNF:4
FNH:0
FNDA:0,envBool
FNDA:0,getFlags
FNDA:0,(anonymous_2)
FNDA:0,computeFlagsETag
DA:13,0
DA:24,0
DA:25,0
DA:26,0
DA:27,0
DA:28,0
DA:30,0
DA:35,0
DA:36,0
DA:37,0
DA:39,0
DA:43,0
DA:44,0
DA:45,0
DA:47,0
LF:15
LH:0
BRDA:25,0,0,0
BRDA:25,0,1,0
BRDA:27,1,0,0
BRDA:27,1,1,0
BRDA:27,2,0,0
BRDA:27,2,1,0
BRDA:27,2,2,0
BRDA:28,3,0,0
BRDA:28,3,1,0
BRDA:28,4,0,0
BRDA:28,4,1,0
BRDA:28,4,2,0
BRF:12
BRH:0
end_of_record
TN:
SF:src/core/handler-registry.ts
FN:51,(anonymous_0)
FN:72,(anonymous_1)
FN:99,(anonymous_2)
FN:113,(anonymous_3)
FN:120,(anonymous_4)
FN:127,(anonymous_5)
FN:165,(anonymous_6)
FN:172,(anonymous_7)
FN:174,(anonymous_8)
FN:175,(anonymous_9)
FN:182,(anonymous_10)
FN:193,(anonymous_11)
FN:195,(anonymous_12)
FN:202,(anonymous_13)
FN:230,Handler
FN:231,(anonymous_15)
FNF:16
FNH:0
FNDA:0,(anonymous_0)
FNDA:0,(anonymous_1)
FNDA:0,(anonymous_2)
FNDA:0,(anonymous_3)
FNDA:0,(anonymous_4)
FNDA:0,(anonymous_5)
FNDA:0,(anonymous_6)
FNDA:0,(anonymous_7)
FNDA:0,(anonymous_8)
FNDA:0,(anonymous_9)
FNDA:0,(anonymous_10)
FNDA:0,(anonymous_11)
FNDA:0,(anonymous_12)
FNDA:0,(anonymous_13)
FNDA:0,Handler
FNDA:0,(anonymous_15)
DA:47,0
DA:48,0
DA:52,0
DA:73,0
DA:74,0
DA:75,0
DA:79,0
DA:80,0
DA:82,0
DA:83,0
DA:100,0
DA:101,0
DA:114,0
DA:121,0
DA:128,0
DA:130,0
DA:131,0
DA:134,0
DA:135,0
DA:139,0
DA:140,0
DA:144,0
DA:145,0
DA:146,0
DA:147,0
DA:149,0
DA:150,0
DA:153,0
DA:155,0
DA:156,0
DA:158,0
DA:166,0
DA:173,0
DA:174,0
DA:175,0
DA:183,0
DA:185,0
DA:186,0
DA:189,0
DA:193,0
DA:195,0
DA:203,0
DA:205,0
DA:206,0
DA:209,0
DA:214,0
DA:231,0
DA:232,0
DA:235,0
DA:242,0
LF:50
LH:0
BRDA:51,0,0,0
BRDA:73,1,0,0
BRDA:73,1,1,0
BRDA:74,2,0,0
BRDA:74,2,1,0
BRDA:82,3,0,0
BRDA:82,3,1,0
BRDA:99,4,0,0
BRDA:130,5,0,0
BRDA:130,5,1,0
BRDA:134,6,0,0
BRDA:134,6,1,0
BRDA:139,7,0,0
BRDA:139,7,1,0
BRDA:140,8,0,0
BRDA:140,8,1,0
BRDA:149,9,0,0
BRDA:149,9,1,0
BRDA:149,10,0,0
BRDA:149,10,1,0
BRDA:155,11,0,0
BRDA:155,11,1,0
BRDA:186,12,0,0
BRDA:186,12,1,0
BRDA:230,13,0,0
BRDA:238,14,0,0
BRDA:238,14,1,0
BRF:27
BRH:0
end_of_record
TN:
SF:src/core/load-all-handlers.ts
FN:15,loadAllHandlers
FN:74,getAllHandlers
FN:82,(anonymous_2)
FNF:3
FNH:0
FNDA:0,loadAllHandlers
FNDA:0,getAllHandlers
FNDA:0,(anonymous_2)
DA:16,0
DA:18,0
DA:20,0
DA:23,0
DA:26,0
DA:29,0
DA:32,0
DA:35,0
DA:38,0
DA:44,0
DA:47,0
DA:50,0
DA:53,0
DA:57,0
DA:58,0
DA:59,0
DA:60,0
DA:61,0
DA:63,0
DA:65,0
DA:66,0
DA:75,0
DA:82,0
DA:83,0
DA:84,0
LF:25
LH:0
BRF:0
BRH:0
end_of_record
TN:
SF:src/core/migrate-handlers.ts
FN:125,generateMigrationPlan
FN:133,(anonymous_1)
FN:133,(anonymous_2)
FN:152,(anonymous_3)
FN:169,generateRouterImports
FN:190,printMigrationPlan
FNF:6
FNH:0
FNDA:0,generateMigrationPlan
FNDA:0,(anonymous_1)
FNDA:0,(anonymous_2)
FNDA:0,(anonymous_3)
FNDA:0,generateRouterImports
FNDA:0,printMigrationPlan
DA:35,0
DA:126,0
DA:128,0
DA:129,0
DA:130,0
DA:133,0
DA:134,0
DA:135,0
DA:138,0
DA:141,0
DA:142,0
DA:143,0
DA:144,0
DA:146,0
DA:150,0
DA:151,0
DA:152,0
DA:153,0
DA:154,0
DA:155,0
DA:156,0
DA:157,0
DA:158,0
DA:159,0
DA:160,0
DA:163,0
DA:170,0
DA:172,0
DA:173,0
DA:174,0
DA:176,0
DA:177,0
DA:178,0
DA:181,0
DA:182,0
DA:184,0
DA:191,0
DA:192,0
DA:194,0
DA:195,0
DA:199,0
LF:41
LH:0
BRF:0
BRH:0
end_of_record
TN:
SF:src/core/zantara-orchestrator.ts
FN:69,(anonymous_0)
FN:113,(anonymous_1)
FN:136,(anonymous_2)
FN:181,(anonymous_3)
FN:208,(anonymous_4)
FN:212,(anonymous_5)
FN:231,(anonymous_6)
FN:237,(anonymous_7)
FN:250,(anonymous_8)
FN:272,(anonymous_9)
FN:283,(anonymous_10)
FN:310,(anonymous_11)
FN:371,(anonymous_12)
FN:400,(anonymous_13)
FN:438,(anonymous_14)
FN:451,(anonymous_15)
FN:459,(anonymous_16)
FNF:17
FNH:0
FNDA:0,(anonymous_0)
FNDA:0,(anonymous_1)
FNDA:0,(anonymous_2)
FNDA:0,(anonymous_3)
FNDA:0,(anonymous_4)
FNDA:0,(anonymous_5)
FNDA:0,(anonymous_6)
FNDA:0,(anonymous_7)
FNDA:0,(anonymous_8)
FNDA:0,(anonymous_9)
FNDA:0,(anonymous_10)
FNDA:0,(anonymous_11)
FNDA:0,(anonymous_12)
FNDA:0,(anonymous_13)
FNDA:0,(anonymous_14)
FNDA:0,(anonymous_15)
FNDA:0,(anonymous_16)
DA:34,0
DA:58,0
DA:71,0
DA:72,0
DA:73,0
DA:74,0
DA:75,0
DA:76,0
DA:77,0
DA:81,0
DA:82,0
DA:83,0
DA:84,0
DA:85,0
DA:86,0
DA:91,0
DA:94,0
DA:97,0
DA:100,0
DA:107,0
DA:114,0
DA:116,0
DA:117,0
DA:118,0
DA:119,0
DA:120,0
DA:121,0
DA:123,0
DA:124,0
DA:125,0
DA:126,0
DA:127,0
DA:128,0
DA:130,0
DA:137,0
DA:138,0
DA:147,0
DA:149,0
DA:153,0
DA:155,0
DA:156,0
DA:159,0
DA:161,0
DA:164,0
DA:166,0
DA:170,0
DA:172,0
DA:175,0
DA:182,0
DA:184,0
DA:186,0
DA:187,0
DA:188,0
DA:190,0
DA:192,0
DA:193,0
DA:195,0
DA:196,0
DA:199,0
DA:202,0
DA:212,0
DA:213,0
DA:214,0
DA:216,0
DA:217,0
DA:218,0
DA:225,0
DA:226,0
DA:230,0
DA:231,0
DA:243,0
DA:244,0
DA:247,0
DA:250,0
DA:251,0
DA:255,0
DA:256,0
DA:257,0
DA:258,0
DA:260,0
DA:261,0
DA:262,0
DA:265,0
DA:266,0
DA:267,0
DA:272,0
DA:273,0
DA:274,0
DA:277,0
DA:284,0
DA:285,0
DA:287,0
DA:289,0
DA:291,0
DA:292,0
DA:293,0
DA:294,0
DA:295,0
DA:297,0
DA:299,0
DA:301,0
DA:303,0
DA:304,0
DA:311,0
DA:312,0
DA:315,0
DA:316,0
DA:317,0
DA:318,0
DA:319,0
DA:320,0
DA:321,0
DA:322,0
DA:323,0
DA:324,0
DA:325,0
DA:326,0
DA:327,0
DA:328,0
DA:329,0
DA:330,0
DA:331,0
DA:332,0
DA:333,0
DA:334,0
DA:335,0
DA:336,0
DA:340,0
DA:341,0
DA:345,0
DA:346,0
DA:347,0
DA:348,0
DA:349,0
DA:350,0
DA:351,0
DA:352,0
DA:353,0
DA:356,0
DA:357,0
DA:372,0
DA:373,0
DA:378,0
DA:379,0
DA:384,0
DA:385,0
DA:391,0
DA:401,0
DA:423,0
DA:424,0
DA:426,0
DA:427,0
DA:428,0
DA:430,0
DA:432,0
DA:439,0
DA:445,0
DA:461,0
LF:158
LH:0
BRDA:73,0,0,0
BRDA:73,0,1,0
BRDA:73,1,0,0
BRDA:73,1,1,0
BRDA:76,2,0,0
BRDA:76,2,1,0
BRDA:81,3,0,0
BRDA:81,3,1,0
BRDA:81,4,0,0
BRDA:81,4,1,0
BRDA:81,4,2,0
BRDA:82,5,0,0
BRDA:82,5,1,0
BRDA:85,6,0,0
BRDA:85,6,1,0
BRDA:114,7,0,0
BRDA:114,7,1,0
BRDA:123,8,0,0
BRDA:123,8,1,0
BRDA:124,9,0,0
BRDA:124,9,1,0
BRDA:125,10,0,0
BRDA:125,10,1,0
BRDA:126,11,0,0
BRDA:126,11,1,0
BRDA:127,12,0,0
BRDA:127,12,1,0
BRDA:128,13,0,0
BRDA:128,13,1,0
BRDA:147,14,0,0
BRDA:147,14,1,0
BRDA:147,15,0,0
BRDA:147,15,1,0
BRDA:147,15,2,0
BRDA:147,15,3,0
BRDA:153,16,0,0
BRDA:153,16,1,0
BRDA:153,17,0,0
BRDA:153,17,1,0
BRDA:153,17,2,0
BRDA:153,17,3,0
BRDA:159,18,0,0
BRDA:159,18,1,0
BRDA:159,19,0,0
BRDA:159,19,1,0
BRDA:159,19,2,0
BRDA:159,19,3,0
BRDA:164,20,0,0
BRDA:164,20,1,0
BRDA:164,21,0,0
BRDA:164,21,1,0
BRDA:164,21,2,0
BRDA:164,21,3,0
BRDA:170,22,0,0
BRDA:170,22,1,0
BRDA:170,23,0,0
BRDA:170,23,1,0
BRDA:170,23,2,0
BRDA:170,23,3,0
BRDA:184,24,0,0
BRDA:184,24,1,0
BRDA:184,24,2,0
BRDA:184,24,3,0
BRDA:187,25,0,0
BRDA:187,25,1,0
BRDA:214,26,0,0
BRDA:214,26,1,0
BRDA:221,27,0,0
BRDA:221,27,1,0
BRDA:222,28,0,0
BRDA:222,28,1,0
BRDA:243,29,0,0
BRDA:243,29,1,0
BRDA:251,30,0,0
BRDA:251,30,1,0
BRDA:255,31,0,0
BRDA:255,31,1,0
BRDA:260,32,0,0
BRDA:260,32,1,0
BRDA:273,33,0,0
BRDA:273,33,1,0
BRDA:284,34,0,0
BRDA:284,34,1,0
BRDA:311,35,0,0
BRDA:311,35,1,0
BRDA:312,36,0,0
BRDA:312,36,1,0
BRDA:317,37,0,0
BRDA:317,37,1,0
BRDA:318,38,0,0
BRDA:318,38,1,0
BRDA:319,39,0,0
BRDA:319,39,1,0
BRDA:320,40,0,0
BRDA:320,40,1,0
BRDA:322,41,0,0
BRDA:322,41,1,0
BRDA:323,42,0,0
BRDA:323,42,1,0
BRDA:324,43,0,0
BRDA:324,43,1,0
BRDA:325,44,0,0
BRDA:325,44,1,0
BRDA:327,45,0,0
BRDA:327,45,1,0
BRDA:328,46,0,0
BRDA:328,46,1,0
BRDA:329,47,0,0
BRDA:329,47,1,0
BRDA:330,48,0,0
BRDA:330,48,1,0
BRDA:332,49,0,0
BRDA:332,49,1,0
BRDA:333,50,0,0
BRDA:333,50,1,0
BRDA:334,51,0,0
BRDA:334,51,1,0
BRDA:335,52,0,0
BRDA:335,52,1,0
BRDA:340,53,0,0
BRDA:340,53,1,0
BRDA:346,54,0,0
BRDA:346,54,1,0
BRDA:348,55,0,0
BRDA:348,55,1,0
BRDA:350,56,0,0
BRDA:350,56,1,0
BRDA:352,57,0,0
BRDA:352,57,1,0
BRDA:352,58,0,0
BRDA:352,58,1,0
BRDA:372,59,0,0
BRDA:372,59,1,0
BRDA:378,60,0,0
BRDA:378,60,1,0
BRDA:384,61,0,0
BRDA:384,61,1,0
BRDA:423,62,0,0
BRDA:423,62,1,0
BRDA:424,63,0,0
BRDA:424,63,1,0
BRDA:426,64,0,0
BRDA:426,64,1,0
BRDA:430,65,0,0
BRDA:430,65,1,0
BRDA:445,66,0,0
BRDA:445,66,1,0
BRF:147
BRH:0
end_of_record
TN:
SF:src/handlers/example-modern-handler.ts
FN:16,sendEmailV2
FN:39,listInboxV2
FN:55,kbliLookupV2
FNF:3
FNH:0
FNDA:0,sendEmailV2
FNDA:0,listInboxV2
FNDA:0,kbliLookupV2
DA:17,0
DA:19,0
DA:20,0
DA:25,0
DA:40,0
DA:43,0
DA:56,0
DA:58,0
DA:59,0
DA:64,0
DA:76,0
DA:84,0
LF:12
LH:0
BRDA:19,0,0,0
BRDA:19,0,1,0
BRDA:19,1,0,0
BRDA:19,1,1,0
BRDA:19,1,2,0
BRDA:40,2,0,0
BRDA:58,3,0,0
BRDA:58,3,1,0
BRDA:58,4,0,0
BRDA:58,4,1,0
BRDA:65,5,0,0
BRDA:65,5,1,0
BRF:12
BRH:0
end_of_record
TN:
SF:src/handlers/admin/registry-admin.ts
FN:15,listAllHandlers
FN:28,getHandlerStats
FN:41,listModuleHandlers
FN:64,searchHandlers
FN:75,(anonymous_4)
FNF:5
FNH:0
FNDA:0,listAllHandlers
FNDA:0,getHandlerStats
FNDA:0,listModuleHandlers
FNDA:0,searchHandlers
FNDA:0,(anonymous_4)
DA:16,0
DA:18,0
DA:29,0
DA:31,0
DA:42,0
DA:44,0
DA:45,0
DA:51,0
DA:53,0
DA:65,0
DA:67,0
DA:68,0
DA:74,0
DA:75,0
DA:77,0
DA:85,0
LF:16
LH:0
BRDA:44,0,0,0
BRDA:44,0,1,0
BRDA:65,1,0,0
BRDA:67,2,0,0
BRDA:67,2,1,0
BRF:5
BRH:0
end_of_record
TN:
SF:src/handlers/admin/websocket-admin.ts
FN:13,websocketStats
FN:35,websocketBroadcast
FN:60,websocketSendToUser
FNF:3
FNH:0
FNDA:0,websocketStats
FNDA:0,websocketBroadcast
FNDA:0,websocketSendToUser
DA:14,0
DA:16,0
DA:17,0
DA:23,0
DA:25,0
DA:36,0
DA:38,0
DA:39,0
DA:42,0
DA:44,0
DA:45,0
DA:48,0
DA:50,0
DA:61,0
DA:63,0
DA:64,0
DA:67,0
DA:69,0
DA:70,0
DA:73,0
DA:75,0
LF:21
LH:0
BRDA:16,0,0,0
BRDA:16,0,1,0
BRDA:38,1,0,0
BRDA:38,1,1,0
BRDA:38,2,0,0
BRDA:38,2,1,0
BRDA:44,3,0,0
BRDA:44,3,1,0
BRDA:63,4,0,0
BRDA:63,4,1,0
BRDA:63,5,0,0
BRDA:63,5,1,0
BRDA:63,5,2,0
BRDA:69,6,0,0
BRDA:69,6,1,0
BRF:15
BRH:0
end_of_record
TN:
SF:src/handlers/ai-services/advanced-ai.ts
FN:8,aiAnticipate
FN:72,aiLearn
FN:120,xaiExplain
FNF:3
FNH:0
FNDA:0,aiAnticipate
FNDA:0,aiLearn
FNDA:0,xaiExplain
DA:9,0
DA:11,0
DA:12,0
DA:16,0
DA:31,0
DA:32,0
DA:36,0
DA:37,0
DA:38,0
DA:40,0
DA:41,0
DA:49,0
DA:50,0
DA:56,0
DA:58,0
DA:65,0
DA:73,0
DA:75,0
DA:76,0
DA:79,0
DA:94,0
DA:95,0
DA:96,0
DA:98,0
DA:113,0
DA:121,0
DA:123,0
DA:124,0
DA:127,0
DA:130,0
DA:156,0
DA:157,0
DA:169,0
DA:170,0
DA:171,0
DA:172,0
DA:174,0
DA:178,0
LF:38
LH:0
BRDA:9,0,0,0
BRDA:11,1,0,0
BRDA:11,1,1,0
BRDA:11,2,0,0
BRDA:11,2,1,0
BRDA:18,3,0,0
BRDA:18,3,1,0
BRDA:19,4,0,0
BRDA:19,4,1,0
BRDA:21,5,0,0
BRDA:21,5,1,0
BRDA:37,6,0,0
BRDA:37,6,1,0
BRDA:38,7,0,0
BRDA:38,7,1,0
BRDA:38,7,2,0
BRDA:41,8,0,0
BRDA:41,8,1,0
BRDA:49,9,0,0
BRDA:49,9,1,0
BRDA:51,10,0,0
BRDA:51,10,1,0
BRDA:51,10,2,0
BRDA:56,11,0,0
BRDA:56,11,1,0
BRDA:62,12,0,0
BRDA:62,12,1,0
BRDA:73,13,0,0
BRDA:75,14,0,0
BRDA:75,14,1,0
BRDA:75,15,0,0
BRDA:75,15,1,0
BRDA:75,15,2,0
BRDA:82,16,0,0
BRDA:82,16,1,0
BRDA:83,17,0,0
BRDA:83,17,1,0
BRDA:84,18,0,0
BRDA:84,18,1,0
BRDA:96,19,0,0
BRDA:96,19,1,0
BRDA:101,20,0,0
BRDA:101,20,1,0
BRDA:101,20,2,0
BRDA:103,21,0,0
BRDA:103,21,1,0
BRDA:123,22,0,0
BRDA:123,22,1,0
BRDA:133,23,0,0
BRDA:133,23,1,0
BRDA:134,24,0,0
BRDA:134,24,1,0
BRDA:142,25,0,0
BRDA:142,25,1,0
BRDA:156,26,0,0
BRDA:156,26,1,0
BRDA:156,27,0,0
BRDA:156,27,1,0
BRDA:161,28,0,0
BRDA:161,28,1,0
BRDA:171,29,0,0
BRDA:171,29,1,0
BRDA:172,30,0,0
BRDA:172,30,1,0
BRDA:172,30,2,0
BRF:65
BRH:0
end_of_record
TN:
SF:src/handlers/ai-services/ai-bridge.ts
FN:20,zantaraCallDevAI
FN:79,zantaraOrchestrateWorkflow
FN:98,(anonymous_2)
FN:133,zantaraGetConversationHistory
FN:162,zantaraGetSharedContext
FN:191,zantaraClearWorkflow
FNF:6
FNH:0
FNDA:0,zantaraCallDevAI
FNDA:0,zantaraOrchestrateWorkflow
FNDA:0,(anonymous_2)
FNDA:0,zantaraGetConversationHistory
FNDA:0,zantaraGetSharedContext
FNDA:0,zantaraClearWorkflow
DA:21,0
DA:22,0
DA:27,0
DA:36,0
DA:38,0
DA:39,0
DA:44,0
DA:51,0
DA:56,0
DA:64,0
DA:69,0
DA:87,0
DA:88,0
DA:93,0
DA:98,0
DA:100,0
DA:106,0
DA:117,0
DA:122,0
DA:136,0
DA:137,0
DA:139,0
DA:146,0
DA:151,0
DA:165,0
DA:166,0
DA:168,0
DA:175,0
DA:180,0
DA:194,0
DA:195,0
DA:197,0
DA:201,0
DA:207,0
DA:212,0
LF:35
LH:0
BRDA:33,0,0,0
BRDA:33,0,1,0
BRDA:38,1,0,0
BRDA:38,1,1,0
BRF:4
BRH:0
end_of_record
TN:
SF:src/handlers/ai-services/ai.ts
FN:36,checkIdentityRecognition
FN:46,(anonymous_1)
FN:57,aiChat
FNF:3
FNH:0
FNDA:0,checkIdentityRecognition
FNDA:0,(anonymous_1)
FNDA:0,aiChat
DA:11,0
DA:37,0
DA:39,0
DA:40,0
DA:46,0
DA:47,0
DA:48,0
DA:51,0
DA:58,0
DA:60,0
DA:62,0
DA:64,0
DA:65,0
DA:66,0
DA:67,0
DA:71,0
DA:78,0
DA:81,0
LF:18
LH:0
BRDA:46,0,0,0
BRDA:46,0,1,0
BRDA:58,1,0,0
BRDA:58,2,0,0
BRDA:58,2,1,0
BRDA:64,3,0,0
BRDA:64,3,1,0
BRDA:64,4,0,0
BRDA:64,4,1,0
BRDA:65,5,0,0
BRDA:65,5,1,0
BRDA:72,6,0,0
BRDA:72,6,1,0
BRDA:73,7,0,0
BRDA:73,7,1,0
BRF:15
BRH:0
end_of_record
TN:
SF:src/handlers/ai-services/creative.ts
FN:28,(anonymous_0)
FN:53,getVisionService
FN:56,(anonymous_2)
FN:75,visionAnalyzeImage
FN:98,(anonymous_4)
FN:123,(anonymous_5)
FN:128,(anonymous_6)
FN:133,(anonymous_7)
FN:143,(anonymous_8)
FN:162,visionExtractDocuments
FN:212,(anonymous_10)
FN:229,speechTranscribe
FN:276,(anonymous_12)
FN:296,speechSynthesize
FN:361,languageAnalyzeSentiment
FNF:15
FNH:0
FNDA:0,(anonymous_0)
FNDA:0,getVisionService
FNDA:0,(anonymous_2)
FNDA:0,visionAnalyzeImage
FNDA:0,(anonymous_4)
FNDA:0,(anonymous_5)
FNDA:0,(anonymous_6)
FNDA:0,(anonymous_7)
FNDA:0,(anonymous_8)
FNDA:0,visionExtractDocuments
FNDA:0,(anonymous_10)
FNDA:0,speechTranscribe
FNDA:0,(anonymous_12)
FNDA:0,speechSynthesize
FNDA:0,languageAnalyzeSentiment
DA:28,0
DA:54,0
DA:55,0
DA:56,0
DA:61,0
DA:62,0
DA:65,0
DA:70,0
DA:71,0
DA:81,0
DA:83,0
DA:84,0
DA:87,0
DA:88,0
DA:89,0
DA:91,0
DA:95,0
DA:98,0
DA:105,0
DA:114,0
DA:115,0
DA:118,0
DA:119,0
DA:121,0
DA:123,0
DA:128,0
DA:133,0
DA:143,0
DA:157,0
DA:158,0
DA:163,0
DA:165,0
DA:166,0
DA:169,0
DA:171,0
DA:178,0
DA:181,0
DA:197,0
DA:198,0
DA:200,0
DA:201,0
DA:202,0
DA:203,0
DA:207,0
DA:212,0
DA:220,0
DA:221,0
DA:234,0
DA:236,0
DA:237,0
DA:240,0
DA:241,0
DA:242,0
DA:244,0
DA:248,0
DA:256,0
DA:261,0
DA:270,0
DA:271,0
DA:274,0
DA:275,0
DA:276,0
DA:279,0
DA:291,0
DA:292,0
DA:301,0
DA:303,0
DA:304,0
DA:307,0
DA:308,0
DA:309,0
DA:311,0
DA:322,0
DA:331,0
DA:332,0
DA:335,0
DA:337,0
DA:352,0
DA:353,0
DA:362,0
DA:364,0
DA:365,0
DA:368,0
DA:369,0
DA:370,0
DA:372,0
DA:379,0
DA:388,0
DA:389,0
DA:392,0
DA:393,0
DA:395,0
DA:416,0
DA:417,0
DA:422,0
LF:95
LH:0
BRDA:61,0,0,0
BRDA:61,0,1,0
BRDA:79,1,0,0
BRDA:80,2,0,0
BRDA:81,3,0,0
BRDA:81,3,1,0
BRDA:83,4,0,0
BRDA:83,4,1,0
BRDA:83,5,0,0
BRDA:83,5,1,0
BRDA:91,6,0,0
BRDA:91,6,1,0
BRDA:114,7,0,0
BRDA:114,7,1,0
BRDA:119,8,0,0
BRDA:119,8,1,0
BRDA:123,9,0,0
BRDA:123,9,1,0
BRDA:128,10,0,0
BRDA:128,10,1,0
BRDA:133,11,0,0
BRDA:133,11,1,0
BRDA:143,12,0,0
BRDA:143,12,1,0
BRDA:163,13,0,0
BRDA:163,14,0,0
BRDA:163,14,1,0
BRDA:165,15,0,0
BRDA:165,15,1,0
BRDA:165,16,0,0
BRDA:165,16,1,0
BRDA:178,17,0,0
BRDA:178,17,1,0
BRDA:197,18,0,0
BRDA:197,18,1,0
BRDA:200,19,0,0
BRDA:200,19,1,0
BRDA:200,20,0,0
BRDA:200,20,1,0
BRDA:203,21,0,0
BRDA:203,21,1,0
BRDA:211,22,0,0
BRDA:211,22,1,0
BRDA:233,23,0,0
BRDA:234,24,0,0
BRDA:234,24,1,0
BRDA:236,25,0,0
BRDA:236,25,1,0
BRDA:236,26,0,0
BRDA:236,26,1,0
BRDA:244,27,0,0
BRDA:244,27,1,0
BRDA:270,28,0,0
BRDA:270,28,1,0
BRDA:275,29,0,0
BRDA:275,29,1,0
BRDA:275,30,0,0
BRDA:275,30,1,0
BRDA:281,31,0,0
BRDA:281,31,1,0
BRDA:282,32,0,0
BRDA:282,32,1,0
BRDA:299,33,0,0
BRDA:300,34,0,0
BRDA:301,35,0,0
BRDA:301,35,1,0
BRDA:303,36,0,0
BRDA:303,36,1,0
BRDA:331,37,0,0
BRDA:331,37,1,0
BRDA:362,38,0,0
BRDA:362,38,1,0
BRDA:364,39,0,0
BRDA:364,39,1,0
BRDA:388,40,0,0
BRDA:388,40,1,0
BRDA:393,41,0,0
BRDA:393,41,1,0
BRDA:397,42,0,0
BRDA:397,42,1,0
BRDA:398,43,0,0
BRDA:398,43,1,0
BRDA:399,44,0,0
BRDA:399,44,1,0
BRDA:399,45,0,0
BRDA:399,45,1,0
BRDA:400,46,0,0
BRDA:400,46,1,0
BRDA:400,47,0,0
BRDA:400,47,1,0
BRDA:403,48,0,0
BRDA:403,48,1,0
BRDA:403,49,0,0
BRDA:403,49,1,0
BRDA:404,50,0,0
BRDA:404,50,1,0
BRDA:404,51,0,0
BRDA:404,51,1,0
BRDA:405,52,0,0
BRDA:405,52,1,0
BRDA:405,53,0,0
BRDA:405,53,1,0
BRDA:406,54,0,0
BRDA:406,54,1,0
BRDA:406,55,0,0
BRDA:406,55,1,0
BRDA:407,56,0,0
BRDA:407,56,1,0
BRDA:407,57,0,0
BRDA:407,57,1,0
BRF:110
BRH:0
end_of_record
TN:
SF:src/handlers/ai-services/imagine-art-handler.ts
FN:32,aiImageGenerate
FN:95,aiImageUpscale
FN:132,aiImageTest
FNF:3
FNH:0
FNDA:0,aiImageGenerate
FNDA:0,aiImageUpscale
FNDA:0,aiImageTest
DA:33,0
DA:41,0
DA:43,0
DA:44,0
DA:47,0
DA:53,0
DA:55,0
DA:64,0
DA:66,0
DA:80,0
DA:81,0
DA:96,0
DA:97,0
DA:99,0
DA:100,0
DA:103,0
DA:105,0
DA:107,0
DA:111,0
DA:113,0
DA:124,0
DA:125,0
DA:133,0
DA:134,0
DA:135,0
DA:137,0
DA:144,0
DA:145,0
LF:28
LH:0
BRDA:36,0,0,0
BRDA:37,1,0,0
BRDA:40,2,0,0
BRDA:43,3,0,0
BRDA:43,3,1,0
BRDA:99,4,0,0
BRDA:99,4,1,0
BRF:7
BRH:0
end_of_record
TN:
SF:src/handlers/ai-services/registry.ts
FN:20,registerAIServicesHandlers
FNF:1
FNH:0
FNDA:0,registerAIServicesHandlers
DA:22,0
DA:30,0
DA:40,0
DA:52,0
DA:53,0
DA:54,0
DA:64,0
DA:73,0
DA:76,0
LF:9
LH:0
BRDA:52,0,0,0
BRDA:52,0,1,0
BRDA:52,1,0,0
BRDA:52,1,1,0
BRF:4
BRH:0
end_of_record
TN:
SF:src/handlers/ai-services/zantara-llama.ts
FN:28,zantaraChat
FN:42,(anonymous_1)
FN:114,(anonymous_2)
FN:116,(anonymous_3)
FNF:4
FNH:0
FNDA:0,zantaraChat
FNDA:0,(anonymous_1)
FNDA:0,(anonymous_2)
FNDA:0,(anonymous_3)
DA:13,0
DA:29,0
DA:30,0
DA:33,0
DA:34,0
DA:35,0
DA:37,0
DA:39,0
DA:41,0
DA:42,0
DA:44,0
DA:58,0
DA:60,0
DA:61,0
DA:64,0
DA:66,0
DA:67,0
DA:70,0
DA:72,0
DA:82,0
DA:85,0
DA:87,0
DA:88,0
DA:103,0
DA:104,0
DA:105,0
DA:108,0
DA:110,0
DA:111,0
DA:113,0
DA:115,0
DA:116,0
DA:117,0
DA:118,0
DA:120,0
DA:123,0
DA:127,0
DA:128,0
DA:133,0
DA:139,0
DA:149,0
DA:152,0
LF:42
LH:0
BRDA:29,0,0,0
BRDA:29,0,1,0
BRDA:34,1,0,0
BRDA:34,1,1,0
BRDA:35,2,0,0
BRDA:35,2,1,0
BRDA:60,3,0,0
BRDA:60,3,1,0
BRDA:66,4,0,0
BRDA:66,4,1,0
BRDA:67,5,0,0
BRDA:67,5,1,0
BRDA:74,6,0,0
BRDA:74,6,1,0
BRDA:76,7,0,0
BRDA:76,7,1,0
BRDA:97,8,0,0
BRDA:97,8,1,0
BRDA:103,9,0,0
BRDA:103,9,1,0
BRDA:110,10,0,0
BRDA:110,10,1,0
BRDA:111,11,0,0
BRDA:111,11,1,0
BRDA:115,12,0,0
BRDA:115,12,1,0
BRDA:115,13,0,0
BRDA:115,13,1,0
BRDA:117,14,0,0
BRDA:117,14,1,0
BRDA:117,15,0,0
BRDA:117,15,1,0
BRDA:120,16,0,0
BRDA:120,16,1,0
BRDA:120,16,2,0
BRDA:123,17,0,0
BRDA:123,17,1,0
BRDA:123,17,2,0
BRDA:127,18,0,0
BRDA:127,18,1,0
BRDA:140,19,0,0
BRDA:140,19,1,0
BRF:42
BRH:0
end_of_record
TN:
SF:src/handlers/analytics/analytics.ts
FN:11,(anonymous_0)
FN:20,(anonymous_1)
FN:43,(anonymous_2)
FN:44,(anonymous_3)
FN:45,(anonymous_4)
FN:54,(anonymous_5)
FN:78,(anonymous_6)
FN:133,(anonymous_7)
FN:182,(anonymous_8)
FN:183,(anonymous_9)
FN:184,(anonymous_10)
FN:193,(anonymous_11)
FNF:12
FNH:0
FNDA:0,(anonymous_0)
FNDA:0,(anonymous_1)
FNDA:0,(anonymous_2)
FNDA:0,(anonymous_3)
FNDA:0,(anonymous_4)
FNDA:0,(anonymous_5)
FNDA:0,(anonymous_6)
FNDA:0,(anonymous_7)
FNDA:0,(anonymous_8)
FNDA:0,(anonymous_9)
FNDA:0,(anonymous_10)
FNDA:0,(anonymous_11)
DA:7,0
DA:16,0
DA:20,0
DA:21,0
DA:22,0
DA:24,0
DA:25,0
DA:32,0
DA:35,0
DA:37,0
DA:43,0
DA:44,0
DA:45,0
DA:55,0
DA:57,0
DA:59,0
DA:66,0
DA:83,0
DA:85,0
DA:120,0
DA:138,0
DA:140,0
DA:175,0
DA:182,0
DA:183,0
DA:184,0
DA:199,0
DA:201,0
DA:234,0
LF:29
LH:0
BRDA:13,0,0,0
BRDA:14,1,0,0
BRDA:15,2,0,0
BRDA:55,3,0,0
BRDA:80,4,0,0
BRDA:81,5,0,0
BRDA:82,6,0,0
BRDA:135,7,0,0
BRDA:136,8,0,0
BRDA:137,9,0,0
BRDA:195,10,0,0
BRDA:196,11,0,0
BRDA:197,12,0,0
BRDA:198,13,0,0
BRF:14
BRH:0
end_of_record
TN:
SF:src/handlers/analytics/daily-drive-recap.ts
FN:34,initDrive
FN:39,getDailyFileName
FN:46,findDailyFile
FN:79,readDailyFileContent
FN:94,createDailyTemplate
FN:142,updateSummaryCounters
FN:189,addActivityToSection
FN:237,(anonymous_7)
FN:256,(anonymous_8)
FN:265,createOrUpdateDailyFile
FN:312,updateDailyRecap
FN:391,getCurrentDailyRecap
FNF:12
FNH:0
FNDA:0,initDrive
FNDA:0,getDailyFileName
FNDA:0,findDailyFile
FNDA:0,readDailyFileContent
FNDA:0,createDailyTemplate
FNDA:0,updateSummaryCounters
FNDA:0,addActivityToSection
FNDA:0,(anonymous_7)
FNDA:0,(anonymous_8)
FNDA:0,createOrUpdateDailyFile
FNDA:0,updateDailyRecap
FNDA:0,getCurrentDailyRecap
DA:8,0
DA:17,0
DA:31,0
DA:35,0
DA:40,0
DA:41,0
DA:42,0
DA:47,0
DA:48,0
DA:51,0
DA:52,0
DA:53,0
DA:56,0
DA:57,0
DA:58,0
DA:60,0
DA:65,0
DA:66,0
DA:67,0
DA:68,0
DA:71,0
DA:73,0
DA:74,0
DA:80,0
DA:81,0
DA:86,0
DA:88,0
DA:89,0
DA:95,0
DA:96,0
DA:103,0
DA:143,0
DA:144,0
DA:146,0
DA:147,0
DA:148,0
DA:150,0
DA:151,0
DA:152,0
DA:155,0
DA:156,0
DA:157,0
DA:160,0
DA:161,0
DA:162,0
DA:163,0
DA:166,0
DA:167,0
DA:168,0
DA:169,0
DA:172,0
DA:173,0
DA:174,0
DA:175,0
DA:178,0
DA:179,0
DA:180,0
DA:181,0
DA:185,0
DA:190,0
DA:191,0
DA:197,0
DA:198,0
DA:201,0
DA:208,0
DA:209,0
DA:211,0
DA:212,0
DA:213,0
DA:215,0
DA:216,0
DA:218,0
DA:219,0
DA:220,0
DA:222,0
DA:227,0
DA:228,0
DA:231,0
DA:235,0
DA:237,0
DA:238,0
DA:245,0
DA:246,0
DA:247,0
DA:251,0
DA:252,0
DA:256,0
DA:257,0
DA:258,0
DA:261,0
DA:266,0
DA:267,0
DA:269,0
DA:270,0
DA:272,0
DA:273,0
DA:275,0
DA:283,0
DA:284,0
DA:287,0
DA:293,0
DA:302,0
DA:303,0
DA:306,0
DA:307,0
DA:313,0
DA:315,0
DA:317,0
DA:318,0
DA:325,0
DA:326,0
DA:328,0
DA:330,0
DA:331,0
DA:333,0
DA:337,0
DA:340,0
DA:348,0
DA:350,0
DA:352,0
DA:353,0
DA:359,0
DA:373,0
DA:381,0
DA:382,0
DA:392,0
DA:394,0
DA:395,0
DA:402,0
DA:403,0
DA:404,0
DA:406,0
DA:407,0
DA:408,0
DA:419,0
DA:427,0
LF:136
LH:0
BRDA:39,0,0,0
BRDA:42,1,0,0
BRDA:42,1,1,0
BRDA:46,2,0,0
BRDA:52,3,0,0
BRDA:52,3,1,0
BRDA:52,4,0,0
BRDA:52,4,1,0
BRDA:58,5,0,0
BRDA:58,5,1,0
BRDA:65,6,0,0
BRDA:65,6,1,0
BRDA:65,7,0,0
BRDA:65,7,1,0
BRDA:86,8,0,0
BRDA:86,8,1,0
BRDA:94,9,0,0
BRDA:106,10,0,0
BRDA:106,10,1,0
BRDA:106,11,0,0
BRDA:106,11,1,0
BRDA:148,12,0,0
BRDA:148,12,1,0
BRDA:150,13,0,0
BRDA:150,13,1,0
BRDA:155,14,0,0
BRDA:155,14,1,0
BRDA:155,15,0,0
BRDA:155,15,1,0
BRDA:160,16,0,0
BRDA:160,16,1,0
BRDA:160,17,0,0
BRDA:160,17,1,0
BRDA:160,17,2,0
BRDA:162,18,0,0
BRDA:162,18,1,0
BRDA:166,19,0,0
BRDA:166,19,1,0
BRDA:166,20,0,0
BRDA:166,20,1,0
BRDA:166,20,2,0
BRDA:168,21,0,0
BRDA:168,21,1,0
BRDA:172,22,0,0
BRDA:172,22,1,0
BRDA:172,23,0,0
BRDA:172,23,1,0
BRDA:172,23,2,0
BRDA:174,24,0,0
BRDA:174,24,1,0
BRDA:178,25,0,0
BRDA:178,25,1,0
BRDA:178,26,0,0
BRDA:178,26,1,0
BRDA:178,26,2,0
BRDA:180,27,0,0
BRDA:180,27,1,0
BRDA:191,28,0,0
BRDA:191,28,1,0
BRDA:209,29,0,0
BRDA:209,29,1,0
BRDA:213,30,0,0
BRDA:213,30,1,0
BRDA:215,31,0,0
BRDA:215,31,1,0
BRDA:220,32,0,0
BRDA:220,32,1,0
BRDA:222,33,0,0
BRDA:222,33,1,0
BRDA:222,34,0,0
BRDA:222,34,1,0
BRDA:222,34,2,0
BRDA:222,34,3,0
BRDA:222,34,4,0
BRDA:235,35,0,0
BRDA:235,35,1,0
BRDA:235,36,0,0
BRDA:235,36,1,0
BRDA:238,37,0,0
BRDA:238,37,1,0
BRDA:238,37,2,0
BRDA:238,37,3,0
BRDA:238,37,4,0
BRDA:238,37,5,0
BRDA:245,38,0,0
BRDA:245,38,1,0
BRDA:257,39,0,0
BRDA:257,39,1,0
BRDA:267,40,0,0
BRDA:267,40,1,0
BRDA:273,41,0,0
BRDA:273,41,1,0
BRDA:317,42,0,0
BRDA:317,42,1,0
BRDA:330,43,0,0
BRDA:330,43,1,0
BRDA:344,44,0,0
BRDA:344,44,1,0
BRDA:350,45,0,0
BRDA:350,45,1,0
BRDA:365,46,0,0
BRDA:365,46,1,0
BRDA:394,47,0,0
BRDA:394,47,1,0
BRDA:394,48,0,0
BRDA:394,48,1,0
BRDA:406,49,0,0
BRDA:406,49,1,0
BRF:108
BRH:0
end_of_record
TN:
SF:src/handlers/analytics/dashboard-analytics.ts
FN:62,(anonymous_0)
FN:70,(anonymous_1)
FN:117,(anonymous_2)
FN:118,(anonymous_3)
FN:119,(anonymous_4)
FN:140,(anonymous_5)
FN:159,(anonymous_6)
FN:197,(anonymous_7)
FN:207,(anonymous_8)
FN:246,(anonymous_9)
FN:249,(anonymous_10)
FN:265,(anonymous_11)
FN:275,(anonymous_12)
FN:295,(anonymous_13)
FN:325,dashboardMain
FN:349,dashboardConversations
FN:368,dashboardServices
FN:377,(anonymous_17)
FN:396,dashboardHandlers
FN:407,(anonymous_19)
FN:410,(anonymous_20)
FN:420,dashboardHealth
FN:443,dashboardUsers
FN:456,(anonymous_23)
FNF:24
FNH:0
FNDA:0,(anonymous_0)
FNDA:0,(anonymous_1)
FNDA:0,(anonymous_2)
FNDA:0,(anonymous_3)
FNDA:0,(anonymous_4)
FNDA:0,(anonymous_5)
FNDA:0,(anonymous_6)
FNDA:0,(anonymous_7)
FNDA:0,(anonymous_8)
FNDA:0,(anonymous_9)
FNDA:0,(anonymous_10)
FNDA:0,(anonymous_11)
FNDA:0,(anonymous_12)
FNDA:0,(anonymous_13)
FNDA:0,dashboardMain
FNDA:0,dashboardConversations
FNDA:0,dashboardServices
FNDA:0,(anonymous_17)
FNDA:0,dashboardHandlers
FNDA:0,(anonymous_19)
FNDA:0,(anonymous_20)
FNDA:0,dashboardHealth
FNDA:0,dashboardUsers
FNDA:0,(anonymous_23)
DA:59,0
DA:60,0
DA:63,0
DA:64,0
DA:66,0
DA:71,0
DA:72,0
DA:73,0
DA:74,0
DA:76,0
DA:88,0
DA:89,0
DA:91,0
DA:92,0
DA:95,0
DA:97,0
DA:100,0
DA:102,0
DA:105,0
DA:107,0
DA:110,0
DA:113,0
DA:114,0
DA:115,0
DA:117,0
DA:118,0
DA:119,0
DA:121,0
DA:122,0
DA:123,0
DA:126,0
DA:129,0
DA:132,0
DA:137,0
DA:141,0
DA:152,0
DA:153,0
DA:155,0
DA:159,0
DA:160,0
DA:161,0
DA:163,0
DA:164,0
DA:166,0
DA:167,0
DA:169,0
DA:170,0
DA:172,0
DA:173,0
DA:175,0
DA:176,0
DA:178,0
DA:179,0
DA:181,0
DA:182,0
DA:184,0
DA:185,0
DA:190,0
DA:194,0
DA:198,0
DA:200,0
DA:201,0
DA:202,0
DA:207,0
DA:208,0
DA:209,0
DA:211,0
DA:212,0
DA:222,0
DA:223,0
DA:225,0
DA:226,0
DA:229,0
DA:230,0
DA:234,0
DA:235,0
DA:238,0
DA:242,0
DA:246,0
DA:250,0
DA:251,0
DA:253,0
DA:266,0
DA:268,0
DA:269,0
DA:270,0
DA:275,0
DA:276,0
DA:277,0
DA:288,0
DA:292,0
DA:296,0
DA:304,0
DA:322,0
DA:326,0
DA:327,0
DA:329,0
DA:344,0
DA:350,0
DA:351,0
DA:353,0
DA:363,0
DA:369,0
DA:370,0
DA:372,0
DA:377,0
DA:379,0
DA:391,0
DA:397,0
DA:398,0
DA:400,0
DA:407,0
DA:410,0
DA:415,0
DA:421,0
DA:422,0
DA:424,0
DA:438,0
DA:444,0
DA:445,0
DA:446,0
DA:448,0
DA:456,0
DA:461,0
LF:124
LH:0
BRDA:88,0,0,0
BRDA:88,0,1,0
BRDA:152,1,0,0
BRDA:152,1,1,0
BRDA:161,2,0,0
BRDA:161,2,1,0
BRDA:163,3,0,0
BRDA:163,3,1,0
BRDA:163,4,0,0
BRDA:163,4,1,0
BRDA:166,5,0,0
BRDA:166,5,1,0
BRDA:166,6,0,0
BRDA:166,6,1,0
BRDA:169,7,0,0
BRDA:169,7,1,0
BRDA:169,8,0,0
BRDA:169,8,1,0
BRDA:172,9,0,0
BRDA:172,9,1,0
BRDA:172,10,0,0
BRDA:172,10,1,0
BRDA:175,11,0,0
BRDA:175,11,1,0
BRDA:178,12,0,0
BRDA:178,12,1,0
BRDA:178,13,0,0
BRDA:178,13,1,0
BRDA:181,14,0,0
BRDA:181,14,1,0
BRDA:181,15,0,0
BRDA:181,15,1,0
BRDA:184,16,0,0
BRDA:184,16,1,0
BRDA:200,17,0,0
BRDA:200,17,1,0
BRDA:209,18,0,0
BRDA:209,18,1,0
BRDA:211,19,0,0
BRDA:211,19,1,0
BRDA:225,20,0,0
BRDA:225,20,1,0
BRDA:225,21,0,0
BRDA:225,21,1,0
BRDA:229,22,0,0
BRDA:229,22,1,0
BRDA:234,23,0,0
BRDA:234,23,1,0
BRDA:234,24,0,0
BRDA:234,24,1,0
BRDA:259,25,0,0
BRDA:259,25,1,0
BRDA:265,26,0,0
BRDA:268,27,0,0
BRDA:268,27,1,0
BRDA:279,28,0,0
BRDA:279,28,1,0
BRDA:279,28,2,0
BRDA:280,29,0,0
BRDA:280,29,1,0
BRDA:281,30,0,0
BRDA:281,30,1,0
BRDA:282,31,0,0
BRDA:282,31,1,0
BRDA:283,32,0,0
BRDA:283,32,1,0
BRDA:313,33,0,0
BRDA:313,33,1,0
BRDA:332,34,0,0
BRDA:332,34,1,0
BRDA:357,35,0,0
BRDA:357,35,1,0
BRDA:358,36,0,0
BRDA:358,36,1,0
BRDA:359,37,0,0
BRDA:359,37,1,0
BRDA:383,38,0,0
BRDA:383,38,1,0
BRDA:384,39,0,0
BRDA:384,39,1,0
BRDA:385,40,0,0
BRDA:385,40,1,0
BRDA:405,41,0,0
BRDA:405,41,1,0
BRDA:406,42,0,0
BRDA:406,42,1,0
BRDA:409,43,0,0
BRDA:409,43,1,0
BRDA:431,44,0,0
BRDA:431,44,1,0
BRDA:433,45,0,0
BRDA:433,45,1,0
BRDA:445,46,0,0
BRDA:445,46,1,0
BRDA:453,47,0,0
BRDA:453,47,1,0
BRDA:454,48,0,0
BRDA:454,48,1,0
BRDA:455,49,0,0
BRDA:455,49,1,0
BRF:100
BRH:0
end_of_record
TN:
SF:src/handlers/analytics/registry.ts
FN:22,registerAnalyticsHandlers
FNF:1
FNH:0
FNDA:0,registerAnalyticsHandlers
DA:24,0
DA:25,0
DA:26,0
DA:36,0
DA:46,0
DA:47,0
DA:48,0
DA:58,0
DA:63,0
DA:66,0
LF:10
LH:0
BRDA:24,0,0,0
BRDA:24,0,1,0
BRDA:24,1,0,0
BRDA:24,1,1,0
BRDA:46,2,0,0
BRDA:46,2,1,0
BRDA:46,3,0,0
BRDA:46,3,1,0
BRF:8
BRH:0
end_of_record
TN:
SF:src/handlers/analytics/weekly-report.ts
FN:19,getGmailService
FN:24,getUserConversations
FN:37,(anonymous_2)
FN:48,aggregateDailyConversations
FN:51,(anonymous_4)
FN:63,generateQualitativeAnalysis
FN:71,(anonymous_6)
FN:91,(anonymous_7)
FN:100,(anonymous_8)
FN:102,(anonymous_9)
FN:106,(anonymous_10)
FN:107,(anonymous_11)
FN:143,generatePerspective
FN:157,(anonymous_13)
FN:163,(anonymous_14)
FN:164,(anonymous_15)
FN:190,generateRecommendations
FN:224,extractKeyHighlights
FN:227,(anonymous_18)
FN:249,calculateAverageResponseTime
FN:251,(anonymous_20)
FN:252,(anonymous_21)
FN:256,(anonymous_22)
FN:261,countSuccessfulResolutions
FN:262,(anonymous_24)
FN:270,identifyFollowUps
FN:273,(anonymous_26)
FN:287,formatEmailReport
FN:318,(anonymous_28)
FN:346,(anonymous_29)
FN:354,(anonymous_30)
FN:363,(anonymous_31)
FN:385,sendEmailToZero
FN:430,saveReportToDrive
FN:463,generateWeeklyReport
FN:515,archiveProcessedConversations
FN:520,(anonymous_36)
FN:540,scheduleWeeklyReport
FN:556,getNextSunday
FN:566,generateMonthlyReport
FN:614,generateMonthlyAnalysis
FN:643,(anonymous_41)
FN:649,(anonymous_42)
FN:679,getWeeklyBreakdown
FN:682,(anonymous_44)
FN:695,calculateMonthlyTrends
FN:702,(anonymous_46)
FN:703,(anonymous_47)
FN:712,(anonymous_48)
FN:718,analyzeServiceEvolution
FN:721,(anonymous_50)
FN:741,(anonymous_51)
FN:746,(anonymous_52)
FN:755,(anonymous_53)
FN:760,analyzeClientPatterns
FN:765,(anonymous_55)
FN:785,(anonymous_56)
FN:794,calculateMonthlyPerformance
FN:795,(anonymous_58)
FN:799,(anonymous_59)
FN:803,(anonymous_60)
FN:813,(anonymous_61)
FN:819,(anonymous_62)
FN:826,generateExecutiveSummary
FN:863,extractWeekFocus
FN:866,(anonymous_65)
FN:872,(anonymous_66)
FN:878,calculateWeekEfficiency
FN:881,(anonymous_68)
FN:889,generateMonthlyStrategicRecommendations
FN:927,generateNextMonthPriorities
FN:939,(anonymous_71)
FN:956,formatMonthlyExecutiveReport
FN:998,(anonymous_73)
FN:1009,(anonymous_74)
FN:1042,(anonymous_75)
FN:1066,(anonymous_76)
FN:1073,(anonymous_77)
FN:1095,sendMonthlyReportToZero
FN:1139,scheduleMonthlyReport
FNF:80
FNH:0
FNDA:0,getGmailService
FNDA:0,getUserConversations
FNDA:0,(anonymous_2)
FNDA:0,aggregateDailyConversations
FNDA:0,(anonymous_4)
FNDA:0,generateQualitativeAnalysis
FNDA:0,(anonymous_6)
FNDA:0,(anonymous_7)
FNDA:0,(anonymous_8)
FNDA:0,(anonymous_9)
FNDA:0,(anonymous_10)
FNDA:0,(anonymous_11)
FNDA:0,generatePerspective
FNDA:0,(anonymous_13)
FNDA:0,(anonymous_14)
FNDA:0,(anonymous_15)
FNDA:0,generateRecommendations
FNDA:0,extractKeyHighlights
FNDA:0,(anonymous_18)
FNDA:0,calculateAverageResponseTime
FNDA:0,(anonymous_20)
FNDA:0,(anonymous_21)
FNDA:0,(anonymous_22)
FNDA:0,countSuccessfulResolutions
FNDA:0,(anonymous_24)
FNDA:0,identifyFollowUps
FNDA:0,(anonymous_26)
FNDA:0,formatEmailReport
FNDA:0,(anonymous_28)
FNDA:0,(anonymous_29)
FNDA:0,(anonymous_30)
FNDA:0,(anonymous_31)
FNDA:0,sendEmailToZero
FNDA:0,saveReportToDrive
FNDA:0,generateWeeklyReport
FNDA:0,archiveProcessedConversations
FNDA:0,(anonymous_36)
FNDA:0,scheduleWeeklyReport
FNDA:0,getNextSunday
FNDA:0,generateMonthlyReport
FNDA:0,generateMonthlyAnalysis
FNDA:0,(anonymous_41)
FNDA:0,(anonymous_42)
FNDA:0,getWeeklyBreakdown
FNDA:0,(anonymous_44)
FNDA:0,calculateMonthlyTrends
FNDA:0,(anonymous_46)
FNDA:0,(anonymous_47)
FNDA:0,(anonymous_48)
FNDA:0,analyzeServiceEvolution
FNDA:0,(anonymous_50)
FNDA:0,(anonymous_51)
FNDA:0,(anonymous_52)
FNDA:0,(anonymous_53)
FNDA:0,analyzeClientPatterns
FNDA:0,(anonymous_55)
FNDA:0,(anonymous_56)
FNDA:0,calculateMonthlyPerformance
FNDA:0,(anonymous_58)
FNDA:0,(anonymous_59)
FNDA:0,(anonymous_60)
FNDA:0,(anonymous_61)
FNDA:0,(anonymous_62)
FNDA:0,generateExecutiveSummary
FNDA:0,extractWeekFocus
FNDA:0,(anonymous_65)
FNDA:0,(anonymous_66)
FNDA:0,calculateWeekEfficiency
FNDA:0,(anonymous_68)
FNDA:0,generateMonthlyStrategicRecommendations
FNDA:0,generateNextMonthPriorities
FNDA:0,(anonymous_71)
FNDA:0,formatMonthlyExecutiveReport
FNDA:0,(anonymous_73)
FNDA:0,(anonymous_74)
FNDA:0,(anonymous_75)
FNDA:0,(anonymous_76)
FNDA:0,(anonymous_77)
FNDA:0,sendMonthlyReportToZero
FNDA:0,scheduleMonthlyReport
DA:9,0
DA:10,0
DA:11,0
DA:14,0
DA:20,0
DA:25,0
DA:26,0
DA:27,0
DA:29,0
DA:37,0
DA:42,0
DA:43,0
DA:49,0
DA:51,0
DA:52,0
DA:53,0
DA:54,0
DA:56,0
DA:59,0
DA:64,0
DA:67,0
DA:68,0
DA:69,0
DA:71,0
DA:73,0
DA:76,0
DA:77,0
DA:80,0
DA:81,0
DA:82,0
DA:83,0
DA:84,0
DA:85,0
DA:89,0
DA:90,0
DA:91,0
DA:92,0
DA:93,0
DA:94,0
DA:99,0
DA:100,0
DA:102,0
DA:105,0
DA:106,0
DA:107,0
DA:110,0
DA:139,0
DA:144,0
DA:147,0
DA:148,0
DA:149,0
DA:150,0
DA:151,0
DA:153,0
DA:157,0
DA:158,0
DA:159,0
DA:163,0
DA:164,0
DA:166,0
DA:167,0
DA:168,0
DA:169,0
DA:173,0
DA:174,0
DA:175,0
DA:176,0
DA:178,0
DA:182,0
DA:183,0
DA:186,0
DA:191,0
DA:194,0
DA:195,0
DA:198,0
DA:199,0
DA:202,0
DA:203,0
DA:207,0
DA:208,0
DA:211,0
DA:212,0
DA:216,0
DA:217,0
DA:220,0
DA:225,0
DA:227,0
DA:228,0
DA:231,0
DA:232,0
DA:234,0
DA:235,0
DA:237,0
DA:238,0
DA:240,0
DA:241,0
DA:245,0
DA:250,0
DA:251,0
DA:252,0
DA:254,0
DA:256,0
DA:257,0
DA:262,0
DA:263,0
DA:271,0
DA:273,0
DA:274,0
DA:275,0
DA:279,0
DA:283,0
DA:288,0
DA:318,0
DA:319,0
DA:346,0
DA:354,0
DA:363,0
DA:371,0
DA:381,0
DA:386,0
DA:387,0
DA:388,0
DA:389,0
DA:392,0
DA:395,0
DA:405,0
DA:411,0
DA:418,0
DA:419,0
DA:422,0
DA:425,0
DA:431,0
DA:432,0
DA:433,0
DA:434,0
DA:437,0
DA:442,0
DA:447,0
DA:453,0
DA:454,0
DA:457,0
DA:458,0
DA:464,0
DA:467,0
DA:468,0
DA:469,0
DA:471,0
DA:474,0
DA:475,0
DA:478,0
DA:480,0
DA:482,0
DA:483,0
DA:486,0
DA:489,0
DA:494,0
DA:495,0
DA:496,0
DA:498,0
DA:499,0
DA:506,0
DA:507,0
DA:516,0
DA:517,0
DA:518,0
DA:520,0
DA:521,0
DA:522,0
DA:528,0
DA:529,0
DA:532,0
DA:533,0
DA:535,0
DA:541,0
DA:544,0
DA:545,0
DA:546,0
DA:548,0
DA:557,0
DA:558,0
DA:559,0
DA:560,0
DA:561,0
DA:562,0
DA:567,0
DA:570,0
DA:571,0
DA:572,0
DA:574,0
DA:577,0
DA:578,0
DA:581,0
DA:583,0
DA:585,0
DA:586,0
DA:591,0
DA:592,0
DA:593,0
DA:595,0
DA:596,0
DA:606,0
DA:615,0
DA:618,0
DA:621,0
DA:624,0
DA:627,0
DA:630,0
DA:633,0
DA:635,0
DA:643,0
DA:649,0
DA:680,0
DA:682,0
DA:683,0
DA:684,0
DA:685,0
DA:686,0
DA:687,0
DA:691,0
DA:696,0
DA:697,0
DA:699,0
DA:702,0
DA:703,0
DA:706,0
DA:709,0
DA:712,0
DA:719,0
DA:721,0
DA:722,0
DA:723,0
DA:725,0
DA:726,0
DA:729,0
DA:730,0
DA:731,0
DA:735,0
DA:736,0
DA:738,0
DA:739,0
DA:741,0
DA:742,0
DA:743,0
DA:746,0
DA:747,0
DA:748,0
DA:751,0
DA:755,0
DA:761,0
DA:762,0
DA:763,0
DA:765,0
DA:766,0
DA:769,0
DA:770,0
DA:771,0
DA:772,0
DA:775,0
DA:776,0
DA:778,0
DA:779,0
DA:783,0
DA:785,0
DA:795,0
DA:796,0
DA:799,0
DA:800,0
DA:802,0
DA:803,0
DA:804,0
DA:805,0
DA:806,0
DA:807,0
DA:808,0
DA:812,0
DA:813,0
DA:815,0
DA:820,0
DA:832,0
DA:834,0
DA:836,0
DA:837,0
DA:838,0
DA:839,0
DA:841,0
DA:844,0
DA:845,0
DA:848,0
DA:849,0
DA:850,0
DA:851,0
DA:852,0
DA:853,0
DA:855,0
DA:856,0
DA:859,0
DA:864,0
DA:866,0
DA:867,0
DA:868,0
DA:871,0
DA:872,0
DA:874,0
DA:879,0
DA:881,0
DA:882,0
DA:885,0
DA:895,0
DA:898,0
DA:899,0
DA:903,0
DA:904,0
DA:907,0
DA:908,0
DA:912,0
DA:913,0
DA:917,0
DA:918,0
DA:919,0
DA:922,0
DA:932,0
DA:935,0
DA:936,0
DA:939,0
DA:940,0
DA:944,0
DA:945,0
DA:949,0
DA:950,0
DA:952,0
DA:957,0
DA:959,0
DA:997,0
DA:998,0
DA:1000,0
DA:1009,0
DA:1010,0
DA:1013,0
DA:1042,0
DA:1066,0
DA:1073,0
DA:1079,0
DA:1091,0
DA:1097,0
DA:1100,0
DA:1101,0
DA:1102,0
DA:1103,0
DA:1106,0
DA:1116,0
DA:1122,0
DA:1129,0
DA:1130,0
DA:1133,0
DA:1134,0
DA:1140,0
DA:1141,0
DA:1143,0
DA:1144,0
DA:1145,0
DA:1147,0
DA:1148,0
DA:1156,0
LF:363
LH:0
BRDA:53,0,0,0
BRDA:53,0,1,0
BRDA:73,1,0,0
BRDA:73,1,1,0
BRDA:77,2,0,0
BRDA:77,2,1,0
BRDA:80,3,0,0
BRDA:80,3,1,0
BRDA:81,4,0,0
BRDA:81,4,1,0
BRDA:81,5,0,0
BRDA:81,5,1,0
BRDA:82,6,0,0
BRDA:82,6,1,0
BRDA:82,7,0,0
BRDA:82,7,1,0
BRDA:82,8,0,0
BRDA:82,8,1,0
BRDA:83,9,0,0
BRDA:83,9,1,0
BRDA:83,10,0,0
BRDA:83,10,1,0
BRDA:83,11,0,0
BRDA:83,11,1,0
BRDA:84,12,0,0
BRDA:84,12,1,0
BRDA:84,13,0,0
BRDA:84,13,1,0
BRDA:84,14,0,0
BRDA:84,14,1,0
BRDA:85,15,0,0
BRDA:85,15,1,0
BRDA:85,16,0,0
BRDA:85,16,1,0
BRDA:85,17,0,0
BRDA:85,17,1,0
BRDA:92,18,0,0
BRDA:92,18,1,0
BRDA:148,19,0,0
BRDA:148,19,1,0
BRDA:150,20,0,0
BRDA:150,20,1,0
BRDA:158,21,0,0
BRDA:158,21,1,0
BRDA:163,22,0,0
BRDA:163,22,1,0
BRDA:164,23,0,0
BRDA:164,23,1,0
BRDA:166,24,0,0
BRDA:166,24,1,0
BRDA:168,25,0,0
BRDA:168,25,1,0
BRDA:173,26,0,0
BRDA:173,26,1,0
BRDA:175,27,0,0
BRDA:175,27,1,0
BRDA:182,28,0,0
BRDA:182,28,1,0
BRDA:182,29,0,0
BRDA:182,29,1,0
BRDA:194,30,0,0
BRDA:194,30,1,0
BRDA:194,31,0,0
BRDA:194,31,1,0
BRDA:198,32,0,0
BRDA:198,32,1,0
BRDA:198,33,0,0
BRDA:198,33,1,0
BRDA:202,34,0,0
BRDA:202,34,1,0
BRDA:202,35,0,0
BRDA:202,35,1,0
BRDA:207,36,0,0
BRDA:207,36,1,0
BRDA:211,37,0,0
BRDA:211,37,1,0
BRDA:216,38,0,0
BRDA:216,38,1,0
BRDA:220,39,0,0
BRDA:220,39,1,0
BRDA:228,40,0,0
BRDA:228,40,1,0
BRDA:231,41,0,0
BRDA:231,41,1,0
BRDA:231,42,0,0
BRDA:231,42,1,0
BRDA:234,43,0,0
BRDA:234,43,1,0
BRDA:234,44,0,0
BRDA:234,44,1,0
BRDA:237,45,0,0
BRDA:237,45,1,0
BRDA:237,46,0,0
BRDA:237,46,1,0
BRDA:240,47,0,0
BRDA:240,47,1,0
BRDA:240,48,0,0
BRDA:240,48,1,0
BRDA:251,49,0,0
BRDA:251,49,1,0
BRDA:254,50,0,0
BRDA:254,50,1,0
BRDA:263,51,0,0
BRDA:263,51,1,0
BRDA:263,51,2,0
BRDA:274,52,0,0
BRDA:274,52,1,0
BRDA:275,53,0,0
BRDA:275,53,1,0
BRDA:275,54,0,0
BRDA:275,54,1,0
BRDA:275,54,2,0
BRDA:275,54,3,0
BRDA:350,55,0,0
BRDA:350,55,1,0
BRDA:359,56,0,0
BRDA:359,56,1,0
BRDA:388,57,0,0
BRDA:388,57,1,0
BRDA:433,58,0,0
BRDA:433,58,1,0
BRDA:439,59,0,0
BRDA:439,59,1,0
BRDA:480,60,0,0
BRDA:480,60,1,0
BRDA:494,61,0,0
BRDA:494,61,1,0
BRDA:544,62,0,0
BRDA:544,62,1,0
BRDA:558,63,0,0
BRDA:558,63,1,0
BRDA:583,64,0,0
BRDA:583,64,1,0
BRDA:591,65,0,0
BRDA:591,65,1,0
BRDA:683,66,0,0
BRDA:683,66,1,0
BRDA:686,67,0,0
BRDA:686,67,1,0
BRDA:686,68,0,0
BRDA:686,68,1,0
BRDA:696,69,0,0
BRDA:696,69,1,0
BRDA:697,70,0,0
BRDA:697,70,1,0
BRDA:699,71,0,0
BRDA:699,71,1,0
BRDA:703,72,0,0
BRDA:703,72,1,0
BRDA:703,73,0,0
BRDA:703,73,1,0
BRDA:706,74,0,0
BRDA:706,74,1,0
BRDA:706,75,0,0
BRDA:706,75,1,0
BRDA:706,76,0,0
BRDA:706,76,1,0
BRDA:725,77,0,0
BRDA:725,77,1,0
BRDA:731,78,0,0
BRDA:731,78,1,0
BRDA:735,79,0,0
BRDA:735,79,1,0
BRDA:736,80,0,0
BRDA:736,80,1,0
BRDA:742,81,0,0
BRDA:742,81,1,0
BRDA:743,82,0,0
BRDA:743,82,1,0
BRDA:747,83,0,0
BRDA:747,83,1,0
BRDA:748,84,0,0
BRDA:748,84,1,0
BRDA:755,85,0,0
BRDA:755,85,1,0
BRDA:766,86,0,0
BRDA:766,86,1,0
BRDA:769,87,0,0
BRDA:769,87,1,0
BRDA:769,88,0,0
BRDA:769,88,1,0
BRDA:770,89,0,0
BRDA:770,89,1,0
BRDA:770,90,0,0
BRDA:770,90,1,0
BRDA:771,91,0,0
BRDA:771,91,1,0
BRDA:771,92,0,0
BRDA:771,92,1,0
BRDA:772,93,0,0
BRDA:772,93,1,0
BRDA:772,94,0,0
BRDA:772,94,1,0
BRDA:775,95,0,0
BRDA:775,95,1,0
BRDA:775,96,0,0
BRDA:775,96,1,0
BRDA:778,97,0,0
BRDA:778,97,1,0
BRDA:778,98,0,0
BRDA:778,98,1,0
BRDA:778,98,2,0
BRDA:789,99,0,0
BRDA:789,99,1,0
BRDA:796,100,0,0
BRDA:796,100,1,0
BRDA:800,101,0,0
BRDA:800,101,1,0
BRDA:800,102,0,0
BRDA:800,102,1,0
BRDA:804,103,0,0
BRDA:804,103,1,0
BRDA:807,104,0,0
BRDA:807,104,1,0
BRDA:808,105,0,0
BRDA:808,105,1,0
BRDA:818,106,0,0
BRDA:818,106,1,0
BRDA:836,107,0,0
BRDA:836,107,1,0
BRDA:838,108,0,0
BRDA:838,108,1,0
BRDA:845,109,0,0
BRDA:845,109,1,0
BRDA:848,110,0,0
BRDA:848,110,1,0
BRDA:851,111,0,0
BRDA:851,111,1,0
BRDA:868,112,0,0
BRDA:868,112,1,0
BRDA:874,113,0,0
BRDA:874,113,1,0
BRDA:879,114,0,0
BRDA:879,114,1,0
BRDA:882,115,0,0
BRDA:882,115,1,0
BRDA:898,116,0,0
BRDA:898,116,1,0
BRDA:903,117,0,0
BRDA:903,117,1,0
BRDA:907,118,0,0
BRDA:907,118,1,0
BRDA:912,119,0,0
BRDA:912,119,1,0
BRDA:917,120,0,0
BRDA:917,120,1,0
BRDA:922,121,0,0
BRDA:922,121,1,0
BRDA:935,122,0,0
BRDA:935,122,1,0
BRDA:944,123,0,0
BRDA:944,123,1,0
BRDA:1010,124,0,0
BRDA:1010,124,1,0
BRDA:1011,125,0,0
BRDA:1011,125,1,0
BRDA:1054,126,0,0
BRDA:1054,126,1,0
BRDA:1057,127,0,0
BRDA:1057,127,1,0
BRDA:1102,128,0,0
BRDA:1102,128,1,0
BRDA:1143,129,0,0
BRDA:1143,129,1,0
BRF:264
BRH:0
end_of_record
TN:
SF:src/handlers/auth/registry.ts
FN:11,registerAuthHandlers
FNF:1
FNH:0
FNDA:0,registerAuthHandlers
DA:13,0
DA:20,0
DA:23,0
LF:3
LH:0
BRF:0
BRH:0
end_of_record
TN:
SF:src/handlers/auth/team-login-secure.ts
FN:241,checkRateLimit
FN:284,recordFailedAttempt
FN:298,clearLoginAttempts
FN:305,resetLoginAttempts
FN:324,teamLoginSecure
FN:419,verifyToken
FN:431,getTeamMemberList
FN:432,(anonymous_7)
FN:444,getPermissionsForRole
FN:469,getPersonalizedResponse
FNF:10
FNH:0
FNDA:0,checkRateLimit
FNDA:0,recordFailedAttempt
FNDA:0,clearLoginAttempts
FNDA:0,resetLoginAttempts
FNDA:0,teamLoginSecure
FNDA:0,verifyToken
FNDA:0,getTeamMemberList
FNDA:0,(anonymous_7)
FNDA:0,getPermissionsForRole
FNDA:0,getPersonalizedResponse
DA:14,0
DA:15,0
DA:16,0
DA:17,0
DA:26,0
DA:29,0
DA:242,0
DA:243,0
DA:245,0
DA:246,0
DA:250,0
DA:251,0
DA:252,0
DA:260,0
DA:261,0
DA:262,0
DA:266,0
DA:267,0
DA:268,0
DA:270,0
DA:271,0
DA:278,0
DA:285,0
DA:286,0
DA:288,0
DA:289,0
DA:291,0
DA:299,0
DA:306,0
DA:308,0
DA:309,0
DA:312,0
DA:313,0
DA:315,0
DA:325,0
DA:328,0
DA:329,0
DA:332,0
DA:333,0
DA:337,0
DA:338,0
DA:339,0
DA:340,0
DA:344,0
DA:345,0
DA:346,0
DA:347,0
DA:348,0
DA:352,0
DA:353,0
DA:354,0
DA:355,0
DA:359,0
DA:361,0
DA:362,0
DA:363,0
DA:364,0
DA:366,0
DA:367,0
DA:375,0
DA:378,0
DA:390,0
DA:393,0
DA:396,0
DA:398,0
DA:420,0
DA:421,0
DA:422,0
DA:424,0
DA:432,0
DA:445,0
DA:463,0
DA:470,0
DA:477,0
LF:74
LH:0
BRDA:14,0,0,0
BRDA:14,0,1,0
BRDA:245,1,0,0
BRDA:245,1,1,0
BRDA:250,2,0,0
BRDA:250,2,1,0
BRDA:250,3,0,0
BRDA:250,3,1,0
BRDA:260,4,0,0
BRDA:260,4,1,0
BRDA:260,5,0,0
BRDA:260,5,1,0
BRDA:266,6,0,0
BRDA:266,6,1,0
BRDA:288,7,0,0
BRDA:288,7,1,0
BRDA:306,8,0,0
BRDA:306,8,1,0
BRDA:308,9,0,0
BRDA:308,9,1,0
BRDA:325,10,0,0
BRDA:325,10,1,0
BRDA:328,11,0,0
BRDA:328,11,1,0
BRDA:328,12,0,0
BRDA:328,12,1,0
BRDA:332,13,0,0
BRDA:332,13,1,0
BRDA:338,14,0,0
BRDA:338,14,1,0
BRDA:340,15,0,0
BRDA:340,15,1,0
BRDA:346,16,0,0
BRDA:346,16,1,0
BRDA:352,17,0,0
BRDA:352,17,1,0
BRDA:361,18,0,0
BRDA:361,18,1,0
BRDA:364,19,0,0
BRDA:364,19,1,0
BRDA:368,20,0,0
BRDA:368,20,1,0
BRDA:408,21,0,0
BRDA:408,21,1,0
BRDA:437,22,0,0
BRDA:437,22,1,0
BRDA:463,23,0,0
BRDA:463,23,1,0
BRDA:477,24,0,0
BRDA:477,24,1,0
BRDA:477,24,2,0
BRF:51
BRH:0
end_of_record
TN:
SF:src/handlers/auth/team-login.ts
FN:250,teamLogin
FN:321,getPermissionsForRole
FN:346,validateSession
FN:362,getTeamMembers
FN:363,(anonymous_4)
FN:375,logoutSession
FNF:6
FNH:0
FNDA:0,teamLogin
FNDA:0,getPermissionsForRole
FNDA:0,validateSession
FNDA:0,getTeamMembers
FNDA:0,(anonymous_4)
FNDA:0,logoutSession
DA:12,0
DA:245,0
DA:251,0
DA:253,0
DA:254,0
DA:258,0
DA:259,0
DA:260,0
DA:262,0
DA:263,0
DA:267,0
DA:268,0
DA:272,0
DA:273,0
DA:281,0
DA:284,0
DA:285,0
DA:298,0
DA:300,0
DA:322,0
DA:340,0
DA:347,0
DA:348,0
DA:349,0
DA:353,0
DA:354,0
DA:356,0
DA:363,0
DA:376,0
DA:377,0
DA:378,0
DA:379,0
DA:380,0
DA:382,0
LF:34
LH:0
BRDA:251,0,0,0
BRDA:251,0,1,0
BRDA:253,1,0,0
BRDA:253,1,1,0
BRDA:260,2,0,0
BRDA:260,2,1,0
BRDA:260,3,0,0
BRDA:260,3,1,0
BRDA:267,4,0,0
BRDA:267,4,1,0
BRDA:284,5,0,0
BRDA:284,5,1,0
BRDA:340,6,0,0
BRDA:340,6,1,0
BRDA:348,7,0,0
BRDA:348,7,1,0
BRDA:377,8,0,0
BRDA:377,8,1,0
BRF:18
BRH:0
end_of_record
TN:
SF:src/handlers/bali-zero/advisory.ts
FN:153,resolveKey
FN:163,documentPrepare
FN:179,assistantRoute
FNF:3
FNH:0
FNDA:0,resolveKey
FNDA:0,documentPrepare
FNDA:0,assistantRoute
DA:13,0
DA:136,0
DA:145,0
DA:154,0
DA:155,0
DA:156,0
DA:157,0
DA:158,0
DA:159,0
DA:160,0
DA:164,0
DA:165,0
DA:166,0
DA:169,0
DA:180,0
DA:181,0
DA:182,0
DA:184,0
LF:18
LH:0
BRDA:154,0,0,0
BRDA:154,0,1,0
BRDA:155,1,0,0
BRDA:155,1,1,0
BRDA:156,2,0,0
BRDA:156,2,1,0
BRDA:156,3,0,0
BRDA:156,3,1,0
BRDA:157,4,0,0
BRDA:157,4,1,0
BRDA:158,5,0,0
BRDA:158,5,1,0
BRDA:158,6,0,0
BRDA:158,6,1,0
BRDA:159,7,0,0
BRDA:159,7,1,0
BRDA:163,8,0,0
BRDA:165,9,0,0
BRDA:165,9,1,0
BRDA:172,10,0,0
BRDA:172,10,1,0
BRDA:173,11,0,0
BRDA:173,11,1,0
BRDA:179,12,0,0
BRDA:181,13,0,0
BRDA:181,13,1,0
BRDA:182,14,0,0
BRDA:182,14,1,0
BRDA:188,15,0,0
BRDA:188,15,1,0
BRDA:188,16,0,0
BRDA:188,16,1,0
BRF:32
BRH:0
end_of_record
TN:
SF:src/handlers/bali-zero/bali-zero-pricing.ts
FN:212,baliZeroPricing
FN:253,(anonymous_1)
FN:255,(anonymous_2)
FN:292,baliZeroQuickPrice
FN:307,(anonymous_4)
FN:309,(anonymous_5)
FNF:6
FNH:0
FNDA:0,baliZeroPricing
FNDA:0,(anonymous_1)
FNDA:0,(anonymous_2)
FNDA:0,baliZeroQuickPrice
FNDA:0,(anonymous_4)
FNDA:0,(anonymous_5)
DA:18,0
DA:27,0
DA:213,0
DA:215,0
DA:216,0
DA:224,0
DA:226,0
DA:227,0
DA:228,0
DA:230,0
DA:231,0
DA:233,0
DA:234,0
DA:236,0
DA:237,0
DA:239,0
DA:240,0
DA:243,0
DA:244,0
DA:248,0
DA:249,0
DA:250,0
DA:253,0
DA:254,0
DA:255,0
DA:256,0
DA:259,0
DA:260,0
DA:266,0
DA:267,0
DA:268,0
DA:270,0
DA:274,0
DA:280,0
DA:283,0
DA:293,0
DA:295,0
DA:296,0
DA:303,0
DA:304,0
DA:305,0
DA:307,0
DA:308,0
DA:309,0
DA:310,0
DA:311,0
DA:312,0
DA:318,0
DA:319,0
DA:326,0
LF:50
LH:0
BRDA:224,0,0,0
BRDA:224,0,1,0
BRDA:224,0,2,0
BRDA:224,0,3,0
BRDA:224,0,4,0
BRDA:224,0,5,0
BRDA:224,0,6,0
BRDA:248,1,0,0
BRDA:248,1,1,0
BRDA:254,2,0,0
BRDA:254,2,1,0
BRDA:254,3,0,0
BRDA:254,3,1,0
BRDA:254,3,2,0
BRDA:256,4,0,0
BRDA:256,4,1,0
BRDA:256,5,0,0
BRDA:256,5,1,0
BRDA:256,5,2,0
BRDA:259,6,0,0
BRDA:259,6,1,0
BRDA:266,7,0,0
BRDA:266,7,1,0
BRDA:295,8,0,0
BRDA:295,8,1,0
BRDA:308,9,0,0
BRDA:308,9,1,0
BRDA:308,10,0,0
BRDA:308,10,1,0
BRDA:308,10,2,0
BRDA:310,11,0,0
BRDA:310,11,1,0
BRDA:318,12,0,0
BRDA:318,12,1,0
BRF:34
BRH:0
end_of_record
TN:
SF:src/handlers/bali-zero/kbli.ts
FN:201,searchKBLI
FN:205,(anonymous_1)
FN:206,(anonymous_2)
FN:222,kbliLookup
FN:278,(anonymous_4)
FN:293,kbliRequirements
FN:318,(anonymous_6)
FNF:7
FNH:0
FNDA:0,searchKBLI
FNDA:0,(anonymous_1)
FNDA:0,(anonymous_2)
FNDA:0,kbliLookup
FNDA:0,(anonymous_4)
FNDA:0,kbliRequirements
FNDA:0,(anonymous_6)
DA:5,0
DA:202,0
DA:203,0
DA:205,0
DA:206,0
DA:207,0
DA:213,0
DA:218,0
DA:223,0
DA:224,0
DA:226,0
DA:228,0
DA:229,0
DA:230,0
DA:239,0
DA:248,0
DA:250,0
DA:259,0
DA:261,0
DA:262,0
DA:273,0
DA:278,0
DA:285,0
DA:286,0
DA:294,0
DA:295,0
DA:297,0
DA:298,0
DA:304,0
DA:306,0
DA:307,0
DA:318,0
DA:326,0
DA:349,0
DA:350,0
LF:35
LH:0
BRDA:207,0,0,0
BRDA:207,0,1,0
BRDA:208,1,0,0
BRDA:208,1,1,0
BRDA:208,1,2,0
BRDA:208,1,3,0
BRDA:224,2,0,0
BRDA:224,2,1,0
BRDA:226,3,0,0
BRDA:226,3,1,0
BRDA:229,4,0,0
BRDA:229,4,1,0
BRDA:248,5,0,0
BRDA:248,5,1,0
BRDA:248,6,0,0
BRDA:248,6,1,0
BRDA:259,7,0,0
BRDA:259,7,1,0
BRDA:288,8,0,0
BRDA:288,8,1,0
BRDA:295,9,0,0
BRDA:295,9,1,0
BRDA:297,10,0,0
BRDA:297,10,1,0
BRDA:306,11,0,0
BRDA:306,11,1,0
BRDA:323,12,0,0
BRDA:323,12,1,0
BRDA:352,13,0,0
BRDA:352,13,1,0
BRF:30
BRH:0
end_of_record
TN:
SF:src/handlers/bali-zero/oracle-universal.ts
FN:25,oracleUniversalQuery
FN:74,oracleCollections
FNF:2
FNH:0
FNDA:0,oracleUniversalQuery
FNDA:0,oracleCollections
DA:12,0
DA:26,0
DA:27,0
DA:30,0
DA:31,0
DA:45,0
DA:46,0
DA:49,0
DA:51,0
DA:53,0
DA:66,0
DA:67,0
DA:75,0
DA:76,0
DA:83,0
DA:84,0
DA:87,0
DA:89,0
DA:96,0
DA:97,0
LF:20
LH:0
BRDA:26,0,0,0
BRDA:26,0,1,0
BRDA:38,1,0,0
BRDA:38,1,1,0
BRDA:45,2,0,0
BRDA:45,2,1,0
BRDA:83,3,0,0
BRDA:83,3,1,0
BRF:8
BRH:0
end_of_record
TN:
SF:src/handlers/bali-zero/oracle.ts
FN:134,resolveService
FN:144,deriveAdjustments
FN:151,(anonymous_2)
FN:162,timelineSummary
FN:169,oracleSimulate
FN:207,oracleAnalyze
FN:263,oraclePredict
FN:276,(anonymous_7)
FNF:8
FNH:0
FNDA:0,resolveService
FNDA:0,deriveAdjustments
FNDA:0,(anonymous_2)
FNDA:0,timelineSummary
FNDA:0,oracleSimulate
FNDA:0,oracleAnalyze
FNDA:0,oraclePredict
FNDA:0,(anonymous_7)
DA:26,0
DA:135,0
DA:136,0
DA:137,0
DA:138,0
DA:139,0
DA:140,0
DA:141,0
DA:145,0
DA:146,0
DA:148,0
DA:149,0
DA:151,0
DA:152,0
DA:153,0
DA:154,0
DA:157,0
DA:159,0
DA:163,0
DA:164,0
DA:165,0
DA:166,0
DA:170,0
DA:171,0
DA:172,0
DA:175,0
DA:176,0
DA:177,0
DA:178,0
DA:181,0
DA:182,0
DA:187,0
DA:189,0
DA:208,0
DA:209,0
DA:210,0
DA:213,0
DA:214,0
DA:216,0
DA:218,0
DA:264,0
DA:265,0
DA:266,0
DA:269,0
DA:270,0
DA:271,0
DA:273,0
DA:274,0
DA:276,0
DA:283,0
LF:50
LH:0
BRDA:135,0,0,0
BRDA:135,0,1,0
BRDA:136,1,0,0
BRDA:136,1,1,0
BRDA:137,2,0,0
BRDA:137,2,1,0
BRDA:137,3,0,0
BRDA:137,3,1,0
BRDA:138,4,0,0
BRDA:138,4,1,0
BRDA:139,5,0,0
BRDA:139,5,1,0
BRDA:140,6,0,0
BRDA:140,6,1,0
BRDA:140,7,0,0
BRDA:140,7,1,0
BRDA:145,8,0,0
BRDA:145,8,1,0
BRDA:146,9,0,0
BRDA:146,9,1,0
BRDA:148,10,0,0
BRDA:148,10,1,0
BRDA:148,11,0,0
BRDA:148,11,1,0
BRDA:149,12,0,0
BRDA:149,12,1,0
BRDA:149,13,0,0
BRDA:149,13,1,0
BRDA:152,14,0,0
BRDA:152,14,1,0
BRDA:152,15,0,0
BRDA:152,15,1,0
BRDA:153,16,0,0
BRDA:153,16,1,0
BRDA:153,17,0,0
BRDA:153,17,1,0
BRDA:157,18,0,0
BRDA:157,18,1,0
BRDA:157,19,0,0
BRDA:157,19,1,0
BRDA:157,20,0,0
BRDA:157,20,1,0
BRDA:163,21,0,0
BRDA:163,21,1,0
BRDA:164,22,0,0
BRDA:164,22,1,0
BRDA:165,23,0,0
BRDA:165,23,1,0
BRDA:169,24,0,0
BRDA:170,25,0,0
BRDA:170,25,1,0
BRDA:172,26,0,0
BRDA:172,26,1,0
BRDA:172,27,0,0
BRDA:172,27,1,0
BRDA:177,28,0,0
BRDA:177,28,1,0
BRDA:191,29,0,0
BRDA:191,29,1,0
BRDA:192,30,0,0
BRDA:192,30,1,0
BRDA:207,31,0,0
BRDA:208,32,0,0
BRDA:208,32,1,0
BRDA:210,33,0,0
BRDA:210,33,1,0
BRDA:210,34,0,0
BRDA:210,34,1,0
BRDA:224,35,0,0
BRDA:224,35,1,0
BRDA:233,36,0,0
BRDA:233,36,1,0
BRDA:256,37,0,0
BRDA:256,37,1,0
BRDA:256,38,0,0
BRDA:256,38,1,0
BRDA:257,39,0,0
BRDA:257,39,1,0
BRDA:257,40,0,0
BRDA:257,40,1,0
BRDA:263,41,0,0
BRDA:264,42,0,0
BRDA:264,42,1,0
BRDA:266,43,0,0
BRDA:266,43,1,0
BRDA:266,44,0,0
BRDA:266,44,1,0
BRDA:280,45,0,0
BRDA:280,45,1,0
BRDA:295,46,0,0
BRDA:295,46,1,0
BRDA:296,47,0,0
BRDA:296,47,1,0
BRF:93
BRH:0
end_of_record
TN:
SF:src/handlers/bali-zero/registry.ts
FN:16,registerBaliZeroHandlers
FNF:1
FNH:0
FNDA:0,registerBaliZeroHandlers
DA:18,0
DA:28,0
DA:37,0
DA:46,0
DA:55,0
DA:64,0
DA:72,0
DA:80,0
DA:88,0
DA:96,0
DA:99,0
LF:11
LH:0
BRF:0
BRH:0
end_of_record
TN:
SF:src/handlers/bali-zero/team-activity.ts
FN:26,teamRecentActivity
FN:35,(anonymous_1)
FNF:2
FNH:0
FNDA:0,teamRecentActivity
FNDA:0,(anonymous_1)
DA:27,0
DA:28,0
DA:31,0
DA:34,0
DA:35,0
DA:36,0
DA:37,0
DA:40,0
DA:41,0
DA:42,0
DA:43,0
DA:44,0
DA:45,0
DA:46,0
DA:48,0
DA:49,0
DA:52,0
DA:67,0
DA:69,0
DA:89,0
DA:90,0
LF:21
LH:0
BRDA:28,0,0,0
BRDA:28,1,0,0
BRDA:28,2,0,0
BRDA:28,2,1,0
BRDA:40,3,0,0
BRDA:40,3,1,0
BRDA:42,4,0,0
BRDA:42,4,1,0
BRDA:43,5,0,0
BRDA:43,5,1,0
BRDA:44,6,0,0
BRDA:44,6,1,0
BRDA:46,7,0,0
BRDA:46,7,1,0
BRDA:49,8,0,0
BRDA:49,8,1,0
BRDA:80,9,0,0
BRDA:80,9,1,0
BRDA:92,10,0,0
BRDA:92,10,1,0
BRF:20
BRH:0
end_of_record
TN:
SF:src/handlers/bali-zero/team.ts
FN:77,teamList
FN:85,(anonymous_1)
FN:90,(anonymous_2)
FN:98,(anonymous_3)
FN:127,teamGet
FN:134,(anonymous_5)
FN:136,(anonymous_6)
FN:173,teamDepartments
FN:186,(anonymous_8)
FN:222,teamTestRecognition
FN:247,(anonymous_10)
FNF:11
FNH:0
FNDA:0,teamList
FNDA:0,(anonymous_1)
FNDA:0,(anonymous_2)
FNDA:0,(anonymous_3)
FNDA:0,teamGet
FNDA:0,(anonymous_5)
FNDA:0,(anonymous_6)
FNDA:0,teamDepartments
FNDA:0,(anonymous_8)
FNDA:0,teamTestRecognition
FNDA:0,(anonymous_10)
DA:5,0
DA:78,0
DA:79,0
DA:81,0
DA:84,0
DA:85,0
DA:89,0
DA:90,0
DA:91,0
DA:96,0
DA:97,0
DA:98,0
DA:99,0
DA:104,0
DA:116,0
DA:117,0
DA:128,0
DA:129,0
DA:133,0
DA:134,0
DA:135,0
DA:136,0
DA:137,0
DA:140,0
DA:146,0
DA:147,0
DA:153,0
DA:162,0
DA:163,0
DA:174,0
DA:175,0
DA:177,0
DA:178,0
DA:179,0
DA:180,0
DA:186,0
DA:188,0
DA:203,0
DA:213,0
DA:214,0
DA:223,0
DA:224,0
DA:225,0
DA:226,0
DA:232,0
DA:233,0
DA:246,0
DA:247,0
DA:248,0
DA:254,0
DA:255,0
DA:264,0
DA:265,0
LF:53
LH:0
BRDA:79,0,0,0
BRDA:79,0,1,0
BRDA:84,1,0,0
BRDA:84,1,1,0
BRDA:89,2,0,0
BRDA:89,2,1,0
BRDA:96,3,0,0
BRDA:96,3,1,0
BRDA:99,4,0,0
BRDA:99,4,1,0
BRDA:119,5,0,0
BRDA:119,5,1,0
BRDA:129,6,0,0
BRDA:129,6,1,0
BRDA:133,7,0,0
BRDA:133,7,1,0
BRDA:135,8,0,0
BRDA:135,8,1,0
BRDA:146,9,0,0
BRDA:146,9,1,0
BRDA:165,10,0,0
BRDA:165,10,1,0
BRDA:175,11,0,0
BRDA:175,11,1,0
BRDA:177,12,0,0
BRDA:177,12,1,0
BRDA:179,13,0,0
BRDA:179,13,1,0
BRDA:216,14,0,0
BRDA:216,14,1,0
BRDA:224,15,0,0
BRDA:225,16,0,0
BRDA:225,16,1,0
BRDA:232,17,0,0
BRDA:232,17,1,0
BRDA:246,18,0,0
BRDA:246,18,1,0
BRDA:250,19,0,0
BRDA:250,19,1,0
BRDA:258,20,0,0
BRDA:258,20,1,0
BRDA:260,21,0,0
BRDA:260,21,1,0
BRDA:267,22,0,0
BRDA:267,22,1,0
BRF:45
BRH:0
end_of_record
TN:
SF:src/handlers/communication/communication.ts
FN:21,slackNotify
FN:74,discordNotify
FN:129,googleChatNotify
FNF:3
FNH:0
FNDA:0,slackNotify
FNDA:0,discordNotify
FNDA:0,googleChatNotify
DA:22,0
DA:24,0
DA:25,0
DA:28,0
DA:29,0
DA:30,0
DA:33,0
DA:34,0
DA:35,0
DA:37,0
DA:38,0
DA:44,0
DA:45,0
DA:48,0
DA:50,0
DA:75,0
DA:77,0
DA:78,0
DA:81,0
DA:82,0
DA:83,0
DA:86,0
DA:87,0
DA:88,0
DA:89,0
DA:90,0
DA:92,0
DA:93,0
DA:99,0
DA:100,0
DA:101,0
DA:104,0
DA:106,0
DA:130,0
DA:132,0
DA:133,0
DA:137,0
DA:139,0
DA:141,0
DA:142,0
DA:144,0
DA:147,0
DA:148,0
DA:150,0
DA:151,0
DA:157,0
DA:158,0
DA:161,0
DA:167,0
LF:49
LH:0
BRDA:22,0,0,0
BRDA:22,0,1,0
BRDA:24,1,0,0
BRDA:24,1,1,0
BRDA:24,2,0,0
BRDA:24,2,1,0
BRDA:28,3,0,0
BRDA:28,3,1,0
BRDA:29,4,0,0
BRDA:29,4,1,0
BRDA:34,5,0,0
BRDA:34,5,1,0
BRDA:35,6,0,0
BRDA:35,6,1,0
BRDA:44,7,0,0
BRDA:44,7,1,0
BRDA:75,8,0,0
BRDA:75,8,1,0
BRDA:77,9,0,0
BRDA:77,9,1,0
BRDA:77,10,0,0
BRDA:77,10,1,0
BRDA:81,11,0,0
BRDA:81,11,1,0
BRDA:82,12,0,0
BRDA:82,12,1,0
BRDA:87,13,0,0
BRDA:87,13,1,0
BRDA:88,14,0,0
BRDA:88,14,1,0
BRDA:89,15,0,0
BRDA:89,15,1,0
BRDA:90,16,0,0
BRDA:90,16,1,0
BRDA:99,17,0,0
BRDA:99,17,1,0
BRDA:130,18,0,0
BRDA:130,18,1,0
BRDA:132,19,0,0
BRDA:132,19,1,0
BRDA:132,20,0,0
BRDA:132,20,1,0
BRDA:139,21,0,0
BRDA:139,21,1,0
BRDA:141,22,0,0
BRDA:141,22,1,0
BRDA:148,23,0,0
BRDA:148,23,1,0
BRDA:157,24,0,0
BRDA:157,24,1,0
BRF:50
BRH:0
end_of_record
TN:
SF:src/handlers/communication/instagram.ts
FN:48,instagramWebhookVerify
FN:68,instagramWebhookReceiver
FN:111,handleInstagramMessage
FN:189,handleStoryMention
FN:217,getInstagramUserInfo
FN:232,saveInstagramMessageToMemory
FN:257,analyzeSentiment
FN:286,updateInstagramUserProfile
FN:331,calculateLeadScore
FN:347,(anonymous_9)
FN:348,(anonymous_10)
FN:360,shouldZantaraRespondInstagram
FN:380,(anonymous_12)
FN:399,buildInstagramPrompt
FN:414,sendIntelligentInstagramResponse
FN:423,(anonymous_15)
FN:450,sendInstagramMessage
FN:479,checkInstagramAlerts
FN:504,(anonymous_18)
FN:528,sendTeamAlert
FN:582,getInstagramUserAnalytics
FN:599,(anonymous_21)
FN:625,sendManualInstagramMessage
FNF:23
FNH:0
FNDA:0,instagramWebhookVerify
FNDA:0,instagramWebhookReceiver
FNDA:0,handleInstagramMessage
FNDA:0,handleStoryMention
FNDA:0,getInstagramUserInfo
FNDA:0,saveInstagramMessageToMemory
FNDA:0,analyzeSentiment
FNDA:0,updateInstagramUserProfile
FNDA:0,calculateLeadScore
FNDA:0,(anonymous_9)
FNDA:0,(anonymous_10)
FNDA:0,shouldZantaraRespondInstagram
FNDA:0,(anonymous_12)
FNDA:0,buildInstagramPrompt
FNDA:0,sendIntelligentInstagramResponse
FNDA:0,(anonymous_15)
FNDA:0,sendInstagramMessage
FNDA:0,checkInstagramAlerts
FNDA:0,(anonymous_18)
FNDA:0,sendTeamAlert
FNDA:0,getInstagramUserAnalytics
FNDA:0,(anonymous_21)
FNDA:0,sendManualInstagramMessage
DA:18,0
DA:43,0
DA:49,0
DA:50,0
DA:51,0
DA:53,0
DA:55,0
DA:56,0
DA:57,0
DA:59,0
DA:60,0
DA:69,0
DA:70,0
DA:73,0
DA:75,0
DA:78,0
DA:79,0
DA:80,0
DA:83,0
DA:85,0
DA:86,0
DA:87,0
DA:91,0
DA:92,0
DA:96,0
DA:97,0
DA:98,0
DA:103,0
DA:112,0
DA:113,0
DA:114,0
DA:115,0
DA:117,0
DA:118,0
DA:119,0
DA:123,0
DA:124,0
DA:125,0
DA:129,0
DA:130,0
DA:132,0
DA:135,0
DA:138,0
DA:147,0
DA:148,0
DA:151,0
DA:154,0
DA:161,0
DA:162,0
DA:163,0
DA:170,0
DA:174,0
DA:182,0
DA:190,0
DA:191,0
DA:193,0
DA:195,0
DA:198,0
DA:199,0
DA:201,0
DA:204,0
DA:206,0
DA:208,0
DA:210,0
DA:218,0
DA:219,0
DA:221,0
DA:222,0
DA:224,0
DA:225,0
DA:233,0
DA:234,0
DA:248,0
DA:250,0
DA:258,0
DA:259,0
DA:268,0
DA:274,0
DA:275,0
DA:276,0
DA:278,0
DA:279,0
DA:293,0
DA:294,0
DA:295,0
DA:310,0
DA:311,0
DA:316,0
DA:317,0
DA:320,0
DA:322,0
DA:324,0
DA:332,0
DA:335,0
DA:336,0
DA:337,0
DA:338,0
DA:341,0
DA:344,0
DA:345,0
DA:347,0
DA:348,0
DA:351,0
DA:352,0
DA:354,0
DA:361,0
DA:364,0
DA:365,0
DA:369,0
DA:370,0
DA:374,0
DA:375,0
DA:379,0
DA:380,0
DA:382,0
DA:383,0
DA:387,0
DA:388,0
DA:389,0
DA:393,0
DA:400,0
DA:415,0
DA:417,0
DA:422,0
DA:423,0
DA:427,0
DA:429,0
DA:435,0
DA:436,0
DA:439,0
DA:441,0
DA:443,0
DA:451,0
DA:452,0
DA:454,0
DA:468,0
DA:469,0
DA:471,0
DA:472,0
DA:480,0
DA:482,0
DA:485,0
DA:486,0
DA:494,0
DA:495,0
DA:503,0
DA:504,0
DA:505,0
DA:513,0
DA:514,0
DA:517,0
DA:518,0
DA:520,0
DA:529,0
DA:530,0
DA:532,0
DA:533,0
DA:534,0
DA:537,0
DA:551,0
DA:552,0
DA:553,0
DA:554,0
DA:556,0
DA:561,0
DA:562,0
DA:563,0
DA:571,0
DA:572,0
DA:574,0
DA:583,0
DA:585,0
DA:586,0
DA:589,0
DA:591,0
DA:592,0
DA:598,0
DA:599,0
DA:602,0
DA:626,0
DA:628,0
DA:629,0
DA:632,0
DA:634,0
LF:184
LH:0
BRDA:19,0,0,0
BRDA:19,0,1,0
BRDA:19,0,2,0
BRDA:20,1,0,0
BRDA:20,1,1,0
BRDA:21,2,0,0
BRDA:21,2,1,0
BRDA:22,3,0,0
BRDA:22,3,1,0
BRDA:55,4,0,0
BRDA:55,4,1,0
BRDA:55,5,0,0
BRDA:55,5,1,0
BRDA:78,6,0,0
BRDA:78,6,1,0
BRDA:78,7,0,0
BRDA:78,7,1,0
BRDA:83,8,0,0
BRDA:83,8,1,0
BRDA:85,9,0,0
BRDA:85,9,1,0
BRDA:85,10,0,0
BRDA:85,10,1,0
BRDA:91,11,0,0
BRDA:91,11,1,0
BRDA:96,12,0,0
BRDA:96,12,1,0
BRDA:97,13,0,0
BRDA:97,13,1,0
BRDA:117,14,0,0
BRDA:117,14,1,0
BRDA:117,15,0,0
BRDA:117,15,1,0
BRDA:123,16,0,0
BRDA:123,16,1,0
BRDA:123,17,0,0
BRDA:123,17,1,0
BRDA:130,18,0,0
BRDA:130,18,1,0
BRDA:135,19,0,0
BRDA:135,19,1,0
BRDA:161,20,0,0
BRDA:161,20,1,0
BRDA:201,21,0,0
BRDA:201,21,1,0
BRDA:224,22,0,0
BRDA:224,22,1,0
BRDA:238,23,0,0
BRDA:238,23,1,0
BRDA:239,24,0,0
BRDA:239,24,1,0
BRDA:240,25,0,0
BRDA:240,25,1,0
BRDA:274,26,0,0
BRDA:274,26,1,0
BRDA:275,27,0,0
BRDA:275,27,1,0
BRDA:275,27,2,0
BRDA:294,28,0,0
BRDA:294,28,1,0
BRDA:300,29,0,0
BRDA:300,29,1,0
BRDA:301,30,0,0
BRDA:301,30,1,0
BRDA:331,31,0,0
BRDA:335,32,0,0
BRDA:335,32,1,0
BRDA:336,33,0,0
BRDA:336,33,1,0
BRDA:337,34,0,0
BRDA:337,34,1,0
BRDA:338,35,0,0
BRDA:338,35,1,0
BRDA:341,36,0,0
BRDA:341,36,1,0
BRDA:347,37,0,0
BRDA:347,37,1,0
BRDA:348,38,0,0
BRDA:348,38,1,0
BRDA:351,39,0,0
BRDA:351,39,1,0
BRDA:352,40,0,0
BRDA:352,40,1,0
BRDA:364,41,0,0
BRDA:364,41,1,0
BRDA:369,42,0,0
BRDA:369,42,1,0
BRDA:369,43,0,0
BRDA:369,43,1,0
BRDA:369,44,0,0
BRDA:369,44,1,0
BRDA:374,45,0,0
BRDA:374,45,1,0
BRDA:374,46,0,0
BRDA:374,46,1,0
BRDA:382,47,0,0
BRDA:382,47,1,0
BRDA:388,48,0,0
BRDA:388,48,1,0
BRDA:403,49,0,0
BRDA:403,49,1,0
BRDA:404,50,0,0
BRDA:404,50,1,0
BRDA:422,51,0,0
BRDA:422,51,1,0
BRDA:422,52,0,0
BRDA:422,52,1,0
BRDA:435,53,0,0
BRDA:435,53,1,0
BRDA:436,54,0,0
BRDA:436,54,1,0
BRDA:436,54,2,0
BRDA:471,55,0,0
BRDA:471,55,1,0
BRDA:485,56,0,0
BRDA:485,56,1,0
BRDA:485,57,0,0
BRDA:485,57,1,0
BRDA:485,58,0,0
BRDA:485,58,1,0
BRDA:489,59,0,0
BRDA:489,59,1,0
BRDA:494,60,0,0
BRDA:494,60,1,0
BRDA:504,61,0,0
BRDA:504,61,1,0
BRDA:532,62,0,0
BRDA:532,62,1,0
BRDA:532,63,0,0
BRDA:532,63,1,0
BRDA:540,64,0,0
BRDA:540,64,1,0
BRDA:551,65,0,0
BRDA:551,65,1,0
BRDA:561,66,0,0
BRDA:561,66,1,0
BRDA:567,67,0,0
BRDA:567,67,1,0
BRDA:585,68,0,0
BRDA:585,68,1,0
BRDA:591,69,0,0
BRDA:591,69,1,0
BRDA:598,70,0,0
BRDA:598,70,1,0
BRDA:628,71,0,0
BRDA:628,71,1,0
BRDA:628,72,0,0
BRDA:628,72,1,0
BRF:148
BRH:0
end_of_record
TN:
SF:src/handlers/communication/registry.ts
FN:22,registerCommunicationHandlers
FNF:1
FNH:0
FNDA:0,registerCommunicationHandlers
DA:24,0
DA:31,0
DA:39,0
DA:47,0
DA:48,0
DA:49,0
DA:58,0
DA:61,0
LF:8
LH:0
BRDA:47,0,0,0
BRDA:47,0,1,0
BRDA:47,1,0,0
BRDA:47,1,1,0
BRF:4
BRH:0
end_of_record
TN:
SF:src/handlers/communication/translate.ts
FN:9,(anonymous_0)
FN:29,getTranslateService
FN:55,translateText
FN:123,(anonymous_3)
FN:138,translateBatch
FN:162,(anonymous_5)
FN:179,detectLanguage
FN:229,(anonymous_7)
FN:238,(anonymous_8)
FN:254,translateBusinessTemplate
FNF:10
FNH:0
FNDA:0,(anonymous_0)
FNDA:0,getTranslateService
FNDA:0,translateText
FNDA:0,(anonymous_3)
FNDA:0,translateBatch
FNDA:0,(anonymous_5)
FNDA:0,detectLanguage
FNDA:0,(anonymous_7)
FNDA:0,(anonymous_8)
FNDA:0,translateBusinessTemplate
DA:9,0
DA:10,0
DA:14,0
DA:30,0
DA:31,0
DA:32,0
DA:33,0
DA:37,0
DA:39,0
DA:40,0
DA:43,0
DA:50,0
DA:51,0
DA:61,0
DA:63,0
DA:64,0
DA:67,0
DA:68,0
DA:71,0
DA:72,0
DA:74,0
DA:83,0
DA:85,0
DA:90,0
DA:91,0
DA:92,0
DA:93,0
DA:94,0
DA:96,0
DA:99,0
DA:100,0
DA:103,0
DA:106,0
DA:112,0
DA:113,0
DA:114,0
DA:117,0
DA:118,0
DA:120,0
DA:123,0
DA:133,0
DA:134,0
DA:143,0
DA:145,0
DA:146,0
DA:149,0
DA:150,0
DA:153,0
DA:154,0
DA:160,0
DA:162,0
DA:174,0
DA:175,0
DA:180,0
DA:182,0
DA:183,0
DA:186,0
DA:187,0
DA:190,0
DA:192,0
DA:197,0
DA:198,0
DA:199,0
DA:200,0
DA:201,0
DA:203,0
DA:206,0
DA:207,0
DA:210,0
DA:213,0
DA:221,0
DA:222,0
DA:223,0
DA:226,0
DA:227,0
DA:229,0
DA:230,0
DA:233,0
DA:238,0
DA:248,0
DA:249,0
DA:259,0
DA:261,0
DA:279,0
DA:280,0
DA:281,0
DA:284,0
DA:286,0
DA:298,0
LF:89
LH:0
BRDA:32,0,0,0
BRDA:32,0,1,0
BRDA:37,1,0,0
BRDA:37,1,1,0
BRDA:39,2,0,0
BRDA:39,2,1,0
BRDA:46,3,0,0
BRDA:46,3,1,0
BRDA:46,3,2,0
BRDA:58,4,0,0
BRDA:59,5,0,0
BRDA:60,6,0,0
BRDA:61,7,0,0
BRDA:61,7,1,0
BRDA:63,8,0,0
BRDA:63,8,1,0
BRDA:67,9,0,0
BRDA:67,9,1,0
BRDA:75,10,0,0
BRDA:75,10,1,0
BRDA:77,11,0,0
BRDA:77,11,1,0
BRDA:90,12,0,0
BRDA:90,12,1,0
BRDA:90,13,0,0
BRDA:90,13,1,0
BRDA:93,14,0,0
BRDA:93,14,1,0
BRDA:93,15,0,0
BRDA:93,15,1,0
BRDA:112,16,0,0
BRDA:112,16,1,0
BRDA:122,17,0,0
BRDA:122,17,1,0
BRDA:125,18,0,0
BRDA:125,18,1,0
BRDA:127,19,0,0
BRDA:127,19,1,0
BRDA:141,20,0,0
BRDA:142,21,0,0
BRDA:143,22,0,0
BRDA:143,22,1,0
BRDA:145,23,0,0
BRDA:145,23,1,0
BRDA:145,24,0,0
BRDA:145,24,1,0
BRDA:145,24,2,0
BRDA:149,25,0,0
BRDA:149,25,1,0
BRDA:180,26,0,0
BRDA:180,26,1,0
BRDA:182,27,0,0
BRDA:182,27,1,0
BRDA:197,28,0,0
BRDA:197,28,1,0
BRDA:197,29,0,0
BRDA:197,29,1,0
BRDA:200,30,0,0
BRDA:200,30,1,0
BRDA:200,31,0,0
BRDA:200,31,1,0
BRDA:217,32,0,0
BRDA:217,32,1,0
BRDA:221,33,0,0
BRDA:221,33,1,0
BRDA:230,34,0,0
BRDA:230,34,1,0
BRDA:230,35,0,0
BRDA:230,35,1,0
BRDA:236,36,0,0
BRDA:236,36,1,0
BRDA:241,37,0,0
BRDA:241,37,1,0
BRDA:256,38,0,0
BRDA:257,39,0,0
BRDA:258,40,0,0
BRDA:259,41,0,0
BRDA:259,41,1,0
BRDA:263,42,0,0
BRDA:263,42,1,0
BRDA:263,43,0,0
BRDA:263,43,1,0
BRDA:263,44,0,0
BRDA:263,44,1,0
BRDA:264,45,0,0
BRDA:264,45,1,0
BRDA:264,46,0,0
BRDA:264,46,1,0
BRDA:264,47,0,0
BRDA:264,47,1,0
BRDA:265,48,0,0
BRDA:265,48,1,0
BRDA:265,49,0,0
BRDA:265,49,1,0
BRDA:265,50,0,0
BRDA:265,50,1,0
BRDA:268,51,0,0
BRDA:268,51,1,0
BRDA:268,52,0,0
BRDA:268,52,1,0
BRDA:269,53,0,0
BRDA:269,53,1,0
BRDA:269,54,0,0
BRDA:269,54,1,0
BRDA:270,55,0,0
BRDA:270,55,1,0
BRDA:270,56,0,0
BRDA:270,56,1,0
BRDA:280,57,0,0
BRDA:280,57,1,0
BRDA:284,58,0,0
BRDA:284,58,1,0
BRF:112
BRH:0
end_of_record
TN:
SF:src/handlers/communication/twilio-whatsapp.ts
FN:19,getTwilioClient
FN:31,twilioWhatsappWebhook
FN:57,handleTwilioMessage
FN:73,sendTwilioWhatsapp
FN:94,twilioSendWhatsapp
FNF:5
FNH:0
FNDA:0,getTwilioClient
FNDA:0,twilioWhatsappWebhook
FNDA:0,handleTwilioMessage
FNDA:0,sendTwilioWhatsapp
FNDA:0,twilioSendWhatsapp
DA:11,0
DA:18,0
DA:20,0
DA:21,0
DA:22,0
DA:24,0
DA:32,0
DA:33,0
DA:35,0
DA:43,0
DA:46,0
DA:48,0
DA:50,0
DA:58,0
DA:59,0
DA:62,0
DA:64,0
DA:66,0
DA:74,0
DA:75,0
DA:77,0
DA:83,0
DA:84,0
DA:86,0
DA:87,0
DA:95,0
DA:96,0
DA:98,0
DA:99,0
DA:103,0
DA:105,0
DA:107,0
DA:113,0
DA:114,0
LF:34
LH:0
BRDA:12,0,0,0
BRDA:12,0,1,0
BRDA:13,1,0,0
BRDA:13,1,1,0
BRDA:14,2,0,0
BRDA:14,2,1,0
BRDA:20,3,0,0
BRDA:20,3,1,0
BRDA:98,4,0,0
BRDA:98,4,1,0
BRDA:98,5,0,0
BRDA:98,5,1,0
BRDA:103,6,0,0
BRDA:103,6,1,0
BRF:14
BRH:0
end_of_record
TN:
SF:src/handlers/communication/whatsapp.ts
FN:57,whatsappWebhookVerify
FN:77,whatsappWebhookReceiver
FN:109,handleIncomingMessage
FN:122,(anonymous_3)
FN:200,extractMessageText
FN:217,saveMessageToMemory
FN:240,analyzeSentiment
FN:269,updateGroupContext
FN:326,shouldZantaraRespond
FN:340,(anonymous_9)
FN:374,buildWhatsappPrompt
FN:388,sendIntelligentResponse
FN:397,(anonymous_12)
FN:424,sendWhatsAppMessage
FN:455,checkAndSendAlerts
FN:480,(anonymous_15)
FN:504,sendTeamAlert
FN:557,getGroupAnalytics
FN:575,(anonymous_18)
FN:577,(anonymous_19)
FN:587,(anonymous_20)
FN:589,(anonymous_21)
FN:591,(anonymous_22)
FN:601,sendManualMessage
FNF:24
FNH:0
FNDA:0,whatsappWebhookVerify
FNDA:0,whatsappWebhookReceiver
FNDA:0,handleIncomingMessage
FNDA:0,(anonymous_3)
FNDA:0,extractMessageText
FNDA:0,saveMessageToMemory
FNDA:0,analyzeSentiment
FNDA:0,updateGroupContext
FNDA:0,shouldZantaraRespond
FNDA:0,(anonymous_9)
FNDA:0,buildWhatsappPrompt
FNDA:0,sendIntelligentResponse
FNDA:0,(anonymous_12)
FNDA:0,sendWhatsAppMessage
FNDA:0,checkAndSendAlerts
FNDA:0,(anonymous_15)
FNDA:0,sendTeamAlert
FNDA:0,getGroupAnalytics
FNDA:0,(anonymous_18)
FNDA:0,(anonymous_19)
FNDA:0,(anonymous_20)
FNDA:0,(anonymous_21)
FNDA:0,(anonymous_22)
FNDA:0,sendManualMessage
DA:16,0
DA:51,0
DA:58,0
DA:59,0
DA:60,0
DA:62,0
DA:64,0
DA:65,0
DA:66,0
DA:68,0
DA:69,0
DA:78,0
DA:79,0
DA:82,0
DA:84,0
DA:87,0
DA:88,0
DA:89,0
DA:92,0
DA:93,0
DA:94,0
DA:95,0
DA:100,0
DA:110,0
DA:111,0
DA:112,0
DA:113,0
DA:116,0
DA:117,0
DA:118,0
DA:121,0
DA:122,0
DA:123,0
DA:125,0
DA:128,0
DA:129,0
DA:130,0
DA:133,0
DA:135,0
DA:136,0
DA:137,0
DA:141,0
DA:152,0
DA:153,0
DA:156,0
DA:157,0
DA:161,0
DA:169,0
DA:170,0
DA:171,0
DA:179,0
DA:183,0
DA:193,0
DA:201,0
DA:202,0
DA:206,0
DA:207,0
DA:208,0
DA:209,0
DA:211,0
DA:218,0
DA:219,0
DA:231,0
DA:233,0
DA:241,0
DA:242,0
DA:251,0
DA:257,0
DA:258,0
DA:259,0
DA:261,0
DA:262,0
DA:277,0
DA:278,0
DA:279,0
DA:293,0
DA:296,0
DA:297,0
DA:308,0
DA:309,0
DA:314,0
DA:315,0
DA:317,0
DA:319,0
DA:327,0
DA:330,0
DA:333,0
DA:337,0
DA:339,0
DA:340,0
DA:342,0
DA:343,0
DA:346,0
DA:350,0
DA:351,0
DA:354,0
DA:355,0
DA:359,0
DA:360,0
DA:361,0
DA:365,0
DA:375,0
DA:389,0
DA:391,0
DA:396,0
DA:397,0
DA:401,0
DA:403,0
DA:409,0
DA:410,0
DA:413,0
DA:415,0
DA:417,0
DA:425,0
DA:426,0
DA:428,0
DA:444,0
DA:445,0
DA:447,0
DA:448,0
DA:456,0
DA:458,0
DA:461,0
DA:462,0
DA:470,0
DA:471,0
DA:479,0
DA:480,0
DA:481,0
DA:489,0
DA:490,0
DA:493,0
DA:494,0
DA:496,0
DA:505,0
DA:506,0
DA:508,0
DA:509,0
DA:510,0
DA:513,0
DA:526,0
DA:527,0
DA:528,0
DA:529,0
DA:531,0
DA:536,0
DA:537,0
DA:538,0
DA:546,0
DA:547,0
DA:549,0
DA:558,0
DA:560,0
DA:561,0
DA:564,0
DA:566,0
DA:567,0
DA:574,0
DA:575,0
DA:576,0
DA:577,0
DA:578,0
DA:581,0
DA:587,0
DA:589,0
DA:591,0
DA:602,0
DA:604,0
DA:605,0
DA:608,0
DA:610,0
LF:171
LH:0
BRDA:17,0,0,0
BRDA:17,0,1,0
BRDA:18,1,0,0
BRDA:18,1,1,0
BRDA:19,2,0,0
BRDA:19,2,1,0
BRDA:64,3,0,0
BRDA:64,3,1,0
BRDA:64,4,0,0
BRDA:64,4,1,0
BRDA:87,5,0,0
BRDA:87,5,1,0
BRDA:87,6,0,0
BRDA:87,6,1,0
BRDA:92,7,0,0
BRDA:92,7,1,0
BRDA:93,8,0,0
BRDA:93,8,1,0
BRDA:94,9,0,0
BRDA:94,9,1,0
BRDA:111,10,0,0
BRDA:111,10,1,0
BRDA:112,11,0,0
BRDA:112,11,1,0
BRDA:113,12,0,0
BRDA:113,12,1,0
BRDA:116,13,0,0
BRDA:116,13,1,0
BRDA:116,14,0,0
BRDA:116,14,1,0
BRDA:123,15,0,0
BRDA:123,15,1,0
BRDA:128,16,0,0
BRDA:128,16,1,0
BRDA:129,17,0,0
BRDA:129,17,1,0
BRDA:130,18,0,0
BRDA:130,18,1,0
BRDA:135,19,0,0
BRDA:135,19,1,0
BRDA:156,20,0,0
BRDA:156,20,1,0
BRDA:156,21,0,0
BRDA:156,21,1,0
BRDA:169,22,0,0
BRDA:169,22,1,0
BRDA:201,23,0,0
BRDA:201,23,1,0
BRDA:202,24,0,0
BRDA:202,24,1,0
BRDA:206,25,0,0
BRDA:206,25,1,0
BRDA:207,26,0,0
BRDA:207,26,1,0
BRDA:208,27,0,0
BRDA:208,27,1,0
BRDA:209,28,0,0
BRDA:209,28,1,0
BRDA:225,29,0,0
BRDA:225,29,1,0
BRDA:257,30,0,0
BRDA:257,30,1,0
BRDA:258,31,0,0
BRDA:258,31,1,0
BRDA:258,31,2,0
BRDA:278,32,0,0
BRDA:278,32,1,0
BRDA:281,33,0,0
BRDA:281,33,1,0
BRDA:296,34,0,0
BRDA:296,34,1,0
BRDA:330,35,0,0
BRDA:330,35,1,0
BRDA:330,36,0,0
BRDA:330,36,1,0
BRDA:330,36,2,0
BRDA:337,37,0,0
BRDA:337,37,1,0
BRDA:342,38,0,0
BRDA:342,38,1,0
BRDA:342,39,0,0
BRDA:342,39,1,0
BRDA:350,40,0,0
BRDA:350,40,1,0
BRDA:354,41,0,0
BRDA:354,41,1,0
BRDA:354,42,0,0
BRDA:354,42,1,0
BRDA:360,43,0,0
BRDA:360,43,1,0
BRDA:367,44,0,0
BRDA:367,44,1,0
BRDA:378,45,0,0
BRDA:378,45,1,0
BRDA:396,46,0,0
BRDA:396,46,1,0
BRDA:396,47,0,0
BRDA:396,47,1,0
BRDA:409,48,0,0
BRDA:409,48,1,0
BRDA:410,49,0,0
BRDA:410,49,1,0
BRDA:410,49,2,0
BRDA:447,50,0,0
BRDA:447,50,1,0
BRDA:461,51,0,0
BRDA:461,51,1,0
BRDA:470,52,0,0
BRDA:470,52,1,0
BRDA:480,53,0,0
BRDA:480,53,1,0
BRDA:508,54,0,0
BRDA:508,54,1,0
BRDA:508,55,0,0
BRDA:508,55,1,0
BRDA:516,56,0,0
BRDA:516,56,1,0
BRDA:526,57,0,0
BRDA:526,57,1,0
BRDA:536,58,0,0
BRDA:536,58,1,0
BRDA:542,59,0,0
BRDA:542,59,1,0
BRDA:560,60,0,0
BRDA:560,60,1,0
BRDA:566,61,0,0
BRDA:566,61,1,0
BRDA:577,62,0,0
BRDA:577,62,1,0
BRDA:579,63,0,0
BRDA:579,63,1,0
BRDA:604,64,0,0
BRDA:604,64,1,0
BRDA:604,65,0,0
BRDA:604,65,1,0
BRF:135
BRH:0
end_of_record
TN:
SF:src/handlers/google-workspace/calendar.ts
FN:36,calendarList
FN:48,calendarCreate
[...]
BRDA:282,9,1,0
BRF:23
BRH:0
end_of_record
TN:
SF:src/services/rag-warmup.ts
FN:43,(anonymous_0)
FN:49,(anonymous_1)
FN:67,(anonymous_2)
FN:100,(anonymous_3)
FN:109,(anonymous_4)
FN:114,(anonymous_5)
FN:115,(anonymous_6)
FN:123,(anonymous_7)
FN:132,(anonymous_8)
FN:136,(anonymous_9)
FN:141,(anonymous_10)
FN:173,(anonymous_11)
FN:195,startRAGWarmup
FN:199,stopRAGWarmup
FN:203,getRAGWarmupStats
FN:207,getRAGHealthStatus
FN:211,triggerRAGPing
FNF:17
FNH:0
FNDA:0,(anonymous_0)
FNDA:0,(anonymous_1)
FNDA:0,(anonymous_2)
FNDA:0,(anonymous_3)
FNDA:0,(anonymous_4)
FNDA:0,(anonymous_5)
FNDA:0,(anonymous_6)
FNDA:0,(anonymous_7)
FNDA:0,(anonymous_8)
FNDA:0,(anonymous_9)
FNDA:0,(anonymous_10)
FNDA:0,(anonymous_11)
FNDA:0,startRAGWarmup
FNDA:0,stopRAGWarmup
FNDA:0,getRAGWarmupStats
FNDA:0,getRAGHealthStatus
FNDA:0,triggerRAGPing
DA:11,0
DA:15,0
DA:16,0
DA:29,0
DA:39,0
DA:40,0
DA:41,0
DA:44,0
DA:45,0
DA:47,0
DA:48,0
DA:49,0
DA:51,0
DA:59,0
DA:61,0
DA:62,0
DA:63,0
DA:64,0
DA:67,0
DA:69,0
DA:71,0
DA:72,0
DA:73,0
DA:74,0
DA:75,0
DA:77,0
DA:78,0
DA:80,0
DA:83,0
DA:84,0
DA:85,0
DA:86,0
DA:88,0
DA:89,0
DA:92,0
DA:93,0
DA:96,0
DA:101,0
DA:102,0
DA:103,0
DA:106,0
DA:109,0
DA:110,0
DA:114,0
DA:115,0
DA:116,0
DA:120,0
DA:124,0
DA:125,0
DA:126,0
DA:127,0
DA:128,0
DA:133,0
DA:137,0
DA:138,0
DA:150,0
DA:152,0
DA:153,0
DA:154,0
DA:155,0
DA:156,0
DA:157,0
DA:158,0
DA:161,0
DA:174,0
DA:175,0
DA:176,0
DA:177,0
DA:182,0
DA:192,0
DA:196,0
DA:200,0
DA:204,0
DA:208,0
DA:212,0
LF:75
LH:0
BRDA:11,0,0,0
BRDA:11,0,1,0
BRDA:11,0,2,0
BRDA:63,1,0,0
BRDA:63,1,1,0
BRDA:71,2,0,0
BRDA:71,2,1,0
BRDA:88,3,0,0
BRDA:88,3,1,0
BRDA:92,4,0,0
BRDA:92,4,1,0
BRDA:101,5,0,0
BRDA:101,5,1,0
BRDA:124,6,0,0
BRDA:124,6,1,0
BRDA:137,7,0,0
BRDA:137,7,1,0
BRDA:153,8,0,0
BRDA:153,8,1,0
BRDA:155,9,0,0
BRDA:155,9,1,0
BRDA:157,10,0,0
BRDA:157,10,1,0
BRDA:162,11,0,0
BRDA:162,11,1,0
BRDA:167,12,0,0
BRDA:167,12,1,0
BRF:27
BRH:0
end_of_record
TN:
SF:src/services/ragService.ts
FN:53,(anonymous_0)
FN:69,(anonymous_1)
FN:98,(anonymous_2)
FN:112,(anonymous_3)
FN:130,(anonymous_4)
FN:143,(anonymous_5)
FNF:6
FNH:0
FNDA:0,(anonymous_0)
FNDA:0,(anonymous_1)
FNDA:0,(anonymous_2)
FNDA:0,(anonymous_3)
FNDA:0,(anonymous_4)
FNDA:0,(anonymous_5)
DA:55,0
DA:57,0
DA:74,0
DA:76,0
DA:82,0
DA:84,0
DA:91,0
DA:99,0
DA:100,0
DA:101,0
DA:103,0
DA:104,0
DA:113,0
DA:114,0
DA:116,0
DA:117,0
DA:131,0
DA:132,0
DA:134,0
DA:135,0
DA:144,0
DA:145,0
DA:151,0
DA:152,0
DA:158,0
LF:25
LH:0
BRDA:55,0,0,0
BRDA:55,0,1,0
BRDA:91,1,0,0
BRDA:91,1,1,0
BRDA:91,1,2,0
BRDA:121,2,0,0
BRDA:121,2,1,0
BRDA:135,3,0,0
BRDA:135,3,1,0
BRDA:143,4,0,0
BRF:10
BRH:0
end_of_record
TN:
SF:src/services/reality-anchor.ts
FN:83,(anonymous_0)
FN:87,(anonymous_1)
FN:97,(anonymous_2)
FN:152,(anonymous_3)
FN:180,(anonymous_4)
FN:183,(anonymous_5)
FN:198,(anonymous_6)
FN:206,(anonymous_7)
FN:224,(anonymous_8)
FN:243,(anonymous_9)
FN:259,(anonymous_10)
FN:278,(anonymous_11)
FN:300,(anonymous_12)
FN:306,(anonymous_13)
FN:307,(anonymous_14)
FN:322,(anonymous_15)
FN:344,(anonymous_16)
FN:354,(anonymous_17)
FN:391,(anonymous_18)
FN:409,(anonymous_19)
FN:417,(anonymous_20)
FN:420,(anonymous_21)
FN:424,(anonymous_22)
FN:438,(anonymous_23)
FNF:24
FNH:0
FNDA:0,(anonymous_0)
FNDA:0,(anonymous_1)
FNDA:0,(anonymous_2)
FNDA:0,(anonymous_3)
FNDA:0,(anonymous_4)
FNDA:0,(anonymous_5)
FNDA:0,(anonymous_6)
FNDA:0,(anonymous_7)
FNDA:0,(anonymous_8)
FNDA:0,(anonymous_9)
FNDA:0,(anonymous_10)
FNDA:0,(anonymous_11)
FNDA:0,(anonymous_12)
FNDA:0,(anonymous_13)
FNDA:0,(anonymous_14)
FNDA:0,(anonymous_15)
FNDA:0,(anonymous_16)
FNDA:0,(anonymous_17)
FNDA:0,(anonymous_18)
FNDA:0,(anonymous_19)
FNDA:0,(anonymous_20)
FNDA:0,(anonymous_21)
FNDA:0,(anonymous_22)
FNDA:0,(anonymous_23)
DA:28,0
DA:73,0
DA:76,0
DA:88,0
DA:89,0
DA:91,0
DA:101,0
DA:102,0
DA:103,0
DA:104,0
DA:107,0
DA:108,0
DA:109,0
DA:110,0
DA:112,0
DA:113,0
DA:114,0
DA:119,0
DA:120,0
DA:121,0
DA:122,0
DA:127,0
DA:128,0
DA:129,0
DA:130,0
DA:134,0
DA:135,0
DA:136,0
DA:137,0
DA:140,0
DA:153,0
DA:154,0
DA:157,0
DA:158,0
DA:159,0
DA:163,0
DA:164,0
DA:166,0
DA:167,0
DA:168,0
DA:169,0
DA:174,0
DA:181,0
DA:182,0
DA:183,0
DA:185,0
DA:186,0
DA:187,0
DA:188,0
DA:192,0
DA:199,0
DA:200,0
DA:211,0
DA:212,0
DA:213,0
DA:221,0
DA:222,0
DA:223,0
DA:224,0
DA:225,0
DA:227,0
DA:228,0
DA:229,0
DA:237,0
DA:247,0
DA:249,0
DA:250,0
DA:253,0
DA:259,0
DA:260,0
DA:261,0
DA:262,0
DA:266,0
DA:269,0
DA:283,0
DA:284,0
DA:285,0
DA:288,0
DA:289,0
DA:290,0
DA:293,0
DA:294,0
DA:295,0
DA:300,0
DA:303,0
DA:306,0
DA:307,0
DA:312,0
DA:313,0
DA:316,0
DA:323,0
DA:325,0
DA:326,0
DA:327,0
DA:329,0
DA:330,0
DA:331,0
DA:332,0
DA:333,0
DA:334,0
DA:335,0
DA:342,0
DA:343,0
DA:344,0
DA:345,0
DA:348,0
DA:360,0
DA:361,0
DA:363,0
DA:374,0
DA:375,0
DA:376,0
DA:384,0
DA:392,0
DA:395,0
DA:396,0
DA:397,0
DA:400,0
DA:401,0
DA:403,0
DA:416,0
DA:417,0
DA:419,0
DA:420,0
DA:423,0
DA:424,0
DA:426,0
DA:439,0
DA:440,0
DA:441,0
LF:130
LH:0
BRDA:88,0,0,0
BRDA:88,0,1,0
BRDA:108,1,0,0
BRDA:108,1,1,0
BRDA:112,2,0,0
BRDA:112,2,1,0
BRDA:120,3,0,0
BRDA:120,3,1,0
BRDA:128,4,0,0
BRDA:128,4,1,0
BRDA:129,5,0,0
BRDA:129,5,1,0
BRDA:135,6,0,0
BRDA:135,6,1,0
BRDA:158,7,0,0
BRDA:158,7,1,0
BRDA:158,8,0,0
BRDA:158,8,1,0
BRDA:158,8,2,0
BRDA:168,9,0,0
BRDA:168,9,1,0
BRDA:187,10,0,0
BRDA:187,10,1,0
BRDA:200,11,0,0
BRDA:200,11,1,0
BRDA:211,12,0,0
BRDA:211,12,1,0
BRDA:212,13,0,0
BRDA:212,13,1,0
BRDA:223,14,0,0
BRDA:223,14,1,0
BRDA:228,15,0,0
BRDA:228,15,1,0
BRDA:261,16,0,0
BRDA:261,16,1,0
BRDA:293,17,0,0
BRDA:293,17,1,0
BRDA:294,18,0,0
BRDA:294,18,1,0
BRDA:301,19,0,0
BRDA:301,19,1,0
BRDA:312,20,0,0
BRDA:312,20,1,0
BRDA:325,21,0,0
BRDA:325,21,1,0
BRDA:327,22,0,0
BRDA:327,22,1,0
BRDA:327,23,0,0
BRDA:327,23,1,0
BRDA:331,24,0,0
BRDA:331,24,1,0
BRDA:332,25,0,0
BRDA:332,25,1,0
BRDA:334,26,0,0
BRDA:334,26,1,0
BRDA:368,27,0,0
BRDA:368,27,1,0
BRDA:374,28,0,0
BRDA:374,28,1,0
BRDA:374,29,0,0
BRDA:374,29,1,0
BRDA:395,30,0,0
BRDA:395,30,1,0
BRDA:396,31,0,0
BRDA:396,31,1,0
BRDA:397,32,0,0
BRDA:397,32,1,0
BRDA:400,33,0,0
BRDA:400,33,1,0
BRDA:401,34,0,0
BRDA:401,34,1,0
BRDA:419,35,0,0
BRDA:419,35,1,0
BRDA:440,36,0,0
BRDA:440,36,1,0
BRDA:440,37,0,0
BRDA:440,37,1,0
BRF:77
BRH:0
end_of_record
TN:
SF:src/services/session-tracker.ts
FN:42,extractUserIdentity
FN:86,trackActivity
FN:122,getRecentActivities
FN:128,(anonymous_3)
FN:131,(anonymous_4)
FN:135,(anonymous_5)
FN:143,getActivityStats
FN:152,(anonymous_7)
FN:153,(anonymous_8)
FN:154,(anonymous_9)
FN:159,groupByDepartment
FN:172,cleanupOldSessions
FN:191,(anonymous_12)
FNF:13
FNH:0
FNDA:0,extractUserIdentity
FNDA:0,trackActivity
FNDA:0,getRecentActivities
FNDA:0,(anonymous_3)
FNDA:0,(anonymous_4)
FNDA:0,(anonymous_5)
FNDA:0,getActivityStats
FNDA:0,(anonymous_7)
FNDA:0,(anonymous_8)
FNDA:0,(anonymous_9)
FNDA:0,groupByDepartment
FNDA:0,cleanupOldSessions
FNDA:0,(anonymous_12)
DA:24,0
DA:27,0
DA:44,0
DA:45,0
DA:46,0
DA:53,0
DA:54,0
DA:57,0
DA:62,0
DA:63,0
DA:64,0
DA:72,0
DA:73,0
DA:79,0
DA:87,0
DA:88,0
DA:90,0
DA:91,0
DA:93,0
DA:95,0
DA:107,0
DA:109,0
DA:123,0
DA:125,0
DA:127,0
DA:128,0
DA:130,0
DA:131,0
DA:135,0
DA:137,0
DA:144,0
DA:145,0
DA:146,0
DA:148,0
DA:150,0
DA:152,0
DA:153,0
DA:154,0
DA:160,0
DA:162,0
DA:163,0
DA:166,0
DA:173,0
DA:175,0
DA:176,0
DA:177,0
DA:178,0
DA:179,0
DA:183,0
DA:184,0
DA:187,0
DA:191,0
LF:52
LH:0
BRDA:45,0,0,0
BRDA:45,0,1,0
BRDA:45,1,0,0
BRDA:45,1,1,0
BRDA:48,2,0,0
BRDA:48,2,1,0
BRDA:54,3,0,0
BRDA:54,3,1,0
BRDA:63,4,0,0
BRDA:63,4,1,0
BRDA:66,5,0,0
BRDA:66,5,1,0
BRDA:72,6,0,0
BRDA:72,6,1,0
BRDA:86,7,0,0
BRDA:88,8,0,0
BRDA:88,8,1,0
BRDA:91,9,0,0
BRDA:91,9,1,0
BRDA:102,10,0,0
BRDA:102,10,1,0
BRDA:103,11,0,0
BRDA:103,11,1,0
BRDA:122,12,0,0
BRDA:123,13,0,0
BRDA:123,14,0,0
BRDA:130,15,0,0
BRDA:130,15,1,0
BRDA:163,16,0,0
BRDA:163,16,1,0
BRDA:172,17,0,0
BRDA:177,18,0,0
BRDA:177,18,1,0
BRDA:183,19,0,0
BRDA:183,19,1,0
BRF:35
BRH:0
end_of_record
TN:
SF:src/services/sheets.ts
FN:26,createSpreadsheet
FN:79,appendData
FN:107,readData
FN:128,getSpreadsheetInfo
FN:142,(anonymous_4)
FN:156,exportConversationData
FN:170,(anonymous_6)
FNF:7
FNH:0
FNDA:0,createSpreadsheet
FNDA:0,appendData
FNDA:0,readData
FNDA:0,getSpreadsheetInfo
FNDA:0,(anonymous_4)
FNDA:0,exportConversationData
FNDA:0,(anonymous_6)
DA:27,0
DA:28,0
DA:30,0
DA:38,0
DA:41,0
DA:42,0
DA:53,0
DA:54,0
DA:55,0
DA:65,0
DA:72,0
DA:80,0
DA:81,0
DA:83,0
DA:92,0
DA:100,0
DA:108,0
DA:109,0
DA:111,0
DA:116,0
DA:121,0
DA:129,0
DA:130,0
DA:132,0
DA:137,0
DA:142,0
DA:149,0
DA:157,0
DA:158,0
DA:160,0
DA:170,0
DA:180,0
DA:186,0
DA:193,0
LF:34
LH:0
BRDA:41,0,0,0
BRDA:41,0,1,0
BRDA:41,1,0,0
BRDA:41,1,1,0
BRDA:53,2,0,0
BRDA:53,2,1,0
BRDA:53,3,0,0
BRDA:53,3,1,0
BRDA:54,4,0,0
BRDA:54,4,1,0
BRDA:86,5,0,0
BRDA:86,5,1,0
BRDA:117,6,0,0
BRDA:117,6,1,0
BRDA:118,7,0,0
BRDA:118,7,1,0
BRDA:171,8,0,0
BRDA:171,8,1,0
BRDA:172,9,0,0
BRDA:172,9,1,0
BRDA:173,10,0,0
BRDA:173,10,1,0
BRDA:174,11,0,0
BRDA:174,11,1,0
BRDA:175,12,0,0
BRDA:175,12,1,0
BRDA:176,13,0,0
BRDA:176,13,1,0
BRDA:177,14,0,0
BRDA:177,14,1,0
BRF:30
BRH:0
end_of_record
TN:
SF:src/services/token-path.ts
FN:16,getOAuth2TokensPath
FN:31,hasOAuth2Tokens
FNF:2
FNH:0
FNDA:0,getOAuth2TokensPath
FNDA:0,hasOAuth2Tokens
DA:5,0
DA:7,0
DA:17,0
DA:18,0
DA:19,0
DA:24,0
DA:25,0
DA:32,0
DA:33,0
DA:35,0
LF:10
LH:0
BRDA:18,0,0,0
BRDA:18,0,1,0
BRDA:19,1,0,0
BRDA:19,1,1,0
BRDA:24,2,0,0
BRDA:24,2,1,0
BRF:6
BRH:0
end_of_record
TN:
SF:src/services/tokenStore.ts
FN:4,(anonymous_0)
FN:7,(anonymous_1)
FN:10,(anonymous_2)
FNF:3
FNH:0
FNDA:0,(anonymous_0)
FNDA:0,(anonymous_1)
FNDA:0,(anonymous_2)
DA:4,0
DA:6,0
DA:8,0
DA:11,0
DA:12,0
LF:5
LH:0
BRDA:12,0,0,0
BRDA:12,0,1,0
BRF:2
BRH:0
end_of_record
TN:
SF:src/services/websocket-server.ts
FN:37,(anonymous_0)
FN:47,(anonymous_1)
FN:50,(anonymous_2)
FN:55,(anonymous_3)
FN:62,(anonymous_4)
FN:92,(anonymous_5)
FN:97,(anonymous_6)
FN:102,(anonymous_7)
FN:107,(anonymous_8)
FN:149,(anonymous_9)
FN:161,(anonymous_10)
FN:178,(anonymous_11)
FN:191,(anonymous_12)
FN:221,(anonymous_13)
FN:241,(anonymous_14)
FN:250,(anonymous_15)
FN:266,(anonymous_16)
FN:273,(anonymous_17)
FN:276,(anonymous_18)
FN:280,(anonymous_19)
FN:292,(anonymous_20)
FN:309,initializeWebSocketServer
FN:316,getWebSocketServer
FNF:23
FNH:0
FNDA:0,(anonymous_0)
FNDA:0,(anonymous_1)
FNDA:0,(anonymous_2)
FNDA:0,(anonymous_3)
FNDA:0,(anonymous_4)
FNDA:0,(anonymous_5)
FNDA:0,(anonymous_6)
FNDA:0,(anonymous_7)
FNDA:0,(anonymous_8)
FNDA:0,(anonymous_9)
FNDA:0,(anonymous_10)
FNDA:0,(anonymous_11)
FNDA:0,(anonymous_12)
FNDA:0,(anonymous_13)
FNDA:0,(anonymous_14)
FNDA:0,(anonymous_15)
FNDA:0,(anonymous_16)
FNDA:0,(anonymous_17)
FNDA:0,(anonymous_18)
FNDA:0,(anonymous_19)
FNDA:0,(anonymous_20)
FNDA:0,initializeWebSocketServer
FNDA:0,getWebSocketServer
DA:33,0
DA:34,0
DA:35,0
DA:38,0
DA:44,0
DA:48,0
DA:50,0
DA:51,0
DA:55,0
DA:56,0
DA:59,0
DA:63,0
DA:64,0
DA:65,0
DA:66,0
DA:68,0
DA:70,0
DA:73,0
DA:74,0
DA:75,0
DA:77,0
DA:78,0
DA:81,0
DA:92,0
DA:93,0
DA:97,0
DA:98,0
DA:102,0
DA:103,0
DA:108,0
DA:109,0
DA:111,0
DA:113,0
DA:114,0
DA:116,0
DA:119,0
DA:120,0
DA:122,0
DA:125,0
DA:126,0
DA:127,0
DA:131,0
DA:132,0
DA:134,0
DA:137,0
DA:140,0
DA:141,0
DA:150,0
DA:153,0
DA:154,0
DA:158,0
DA:162,0
DA:163,0
DA:166,0
DA:167,0
DA:169,0
DA:171,0
DA:179,0
DA:180,0
DA:183,0
DA:185,0
DA:192,0
DA:193,0
DA:196,0
DA:197,0
DA:204,0
DA:205,0
DA:206,0
DA:208,0
DA:209,0
DA:210,0
DA:211,0
DA:215,0
DA:222,0
DA:224,0
DA:225,0
DA:226,0
DA:232,0
DA:236,0
DA:237,0
DA:242,0
DA:243,0
DA:251,0
DA:252,0
DA:254,0
DA:255,0
DA:256,0
DA:257,0
DA:258,0
DA:259,0
DA:261,0
DA:267,0
DA:274,0
DA:276,0
DA:280,0
DA:293,0
DA:294,0
DA:297,0
DA:298,0
DA:301,0
DA:302,0
DA:307,0
DA:310,0
DA:311,0
DA:313,0
DA:317,0
LF:106
LH:0
BRDA:37,0,0,0
BRDA:73,1,0,0
BRDA:73,1,1,0
BRDA:77,2,0,0
BRDA:77,2,1,0
BRDA:78,3,0,0
BRDA:78,3,1,0
BRDA:111,4,0,0
BRDA:111,4,1,0
BRDA:111,4,2,0
BRDA:111,4,3,0
BRDA:111,4,4,0
BRDA:113,5,0,0
BRDA:113,5,1,0
BRDA:119,6,0,0
BRDA:119,6,1,0
BRDA:131,7,0,0
BRDA:131,7,1,0
BRDA:162,8,0,0
BRDA:162,8,1,0
BRDA:179,9,0,0
BRDA:179,9,1,0
BRDA:192,10,0,0
BRDA:192,10,1,0
BRDA:206,11,0,0
BRDA:206,11,1,0
BRDA:209,12,0,0
BRDA:209,12,1,0
BRDA:209,13,0,0
BRDA:209,13,1,0
BRDA:225,14,0,0
BRDA:225,14,1,0
BRDA:225,15,0,0
BRDA:225,15,1,0
BRDA:236,16,0,0
BRDA:236,16,1,0
BRDA:242,17,0,0
BRDA:242,17,1,0
BRDA:255,18,0,0
BRDA:255,18,1,0
BRDA:259,19,0,0
BRDA:259,19,1,0
BRDA:293,20,0,0
BRDA:293,20,1,0
BRDA:310,21,0,0
BRDA:310,21,1,0
BRF:46
BRH:0
end_of_record
TN:
SF:src/services/zero-tools/bash.ts
FN:42,bashZero
FN:52,(anonymous_1)
FN:70,(anonymous_2)
FN:113,gitStatusZero
FN:120,gitDiffZero
FN:128,gitLogZero
FN:135,npmRunZero
FN:142,healthCheckZero
FN:149,(anonymous_8)
FN:152,(anonymous_9)
FN:155,(anonymous_10)
FN:157,(anonymous_11)
FNF:12
FNH:0
FNDA:0,bashZero
FNDA:0,(anonymous_1)
FNDA:0,(anonymous_2)
FNDA:0,gitStatusZero
FNDA:0,gitDiffZero
FNDA:0,gitLogZero
FNDA:0,npmRunZero
FNDA:0,healthCheckZero
FNDA:0,(anonymous_8)
FNDA:0,(anonymous_9)
FNDA:0,(anonymous_10)
FNDA:0,(anonymous_11)
DA:9,0
DA:11,0
DA:14,0
DA:49,0
DA:51,0
DA:52,0
DA:54,0
DA:55,0
DA:62,0
DA:70,0
DA:71,0
DA:77,0
DA:81,0
DA:93,0
DA:100,0
DA:114,0
DA:121,0
DA:122,0
DA:129,0
DA:136,0
DA:143,0
DA:148,0
DA:149,0
DA:152,0
DA:154,0
DA:155,0
DA:157,0
LF:27
LH:0
BRDA:11,0,0,0
BRDA:11,0,1,0
BRDA:44,1,0,0
BRDA:51,2,0,0
BRDA:51,2,1,0
BRDA:52,3,0,0
BRDA:52,3,1,0
BRDA:54,4,0,0
BRDA:54,4,1,0
BRDA:70,5,0,0
BRDA:70,5,1,0
BRDA:77,6,0,0
BRDA:77,6,1,0
BRDA:83,7,0,0
BRDA:83,7,1,0
BRDA:89,8,0,0
BRDA:89,8,1,0
BRDA:121,9,0,0
BRDA:121,9,1,0
BRDA:128,10,0,0
BRF:20
BRH:0
end_of_record
TN:
SF:src/services/zero-tools/deployment.ts
FN:31,deployBackendZero
FN:47,(anonymous_1)
FN:79,deployRagZero
FN:94,(anonymous_3)
FN:126,checkWorkflowStatusZero
FN:157,listRecentDeploymentsZero
FN:184,(anonymous_6)
FNF:7
FNH:0
FNDA:0,deployBackendZero
FNDA:0,(anonymous_1)
FNDA:0,deployRagZero
FNDA:0,(anonymous_3)
FNDA:0,checkWorkflowStatusZero
FNDA:0,listRecentDeploymentsZero
FNDA:0,(anonymous_6)
DA:8,0
DA:9,0
DA:10,0
DA:32,0
DA:33,0
DA:34,0
DA:37,0
DA:39,0
DA:47,0
DA:49,0
DA:56,0
DA:58,0
DA:59,0
DA:60,0
DA:61,0
DA:63,0
DA:64,0
DA:67,0
DA:69,0
DA:80,0
DA:81,0
DA:82,0
DA:85,0
DA:87,0
DA:94,0
DA:96,0
DA:103,0
DA:105,0
DA:106,0
DA:107,0
DA:108,0
DA:110,0
DA:111,0
DA:114,0
DA:116,0
DA:127,0
DA:128,0
DA:129,0
DA:132,0
DA:134,0
DA:140,0
DA:147,0
DA:171,0
DA:172,0
DA:173,0
DA:176,0
DA:178,0
DA:184,0
DA:192,0
DA:200,0
DA:201,0
DA:204,0
DA:207,0
DA:212,0
LF:54
LH:0
BRDA:33,0,0,0
BRDA:33,0,1,0
BRDA:59,1,0,0
BRDA:59,1,1,0
BRDA:63,2,0,0
BRDA:63,2,1,0
BRDA:81,3,0,0
BRDA:81,3,1,0
BRDA:106,4,0,0
BRDA:106,4,1,0
BRDA:110,5,0,0
BRDA:110,5,1,0
BRDA:128,6,0,0
BRDA:128,6,1,0
BRDA:158,7,0,0
BRDA:172,8,0,0
BRDA:172,8,1,0
BRDA:194,9,0,0
BRDA:194,9,1,0
BRDA:195,10,0,0
BRDA:195,10,1,0
BRDA:200,11,0,0
BRDA:200,11,1,0
BRF:23
BRH:0
end_of_record
TN:
SF:src/services/zero-tools/filesystem.ts
FN:35,readFileZero
FN:65,editFileZero
FN:115,writeFileZero
FN:136,globZero
FN:163,listDirectoryZero
FN:181,escapeRegex
FNF:6
FNH:0
FNDA:0,readFileZero
FNDA:0,editFileZero
FNDA:0,writeFileZero
FNDA:0,globZero
FNDA:0,listDirectoryZero
FNDA:0,escapeRegex
DA:9,0
DA:36,0
DA:37,0
DA:40,0
DA:41,0
DA:44,0
DA:45,0
DA:46,0
DA:48,0
DA:55,0
DA:71,0
DA:72,0
DA:74,0
DA:75,0
DA:78,0
DA:81,0
DA:83,0
DA:84,0
DA:87,0
DA:88,0
DA:92,0
DA:93,0
DA:95,0
DA:98,0
DA:100,0
DA:105,0
DA:119,0
DA:120,0
DA:122,0
DA:123,0
DA:126,0
DA:127,0
DA:129,0
DA:137,0
DA:139,0
DA:141,0
DA:147,0
DA:153,0
DA:166,0
DA:167,0
DA:169,0
DA:170,0
DA:173,0
DA:174,0
DA:176,0
DA:182,0
LF:46
LH:0
BRDA:9,0,0,0
BRDA:9,0,1,0
BRDA:40,1,0,0
BRDA:40,1,1,0
BRDA:57,2,0,0
BRDA:57,2,1,0
BRDA:69,3,0,0
BRDA:74,4,0,0
BRDA:74,4,1,0
BRDA:81,5,0,0
BRDA:81,5,1,0
BRDA:83,6,0,0
BRDA:83,6,1,0
BRDA:87,7,0,0
BRDA:87,7,1,0
BRDA:87,8,0,0
BRDA:87,8,1,0
BRDA:92,9,0,0
BRDA:92,9,1,0
BRDA:102,10,0,0
BRDA:102,10,1,0
BRDA:122,11,0,0
BRDA:122,11,1,0
BRDA:164,12,0,0
BRDA:169,13,0,0
BRDA:169,13,1,0
BRF:26
BRH:0
end_of_record
TN:
SF:src/utils/handlers-list.ts
FN:16,(anonymous_0)
FN:21,(anonymous_1)
FN:42,extractHandlers
FN:74,(anonymous_3)
FN:80,(anonymous_4)
FN:86,getHandlersList
FN:110,(anonymous_6)
FN:130,getHandlerInfo
FN:133,(anonymous_8)
FN:152,handlerExists
FN:155,(anonymous_10)
FNF:11
FNH:0
FNDA:0,(anonymous_0)
FNDA:0,(anonymous_1)
FNDA:0,extractHandlers
FNDA:0,(anonymous_3)
FNDA:0,(anonymous_4)
FNDA:0,getHandlersList
FNDA:0,(anonymous_6)
FNDA:0,getHandlerInfo
FNDA:0,(anonymous_8)
FNDA:0,handlerExists
FNDA:0,(anonymous_10)
DA:16,0
DA:17,0
DA:18,0
DA:21,0
DA:22,0
DA:23,0
DA:27,0
DA:35,0
DA:36,0
DA:37,0
DA:44,0
DA:45,0
DA:47,0
DA:48,0
DA:49,0
DA:51,0
DA:54,0
DA:56,0
DA:59,0
DA:62,0
DA:63,0
DA:64,0
DA:65,0
DA:67,0
DA:71,0
DA:72,0
DA:73,0
DA:74,0
DA:75,0
DA:76,0
DA:80,0
DA:88,0
DA:89,0
DA:90,0
DA:93,0
DA:94,0
DA:97,0
DA:98,0
DA:99,0
DA:100,0
DA:102,0
DA:106,0
DA:108,0
DA:109,0
DA:110,0
DA:111,0
DA:114,0
DA:115,0
DA:117,0
DA:118,0
DA:120,0
DA:122,0
DA:123,0
DA:131,0
DA:132,0
DA:133,0
DA:135,0
DA:137,0
DA:138,0
DA:139,0
DA:141,0
DA:143,0
DA:145,0
DA:153,0
DA:154,0
DA:155,0
DA:157,0
LF:67
LH:0
BRDA:17,0,0,0
BRDA:17,0,1,0
BRDA:22,1,0,0
BRDA:22,1,1,0
BRDA:64,2,0,0
BRDA:64,2,1,0
BRDA:65,3,0,0
BRDA:65,3,1,0
BRDA:67,4,0,0
BRDA:67,4,1,0
BRDA:74,5,0,0
BRDA:74,5,1,0
BRDA:74,6,0,0
BRDA:74,6,1,0
BRDA:75,7,0,0
BRDA:75,7,1,0
BRDA:89,8,0,0
BRDA:89,8,1,0
BRDA:89,9,0,0
BRDA:89,9,1,0
BRDA:99,10,0,0
BRDA:99,10,1,0
BRDA:135,11,0,0
BRDA:135,11,1,0
BRDA:138,12,0,0
BRDA:138,12,1,0
BRF:26
BRH:0
end_of_record
TN:
SF:src/utils/hash.ts
FN:3,createHash
FN:7,stableHash
FNF:2
FNH:0
FNDA:0,createHash
FNDA:0,stableHash
DA:4,0
DA:8,0
DA:9,0
LF:3
LH:0
BRF:0
BRH:0
end_of_record
TN:
SF:src/utils/logging.ts
FN:7,(anonymous_0)
FN:11,(anonymous_1)
FN:15,(anonymous_2)
FN:19,(anonymous_3)
FNF:4
FNH:0
FNDA:0,(anonymous_0)
FNDA:0,(anonymous_1)
FNDA:0,(anonymous_2)
FNDA:0,(anonymous_3)
DA:7,0
DA:8,0
DA:11,0
DA:12,0
DA:15,0
DA:16,0
DA:19,0
DA:20,0
DA:24,0
LF:9
LH:0
BRF:0
BRH:0
end_of_record
TN:
SF:src/utils/pubsub.ts
FN:19,(anonymous_0)
FN:26,(anonymous_1)
FN:31,(anonymous_2)
FN:32,(anonymous_3)
FN:34,(anonymous_4)
FN:35,(anonymous_5)
FN:117,(anonymous_6)
FN:132,(anonymous_7)
FN:136,(anonymous_8)
FN:144,(anonymous_9)
FN:159,(anonymous_10)
FN:163,(anonymous_11)
FN:171,(anonymous_12)
FN:184,(anonymous_13)
FN:192,(anonymous_14)
FN:206,notifyUser
FN:216,queueAIJob
FN:223,publishAIResult
FN:233,invalidateCache
FN:244,sendChatMessage
FN:254,trackEvent
FN:262,(anonymous_21)
FN:267,(anonymous_22)
FNF:23
FNH:0
FNDA:0,(anonymous_0)
FNDA:0,(anonymous_1)
FNDA:0,(anonymous_2)
FNDA:0,(anonymous_3)
FNDA:0,(anonymous_4)
FNDA:0,(anonymous_5)
FNDA:0,(anonymous_6)
FNDA:0,(anonymous_7)
FNDA:0,(anonymous_8)
FNDA:0,(anonymous_9)
FNDA:0,(anonymous_10)
FNDA:0,(anonymous_11)
FNDA:0,(anonymous_12)
FNDA:0,(anonymous_13)
FNDA:0,(anonymous_14)
FNDA:0,notifyUser
FNDA:0,queueAIJob
FNDA:0,publishAIResult
FNDA:0,invalidateCache
FNDA:0,sendChatMessage
FNDA:0,trackEvent
FNDA:0,(anonymous_21)
FNDA:0,(anonymous_22)
DA:15,0
DA:18,0
DA:19,0
DA:25,0
DA:26,0
DA:31,0
DA:32,0
DA:34,0
DA:35,0
DA:40,0
DA:118,0
DA:119,0
DA:120,0
DA:121,0
DA:122,0
DA:124,0
DA:125,0
DA:136,0
DA:137,0
DA:138,0
DA:139,0
DA:141,0
DA:144,0
DA:145,0
DA:146,0
DA:147,0
DA:148,0
DA:150,0
DA:163,0
DA:164,0
DA:165,0
DA:166,0
DA:168,0
DA:171,0
DA:172,0
DA:173,0
DA:174,0
DA:176,0
DA:185,0
DA:186,0
DA:193,0
DA:194,0
DA:195,0
DA:207,0
DA:217,0
DA:224,0
DA:234,0
DA:245,0
DA:255,0
DA:262,0
DA:263,0
DA:264,0
DA:267,0
DA:268,0
DA:269,0
LF:55
LH:0
BRDA:15,0,0,0
BRDA:15,0,1,0
BRDA:137,1,0,0
BRDA:137,1,1,0
BRDA:145,2,0,0
BRDA:145,2,1,0
BRDA:164,3,0,0
BRDA:164,3,1,0
BRDA:257,4,0,0
BRDA:257,4,1,0
BRF:10
BRH:0
end_of_record
TN:
SF:src/utils/response.ts
FN:4,ok
FN:8,err
FNF:2
FNH:0
FNDA:0,ok
FNDA:0,err
DA:5,0
DA:9,0
LF:2
LH:0
BRF:0
BRH:0
end_of_record
TN:
SF:src/utils/retry.ts
FN:1,withRetry
FN:14,(anonymous_1)
FNF:2
FNH:0
FNDA:0,withRetry
FNDA:0,(anonymous_1)
DA:5,0
DA:7,0
DA:8,0
DA:9,0
DA:11,0
DA:12,0
DA:14,0
DA:18,0
LF:8
LH:0
BRDA:3,0,0,0
BRDA:5,1,0,0
BRDA:5,2,0,0
BRDA:11,3,0,0
BRDA:11,3,1,0
BRF:5
BRH:0
end_of_record
TN:
SF:src/utils/text.ts
FN:1,cleanMarkdown
FN:16,toPlainIfEnabled
FNF:2
FNH:0
FNDA:0,cleanMarkdown
FNDA:0,toPlainIfEnabled
DA:2,0
DA:3,0
DA:4,0
DA:12,0
DA:17,0
DA:18,0
LF:6
LH:0
BRDA:2,0,0,0
BRDA:2,0,1,0
BRDA:17,1,0,0
BRDA:17,1,1,0
BRDA:17,1,2,0
BRDA:18,2,0,0
BRDA:18,2,1,0
BRF:7
BRH:0
end_of_record
