TN:
SF:apps/backend-ts/src/index.ts
FN:19,getMLPath
FNF:1
FNH:0
FNDA:0,getMLPath
DA:9,0
DA:10,0
DA:12,0
DA:20,0
LF:4
LH:0
BRF:0
BRH:0
end_of_record
TN:
SF:apps/backend-ts/src/server.ts
FN:52,registerV3OmegaServices
FN:148,startServer
FN:247,(anonymous_2)
FN:260,(anonymous_3)
FN:285,(anonymous_4)
FN:310,(anonymous_5)
FN:315,(anonymous_6)
FN:320,(anonymous_7)
FN:328,(anonymous_8)
FN:333,(anonymous_9)
FN:346,(anonymous_10)
FN:396,(anonymous_11)
FN:434,(anonymous_12)
FN:464,(anonymous_13)
FN:510,(anonymous_14)
FN:556,(anonymous_15)
FN:609,(anonymous_16)
FN:634,(anonymous_17)
FN:651,(anonymous_18)
FN:656,(anonymous_19)
FN:696,(anonymous_20)
FN:706,(anonymous_21)
FN:728,(anonymous_22)
FN:756,gracefulShutdown
FN:769,(anonymous_24)
FN:813,(anonymous_25)
FN:819,(anonymous_26)
FN:820,(anonymous_27)
FN:824,(anonymous_28)
FNF:29
FNH:0
FNDA:0,registerV3OmegaServices
FNDA:0,startServer
FNDA:0,(anonymous_2)
FNDA:0,(anonymous_3)
FNDA:0,(anonymous_4)
FNDA:0,(anonymous_5)
FNDA:0,(anonymous_6)
FNDA:0,(anonymous_7)
FNDA:0,(anonymous_8)
FNDA:0,(anonymous_9)
FNDA:0,(anonymous_10)
FNDA:0,(anonymous_11)
FNDA:0,(anonymous_12)
FNDA:0,(anonymous_13)
FNDA:0,(anonymous_14)
FNDA:0,(anonymous_15)
FNDA:0,(anonymous_16)
FNDA:0,(anonymous_17)
FNDA:0,(anonymous_18)
FNDA:0,(anonymous_19)
FNDA:0,(anonymous_20)
FNDA:0,(anonymous_21)
FNDA:0,(anonymous_22)
FNDA:0,gracefulShutdown
FNDA:0,(anonymous_24)
FNDA:0,(anonymous_25)
FNDA:0,(anonymous_26)
FNDA:0,(anonymous_27)
FNDA:0,(anonymous_28)
DA:54,0
DA:102,0
DA:103,0
DA:108,0
DA:120,0
DA:132,0
DA:144,0
DA:150,0
DA:153,0
DA:154,0
DA:155,0
DA:156,0
DA:158,0
DA:159,0
DA:163,0
DA:165,0
DA:168,0
DA:171,0
DA:173,0
DA:175,0
DA:176,0
DA:180,0
DA:181,0
DA:182,0
DA:183,0
DA:184,0
DA:187,0
DA:188,0
DA:189,0
DA:192,0
DA:193,0
DA:198,0
DA:199,0
DA:200,0
DA:208,0
DA:209,0
DA:212,0
DA:215,0
DA:218,0
DA:221,0
DA:224,0
DA:225,0
DA:228,0
DA:231,0
DA:234,0
DA:235,0
DA:236,0
DA:240,0
DA:241,0
DA:244,0
DA:247,0
DA:248,0
DA:249,0
DA:253,0
DA:256,0
DA:257,0
DA:260,0
DA:261,0
DA:271,0
DA:274,0
DA:277,0
DA:278,0
DA:280,0
DA:281,0
DA:282,0
DA:285,0
DA:286,0
DA:302,0
DA:303,0
DA:304,0
DA:305,0
DA:306,0
DA:307,0
DA:310,0
DA:311,0
DA:312,0
DA:315,0
DA:316,0
DA:317,0
DA:320,0
DA:321,0
DA:322,0
DA:325,0
DA:328,0
DA:329,0
DA:333,0
DA:346,0
DA:347,0
DA:348,0
DA:350,0
DA:351,0
DA:357,0
DA:359,0
DA:360,0
DA:380,0
DA:387,0
DA:388,0
DA:396,0
DA:397,0
DA:398,0
DA:400,0
DA:401,0
DA:407,0
DA:409,0
DA:410,0
DA:418,0
DA:425,0
DA:426,0
DA:434,0
DA:435,0
DA:436,0
DA:438,0
DA:439,0
DA:445,0
DA:447,0
DA:455,0
DA:456,0
DA:464,0
DA:465,0
DA:466,0
DA:468,0
DA:469,0
DA:475,0
DA:488,0
DA:490,0
DA:500,0
DA:501,0
DA:510,0
DA:511,0
DA:512,0
DA:514,0
DA:515,0
DA:528,0
DA:529,0
DA:531,0
DA:533,0
DA:547,0
DA:548,0
DA:556,0
DA:557,0
DA:558,0
DA:560,0
DA:561,0
DA:567,0
DA:568,0
DA:581,0
DA:582,0
DA:584,0
DA:586,0
DA:600,0
DA:601,0
DA:609,0
DA:610,0
DA:611,0
DA:613,0
DA:614,0
DA:615,0
DA:618,0
DA:625,0
DA:626,0
DA:634,0
DA:635,0
DA:647,0
DA:648,0
DA:651,0
DA:652,0
DA:653,0
DA:656,0
DA:657,0
DA:658,0
DA:661,0
DA:664,0
DA:665,0
DA:666,0
DA:670,0
DA:671,0
DA:672,0
DA:673,0
DA:683,0
DA:684,0
DA:685,0
DA:688,0
DA:689,0
DA:690,0
DA:693,0
DA:696,0
DA:697,0
DA:698,0
DA:706,0
DA:707,0
DA:715,0
DA:718,0
DA:721,0
DA:722,0
DA:723,0
DA:725,0
DA:728,0
DA:729,0
DA:730,0
DA:731,0
DA:732,0
DA:733,0
DA:737,0
DA:738,0
DA:739,0
DA:741,0
DA:742,0
DA:746,0
DA:747,0
DA:748,0
DA:749,0
DA:751,0
DA:757,0
DA:760,0
DA:761,0
DA:762,0
DA:763,0
DA:765,0
DA:769,0
DA:770,0
DA:773,0
DA:774,0
DA:775,0
DA:776,0
DA:777,0
DA:778,0
DA:781,0
DA:782,0
DA:783,0
DA:784,0
DA:787,0
DA:792,0
DA:793,0
DA:794,0
DA:796,0
DA:800,0
DA:801,0
DA:808,0
DA:809,0
DA:813,0
DA:814,0
DA:815,0
DA:819,0
DA:820,0
DA:824,0
DA:825,0
DA:826,0
LF:247
LH:0
BRDA:180,0,0,0
BRDA:182,1,0,0
BRDA:187,2,0,0
BRDA:198,3,0,0
BRDA:234,4,0,0
BRDA:350,5,0,0
BRDA:359,6,0,0
BRDA:359,6,1,0
BRDA:391,7,0,0
BRDA:391,7,1,0
BRDA:400,8,0,0
BRDA:409,9,0,0
BRDA:409,9,1,0
BRDA:429,10,0,0
BRDA:429,10,1,0
BRDA:438,11,0,0
BRDA:459,12,0,0
BRDA:459,12,1,0
BRDA:466,13,0,0
BRDA:468,14,0,0
BRDA:468,15,0,0
BRDA:468,15,1,0
BRDA:468,15,2,0
BRDA:479,16,0,0
BRDA:479,16,1,0
BRDA:480,17,0,0
BRDA:480,17,1,0
BRDA:481,18,0,0
BRDA:481,18,1,0
BRDA:482,19,0,0
BRDA:482,19,1,0
BRDA:504,20,0,0
BRDA:504,20,1,0
BRDA:514,21,0,0
BRDA:514,21,1,0
BRDA:518,22,0,0
BRDA:518,22,1,0
BRDA:518,23,0,0
BRDA:518,23,1,0
BRDA:519,24,0,0
BRDA:519,24,1,0
BRDA:560,25,0,0
BRDA:572,26,0,0
BRDA:572,26,1,0
BRDA:613,27,0,0
BRDA:701,28,0,0
BRDA:701,28,1,0
BRDA:715,29,0,0
BRDA:715,29,1,0
BRDA:715,29,2,0
BRDA:721,30,0,0
BRDA:721,30,1,0
BRDA:732,31,0,0
BRDA:773,32,0,0
BRDA:775,33,0,0
BRDA:781,34,0,0
BRDA:800,35,0,0
BRF:57
BRH:0
end_of_record
TN:
SF:apps/backend-ts/src/websocket.ts
FN:13,setupWebSocket
FN:26,(anonymous_1)
FN:36,(anonymous_2)
FN:51,(anonymous_3)
FN:56,(anonymous_4)
FN:61,(anonymous_5)
FN:68,(anonymous_6)
FN:85,setupRedisBridge
FN:89,(anonymous_8)
FN:97,(anonymous_9)
FN:104,(anonymous_10)
FN:111,(anonymous_11)
FN:122,closeWebSocket
FN:123,(anonymous_13)
FN:124,(anonymous_14)
FNF:15
FNH:0
FNDA:0,setupWebSocket
FNDA:0,(anonymous_1)
FNDA:0,(anonymous_2)
FNDA:0,(anonymous_3)
FNDA:0,(anonymous_4)
FNDA:0,(anonymous_5)
FNDA:0,(anonymous_6)
FNDA:0,setupRedisBridge
FNDA:0,(anonymous_8)
FNDA:0,(anonymous_9)
FNDA:0,(anonymous_10)
FNDA:0,(anonymous_11)
FNDA:0,closeWebSocket
FNDA:0,(anonymous_13)
FNDA:0,(anonymous_14)
DA:14,0
DA:23,0
DA:26,0
DA:27,0
DA:28,0
DA:29,0
DA:31,0
DA:32,0
DA:36,0
DA:37,0
DA:38,0
DA:41,0
DA:44,0
DA:51,0
DA:52,0
DA:56,0
DA:57,0
DA:61,0
DA:62,0
DA:63,0
DA:64,0
DA:68,0
DA:69,0
DA:70,0
DA:75,0
DA:77,0
DA:79,0
DA:87,0
DA:90,0
DA:91,0
DA:92,0
DA:97,0
DA:98,0
DA:99,0
DA:100,0
DA:104,0
DA:105,0
DA:106,0
DA:107,0
DA:111,0
DA:112,0
DA:113,0
DA:116,0
DA:123,0
DA:124,0
DA:125,0
DA:126,0
LF:47
LH:0
BRDA:16,0,0,0
BRDA:16,0,1,0
BRDA:28,1,0,0
BRF:3
BRH:0
end_of_record
TN:
SF:apps/backend-ts/src/agents/agent-orchestrator.ts
FN:15,(anonymous_0)
FN:26,(anonymous_1)
FN:45,(anonymous_2)
FN:61,(anonymous_3)
FN:68,(anonymous_4)
FN:111,(anonymous_5)
FN:118,(anonymous_6)
FN:124,(anonymous_7)
FN:130,(anonymous_8)
FN:136,(anonymous_9)
FN:145,(anonymous_10)
FN:152,(anonymous_11)
FNF:12
FNH:0
FNDA:0,(anonymous_0)
FNDA:0,(anonymous_1)
FNDA:0,(anonymous_2)
FNDA:0,(anonymous_3)
FNDA:0,(anonymous_4)
FNDA:0,(anonymous_5)
FNDA:0,(anonymous_6)
FNDA:0,(anonymous_7)
FNDA:0,(anonymous_8)
FNDA:0,(anonymous_9)
FNDA:0,(anonymous_10)
FNDA:0,(anonymous_11)
DA:13,0
DA:19,0
DA:20,0
DA:31,0
DA:33,0
DA:42,0
DA:45,0
DA:46,0
DA:47,0
DA:48,0
DA:49,0
DA:50,0
DA:51,0
DA:55,0
DA:62,0
DA:69,0
DA:70,0
DA:72,0
DA:74,0
DA:77,0
DA:79,0
DA:80,0
DA:82,0
DA:83,0
DA:85,0
DA:86,0
DA:88,0
DA:89,0
DA:91,0
DA:92,0
DA:94,0
DA:97,0
DA:98,0
DA:99,0
DA:101,0
DA:102,0
DA:103,0
DA:104,0
DA:113,0
DA:114,0
DA:115,0
DA:119,0
DA:120,0
DA:121,0
DA:125,0
DA:126,0
DA:127,0
DA:131,0
DA:132,0
DA:133,0
DA:137,0
DA:138,0
DA:139,0
DA:146,0
DA:153,0
DA:154,0
DA:155,0
DA:156,0
DA:161,0
LF:59
LH:0
BRDA:48,0,0,0
BRDA:70,1,0,0
BRDA:77,2,0,0
BRDA:77,2,1,0
BRDA:77,2,2,0
BRDA:77,2,3,0
BRDA:77,2,4,0
BRDA:77,2,5,0
BRDA:156,3,0,0
BRDA:157,4,0,0
BRDA:157,4,1,0
BRDA:157,4,2,0
BRF:12
BRH:0
end_of_record
TN:
SF:apps/backend-ts/src/agents/bali-zero-services.ts
FN:8,(anonymous_0)
FN:326,(anonymous_1)
FN:341,(anonymous_2)
FN:368,(anonymous_3)
FN:416,(anonymous_4)
FN:454,(anonymous_5)
FN:466,(anonymous_6)
FN:480,(anonymous_7)
FN:493,(anonymous_8)
FNF:9
FNH:0
FNDA:0,(anonymous_0)
FNDA:0,(anonymous_1)
FNDA:0,(anonymous_2)
FNDA:0,(anonymous_3)
FNDA:0,(anonymous_4)
FNDA:0,(anonymous_5)
FNDA:0,(anonymous_6)
FNDA:0,(anonymous_7)
FNDA:0,(anonymous_8)
DA:9,0
DA:327,0
DA:328,0
DA:330,0
DA:342,0
DA:344,0
DA:350,0
DA:352,0
DA:353,0
DA:355,0
DA:356,0
DA:358,0
DA:359,0
DA:361,0
DA:362,0
DA:365,0
DA:369,0
DA:413,0
DA:417,0
DA:451,0
DA:455,0
DA:463,0
DA:467,0
DA:481,0
DA:494,0
LF:25
LH:0
BRDA:342,0,0,0
BRDA:342,0,1,0
BRDA:344,1,0,0
BRDA:345,2,0,0
BRDA:345,2,1,0
BRDA:345,2,2,0
BRDA:345,2,3,0
BRDA:352,3,0,0
BRDA:352,4,0,0
BRDA:352,4,1,0
BRDA:352,4,2,0
BRDA:355,5,0,0
BRDA:355,6,0,0
BRDA:355,6,1,0
BRDA:355,6,2,0
BRDA:358,7,0,0
BRDA:358,8,0,0
BRDA:358,8,1,0
BRDA:358,8,2,0
BRDA:361,9,0,0
BRDA:361,10,0,0
BRDA:361,10,1,0
BRDA:361,10,2,0
BRDA:413,11,0,0
BRDA:413,11,1,0
BRDA:451,12,0,0
BRDA:451,12,1,0
BRDA:463,13,0,0
BRDA:463,13,1,0
BRF:29
BRH:0
end_of_record
TN:
SF:apps/backend-ts/src/agents/cli.ts
FN:25,main
FN:76,generateEndpoint
FN:98,integrateMemory
FN:126,generateTests
FN:153,healError
FN:178,createPR
FN:198,showStatus
FN:240,waitForTask
FN:281,sleep
FN:282,(anonymous_9)
FN:288,printUsage
FN:323,(anonymous_11)
FNF:12
FNH:0
FNDA:0,main
FNDA:0,generateEndpoint
FNDA:0,integrateMemory
FNDA:0,generateTests
FNDA:0,healError
FNDA:0,createPR
FNDA:0,showStatus
FNDA:0,waitForTask
FNDA:0,sleep
FNDA:0,(anonymous_9)
FNDA:0,printUsage
FNDA:0,(anonymous_11)
DA:17,0
DA:18,0
DA:20,0
DA:26,0
DA:27,0
DA:29,0
DA:30,0
DA:31,0
DA:34,0
DA:36,0
DA:37,0
DA:39,0
DA:40,0
DA:43,0
DA:44,0
DA:47,0
DA:48,0
DA:51,0
DA:52,0
DA:55,0
DA:56,0
DA:59,0
DA:60,0
DA:63,0
DA:64,0
DA:65,0
DA:68,0
DA:69,0
DA:77,0
DA:78,0
DA:79,0
DA:80,0
DA:83,0
DA:84,0
DA:86,0
DA:92,0
DA:99,0
DA:100,0
DA:101,0
DA:102,0
DA:105,0
DA:106,0
DA:107,0
DA:108,0
DA:110,0
DA:120,0
DA:127,0
DA:128,0
DA:129,0
DA:130,0
DA:134,0
DA:135,0
DA:137,0
DA:138,0
DA:139,0
DA:141,0
DA:147,0
DA:154,0
DA:155,0
DA:156,0
DA:157,0
DA:160,0
DA:161,0
DA:163,0
DA:164,0
DA:166,0
DA:172,0
DA:179,0
DA:180,0
DA:181,0
DA:182,0
DA:185,0
DA:186,0
DA:187,0
DA:190,0
DA:191,0
DA:192,0
DA:199,0
DA:201,0
DA:202,0
DA:204,0
DA:205,0
DA:209,0
DA:210,0
DA:211,0
DA:212,0
DA:213,0
DA:214,0
DA:218,0
DA:219,0
DA:220,0
DA:221,0
DA:224,0
DA:225,0
DA:226,0
DA:227,0
DA:228,0
DA:229,0
DA:230,0
DA:231,0
DA:232,0
DA:241,0
DA:242,0
DA:244,0
DA:245,0
DA:247,0
DA:248,0
DA:250,0
DA:251,0
DA:254,0
DA:255,0
DA:256,0
DA:259,0
DA:260,0
DA:261,0
DA:262,0
DA:263,0
DA:264,0
DA:267,0
DA:268,0
DA:269,0
DA:270,0
DA:271,0
DA:274,0
DA:282,0
DA:289,0
DA:323,0
DA:324,0
DA:325,0
LF:129
LH:0
BRDA:17,0,0,0
BRDA:17,0,1,0
BRDA:18,1,0,0
BRDA:18,1,1,0
BRDA:29,2,0,0
BRDA:37,3,0,0
BRDA:37,3,1,0
BRDA:37,3,2,0
BRDA:37,3,3,0
BRDA:37,3,4,0
BRDA:37,3,5,0
BRDA:37,3,6,0
BRDA:43,4,0,0
BRDA:43,4,1,0
BRDA:43,5,0,0
BRDA:43,5,1,0
BRDA:47,6,0,0
BRDA:47,6,1,0
BRDA:77,7,0,0
BRDA:99,8,0,0
BRDA:127,9,0,0
BRDA:154,10,0,0
BRDA:179,11,0,0
BRDA:179,12,0,0
BRDA:179,12,1,0
BRDA:199,13,0,0
BRDA:199,13,1,0
BRDA:205,14,0,0
BRDA:205,14,1,0
BRDA:205,15,0,0
BRDA:205,15,1,0
BRDA:213,16,0,0
BRDA:219,17,0,0
BRDA:228,18,0,0
BRDA:229,19,0,0
BRDA:230,20,0,0
BRDA:250,21,0,0
BRDA:254,22,0,0
BRDA:259,23,0,0
BRDA:267,24,0,0
BRF:40
BRH:0
end_of_record
TN:
SF:apps/backend-ts/src/agents/endpoint-generator.ts
FN:16,(anonymous_0)
FN:21,(anonymous_1)
FN:63,(anonymous_2)
FN:111,(anonymous_3)
FN:153,(anonymous_4)
FN:189,(anonymous_5)
FN:227,(anonymous_6)
FN:256,(anonymous_7)
FN:277,(anonymous_8)
FN:288,(anonymous_9)
FN:289,(anonymous_10)
FNF:11
FNH:0
FNDA:0,(anonymous_0)
FNDA:0,(anonymous_1)
FNDA:0,(anonymous_2)
FNDA:0,(anonymous_3)
FNDA:0,(anonymous_4)
FNDA:0,(anonymous_5)
FNDA:0,(anonymous_6)
FNDA:0,(anonymous_7)
FNDA:0,(anonymous_8)
FNDA:0,(anonymous_9)
FNDA:0,(anonymous_10)
DA:17,0
DA:18,0
DA:27,0
DA:30,0
DA:31,0
DA:34,0
DA:35,0
DA:38,0
DA:39,0
DA:42,0
DA:43,0
DA:46,0
DA:47,0
DA:50,0
DA:52,0
DA:65,0
DA:95,0
DA:96,0
DA:100,0
DA:101,0
DA:102,0
DA:105,0
DA:112,0
DA:136,0
DA:137,0
DA:140,0
DA:141,0
DA:143,0
DA:154,0
DA:172,0
DA:173,0
DA:176,0
DA:177,0
DA:179,0
DA:190,0
DA:210,0
DA:211,0
DA:214,0
DA:215,0
DA:217,0
DA:228,0
DA:261,0
DA:263,0
DA:264,0
DA:265,0
DA:267,0
DA:268,0
DA:270,0
DA:278,0
DA:289,0
LF:50
LH:0
BRDA:95,0,0,0
BRDA:95,1,0,0
BRDA:95,1,1,0
BRDA:101,2,0,0
BRDA:136,3,0,0
BRDA:136,4,0,0
BRDA:136,4,1,0
BRDA:172,5,0,0
BRDA:172,6,0,0
BRDA:172,6,1,0
BRDA:210,7,0,0
BRDA:210,8,0,0
BRDA:210,8,1,0
BRF:13
BRH:0
end_of_record
TN:
SF:apps/backend-ts/src/agents/eye-kbli.ts
FN:11,(anonymous_0)
FN:389,(anonymous_1)
FN:410,(anonymous_2)
FN:414,(anonymous_3)
FN:417,(anonymous_4)
FN:420,(anonymous_5)
FN:427,(anonymous_6)
FN:458,(anonymous_7)
FN:474,(anonymous_8)
FN:485,(anonymous_9)
FN:496,(anonymous_10)
FN:522,(anonymous_11)
FN:531,(anonymous_12)
FNF:13
FNH:0
FNDA:0,(anonymous_0)
FNDA:0,(anonymous_1)
FNDA:0,(anonymous_2)
FNDA:0,(anonymous_3)
FNDA:0,(anonymous_4)
FNDA:0,(anonymous_5)
FNDA:0,(anonymous_6)
FNDA:0,(anonymous_7)
FNDA:0,(anonymous_8)
FNDA:0,(anonymous_9)
FNDA:0,(anonymous_10)
FNDA:0,(anonymous_11)
FNDA:0,(anonymous_12)
DA:16,0
DA:80,0
DA:158,0
DA:220,0
DA:255,0
DA:288,0
DA:332,0
DA:390,0
DA:391,0
DA:395,0
DA:412,0
DA:414,0
DA:415,0
DA:417,0
DA:418,0
DA:420,0
DA:421,0
DA:424,0
DA:428,0
DA:430,0
DA:436,0
DA:445,0
DA:451,0
DA:459,0
DA:475,0
DA:486,0
DA:493,0
DA:497,0
DA:516,0
DA:525,0
DA:533,0
LF:31
LH:0
BRDA:412,0,0,0
BRDA:412,0,1,0
BRDA:414,1,0,0
BRDA:417,2,0,0
BRDA:420,3,0,0
BRDA:428,4,0,0
BRDA:428,4,1,0
BRDA:428,4,2,0
BRDA:428,4,3,0
BRDA:493,5,0,0
BRDA:493,5,1,0
BRDA:516,6,0,0
BRDA:516,6,1,0
BRF:13
BRH:0
end_of_record
TN:
SF:apps/backend-ts/src/agents/legal-architect.ts
FN:15,(anonymous_0)
FN:324,(anonymous_1)
FN:344,(anonymous_2)
FN:358,(anonymous_3)
FN:393,(anonymous_4)
FN:397,(anonymous_5)
FN:409,(anonymous_6)
FN:424,(anonymous_7)
FN:431,(anonymous_8)
FN:438,(anonymous_9)
FNF:10
FNH:0
FNDA:0,(anonymous_0)
FNDA:0,(anonymous_1)
FNDA:0,(anonymous_2)
FNDA:0,(anonymous_3)
FNDA:0,(anonymous_4)
FNDA:0,(anonymous_5)
FNDA:0,(anonymous_6)
FNDA:0,(anonymous_7)
FNDA:0,(anonymous_8)
FNDA:0,(anonymous_9)
DA:16,0
DA:325,0
DA:326,0
DA:327,0
DA:329,0
DA:345,0
DA:347,0
DA:348,0
DA:349,0
DA:350,0
DA:351,0
DA:352,0
DA:353,0
DA:355,0
DA:359,0
DA:390,0
DA:394,0
DA:398,0
DA:399,0
DA:406,0
DA:410,0
DA:411,0
DA:414,0
DA:415,0
DA:418,0
DA:425,0
DA:432,0
DA:439,0
LF:28
LH:0
BRDA:345,0,0,0
BRDA:345,0,1,0
BRDA:347,1,0,0
BRDA:348,2,0,0
BRDA:349,3,0,0
BRDA:350,4,0,0
BRDA:351,5,0,0
BRDA:352,6,0,0
BRDA:352,7,0,0
BRDA:352,7,1,0
BRDA:353,8,0,0
BRDA:353,9,0,0
BRDA:353,9,1,0
BRDA:390,10,0,0
BRDA:390,10,1,0
BRDA:394,11,0,0
BRDA:394,11,1,0
BRDA:398,12,0,0
BRDA:410,13,0,0
BRDA:410,14,0,0
BRDA:410,14,1,0
BRDA:414,15,0,0
BRF:22
BRH:0
end_of_record
TN:
SF:apps/backend-ts/src/agents/memory-integrator.ts
FN:15,(anonymous_0)
FN:17,(anonymous_1)
FN:42,(anonymous_2)
FN:56,(anonymous_3)
FN:95,(anonymous_4)
FN:113,(anonymous_5)
FN:138,(anonymous_6)
FNF:7
FNH:0
FNDA:0,(anonymous_0)
FNDA:0,(anonymous_1)
FNDA:0,(anonymous_2)
FNDA:0,(anonymous_3)
FNDA:0,(anonymous_4)
FNDA:0,(anonymous_5)
FNDA:0,(anonymous_6)
DA:15,0
DA:18,0
DA:21,0
DA:22,0
DA:25,0
DA:26,0
DA:29,0
DA:30,0
DA:32,0
DA:43,0
DA:44,0
DA:46,0
DA:47,0
DA:49,0
DA:60,0
DA:85,0
DA:86,0
DA:89,0
DA:96,0
DA:97,0
DA:100,0
DA:101,0
DA:102,0
DA:105,0
DA:107,0
DA:114,0
DA:116,0
DA:117,0
DA:120,0
DA:121,0
DA:124,0
DA:125,0
DA:128,0
DA:129,0
DA:130,0
DA:132,0
DA:139,0
LF:37
LH:0
BRDA:85,0,0,0
BRDA:85,1,0,0
BRDA:85,1,1,0
BRDA:116,2,0,0
BRDA:116,3,0,0
BRDA:116,3,1,0
BRDA:120,4,0,0
BRDA:120,5,0,0
BRDA:120,5,1,0
BRDA:124,6,0,0
BRDA:124,7,0,0
BRDA:124,7,1,0
BRDA:130,8,0,0
BRDA:130,8,1,0
BRF:14
BRH:0
end_of_record
TN:
SF:apps/backend-ts/src/agents/orchestrator.ts
FN:36,(anonymous_0)
FN:48,(anonymous_1)
FN:148,(anonymous_2)
FN:155,(anonymous_3)
FN:186,(anonymous_4)
FN:187,(anonymous_5)
FN:236,(anonymous_6)
FN:240,(anonymous_7)
FN:258,(anonymous_8)
FN:304,(anonymous_9)
FN:368,(anonymous_10)
FN:390,(anonymous_11)
FN:406,(anonymous_12)
FN:433,(anonymous_13)
FN:438,(anonymous_14)
FN:443,(anonymous_15)
FN:444,(anonymous_16)
FN:462,(anonymous_17)
FN:467,(anonymous_18)
FN:472,(anonymous_19)
FN:477,(anonymous_20)
FN:482,(anonymous_21)
FN:487,(anonymous_22)
FN:492,(anonymous_23)
FN:497,(anonymous_24)
FN:502,(anonymous_25)
FN:507,(anonymous_26)
FN:512,(anonymous_27)
FNF:28
FNH:0
FNDA:0,(anonymous_0)
FNDA:0,(anonymous_1)
FNDA:0,(anonymous_2)
FNDA:0,(anonymous_3)
FNDA:0,(anonymous_4)
FNDA:0,(anonymous_5)
FNDA:0,(anonymous_6)
FNDA:0,(anonymous_7)
FNDA:0,(anonymous_8)
FNDA:0,(anonymous_9)
FNDA:0,(anonymous_10)
FNDA:0,(anonymous_11)
FNDA:0,(anonymous_12)
FNDA:0,(anonymous_13)
FNDA:0,(anonymous_14)
FNDA:0,(anonymous_15)
FNDA:0,(anonymous_16)
FNDA:0,(anonymous_17)
FNDA:0,(anonymous_18)
FNDA:0,(anonymous_19)
FNDA:0,(anonymous_20)
FNDA:0,(anonymous_21)
FNDA:0,(anonymous_22)
FNDA:0,(anonymous_23)
FNDA:0,(anonymous_24)
FNDA:0,(anonymous_25)
FNDA:0,(anonymous_26)
FNDA:0,(anonymous_27)
DA:37,0
DA:41,0
DA:42,0
DA:49,0
DA:148,0
DA:149,0
DA:157,0
DA:180,0
DA:187,0
DA:198,0
DA:223,0
DA:230,0
DA:232,0
DA:233,0
DA:234,0
DA:236,0
DA:238,0
DA:240,0
DA:245,0
DA:246,0
DA:259,0
DA:265,0
DA:266,0
DA:267,0
DA:269,0
DA:270,0
DA:271,0
DA:274,0
DA:275,0
DA:278,0
DA:281,0
DA:282,0
DA:283,0
DA:284,0
DA:286,0
DA:288,0
DA:289,0
DA:292,0
DA:293,0
DA:298,0
DA:305,0
DA:307,0
DA:310,0
DA:311,0
DA:316,0
DA:320,0
DA:321,0
DA:325,0
DA:329,0
DA:330,0
DA:335,0
DA:339,0
DA:340,0
DA:341,0
DA:342,0
DA:345,0
DA:346,0
DA:349,0
DA:350,0
DA:353,0
DA:354,0
DA:357,0
DA:358,0
DA:361,0
DA:369,0
DA:371,0
DA:372,0
DA:373,0
DA:375,0
DA:376,0
DA:379,0
DA:380,0
DA:382,0
DA:383,0
DA:391,0
DA:392,0
DA:393,0
DA:407,0
DA:409,0
DA:412,0
DA:414,0
DA:415,0
DA:416,0
DA:420,0
DA:423,0
DA:425,0
DA:426,0
DA:434,0
DA:438,0
DA:443,0
DA:444,0
DA:452,0
DA:455,0
DA:463,0
DA:464,0
DA:468,0
DA:469,0
DA:473,0
DA:474,0
DA:478,0
DA:479,0
DA:483,0
DA:484,0
DA:488,0
DA:489,0
DA:493,0
DA:494,0
DA:498,0
DA:499,0
DA:504,0
DA:509,0
DA:514,0
LF:112
LH:0
BRDA:38,0,0,0
BRDA:38,0,1,0
BRDA:230,1,0,0
BRDA:230,1,1,0
BRDA:234,2,0,0
BRDA:234,2,1,0
BRDA:267,3,0,0
BRDA:292,4,0,0
BRDA:305,5,0,0
BRDA:305,5,1,0
BRDA:307,6,0,0
BRDA:307,6,1,0
BRDA:307,6,2,0
BRDA:307,6,3,0
BRDA:307,6,4,0
BRDA:307,6,5,0
BRDA:307,6,6,0
BRDA:307,6,7,0
BRDA:307,6,8,0
BRDA:375,7,0,0
BRDA:391,8,0,0
BRDA:397,9,0,0
BRDA:397,9,1,0
BRDA:414,10,0,0
BRDA:443,11,0,0
BRDA:443,11,1,0
BRDA:464,12,0,0
BRDA:464,12,1,0
BRDA:469,13,0,0
BRDA:469,13,1,0
BRDA:474,14,0,0
BRDA:474,14,1,0
BRDA:479,15,0,0
BRDA:479,15,1,0
BRDA:484,16,0,0
BRDA:484,16,1,0
BRDA:489,17,0,0
BRDA:489,17,1,0
BRDA:494,18,0,0
BRDA:494,18,1,0
BRDA:499,19,0,0
BRDA:499,19,1,0
BRF:42
BRH:0
end_of_record
TN:
SF:apps/backend-ts/src/agents/performance-optimizer.ts
FN:37,(anonymous_0)
FN:46,(anonymous_1)
FN:76,(anonymous_2)
FN:93,(anonymous_3)
FN:107,(anonymous_4)
FN:115,(anonymous_5)
FN:137,(anonymous_6)
FN:161,(anonymous_7)
FN:206,(anonymous_8)
FN:233,(anonymous_9)
FN:261,(anonymous_10)
FN:296,(anonymous_11)
FN:331,(anonymous_12)
FN:364,(anonymous_13)
FN:374,(anonymous_14)
FN:398,(anonymous_15)
FN:430,(anonymous_16)
FN:440,(anonymous_17)
FNF:18
FNH:0
FNDA:0,(anonymous_0)
FNDA:0,(anonymous_1)
FNDA:0,(anonymous_2)
FNDA:0,(anonymous_3)
FNDA:0,(anonymous_4)
FNDA:0,(anonymous_5)
FNDA:0,(anonymous_6)
FNDA:0,(anonymous_7)
FNDA:0,(anonymous_8)
FNDA:0,(anonymous_9)
FNDA:0,(anonymous_10)
FNDA:0,(anonymous_11)
FNDA:0,(anonymous_12)
FNDA:0,(anonymous_13)
FNDA:0,(anonymous_14)
FNDA:0,(anonymous_15)
FNDA:0,(anonymous_16)
FNDA:0,(anonymous_17)
DA:12,0
DA:34,0
DA:35,0
DA:38,0
DA:48,0
DA:62,0
DA:65,0
DA:68,0
DA:70,0
DA:78,0
DA:93,0
DA:109,0
DA:111,0
DA:112,0
DA:114,0
DA:115,0
DA:116,0
DA:117,0
DA:118,0
DA:122,0
DA:123,0
DA:124,0
DA:126,0
DA:138,0
DA:140,0
DA:141,0
DA:144,0
DA:145,0
DA:147,0
DA:153,0
DA:154,0
DA:162,0
DA:164,0
DA:166,0
DA:167,0
DA:177,0
DA:178,0
DA:189,0
DA:190,0
DA:191,0
DA:200,0
DA:207,0
DA:220,0
DA:227,0
DA:234,0
DA:235,0
DA:236,0
DA:238,0
DA:239,0
DA:242,0
DA:243,0
DA:247,0
DA:248,0
DA:250,0
DA:253,0
DA:262,0
DA:265,0
DA:279,0
DA:280,0
DA:281,0
DA:283,0
DA:297,0
DA:299,0
DA:311,0
DA:313,0
DA:314,0
DA:318,0
DA:319,0
DA:320,0
DA:332,0
DA:345,0
DA:352,0
DA:353,0
DA:354,0
DA:355,0
DA:357,0
DA:365,0
DA:375,0
DA:377,0
DA:379,0
DA:382,0
DA:384,0
DA:385,0
DA:386,0
DA:389,0
DA:392,0
DA:395,0
DA:398,0
DA:400,0
DA:401,0
DA:405,0
DA:406,0
DA:407,0
DA:420,0
DA:422,0
DA:423,0
DA:431,0
DA:434,0
DA:440,0
DA:464,0
DA:466,0
DA:467,0
DA:468,0
DA:469,0
DA:470,0
DA:473,0
DA:475,0
LF:107
LH:0
BRDA:39,0,0,0
BRDA:39,0,1,0
BRDA:117,1,0,0
BRDA:117,2,0,0
BRDA:117,2,1,0
BRDA:122,3,0,0
BRDA:122,3,1,0
BRDA:123,4,0,0
BRDA:123,4,1,0
BRDA:124,5,0,0
BRDA:124,5,1,0
BRDA:130,6,0,0
BRDA:130,6,1,0
BRDA:166,7,0,0
BRDA:169,8,0,0
BRDA:169,8,1,0
BRDA:177,9,0,0
BRDA:190,10,0,0
BRDA:227,11,0,0
BRDA:227,11,1,0
BRDA:236,12,0,0
BRDA:236,12,1,0
BRDA:236,12,2,0
BRDA:247,13,0,0
BRDA:313,14,0,0
BRDA:353,15,0,0
BRDA:353,15,1,0
BRDA:355,16,0,0
BRDA:355,16,1,0
BRDA:384,17,0,0
BRDA:400,18,0,0
BRDA:405,19,0,0
BRF:32
BRH:0
end_of_record
TN:
SF:apps/backend-ts/src/agents/pr-agent.ts
FN:19,(anonymous_0)
FN:24,(anonymous_1)
FN:80,(anonymous_2)
FN:96,(anonymous_3)
FN:119,(anonymous_4)
FN:136,(anonymous_5)
FN:146,(anonymous_6)
FN:163,(anonymous_7)
FN:181,(anonymous_8)
FN:195,(anonymous_9)
FN:229,(anonymous_10)
FNF:11
FNH:0
FNDA:0,(anonymous_0)
FNDA:0,(anonymous_1)
FNDA:0,(anonymous_2)
FNDA:0,(anonymous_3)
FNDA:0,(anonymous_4)
FNDA:0,(anonymous_5)
FNDA:0,(anonymous_6)
FNDA:0,(anonymous_7)
FNDA:0,(anonymous_8)
FNDA:0,(anonymous_9)
FNDA:0,(anonymous_10)
DA:17,0
DA:20,0
DA:21,0
DA:25,0
DA:27,0
DA:29,0
DA:30,0
DA:33,0
DA:34,0
DA:37,0
DA:38,0
DA:39,0
DA:40,0
DA:41,0
DA:42,0
DA:47,0
DA:48,0
DA:49,0
DA:53,0
DA:54,0
DA:57,0
DA:58,0
DA:61,0
DA:62,0
DA:64,0
DA:66,0
DA:68,0
DA:69,0
DA:81,0
DA:83,0
DA:84,0
DA:87,0
DA:89,0
DA:97,0
DA:98,0
DA:99,0
DA:101,0
DA:102,0
DA:103,0
DA:104,0
DA:105,0
DA:106,0
DA:107,0
DA:108,0
DA:110,0
DA:120,0
DA:121,0
DA:126,0
DA:128,0
DA:129,0
DA:139,0
DA:140,0
DA:147,0
DA:148,0
DA:153,0
DA:155,0
DA:156,0
DA:164,0
DA:165,0
DA:167,0
DA:169,0
DA:174,0
DA:182,0
DA:183,0
DA:188,0
DA:196,0
DA:198,0
DA:200,0
DA:204,0
DA:213,0
DA:214,0
DA:216,0
DA:222,0
DA:230,0
DA:231,0
DA:232,0
DA:234,0
LF:77
LH:0
BRDA:38,0,0,0
BRDA:41,1,0,0
BRDA:48,2,0,0
BRDA:101,3,0,0
BRDA:101,3,1,0
BRDA:101,4,0,0
BRDA:101,4,1,0
BRDA:104,5,0,0
BRDA:104,5,1,0
BRDA:105,6,0,0
BRDA:200,7,0,0
BRDA:200,7,1,0
BRDA:200,8,0,0
BRDA:200,8,1,0
BRDA:213,9,0,0
BRDA:213,9,1,0
BRDA:214,10,0,0
BRDA:214,10,1,0
BRF:18
BRH:0
end_of_record
TN:
SF:apps/backend-ts/src/agents/property-sage.ts
FN:11,(anonymous_0)
FN:313,(anonymous_1)
FN:330,(anonymous_2)
FN:333,(anonymous_3)
FN:336,(anonymous_4)
FN:339,(anonymous_5)
FN:342,(anonymous_6)
FN:349,(anonymous_7)
FN:365,(anonymous_8)
FN:383,(anonymous_9)
FN:394,(anonymous_10)
FN:402,(anonymous_11)
FN:422,(anonymous_12)
FN:435,(anonymous_13)
FN:446,(anonymous_14)
FN:475,(anonymous_15)
FNF:16
FNH:0
FNDA:0,(anonymous_0)
FNDA:0,(anonymous_1)
FNDA:0,(anonymous_2)
FNDA:0,(anonymous_3)
FNDA:0,(anonymous_4)
FNDA:0,(anonymous_5)
FNDA:0,(anonymous_6)
FNDA:0,(anonymous_7)
FNDA:0,(anonymous_8)
FNDA:0,(anonymous_9)
FNDA:0,(anonymous_10)
FNDA:0,(anonymous_11)
FNDA:0,(anonymous_12)
FNDA:0,(anonymous_13)
FNDA:0,(anonymous_14)
FNDA:0,(anonymous_15)
DA:16,0
DA:84,0
DA:193,0
DA:232,0
DA:275,0
DA:314,0
DA:315,0
DA:317,0
DA:331,0
DA:333,0
DA:334,0
DA:336,0
DA:337,0
DA:339,0
DA:340,0
DA:342,0
DA:343,0
DA:346,0
DA:351,0
DA:352,0
DA:353,0
DA:355,0
DA:356,0
DA:358,0
DA:359,0
DA:362,0
DA:366,0
DA:368,0
DA:369,0
DA:376,0
DA:384,0
DA:386,0
DA:388,0
DA:390,0
DA:395,0
DA:403,0
DA:406,0
DA:413,0
DA:418,0
DA:423,0
DA:424,0
DA:425,0
DA:427,0
DA:429,0
DA:430,0
DA:432,0
DA:436,0
DA:438,0
DA:440,0
DA:442,0
DA:447,0
DA:449,0
DA:457,0
DA:465,0
DA:476,0
DA:483,0
DA:484,0
DA:489,0
LF:58
LH:0
BRDA:331,0,0,0
BRDA:331,0,1,0
BRDA:333,1,0,0
BRDA:336,2,0,0
BRDA:339,3,0,0
BRDA:342,4,0,0
BRDA:351,5,0,0
BRDA:351,5,1,0
BRDA:352,6,0,0
BRDA:352,6,1,0
BRDA:353,7,0,0
BRDA:353,7,1,0
BRDA:355,8,0,0
BRDA:355,9,0,0
BRDA:355,9,1,0
BRDA:355,9,2,0
BRDA:358,10,0,0
BRDA:358,11,0,0
BRDA:358,11,1,0
BRDA:358,11,2,0
BRDA:368,12,0,0
BRDA:384,13,0,0
BRDA:384,13,1,0
BRDA:384,13,2,0
BRDA:403,14,0,0
BRDA:403,14,1,0
BRDA:403,14,2,0
BRDA:403,14,3,0
BRDA:403,14,4,0
BRDA:423,15,0,0
BRDA:424,16,0,0
BRDA:429,17,0,0
BRDA:436,18,0,0
BRDA:436,18,1,0
BRDA:436,18,2,0
BRDA:447,19,0,0
BRDA:447,19,1,0
BRDA:447,19,2,0
BRDA:483,20,0,0
BRF:39
BRH:0
end_of_record
TN:
SF:apps/backend-ts/src/agents/refactoring-agent.ts
FN:64,(anonymous_0)
FN:72,(anonymous_1)
FN:232,(anonymous_2)
FN:238,(anonymous_3)
FN:275,(anonymous_4)
FN:328,(anonymous_5)
FN:346,(anonymous_6)
FN:352,(anonymous_7)
FN:402,(anonymous_8)
FN:403,(anonymous_9)
FN:409,(anonymous_10)
FN:425,(anonymous_11)
FN:445,(anonymous_12)
FN:462,(anonymous_13)
FN:476,(anonymous_14)
FN:479,(anonymous_15)
FN:484,(anonymous_16)
FNF:17
FNH:0
FNDA:0,(anonymous_0)
FNDA:0,(anonymous_1)
FNDA:0,(anonymous_2)
FNDA:0,(anonymous_3)
FNDA:0,(anonymous_4)
FNDA:0,(anonymous_5)
FNDA:0,(anonymous_6)
FNDA:0,(anonymous_7)
FNDA:0,(anonymous_8)
FNDA:0,(anonymous_9)
FNDA:0,(anonymous_10)
FNDA:0,(anonymous_11)
FNDA:0,(anonymous_12)
FNDA:0,(anonymous_13)
FNDA:0,(anonymous_14)
FNDA:0,(anonymous_15)
FNDA:0,(anonymous_16)
DA:48,0
DA:49,0
DA:52,0
DA:53,0
DA:54,0
DA:55,0
DA:65,0
DA:66,0
DA:76,0
DA:77,0
DA:80,0
DA:81,0
DA:89,0
DA:90,0
DA:91,0
DA:93,0
DA:94,0
DA:98,0
DA:103,0
DA:111,0
DA:112,0
DA:117,0
DA:118,0
DA:127,0
DA:128,0
DA:135,0
DA:138,0
DA:141,0
DA:142,0
DA:143,0
DA:144,0
DA:152,0
DA:159,0
DA:164,0
DA:165,0
DA:171,0
DA:173,0
DA:181,0
DA:182,0
DA:184,0
DA:185,0
DA:188,0
DA:191,0
DA:194,0
DA:197,0
DA:199,0
DA:201,0
DA:209,0
DA:210,0
DA:213,0
DA:215,0
DA:219,0
DA:220,0
DA:222,0
DA:237,0
DA:238,0
DA:241,0
DA:262,0
DA:269,0
DA:279,0
DA:303,0
DA:310,0
DA:311,0
DA:312,0
DA:318,0
DA:329,0
DA:331,0
DA:332,0
DA:333,0
DA:336,0
DA:339,0
DA:350,0
DA:351,0
DA:352,0
DA:354,0
DA:356,0
DA:357,0
DA:358,0
DA:359,0
DA:363,0
DA:366,0
DA:376,0
DA:377,0
DA:380,0
DA:383,0
DA:384,0
DA:388,0
DA:390,0
DA:394,0
DA:395,0
DA:403,0
DA:410,0
DA:412,0
DA:419,0
DA:426,0
DA:427,0
DA:428,0
DA:429,0
DA:431,0
DA:432,0
DA:435,0
DA:438,0
DA:446,0
DA:447,0
DA:448,0
DA:449,0
DA:452,0
DA:453,0
DA:455,0
DA:463,0
DA:465,0
DA:466,0
DA:467,0
DA:470,0
DA:477,0
DA:478,0
DA:479,0
DA:481,0
DA:484,0
LF:119
LH:0
BRDA:80,0,0,0
BRDA:90,1,0,0
BRDA:93,2,0,0
BRDA:111,3,0,0
BRDA:127,4,0,0
BRDA:142,5,0,0
BRDA:164,6,0,0
BRDA:219,7,0,0
BRDA:219,7,1,0
BRDA:283,8,0,0
BRDA:283,8,1,0
BRDA:288,9,0,0
BRDA:288,9,1,0
BRDA:314,10,0,0
BRDA:314,10,1,0
BRDA:319,11,0,0
BRDA:319,11,1,0
BRDA:332,12,0,0
BRDA:332,12,1,0
BRDA:357,13,0,0
BRDA:357,14,0,0
BRDA:357,14,1,0
BRDA:416,15,0,0
BRDA:416,15,1,0
BRDA:416,16,0,0
BRDA:416,16,1,0
BRDA:427,17,0,0
BRDA:448,18,0,0
BRDA:465,19,0,0
BRF:29
BRH:0
end_of_record
TN:
SF:apps/backend-ts/src/agents/self-healing.ts
FN:16,(anonymous_0)
FN:18,(anonymous_1)
FN:85,(anonymous_2)
FN:139,(anonymous_3)
FN:189,(anonymous_4)
FN:211,(anonymous_5)
FN:238,(anonymous_6)
FN:260,(anonymous_7)
FN:280,(anonymous_8)
FNF:9
FNH:0
FNDA:0,(anonymous_0)
FNDA:0,(anonymous_1)
FNDA:0,(anonymous_2)
FNDA:0,(anonymous_3)
FNDA:0,(anonymous_4)
FNDA:0,(anonymous_5)
FNDA:0,(anonymous_6)
FNDA:0,(anonymous_7)
FNDA:0,(anonymous_8)
DA:16,0
DA:26,0
DA:28,0
DA:30,0
DA:31,0
DA:34,0
DA:35,0
DA:38,0
DA:39,0
DA:40,0
DA:50,0
DA:51,0
DA:54,0
DA:55,0
DA:56,0
DA:57,0
DA:58,0
DA:59,0
DA:60,0
DA:63,0
DA:71,0
DA:72,0
DA:91,0
DA:93,0
DA:128,0
DA:129,0
DA:132,0
DA:133,0
DA:144,0
DA:146,0
DA:178,0
DA:179,0
DA:182,0
DA:183,0
DA:190,0
DA:192,0
DA:193,0
DA:196,0
DA:201,0
DA:203,0
DA:204,0
DA:212,0
DA:213,0
DA:214,0
DA:217,0
DA:219,0
DA:220,0
DA:223,0
DA:228,0
DA:230,0
DA:231,0
DA:247,0
DA:248,0
DA:261,0
DA:262,0
DA:264,0
DA:265,0
DA:266,0
DA:267,0
DA:268,0
DA:270,0
DA:274,0
DA:281,0
DA:282,0
DA:283,0
DA:286,0
DA:287,0
DA:288,0
LF:68
LH:0
BRDA:39,0,0,0
BRDA:51,1,0,0
BRDA:51,1,1,0
BRDA:55,2,0,0
BRDA:55,2,1,0
BRDA:55,3,0,0
BRDA:55,3,1,0
BRDA:59,4,0,0
BRDA:91,5,0,0
BRDA:91,5,1,0
BRDA:128,6,0,0
BRDA:128,7,0,0
BRDA:128,7,1,0
BRDA:178,8,0,0
BRDA:178,9,0,0
BRDA:178,9,1,0
BRDA:212,10,0,0
BRDA:282,11,0,0
BRF:18
BRH:0
end_of_record
TN:
SF:apps/backend-ts/src/agents/tax-genius.ts
FN:11,(anonymous_0)
FN:357,(anonymous_1)
FN:400,(anonymous_2)
FN:413,(anonymous_3)
FN:435,(anonymous_4)
FN:440,(anonymous_5)
FN:444,(anonymous_6)
FN:452,(anonymous_7)
FN:475,(anonymous_8)
FN:489,(anonymous_9)
FN:505,(anonymous_10)
FNF:11
FNH:0
FNDA:0,(anonymous_0)
FNDA:0,(anonymous_1)
FNDA:0,(anonymous_2)
FNDA:0,(anonymous_3)
FNDA:0,(anonymous_4)
FNDA:0,(anonymous_5)
FNDA:0,(anonymous_6)
FNDA:0,(anonymous_7)
FNDA:0,(anonymous_8)
FNDA:0,(anonymous_9)
FNDA:0,(anonymous_10)
DA:12,0
DA:40,0
DA:93,0
DA:144,0
DA:196,0
DA:264,0
DA:298,0
DA:360,0
DA:402,0
DA:414,0
DA:437,0
DA:441,0
DA:445,0
DA:453,0
DA:476,0
DA:490,0
DA:506,0
LF:17
LH:0
BRF:0
BRH:0
end_of_record
TN:
SF:apps/backend-ts/src/agents/test-generator-agent.ts
FN:61,(anonymous_0)
FN:69,(anonymous_1)
FN:233,(anonymous_2)
FN:271,(anonymous_3)
FN:288,(anonymous_4)
FN:295,(anonymous_5)
FN:322,(anonymous_6)
FN:323,(anonymous_7)
FN:329,(anonymous_8)
FN:352,(anonymous_9)
FN:372,(anonymous_10)
FN:389,(anonymous_11)
FN:403,(anonymous_12)
FN:427,(anonymous_13)
FN:430,(anonymous_14)
FN:461,(anonymous_15)
FN:462,(anonymous_16)
FN:468,(anonymous_17)
FN:471,(anonymous_18)
FN:474,(anonymous_19)
FN:480,(anonymous_20)
FNF:21
FNH:0
FNDA:0,(anonymous_0)
FNDA:0,(anonymous_1)
FNDA:0,(anonymous_2)
FNDA:0,(anonymous_3)
FNDA:0,(anonymous_4)
FNDA:0,(anonymous_5)
FNDA:0,(anonymous_6)
FNDA:0,(anonymous_7)
FNDA:0,(anonymous_8)
FNDA:0,(anonymous_9)
FNDA:0,(anonymous_10)
FNDA:0,(anonymous_11)
FNDA:0,(anonymous_12)
FNDA:0,(anonymous_13)
FNDA:0,(anonymous_14)
FNDA:0,(anonymous_15)
FNDA:0,(anonymous_16)
FNDA:0,(anonymous_17)
FNDA:0,(anonymous_18)
FNDA:0,(anonymous_19)
FNDA:0,(anonymous_20)
DA:43,0
DA:44,0
DA:47,0
DA:48,0
DA:49,0
DA:50,0
DA:51,0
DA:62,0
DA:63,0
DA:70,0
DA:71,0
DA:74,0
DA:75,0
DA:83,0
DA:84,0
DA:92,0
DA:93,0
DA:94,0
DA:95,0
DA:104,0
DA:105,0
DA:106,0
DA:108,0
DA:109,0
DA:113,0
DA:118,0
DA:126,0
DA:127,0
DA:132,0
DA:133,0
DA:142,0
DA:145,0
DA:146,0
DA:147,0
DA:148,0
DA:155,0
DA:158,0
DA:161,0
DA:162,0
DA:163,0
DA:167,0
DA:170,0
DA:171,0
DA:174,0
DA:177,0
DA:178,0
DA:185,0
DA:187,0
DA:196,0
DA:198,0
DA:203,0
DA:211,0
DA:214,0
DA:216,0
DA:220,0
DA:221,0
DA:223,0
DA:234,0
DA:258,0
DA:265,0
DA:273,0
DA:274,0
DA:278,0
DA:279,0
DA:280,0
DA:282,0
DA:289,0
DA:296,0
DA:297,0
DA:303,0
DA:304,0
DA:305,0
DA:306,0
DA:307,0
DA:311,0
DA:312,0
DA:315,0
DA:323,0
DA:335,0
DA:337,0
DA:346,0
DA:353,0
DA:354,0
DA:355,0
DA:356,0
DA:358,0
DA:359,0
DA:362,0
DA:365,0
DA:373,0
DA:374,0
DA:375,0
DA:376,0
DA:379,0
DA:380,0
DA:382,0
DA:390,0
DA:392,0
DA:393,0
DA:394,0
DA:397,0
DA:404,0
DA:407,0
DA:409,0
DA:411,0
DA:413,0
DA:414,0
DA:415,0
DA:418,0
DA:421,0
DA:428,0
DA:430,0
DA:431,0
DA:433,0
DA:435,0
DA:436,0
DA:439,0
DA:441,0
DA:442,0
DA:443,0
DA:449,0
DA:454,0
DA:455,0
DA:462,0
DA:469,0
DA:470,0
DA:471,0
DA:473,0
DA:474,0
DA:477,0
DA:480,0
LF:131
LH:0
BRDA:74,0,0,0
BRDA:83,1,0,0
BRDA:93,2,0,0
BRDA:105,3,0,0
BRDA:108,4,0,0
BRDA:126,5,0,0
BRDA:146,6,0,0
BRDA:162,7,0,0
BRDA:177,8,0,0
BRDA:216,9,0,0
BRDA:216,9,1,0
BRDA:220,10,0,0
BRDA:220,10,1,0
BRDA:273,11,0,0
BRDA:304,12,0,0
BRDA:306,13,0,0
BRDA:306,13,1,0
BRDA:312,14,0,0
BRDA:312,14,1,0
BRDA:343,15,0,0
BRDA:343,15,1,0
BRDA:343,16,0,0
BRDA:343,16,1,0
BRDA:354,17,0,0
BRDA:375,18,0,0
BRDA:392,19,0,0
BRDA:431,20,0,0
BRDA:439,21,0,0
BRDA:441,22,0,0
BRDA:441,22,1,0
BRDA:441,23,0,0
BRDA:441,23,1,0
BRDA:443,24,0,0
BRDA:444,25,0,0
BRDA:444,25,1,0
BRDA:444,25,2,0
BRDA:444,25,3,0
BRDA:473,26,0,0
BRDA:473,26,1,0
BRF:39
BRH:0
end_of_record
TN:
SF:apps/backend-ts/src/agents/test-writer.ts
FN:15,(anonymous_0)
FN:17,(anonymous_1)
FN:46,(anonymous_2)
FN:82,(anonymous_3)
FN:153,(anonymous_4)
FN:175,(anonymous_5)
FN:187,(anonymous_6)
FN:201,(anonymous_7)
FN:214,(anonymous_8)
FNF:9
FNH:0
FNDA:0,(anonymous_0)
FNDA:0,(anonymous_1)
FNDA:0,(anonymous_2)
FNDA:0,(anonymous_3)
FNDA:0,(anonymous_4)
FNDA:0,(anonymous_5)
FNDA:0,(anonymous_6)
FNDA:0,(anonymous_7)
FNDA:0,(anonymous_8)
DA:15,0
DA:18,0
DA:21,0
DA:22,0
DA:25,0
DA:26,0
DA:29,0
DA:31,0
DA:34,0
DA:36,0
DA:52,0
DA:71,0
DA:72,0
DA:75,0
DA:76,0
DA:86,0
DA:87,0
DA:89,0
DA:91,0
DA:92,0
DA:107,0
DA:108,0
DA:119,0
DA:120,0
DA:132,0
DA:143,0
DA:144,0
DA:147,0
DA:159,0
DA:163,0
DA:165,0
DA:177,0
DA:178,0
DA:179,0
DA:181,0
DA:188,0
DA:189,0
DA:190,0
DA:192,0
DA:193,0
DA:195,0
DA:202,0
DA:203,0
DA:204,0
DA:206,0
DA:207,0
DA:208,0
DA:215,0
LF:48
LH:0
BRDA:71,0,0,0
BRDA:71,1,0,0
BRDA:71,1,1,0
BRDA:91,2,0,0
BRDA:91,2,1,0
BRDA:107,3,0,0
BRDA:107,3,1,0
BRDA:119,4,0,0
BRDA:143,5,0,0
BRDA:143,6,0,0
BRDA:143,6,1,0
BRDA:159,7,0,0
BRDA:159,7,1,0
BRDA:160,8,0,0
BRDA:160,8,1,0
BRDA:203,9,0,0
BRF:16
BRH:0
end_of_record
TN:
SF:apps/backend-ts/src/agents/visa-oracle.ts
FN:8,(anonymous_0)
FN:2135,(anonymous_1)
FN:2153,(anonymous_2)
FN:2190,(anonymous_3)
FN:2235,(anonymous_4)
FN:2254,(anonymous_5)
FN:2266,(anonymous_6)
FNF:7
FNH:0
FNDA:0,(anonymous_0)
FNDA:0,(anonymous_1)
FNDA:0,(anonymous_2)
FNDA:0,(anonymous_3)
FNDA:0,(anonymous_4)
FNDA:0,(anonymous_5)
FNDA:0,(anonymous_6)
DA:9,0
DA:2136,0
DA:2137,0
DA:2139,0
DA:2154,0
DA:2155,0
DA:2158,0
DA:2159,0
DA:2161,0
DA:2162,0
DA:2164,0
DA:2165,0
DA:2167,0
DA:2168,0
DA:2170,0
DA:2171,0
DA:2175,0
DA:2176,0
DA:2180,0
DA:2181,0
DA:2183,0
DA:2184,0
DA:2187,0
DA:2191,0
DA:2232,0
DA:2236,0
DA:2238,0
DA:2239,0
DA:2241,0
DA:2242,0
DA:2244,0
DA:2245,0
DA:2248,0
DA:2255,0
DA:2268,0
DA:2275,0
DA:2276,0
DA:2277,0
DA:2278,0
DA:2283,0
LF:40
LH:0
BRDA:2154,0,0,0
BRDA:2154,0,1,0
BRDA:2155,1,0,0
BRDA:2155,1,1,0
BRDA:2158,2,0,0
BRDA:2158,3,0,0
BRDA:2158,3,1,0
BRDA:2158,3,2,0
BRDA:2161,4,0,0
BRDA:2161,5,0,0
BRDA:2161,5,1,0
BRDA:2164,6,0,0
BRDA:2164,7,0,0
BRDA:2164,7,1,0
BRDA:2167,8,0,0
BRDA:2167,9,0,0
BRDA:2167,9,1,0
BRDA:2167,9,2,0
BRDA:2170,10,0,0
BRDA:2170,11,0,0
BRDA:2170,11,1,0
BRDA:2175,12,0,0
BRDA:2175,13,0,0
BRDA:2175,13,1,0
BRDA:2176,14,0,0
BRDA:2176,14,1,0
BRDA:2180,15,0,0
BRDA:2180,16,0,0
BRDA:2180,16,1,0
BRDA:2183,17,0,0
BRDA:2183,18,0,0
BRDA:2183,18,1,0
BRDA:2232,19,0,0
BRDA:2232,19,1,0
BRDA:2238,20,0,0
BRDA:2241,21,0,0
BRDA:2244,22,0,0
BRDA:2277,23,0,0
BRF:38
BRH:0
end_of_record
TN:
SF:apps/backend-ts/src/agents/clients/deepseek.client.ts
FN:24,(anonymous_0)
FN:28,(anonymous_1)
FN:80,(anonymous_2)
FNF:3
FNH:0
FNDA:0,(anonymous_0)
FNDA:0,(anonymous_1)
FNDA:0,(anonymous_2)
DA:22,0
DA:25,0
DA:34,0
DA:35,0
DA:50,0
DA:51,0
DA:52,0
DA:55,0
DA:57,0
DA:70,0
DA:82,0
DA:83,0
DA:86,0
LF:13
LH:0
BRDA:44,0,0,0
BRDA:44,0,1,0
BRDA:45,1,0,0
BRDA:45,1,1,0
BRDA:46,2,0,0
BRDA:46,2,1,0
BRDA:50,3,0,0
BRDA:64,4,0,0
BRDA:64,4,1,0
BRDA:65,5,0,0
BRDA:65,5,1,0
BRDA:66,6,0,0
BRDA:66,6,1,0
BRDA:82,7,0,0
BRF:14
BRH:0
end_of_record
TN:
SF:apps/backend-ts/src/agents/clients/openrouter.client.ts
FN:24,(anonymous_0)
FN:28,(anonymous_1)
FN:83,(anonymous_2)
FN:95,(anonymous_3)
FN:112,(anonymous_4)
FNF:5
FNH:0
FNDA:0,(anonymous_0)
FNDA:0,(anonymous_1)
FNDA:0,(anonymous_2)
FNDA:0,(anonymous_3)
FNDA:0,(anonymous_4)
DA:22,0
DA:25,0
DA:35,0
DA:36,0
DA:53,0
DA:54,0
DA:55,0
DA:58,0
DA:60,0
DA:73,0
DA:84,0
DA:97,0
DA:98,0
DA:101,0
DA:113,0
LF:15
LH:0
BRDA:47,0,0,0
BRDA:47,0,1,0
BRDA:48,1,0,0
BRDA:48,1,1,0
BRDA:49,2,0,0
BRDA:49,2,1,0
BRDA:53,3,0,0
BRDA:67,4,0,0
BRDA:67,4,1,0
BRDA:68,5,0,0
BRDA:68,5,1,0
BRDA:69,6,0,0
BRDA:69,6,1,0
BRDA:87,7,0,0
BRDA:87,7,1,0
BRDA:97,8,0,0
BRDA:97,9,0,0
BRDA:97,9,1,0
BRF:18
BRH:0
end_of_record
TN:
SF:apps/backend-ts/src/api/pluginsRouter.ts
FN:16,(anonymous_0)
FN:27,(anonymous_1)
FN:31,(anonymous_2)
FN:58,(anonymous_3)
FN:95,(anonymous_4)
FN:130,(anonymous_5)
FN:160,(anonymous_6)
FN:180,(anonymous_7)
FN:211,(anonymous_8)
FN:231,(anonymous_9)
FN:259,(anonymous_10)
FN:292,(anonymous_11)
FNF:12
FNH:0
FNDA:0,(anonymous_0)
FNDA:0,(anonymous_1)
FNDA:0,(anonymous_2)
FNDA:0,(anonymous_3)
FNDA:0,(anonymous_4)
FNDA:0,(anonymous_5)
FNDA:0,(anonymous_6)
FNDA:0,(anonymous_7)
FNDA:0,(anonymous_8)
FNDA:0,(anonymous_9)
FNDA:0,(anonymous_10)
FNDA:0,(anonymous_11)
DA:10,0
DA:16,0
DA:17,0
DA:18,0
DA:22,0
DA:23,0
DA:27,0
DA:30,0
DA:31,0
DA:34,0
DA:40,0
DA:46,0
DA:47,0
DA:58,0
DA:59,0
DA:60,0
DA:62,0
DA:63,0
DA:64,0
DA:70,0
DA:71,0
DA:72,0
DA:74,0
DA:83,0
DA:84,0
DA:95,0
DA:96,0
DA:97,0
DA:98,0
DA:101,0
DA:103,0
DA:104,0
DA:105,0
DA:111,0
DA:116,0
DA:118,0
DA:119,0
DA:130,0
DA:131,0
DA:132,0
DA:134,0
DA:135,0
DA:141,0
DA:143,0
DA:149,0
DA:160,0
DA:161,0
DA:162,0
DA:164,0
DA:169,0
DA:180,0
DA:181,0
DA:182,0
DA:184,0
DA:185,0
DA:191,0
DA:193,0
DA:200,0
DA:211,0
DA:212,0
DA:213,0
DA:215,0
DA:220,0
DA:231,0
DA:232,0
DA:233,0
DA:236,0
DA:237,0
DA:239,0
DA:242,0
DA:248,0
DA:259,0
DA:260,0
DA:261,0
DA:264,0
DA:265,0
DA:271,0
DA:273,0
DA:275,0
DA:280,0
DA:281,0
DA:292,0
DA:293,0
DA:294,0
DA:296,0
DA:302,0
LF:86
LH:0
BRDA:22,0,0,0
BRDA:22,1,0,0
BRDA:22,1,1,0
BRDA:27,2,0,0
BRDA:27,2,1,0
BRDA:27,3,0,0
BRDA:27,3,1,0
BRDA:30,4,0,0
BRDA:30,4,1,0
BRDA:30,5,0,0
BRDA:30,5,1,0
BRDA:63,6,0,0
BRDA:98,7,0,0
BRDA:101,8,0,0
BRDA:101,8,1,0
BRDA:104,9,0,0
BRDA:134,10,0,0
BRDA:184,11,0,0
BRDA:184,12,0,0
BRDA:184,12,1,0
BRDA:184,12,2,0
BRDA:236,13,0,0
BRDA:236,13,1,0
BRDA:264,14,0,0
BRF:24
BRH:0
end_of_record
TN:
SF:apps/backend-ts/src/app-gateway/app-bootstrap.ts
FN:6,genSessionId
FN:10,buildBootstrapResponse
FNF:2
FNH:0
FNDA:0,genSessionId
FNDA:0,buildBootstrapResponse
DA:7,0
DA:11,0
DA:12,0
DA:13,0
DA:28,0
DA:29,0
DA:35,0
DA:46,0
LF:8
LH:0
BRF:0
BRH:0
end_of_record
TN:
SF:apps/backend-ts/src/app-gateway/app-events.ts
FN:13,remember
FN:15,(anonymous_1)
FN:18,checkIdem
FN:25,originAllowed
FN:31,(anonymous_4)
FN:36,handleAppEvent
FNF:6
FNH:0
FNDA:0,remember
FNDA:0,(anonymous_1)
FNDA:0,checkIdem
FNDA:0,originAllowed
FNDA:0,(anonymous_4)
FNDA:0,handleAppEvent
DA:10,0
DA:11,0
DA:14,0
DA:15,0
DA:19,0
DA:20,0
DA:21,0
DA:22,0
DA:26,0
DA:31,0
DA:33,0
DA:39,0
DA:40,0
DA:41,0
DA:42,0
DA:43,0
DA:45,0
DA:48,0
DA:49,0
DA:50,0
DA:54,0
DA:55,0
DA:56,0
DA:57,0
DA:61,0
DA:62,0
DA:65,0
DA:67,0
DA:69,0
DA:70,0
DA:71,0
DA:76,0
DA:81,0
DA:84,0
DA:87,0
DA:88,0
DA:89,0
DA:90,0
DA:94,0
DA:101,0
DA:102,0
DA:103,0
DA:111,0
DA:115,0
DA:127,0
DA:131,0
DA:138,0
DA:143,0
DA:151,0
DA:152,0
DA:158,0
DA:160,0
DA:161,0
DA:162,0
DA:165,0
DA:166,0
DA:170,0
DA:172,0
DA:178,0
DA:185,0
DA:187,0
DA:189,0
DA:190,0
DA:191,0
DA:197,0
DA:198,0
DA:201,0
DA:202,0
DA:208,0
DA:209,0
DA:212,0
DA:219,0
DA:222,0
DA:229,0
DA:230,0
DA:240,0
DA:248,0
DA:249,0
DA:250,0
LF:79
LH:0
BRDA:19,0,0,0
BRDA:21,1,0,0
BRDA:21,2,0,0
BRDA:21,2,1,0
BRDA:27,3,0,0
BRDA:27,3,1,0
BRDA:33,4,0,0
BRDA:33,4,1,0
BRDA:40,5,0,0
BRDA:42,6,0,0
BRDA:42,6,1,0
BRDA:42,6,2,0
BRDA:48,7,0,0
BRDA:48,7,1,0
BRDA:49,8,0,0
BRDA:55,9,0,0
BRDA:55,9,1,0
BRDA:56,10,0,0
BRDA:56,11,0,0
BRDA:56,11,1,0
BRDA:56,11,2,0
BRDA:62,12,0,0
BRDA:70,13,0,0
BRDA:78,14,0,0
BRDA:78,14,1,0
BRDA:87,15,0,0
BRDA:87,15,1,0
BRDA:88,16,0,0
BRDA:88,16,1,0
BRDA:88,16,2,0
BRDA:89,17,0,0
BRDA:102,18,0,0
BRDA:120,19,0,0
BRDA:120,19,1,0
BRDA:127,20,0,0
BRDA:127,20,1,0
BRDA:127,20,2,0
BRDA:138,21,0,0
BRDA:139,22,0,0
BRDA:139,22,1,0
BRDA:139,22,2,0
BRDA:151,23,0,0
BRDA:158,24,0,0
BRDA:158,24,1,0
BRDA:160,25,0,0
BRDA:160,25,1,0
BRDA:161,26,0,0
BRDA:165,27,0,0
BRDA:187,28,0,0
BRDA:187,28,1,0
BRDA:189,29,0,0
BRDA:189,29,1,0
BRDA:190,30,0,0
BRDA:201,31,0,0
BRDA:225,32,0,0
BRDA:225,32,1,0
BRDA:229,33,0,0
BRDA:235,34,0,0
BRDA:235,34,1,0
BRDA:243,35,0,0
BRDA:243,35,1,0
BRDA:249,36,0,0
BRF:62
BRH:0
end_of_record
TN:
SF:apps/backend-ts/src/app-gateway/capability-map.ts
FNF:0
FNH:0
DA:9,0
LF:1
LH:0
BRF:0
BRH:0
end_of_record
TN:
SF:apps/backend-ts/src/app-gateway/param-normalizer.ts
FN:3,normalizeParams
FNF:1
FNH:0
FNDA:0,normalizeParams
DA:4,0
DA:5,0
DA:7,0
DA:8,0
DA:9,0
DA:12,0
DA:16,0
DA:20,0
DA:23,0
DA:26,0
LF:10
LH:0
BRDA:5,0,0,0
BRDA:5,0,1,0
BRDA:5,0,2,0
BRDA:5,0,3,0
BRDA:5,0,4,0
BRDA:7,1,0,0
BRDA:7,1,1,0
BRDA:7,1,2,0
BRDA:9,2,0,0
BRDA:9,2,1,0
BRDA:20,3,0,0
BRDA:20,3,1,0
BRDA:23,4,0,0
BRDA:23,4,1,0
BRDA:26,5,0,0
BRDA:26,5,1,0
BRF:16
BRH:0
end_of_record
TN:
SF:apps/backend-ts/src/app-gateway/session-store.ts
FN:18,cleanup
FN:26,createSession
FN:47,getSession
FN:51,persistSessionFirestore
FNF:4
FNH:0
FNDA:0,cleanup
FNDA:0,createSession
FNDA:0,getSession
FNDA:0,persistSessionFirestore
DA:15,0
DA:16,0
DA:19,0
DA:20,0
DA:21,0
DA:24,0
DA:27,0
DA:33,0
DA:34,0
DA:43,0
DA:44,0
DA:48,0
DA:52,0
DA:53,0
DA:54,0
DA:57,0
LF:16
LH:0
BRDA:21,0,0,0
BRDA:33,1,0,0
BRDA:33,1,1,0
BRDA:33,2,0,0
BRDA:33,2,1,0
BRDA:41,3,0,0
BRDA:41,3,1,0
BRDA:48,4,0,0
BRDA:48,4,1,0
BRDA:57,5,0,0
BRDA:57,5,1,0
BRF:11
BRH:0
end_of_record
TN:
SF:apps/backend-ts/src/app-gateway/types.ts
FNF:0
FNH:0
DA:3,0
DA:23,0
DA:32,0
LF:3
LH:0
BRF:0
BRH:0
end_of_record
TN:
SF:apps/backend-ts/src/app-gateway/vector-provider.ts
FN:11,makeVectorStore
FNF:1
FNH:0
FNDA:0,makeVectorStore
DA:12,0
DA:14,0
DA:16,0
DA:19,0
DA:21,0
DA:24,0
DA:26,0
DA:29,0
LF:8
LH:0
BRDA:12,0,0,0
BRDA:12,0,1,0
BRDA:14,1,0,0
BRDA:19,2,0,0
BRDA:24,3,0,0
BRF:5
BRH:0
end_of_record
TN:
SF:apps/backend-ts/src/archived/server-debug.ts
FN:10,(anonymous_0)
FN:75,(anonymous_1)
FN:90,(anonymous_2)
FN:91,(anonymous_3)
FN:115,(anonymous_4)
FN:116,(anonymous_5)
FN:130,(anonymous_6)
FN:131,(anonymous_7)
FN:142,(anonymous_8)
FN:142,(anonymous_9)
FN:148,startServer
FN:218,(anonymous_11)
FN:226,(anonymous_12)
FN:253,(anonymous_13)
FN:356,(anonymous_14)
FN:366,(anonymous_15)
FN:396,(anonymous_16)
FN:416,(anonymous_17)
FN:425,gracefulShutdown
FN:428,(anonymous_19)
FN:435,(anonymous_20)
FN:441,(anonymous_21)
FN:442,(anonymous_22)
FN:449,(anonymous_23)
FNF:24
FNH:0
FNDA:0,(anonymous_0)
FNDA:0,(anonymous_1)
FNDA:0,(anonymous_2)
FNDA:0,(anonymous_3)
FNDA:0,(anonymous_4)
FNDA:0,(anonymous_5)
FNDA:0,(anonymous_6)
FNDA:0,(anonymous_7)
FNDA:0,(anonymous_8)
FNDA:0,(anonymous_9)
FNDA:0,startServer
FNDA:0,(anonymous_11)
FNDA:0,(anonymous_12)
FNDA:0,(anonymous_13)
FNDA:0,(anonymous_14)
FNDA:0,(anonymous_15)
FNDA:0,(anonymous_16)
FNDA:0,(anonymous_17)
FNDA:0,gracefulShutdown
FNDA:0,(anonymous_19)
FNDA:0,(anonymous_20)
FNDA:0,(anonymous_21)
FNDA:0,(anonymous_22)
FNDA:0,(anonymous_23)
DA:10,0
DA:11,0
DA:12,0
DA:13,0
DA:15,0
DA:19,0
DA:20,0
DA:21,0
DA:22,0
DA:28,0
DA:29,0
DA:30,0
DA:35,0
DA:36,0
DA:37,0
DA:38,0
DA:40,0
DA:42,0
DA:47,0
DA:50,0
DA:54,0
DA:55,0
DA:56,0
DA:57,0
DA:59,0
DA:60,0
DA:61,0
DA:69,0
DA:70,0
DA:71,0
DA:72,0
DA:74,0
DA:75,0
DA:76,0
DA:77,0
DA:78,0
DA:79,0
DA:83,0
DA:84,0
DA:85,0
DA:86,0
DA:87,0
DA:89,0
DA:90,0
DA:91,0
DA:96,0
DA:97,0
DA:98,0
DA:99,0
DA:101,0
DA:102,0
DA:108,0
DA:109,0
DA:110,0
DA:111,0
DA:112,0
DA:114,0
DA:115,0
DA:116,0
DA:123,0
DA:124,0
DA:125,0
DA:126,0
DA:127,0
DA:129,0
DA:130,0
DA:131,0
DA:136,0
DA:137,0
DA:138,0
DA:139,0
DA:141,0
DA:142,0
DA:145,0
DA:149,0
DA:152,0
DA:153,0
DA:154,0
DA:155,0
DA:157,0
DA:164,0
DA:165,0
DA:168,0
DA:169,0
DA:172,0
DA:174,0
DA:175,0
DA:176,0
DA:178,0
DA:181,0
DA:182,0
DA:183,0
DA:185,0
DA:188,0
DA:189,0
DA:190,0
DA:191,0
DA:193,0
DA:196,0
DA:197,0
DA:198,0
DA:200,0
DA:203,0
DA:204,0
DA:205,0
DA:207,0
DA:210,0
DA:211,0
DA:212,0
DA:214,0
DA:218,0
DA:219,0
DA:220,0
DA:223,0
DA:226,0
DA:227,0
DA:246,0
DA:249,0
DA:250,0
DA:253,0
DA:254,0
DA:264,0
DA:267,0
DA:270,0
DA:271,0
DA:272,0
DA:273,0
DA:275,0
DA:279,0
DA:280,0
DA:281,0
DA:282,0
DA:284,0
DA:288,0
DA:289,0
DA:290,0
DA:291,0
DA:293,0
DA:297,0
DA:298,0
DA:299,0
DA:300,0
DA:302,0
DA:324,0
DA:325,0
DA:326,0
DA:327,0
DA:329,0
DA:333,0
DA:334,0
DA:335,0
DA:336,0
DA:338,0
DA:342,0
DA:343,0
DA:344,0
DA:345,0
DA:347,0
DA:350,0
DA:353,0
DA:356,0
DA:357,0
DA:358,0
DA:366,0
DA:367,0
DA:374,0
DA:377,0
DA:378,0
DA:381,0
DA:382,0
DA:383,0
DA:384,0
DA:386,0
DA:389,0
DA:393,0
DA:394,0
DA:396,0
DA:397,0
DA:398,0
DA:399,0
DA:400,0
DA:401,0
DA:402,0
DA:403,0
DA:404,0
DA:405,0
DA:406,0
DA:407,0
DA:409,0
DA:410,0
DA:412,0
DA:416,0
DA:417,0
DA:418,0
DA:419,0
DA:421,0
DA:426,0
DA:428,0
DA:429,0
DA:430,0
DA:431,0
DA:435,0
DA:436,0
DA:437,0
DA:441,0
DA:442,0
DA:444,0
DA:448,0
DA:449,0
DA:450,0
DA:451,0
DA:452,0
DA:453,0
DA:454,0
DA:455,0
DA:456,0
DA:459,0
LF:217
LH:0
BRDA:342,0,0,0
BRDA:342,0,1,0
BRDA:361,1,0,0
BRDA:361,1,1,0
BRDA:381,2,0,0
BRDA:381,2,1,0
BRDA:381,3,0,0
BRDA:381,3,1,0
BRDA:393,4,0,0
BRDA:393,4,1,0
BRDA:393,4,2,0
BRDA:406,5,0,0
BRDA:409,6,0,0
BRDA:418,7,0,0
BRF:14
BRH:0
end_of_record
TN:
SF:apps/backend-ts/src/archived/server-incremental.ts
FN:13,startIncrementalServer
FN:45,(anonymous_1)
FN:66,(anonymous_2)
FN:93,(anonymous_3)
FN:94,(anonymous_4)
FN:153,(anonymous_5)
FN:199,(anonymous_6)
FN:199,(anonymous_7)
FN:449,(anonymous_8)
FN:463,(anonymous_9)
FN:502,(anonymous_10)
FN:539,(anonymous_11)
FN:564,(anonymous_12)
FN:569,(anonymous_13)
FN:582,(anonymous_14)
FN:588,(anonymous_15)
FN:601,(anonymous_16)
FN:611,(anonymous_17)
FNF:18
FNH:0
FNDA:0,startIncrementalServer
FNDA:0,(anonymous_1)
FNDA:0,(anonymous_2)
FNDA:0,(anonymous_3)
FNDA:0,(anonymous_4)
FNDA:0,(anonymous_5)
FNDA:0,(anonymous_6)
FNDA:0,(anonymous_7)
FNDA:0,(anonymous_8)
FNDA:0,(anonymous_9)
FNDA:0,(anonymous_10)
FNDA:0,(anonymous_11)
FNDA:0,(anonymous_12)
FNDA:0,(anonymous_13)
FNDA:0,(anonymous_14)
FNDA:0,(anonymous_15)
FNDA:0,(anonymous_16)
FNDA:0,(anonymous_17)
DA:9,0
DA:10,0
DA:14,0
DA:15,0
DA:17,0
DA:20,0
DA:21,0
DA:26,0
DA:27,0
DA:28,0
DA:33,0
DA:39,0
DA:40,0
DA:41,0
DA:42,0
DA:44,0
DA:45,0
DA:46,0
DA:47,0
DA:49,0
DA:50,0
DA:51,0
DA:52,0
DA:53,0
DA:55,0
DA:60,0
DA:61,0
DA:62,0
DA:63,0
DA:65,0
DA:66,0
DA:70,0
DA:71,0
DA:72,0
DA:73,0
DA:75,0
DA:81,0
DA:86,0
DA:87,0
DA:88,0
DA:89,0
DA:90,0
DA:92,0
DA:93,0
DA:94,0
DA:95,0
DA:103,0
DA:104,0
DA:105,0
DA:107,0
DA:113,0
DA:117,0
DA:118,0
DA:119,0
DA:120,0
DA:122,0
DA:123,0
DA:127,0
DA:128,0
DA:129,0
DA:130,0
DA:132,0
DA:135,0
DA:141,0
DA:147,0
DA:148,0
DA:149,0
DA:150,0
DA:152,0
DA:153,0
DA:157,0
DA:158,0
DA:159,0
DA:161,0
DA:165,0
DA:166,0
DA:167,0
DA:168,0
DA:170,0
DA:171,0
DA:175,0
DA:176,0
DA:177,0
DA:178,0
DA:180,0
DA:183,0
DA:189,0
DA:193,0
DA:194,0
DA:195,0
DA:196,0
DA:198,0
DA:199,0
DA:201,0
DA:205,0
DA:206,0
DA:211,0
DA:212,0
DA:213,0
DA:215,0
DA:221,0
DA:225,0
DA:226,0
DA:227,0
DA:228,0
DA:230,0
DA:231,0
DA:235,0
DA:236,0
DA:237,0
DA:238,0
DA:240,0
DA:243,0
DA:249,0
DA:253,0
DA:254,0
DA:255,0
DA:256,0
DA:258,0
DA:259,0
DA:263,0
DA:264,0
DA:265,0
DA:266,0
DA:268,0
DA:271,0
DA:277,0
DA:281,0
DA:282,0
DA:283,0
DA:284,0
DA:286,0
DA:287,0
DA:291,0
DA:292,0
DA:293,0
DA:294,0
DA:296,0
DA:299,0
DA:305,0
DA:309,0
DA:310,0
DA:311,0
DA:312,0
DA:314,0
DA:315,0
DA:319,0
DA:320,0
DA:321,0
DA:322,0
DA:324,0
DA:327,0
DA:333,0
DA:337,0
DA:340,0
DA:342,0
DA:343,0
DA:347,0
DA:348,0
DA:349,0
DA:350,0
DA:352,0
DA:355,0
DA:361,0
DA:365,0
DA:368,0
DA:370,0
DA:371,0
DA:375,0
DA:376,0
DA:377,0
DA:378,0
DA:380,0
DA:383,0
DA:389,0
DA:393,0
DA:394,0
DA:395,0
DA:396,0
DA:398,0
DA:399,0
DA:403,0
DA:404,0
DA:405,0
DA:406,0
DA:408,0
DA:411,0
DA:417,0
DA:421,0
DA:422,0
DA:423,0
DA:424,0
DA:426,0
DA:427,0
DA:431,0
DA:432,0
DA:433,0
DA:434,0
DA:438,0
DA:441,0
DA:449,0
DA:450,0
DA:451,0
DA:452,0
DA:460,0
DA:461,0
DA:463,0
DA:464,0
DA:502,0
DA:503,0
DA:537,0
DA:539,0
DA:540,0
DA:541,0
DA:542,0
DA:543,0
DA:544,0
DA:545,0
DA:546,0
DA:547,0
DA:548,0
DA:549,0
DA:550,0
DA:551,0
DA:554,0
DA:555,0
DA:556,0
DA:557,0
DA:558,0
DA:560,0
DA:564,0
DA:565,0
DA:566,0
DA:569,0
DA:570,0
DA:573,0
DA:574,0
DA:575,0
DA:576,0
DA:577,0
DA:579,0
DA:582,0
DA:583,0
DA:584,0
DA:588,0
DA:589,0
DA:592,0
DA:593,0
DA:594,0
DA:595,0
DA:596,0
DA:598,0
DA:601,0
DA:602,0
DA:603,0
DA:607,0
DA:611,0
DA:612,0
DA:613,0
LF:259
LH:0
BRDA:15,0,0,0
BRDA:15,0,1,0
BRDA:46,1,0,0
BRDA:52,2,0,0
BRDA:127,3,0,0
BRDA:127,3,1,0
BRDA:175,4,0,0
BRDA:175,4,1,0
BRDA:202,5,0,0
BRDA:202,5,1,0
BRDA:202,5,2,0
BRDA:235,6,0,0
BRDA:235,6,1,0
BRDA:263,7,0,0
BRDA:263,7,1,0
BRDA:291,8,0,0
BRDA:291,8,1,0
BRDA:319,9,0,0
BRDA:319,9,1,0
BRDA:347,10,0,0
BRDA:347,10,1,0
BRDA:375,11,0,0
BRDA:375,11,1,0
BRDA:403,12,0,0
BRDA:403,12,1,0
BRDA:431,13,0,0
BRDA:431,13,1,0
BRDA:450,14,0,0
BRDA:450,14,1,0
BRDA:496,15,0,0
BRDA:496,15,1,0
BRDA:497,16,0,0
BRDA:497,16,1,0
BRF:33
BRH:0
end_of_record
TN:
SF:apps/backend-ts/src/archived/server-minimal.ts
FN:37,(anonymous_0)
FN:55,(anonymous_1)
FN:75,(anonymous_2)
FN:84,(anonymous_3)
FN:103,(anonymous_4)
FN:117,(anonymous_5)
FN:127,(anonymous_6)
FN:132,(anonymous_7)
FN:134,(anonymous_8)
FN:140,(anonymous_9)
FN:142,(anonymous_10)
FNF:11
FNH:0
FNDA:0,(anonymous_0)
FNDA:0,(anonymous_1)
FNDA:0,(anonymous_2)
FNDA:0,(anonymous_3)
FNDA:0,(anonymous_4)
FNDA:0,(anonymous_5)
FNDA:0,(anonymous_6)
FNDA:0,(anonymous_7)
FNDA:0,(anonymous_8)
FNDA:0,(anonymous_9)
FNDA:0,(anonymous_10)
DA:6,0
DA:7,0
DA:11,0
DA:13,0
DA:14,0
DA:16,0
DA:19,0
DA:20,0
DA:25,0
DA:31,0
DA:32,0
DA:33,0
DA:34,0
DA:36,0
DA:37,0
DA:38,0
DA:39,0
DA:40,0
DA:41,0
DA:42,0
DA:44,0
DA:49,0
DA:50,0
DA:51,0
DA:52,0
DA:54,0
DA:55,0
DA:59,0
DA:60,0
DA:61,0
DA:62,0
DA:64,0
DA:70,0
DA:71,0
DA:72,0
DA:75,0
DA:76,0
DA:77,0
DA:84,0
DA:85,0
DA:103,0
DA:104,0
DA:115,0
DA:117,0
DA:118,0
DA:119,0
DA:120,0
DA:121,0
DA:122,0
DA:123,0
DA:124,0
DA:127,0
DA:128,0
DA:129,0
DA:132,0
DA:133,0
DA:134,0
DA:135,0
DA:136,0
DA:140,0
DA:141,0
DA:142,0
DA:143,0
DA:144,0
DA:148,0
LF:65
LH:0
BRDA:14,0,0,0
BRDA:14,0,1,0
BRDA:41,1,0,0
BRDA:97,2,0,0
BRDA:97,2,1,0
BRDA:98,3,0,0
BRDA:98,3,1,0
BRF:7
BRH:0
end_of_record
TN:
SF:apps/backend-ts/src/config/cache-config.ts
FN:84,(anonymous_0)
FN:91,(anonymous_1)
FN:106,(anonymous_2)
FN:123,(anonymous_3)
FN:135,(anonymous_4)
FN:148,(anonymous_5)
FNF:6
FNH:0
FNDA:0,(anonymous_0)
FNDA:0,(anonymous_1)
FNDA:0,(anonymous_2)
FNDA:0,(anonymous_3)
FNDA:0,(anonymous_4)
FNDA:0,(anonymous_5)
DA:13,0
DA:85,0
DA:86,0
DA:92,0
DA:93,0
DA:95,0
DA:96,0
DA:97,0
DA:100,0
DA:107,0
DA:110,0
DA:111,0
DA:114,0
DA:115,0
DA:117,0
DA:124,0
DA:125,0
DA:126,0
DA:127,0
DA:136,0
DA:145,0
DA:148,0
LF:22
LH:0
BRDA:93,0,0,0
BRDA:95,1,0,0
BRDA:110,2,0,0
BRDA:110,3,0,0
BRDA:110,3,1,0
BRDA:110,3,2,0
BRDA:114,4,0,0
BRDA:114,4,1,0
BRDA:126,5,0,0
BRF:9
BRH:0
end_of_record
TN:
SF:apps/backend-ts/src/config/flags.ts
FN:45,envBool
FN:55,getFlags
FN:64,computeFlagsETag
FNF:3
FNH:0
FNDA:0,envBool
FNDA:0,getFlags
FNDA:0,computeFlagsETag
DA:24,0
DA:46,0
DA:47,0
DA:48,0
DA:49,0
DA:50,0
DA:52,0
DA:57,0
DA:58,0
DA:59,0
DA:61,0
DA:65,0
DA:66,0
DA:67,0
DA:69,0
LF:15
LH:0
BRDA:47,0,0,0
BRDA:49,1,0,0
BRDA:49,2,0,0
BRDA:49,2,1,0
BRDA:49,2,2,0
BRDA:50,3,0,0
BRDA:50,4,0,0
BRDA:50,4,1,0
BRDA:50,4,2,0
BRF:9
BRH:0
end_of_record
TN:
SF:apps/backend-ts/src/config/index.ts
FN:35,buildKeyList
FN:38,(anonymous_1)
FNF:2
FNH:2
FNDA:2,buildKeyList
FNDA:2,(anonymous_1)
DA:1,1
DA:2,1
DA:4,1
DA:5,1
DA:7,1
DA:33,1
DA:36,2
DA:38,2
DA:41,2
DA:42,0
DA:47,2
DA:50,1
LF:12
LH:11
BRDA:41,0,0,0
BRDA:41,1,0,2
BRDA:41,1,1,2
BRDA:64,2,0,1
BRDA:64,2,1,1
BRF:5
BRH:4
end_of_record
TN:
SF:apps/backend-ts/src/core/handler-registry.ts
FN:51,(anonymous_0)
FN:72,(anonymous_1)
FN:99,(anonymous_2)
FN:117,(anonymous_3)
FN:124,(anonymous_4)
FN:131,(anonymous_5)
FN:169,(anonymous_6)
FN:176,(anonymous_7)
FN:178,(anonymous_8)
FN:179,(anonymous_9)
FN:186,(anonymous_10)
FN:197,(anonymous_11)
FN:199,(anonymous_12)
FN:206,(anonymous_13)
FN:234,Handler
FN:235,(anonymous_15)
FNF:16
FNH:2
FNDA:1,(anonymous_0)
FNDA:0,(anonymous_1)
FNDA:0,(anonymous_2)
FNDA:0,(anonymous_3)
FNDA:0,(anonymous_4)
FNDA:0,(anonymous_5)
FNDA:2,(anonymous_6)
FNDA:0,(anonymous_7)
FNDA:0,(anonymous_8)
FNDA:0,(anonymous_9)
FNDA:0,(anonymous_10)
FNDA:0,(anonymous_11)
FNDA:0,(anonymous_12)
FNDA:0,(anonymous_13)
FNDA:0,Handler
FNDA:0,(anonymous_15)
DA:14,1
DA:46,1
DA:47,1
DA:48,1
DA:52,1
DA:73,0
DA:74,0
DA:75,0
DA:79,0
DA:80,0
DA:82,0
DA:83,0
DA:104,0
DA:105,0
DA:118,0
DA:125,0
DA:132,0
DA:134,0
DA:135,0
DA:138,0
DA:139,0
DA:143,0
DA:144,0
DA:148,0
DA:149,0
DA:150,0
DA:151,0
DA:153,0
DA:154,0
DA:157,0
DA:159,0
DA:160,0
DA:162,0
DA:170,2
DA:177,0
DA:178,0
DA:179,0
DA:187,0
DA:189,0
DA:190,0
DA:193,0
DA:197,0
DA:199,0
DA:207,0
DA:209,0
DA:210,0
DA:213,0
DA:218,1
DA:234,1
DA:235,0
DA:236,0
DA:239,0
DA:246,0
LF:53
LH:8
BRDA:51,0,0,0
BRDA:73,1,0,0
BRDA:74,2,0,0
BRDA:82,3,0,0
BRDA:102,4,0,0
BRDA:134,5,0,0
BRDA:138,6,0,0
BRDA:143,7,0,0
BRDA:144,8,0,0
BRDA:144,8,1,0
BRDA:153,9,0,0
BRDA:153,10,0,0
BRDA:153,10,1,0
BRDA:159,11,0,0
BRDA:190,12,0,0
BRDA:190,12,1,0
BRDA:234,13,0,0
BRDA:242,14,0,0
BRDA:242,14,1,0
BRF:19
BRH:0
end_of_record
TN:
SF:apps/backend-ts/src/core/load-all-handlers.ts
FN:15,loadAllHandlers
FN:74,getAllHandlers
FN:82,(anonymous_2)
FNF:3
FNH:0
FNDA:0,loadAllHandlers
FNDA:0,getAllHandlers
FNDA:0,(anonymous_2)
DA:16,0
DA:18,0
DA:20,0
DA:23,0
DA:26,0
DA:29,0
DA:32,0
DA:35,0
DA:38,0
DA:44,0
DA:47,0
DA:50,0
DA:53,0
DA:57,0
DA:58,0
DA:59,0
DA:60,0
DA:61,0
DA:63,0
DA:65,0
DA:66,0
DA:75,0
DA:82,0
DA:83,0
DA:84,0
LF:25
LH:0
BRF:0
BRH:0
end_of_record
TN:
SF:apps/backend-ts/src/core/migrate-handlers.ts
FN:98,generateMigrationPlan
FN:106,(anonymous_1)
FN:106,(anonymous_2)
FN:127,(anonymous_3)
FN:144,generateRouterImports
FN:165,printMigrationPlan
FNF:6
FNH:0
FNDA:0,generateMigrationPlan
FNDA:0,(anonymous_1)
FNDA:0,(anonymous_2)
FNDA:0,(anonymous_3)
FNDA:0,generateRouterImports
FNDA:0,printMigrationPlan
DA:37,0
DA:99,0
DA:101,0
DA:102,0
DA:103,0
DA:106,0
DA:107,0
DA:108,0
DA:111,0
DA:114,0
DA:115,0
DA:116,0
DA:117,0
DA:121,0
DA:125,0
DA:126,0
DA:127,0
DA:128,0
DA:129,0
DA:130,0
DA:131,0
DA:132,0
DA:133,0
DA:134,0
DA:135,0
DA:138,0
DA:145,0
DA:147,0
DA:148,0
DA:149,0
DA:151,0
DA:152,0
DA:153,0
DA:156,0
DA:157,0
DA:159,0
DA:166,0
DA:167,0
DA:169,0
DA:170,0
DA:174,0
LF:41
LH:0
BRF:0
BRH:0
end_of_record
TN:
SF:apps/backend-ts/src/core/zantara-orchestrator.ts
FN:32,(anonymous_0)
FN:69,(anonymous_1)
FN:124,(anonymous_2)
FN:147,(anonymous_3)
FN:212,(anonymous_4)
FN:239,(anonymous_5)
FN:240,(anonymous_6)
FN:259,(anonymous_7)
FN:265,(anonymous_8)
FN:278,(anonymous_9)
FN:300,(anonymous_10)
FN:311,(anonymous_11)
FN:338,(anonymous_12)
FN:400,(anonymous_13)
FN:437,(anonymous_14)
FN:475,(anonymous_15)
FN:488,(anonymous_16)
FN:496,(anonymous_17)
FNF:18
FNH:0
FNDA:0,(anonymous_0)
FNDA:0,(anonymous_1)
FNDA:0,(anonymous_2)
FNDA:0,(anonymous_3)
FNDA:0,(anonymous_4)
FNDA:0,(anonymous_5)
FNDA:0,(anonymous_6)
FNDA:0,(anonymous_7)
FNDA:0,(anonymous_8)
FNDA:0,(anonymous_9)
FNDA:0,(anonymous_10)
FNDA:0,(anonymous_11)
FNDA:0,(anonymous_12)
FNDA:0,(anonymous_13)
FNDA:0,(anonymous_14)
FNDA:0,(anonymous_15)
FNDA:0,(anonymous_16)
FNDA:0,(anonymous_17)
DA:34,0
DA:58,0
DA:71,0
DA:72,0
DA:73,0
DA:74,0
DA:75,0
DA:76,0
DA:77,0
DA:87,0
DA:91,0
DA:92,0
DA:93,0
DA:94,0
DA:95,0
DA:106,0
DA:109,0
DA:112,0
DA:115,0
DA:118,0
DA:125,0
DA:127,0
DA:128,0
DA:129,0
DA:130,0
DA:131,0
DA:132,0
DA:134,0
DA:135,0
DA:136,0
DA:137,0
DA:138,0
DA:139,0
DA:141,0
DA:148,0
DA:149,0
DA:158,0
DA:164,0
DA:168,0
DA:174,0
DA:175,0
DA:178,0
DA:184,0
DA:187,0
DA:193,0
DA:197,0
DA:203,0
DA:206,0
DA:213,0
DA:215,0
DA:217,0
DA:218,0
DA:219,0
DA:221,0
DA:223,0
DA:224,0
DA:226,0
DA:227,0
DA:230,0
DA:233,0
DA:240,0
DA:241,0
DA:242,0
DA:244,0
DA:245,0
DA:246,0
DA:253,0
DA:254,0
DA:258,0
DA:259,0
DA:271,0
DA:272,0
DA:275,0
DA:278,0
DA:279,0
DA:283,0
DA:284,0
DA:285,0
DA:286,0
DA:288,0
DA:289,0
DA:290,0
DA:293,0
DA:294,0
DA:295,0
DA:300,0
DA:301,0
DA:302,0
DA:305,0
DA:312,0
DA:313,0
DA:315,0
DA:317,0
DA:319,0
DA:320,0
DA:321,0
DA:322,0
DA:323,0
DA:325,0
DA:327,0
DA:329,0
DA:331,0
DA:332,0
DA:339,0
DA:340,0
DA:344,0
DA:345,0
DA:346,0
DA:347,0
DA:348,0
DA:349,0
DA:350,0
DA:351,0
DA:352,0
DA:353,0
DA:354,0
DA:355,0
DA:356,0
DA:357,0
DA:358,0
DA:359,0
DA:360,0
DA:361,0
DA:362,0
DA:363,0
DA:364,0
DA:365,0
DA:369,0
DA:370,0
DA:374,0
DA:375,0
DA:376,0
DA:377,0
DA:378,0
DA:379,0
DA:380,0
DA:381,0
DA:382,0
DA:385,0
DA:386,0
DA:401,0
DA:402,0
DA:409,0
DA:410,0
DA:417,0
DA:418,0
DA:426,0
DA:438,0
DA:460,0
DA:461,0
DA:463,0
DA:464,0
DA:465,0
DA:467,0
DA:469,0
DA:476,0
DA:482,0
DA:498,0
LF:158
LH:0
BRDA:73,0,0,0
BRDA:73,1,0,0
BRDA:73,1,1,0
BRDA:76,2,0,0
BRDA:87,3,0,0
BRDA:88,4,0,0
BRDA:88,4,1,0
BRDA:88,4,2,0
BRDA:91,5,0,0
BRDA:91,5,1,0
BRDA:94,6,0,0
BRDA:125,7,0,0
BRDA:125,7,1,0
BRDA:134,8,0,0
BRDA:135,9,0,0
BRDA:136,10,0,0
BRDA:137,11,0,0
BRDA:138,12,0,0
BRDA:139,13,0,0
BRDA:158,14,0,0
BRDA:159,15,0,0
BRDA:159,15,1,0
BRDA:159,15,2,0
BRDA:159,15,3,0
BRDA:168,16,0,0
BRDA:169,17,0,0
BRDA:169,17,1,0
BRDA:169,17,2,0
BRDA:169,17,3,0
BRDA:178,18,0,0
BRDA:179,19,0,0
BRDA:179,19,1,0
BRDA:179,19,2,0
BRDA:179,19,3,0
BRDA:187,20,0,0
BRDA:188,21,0,0
BRDA:188,21,1,0
BRDA:188,21,2,0
BRDA:188,21,3,0
BRDA:197,22,0,0
BRDA:198,23,0,0
BRDA:198,23,1,0
BRDA:198,23,2,0
BRDA:198,23,3,0
BRDA:215,24,0,0
BRDA:215,24,1,0
BRDA:215,24,2,0
BRDA:215,24,3,0
BRDA:218,25,0,0
BRDA:242,26,0,0
BRDA:249,27,0,0
BRDA:249,27,1,0
BRDA:250,28,0,0
BRDA:250,28,1,0
BRDA:271,29,0,0
BRDA:279,30,0,0
BRDA:283,31,0,0
BRDA:283,31,1,0
BRDA:288,32,0,0
BRDA:301,33,0,0
BRDA:312,34,0,0
BRDA:339,35,0,0
BRDA:339,35,1,0
BRDA:340,36,0,0
BRDA:340,36,1,0
BRDA:346,37,0,0
BRDA:346,37,1,0
BRDA:347,38,0,0
BRDA:347,38,1,0
BRDA:348,39,0,0
BRDA:348,39,1,0
BRDA:349,40,0,0
BRDA:349,40,1,0
BRDA:351,41,0,0
BRDA:351,41,1,0
BRDA:352,42,0,0
BRDA:352,42,1,0
BRDA:353,43,0,0
BRDA:353,43,1,0
BRDA:354,44,0,0
BRDA:354,44,1,0
BRDA:356,45,0,0
BRDA:356,45,1,0
BRDA:357,46,0,0
BRDA:357,46,1,0
BRDA:358,47,0,0
BRDA:358,47,1,0
BRDA:359,48,0,0
BRDA:359,48,1,0
BRDA:361,49,0,0
BRDA:362,50,0,0
BRDA:362,50,1,0
BRDA:363,51,0,0
BRDA:363,51,1,0
BRDA:364,52,0,0
BRDA:364,52,1,0
BRDA:369,53,0,0
BRDA:375,54,0,0
BRDA:375,54,1,0
BRDA:377,55,0,0
BRDA:377,55,1,0
BRDA:379,56,0,0
BRDA:379,56,1,0
BRDA:381,57,0,0
BRDA:381,58,0,0
BRDA:381,58,1,0
BRDA:401,59,0,0
BRDA:409,60,0,0
BRDA:417,61,0,0
BRDA:460,62,0,0
BRDA:460,62,1,0
BRDA:461,63,0,0
BRDA:461,63,1,0
BRDA:463,64,0,0
BRDA:467,65,0,0
BRDA:467,65,1,0
BRDA:482,66,0,0
BRDA:482,66,1,0
BRF:118
BRH:0
end_of_record
TN:
SF:apps/backend-ts/src/core/plugins/Plugin.ts
FN:13,(anonymous_0)
FN:144,(anonymous_1)
FN:167,(anonymous_2)
FN:177,(anonymous_3)
FN:192,(anonymous_4)
FN:199,(anonymous_5)
FN:206,(anonymous_6)
FN:220,(anonymous_7)
FN:234,(anonymous_8)
FN:253,createSimplePlugin
FN:258,(anonymous_10)
FN:261,(anonymous_11)
FN:277,wrapHandlerAsPlugin
FN:308,(anonymous_13)
FNF:14
FNH:0
FNDA:0,(anonymous_0)
FNDA:0,(anonymous_1)
FNDA:0,(anonymous_2)
FNDA:0,(anonymous_3)
FNDA:0,(anonymous_4)
FNDA:0,(anonymous_5)
FNDA:0,(anonymous_6)
FNDA:0,(anonymous_7)
FNDA:0,(anonymous_8)
FNDA:0,createSimplePlugin
FNDA:0,(anonymous_10)
FNDA:0,(anonymous_11)
FNDA:0,wrapHandlerAsPlugin
FNDA:0,(anonymous_13)
DA:13,0
DA:14,0
DA:15,0
DA:16,0
DA:17,0
DA:18,0
DA:19,0
DA:20,0
DA:21,0
DA:22,0
DA:23,0
DA:24,0
DA:25,0
DA:26,0
DA:27,0
DA:29,0
DA:30,0
DA:31,0
DA:32,0
DA:33,0
DA:34,0
DA:35,0
DA:142,0
DA:145,0
DA:168,0
DA:178,0
DA:179,0
DA:180,0
DA:182,0
DA:208,0
DA:210,0
DA:221,0
DA:237,0
DA:258,0
DA:259,0
DA:260,0
DA:262,0
DA:292,0
DA:306,0
DA:308,0
DA:309,0
DA:310,0
DA:311,0
DA:318,0
LF:44
LH:0
BRDA:13,0,0,0
BRDA:13,0,1,0
BRDA:145,1,0,0
BRDA:145,1,1,0
BRDA:222,2,0,0
BRDA:222,2,1,0
BRDA:282,3,0,0
BRDA:297,4,0,0
BRDA:297,4,1,0
BRDA:298,5,0,0
BRDA:298,5,1,0
BRDA:299,6,0,0
BRDA:299,6,1,0
BRDA:300,7,0,0
BRDA:300,7,1,0
BRDA:303,8,0,0
BRDA:303,8,1,0
BRDA:306,9,0,0
BRDA:306,9,1,0
BRDA:313,10,0,0
BRDA:313,10,1,0
BRF:21
BRH:0
end_of_record
TN:
SF:apps/backend-ts/src/core/plugins/PluginExecutor.ts
FN:35,(anonymous_0)
FN:39,(anonymous_1)
FN:50,(anonymous_2)
FN:182,(anonymous_3)
FN:248,(anonymous_4)
FN:251,(anonymous_5)
FN:252,(anonymous_6)
FN:260,(anonymous_7)
FN:271,(anonymous_8)
FN:288,(anonymous_9)
FN:309,(anonymous_10)
FN:323,(anonymous_11)
FN:338,(anonymous_12)
FN:353,(anonymous_13)
FN:365,(anonymous_14)
FN:376,(anonymous_15)
FN:395,(anonymous_16)
FN:403,(anonymous_17)
FN:411,(anonymous_18)
FN:430,(anonymous_19)
FN:457,(anonymous_20)
FN:468,(anonymous_21)
FN:469,(anonymous_22)
FNF:23
FNH:0
FNDA:0,(anonymous_0)
FNDA:0,(anonymous_1)
FNDA:0,(anonymous_2)
FNDA:0,(anonymous_3)
FNDA:0,(anonymous_4)
FNDA:0,(anonymous_5)
FNDA:0,(anonymous_6)
FNDA:0,(anonymous_7)
FNDA:0,(anonymous_8)
FNDA:0,(anonymous_9)
FNDA:0,(anonymous_10)
FNDA:0,(anonymous_11)
FNDA:0,(anonymous_12)
FNDA:0,(anonymous_13)
FNDA:0,(anonymous_14)
FNDA:0,(anonymous_15)
FNDA:0,(anonymous_16)
FNDA:0,(anonymous_17)
FNDA:0,(anonymous_18)
FNDA:0,(anonymous_19)
FNDA:0,(anonymous_20)
FNDA:0,(anonymous_21)
FNDA:0,(anonymous_22)
DA:27,0
DA:28,0
DA:29,0
DA:30,0
DA:33,0
DA:36,0
DA:39,0
DA:67,0
DA:70,0
DA:71,0
DA:72,0
DA:80,0
DA:81,0
DA:89,0
DA:90,0
DA:91,0
DA:101,0
DA:102,0
DA:110,0
DA:111,0
DA:112,0
DA:120,0
DA:121,0
DA:122,0
DA:123,0
DA:124,0
DA:126,0
DA:130,0
DA:131,0
DA:132,0
DA:140,0
DA:141,0
DA:145,0
DA:147,0
DA:149,0
DA:154,0
DA:156,0
DA:157,0
DA:158,0
DA:161,0
DA:172,0
DA:188,0
DA:189,0
DA:191,0
DA:193,0
DA:194,0
DA:195,0
DA:203,0
DA:204,0
DA:210,0
DA:211,0
DA:214,0
DA:215,0
DA:217,0
DA:218,0
DA:219,0
DA:222,0
DA:223,0
DA:226,0
DA:228,0
DA:230,0
DA:231,0
DA:232,0
DA:240,0
DA:241,0
DA:249,0
DA:252,0
DA:265,0
DA:266,0
DA:267,0
DA:270,0
DA:271,0
DA:274,0
DA:275,0
DA:276,0
DA:280,0
DA:281,0
DA:282,0
DA:289,0
DA:290,0
DA:293,0
DA:294,0
DA:295,0
DA:296,0
DA:299,0
DA:303,0
DA:310,0
DA:311,0
DA:313,0
DA:314,0
DA:317,0
DA:328,0
DA:329,0
DA:339,0
DA:341,0
DA:342,0
DA:343,0
DA:344,0
DA:345,0
DA:347,0
DA:354,0
DA:355,0
DA:356,0
DA:357,0
DA:366,0
DA:367,0
DA:368,0
DA:369,0
DA:370,0
DA:377,0
DA:378,0
DA:379,0
DA:380,0
DA:383,0
DA:387,0
DA:388,0
DA:389,0
DA:396,0
DA:397,0
DA:404,0
DA:405,0
DA:412,0
DA:413,0
DA:424,0
DA:431,0
DA:433,0
DA:435,0
DA:436,0
DA:437,0
DA:439,0
DA:440,0
DA:441,0
DA:443,0
DA:446,0
DA:447,0
DA:448,0
DA:451,0
DA:458,0
DA:459,0
DA:460,0
DA:462,0
DA:469,0
DA:474,0
LF:143
LH:0
BRDA:53,0,0,0
BRDA:62,1,0,0
BRDA:65,2,0,0
BRDA:66,3,0,0
BRDA:71,4,0,0
BRDA:80,5,0,0
BRDA:89,6,0,0
BRDA:90,7,0,0
BRDA:101,8,0,0
BRDA:101,9,0,0
BRDA:101,9,1,0
BRDA:111,10,0,0
BRDA:114,11,0,0
BRDA:114,11,1,0
BRDA:120,12,0,0
BRDA:122,13,0,0
BRDA:140,14,0,0
BRDA:140,15,0,0
BRDA:140,15,1,0
BRDA:154,16,0,0
BRDA:154,16,1,0
BRDA:194,17,0,0
BRDA:203,18,0,0
BRDA:203,18,1,0
BRDA:214,19,0,0
BRDA:222,20,0,0
BRDA:230,21,0,0
BRDA:265,22,0,0
BRDA:265,22,1,0
BRDA:270,23,0,0
BRDA:270,23,1,0
BRDA:274,24,0,0
BRDA:290,25,0,0
BRDA:293,26,0,0
BRDA:295,27,0,0
BRDA:295,27,1,0
BRDA:313,28,0,0
BRDA:313,29,0,0
BRDA:313,29,1,0
BRDA:356,30,0,0
BRDA:383,31,0,0
BRDA:383,31,1,0
BRDA:412,32,0,0
BRDA:435,33,0,0
BRDA:435,33,1,0
BRDA:440,34,0,0
BRDA:440,34,1,0
BRF:47
BRH:0
end_of_record
TN:
SF:apps/backend-ts/src/core/plugins/PluginRegistry.ts
FN:15,(anonymous_0)
FN:24,(anonymous_1)
FN:74,(anonymous_2)
FN:89,(anonymous_3)
FN:119,(anonymous_4)
FN:140,(anonymous_5)
FN:150,(anonymous_6)
FN:159,(anonymous_7)
FN:163,(anonymous_8)
FN:164,(anonymous_9)
FN:169,(anonymous_10)
FN:170,(anonymous_11)
FN:176,(anonymous_12)
FN:192,(anonymous_13)
FN:200,(anonymous_14)
FN:214,(anonymous_15)
FN:226,(anonymous_16)
FN:238,(anonymous_17)
FN:261,(anonymous_18)
FN:283,(anonymous_19)
FN:299,(anonymous_20)
FN:306,(anonymous_21)
FNF:22
FNH:0
FNDA:0,(anonymous_0)
FNDA:0,(anonymous_1)
FNDA:0,(anonymous_2)
FNDA:0,(anonymous_3)
FNDA:0,(anonymous_4)
FNDA:0,(anonymous_5)
FNDA:0,(anonymous_6)
FNDA:0,(anonymous_7)
FNDA:0,(anonymous_8)
FNDA:0,(anonymous_9)
FNDA:0,(anonymous_10)
FNDA:0,(anonymous_11)
FNDA:0,(anonymous_12)
FNDA:0,(anonymous_13)
FNDA:0,(anonymous_14)
FNDA:0,(anonymous_15)
FNDA:0,(anonymous_16)
FNDA:0,(anonymous_17)
FNDA:0,(anonymous_18)
FNDA:0,(anonymous_19)
FNDA:0,(anonymous_20)
FNDA:0,(anonymous_21)
DA:10,0
DA:11,0
DA:12,0
DA:13,0
DA:16,0
DA:25,0
DA:28,0
DA:29,0
DA:30,0
DA:31,0
DA:34,0
DA:39,0
DA:40,0
DA:43,0
DA:44,0
DA:45,0
DA:46,0
DA:50,0
DA:51,0
DA:55,0
DA:56,0
DA:57,0
DA:61,0
DA:63,0
DA:64,0
DA:65,0
DA:75,0
DA:76,0
DA:77,0
DA:79,0
DA:90,0
DA:91,0
DA:92,0
DA:93,0
DA:94,0
DA:96,0
DA:99,0
DA:100,0
DA:103,0
DA:104,0
DA:105,0
DA:109,0
DA:121,0
DA:122,0
DA:126,0
DA:127,0
DA:128,0
DA:131,0
DA:141,0
DA:155,0
DA:157,0
DA:158,0
DA:159,0
DA:162,0
DA:163,0
DA:164,0
DA:168,0
DA:169,0
DA:170,0
DA:176,0
DA:177,0
DA:178,0
DA:180,0
DA:183,0
DA:193,0
DA:194,0
DA:196,0
DA:197,0
DA:200,0
DA:202,0
DA:206,0
DA:215,0
DA:217,0
DA:218,0
DA:221,0
DA:226,0
DA:239,0
DA:241,0
DA:242,0
DA:243,0
DA:244,0
DA:246,0
DA:253,0
DA:262,0
DA:264,0
DA:265,0
DA:266,0
DA:267,0
DA:268,0
DA:270,0
DA:275,0
DA:284,0
DA:285,0
DA:286,0
DA:290,0
DA:291,0
DA:293,0
DA:300,0
DA:307,0
DA:312,0
LF:100
LH:0
BRDA:28,0,0,0
BRDA:30,1,0,0
BRDA:30,2,0,0
BRDA:30,2,1,0
BRDA:43,3,0,0
BRDA:43,3,1,0
BRDA:44,4,0,0
BRDA:50,5,0,0
BRDA:91,6,0,0
BRDA:104,7,0,0
BRDA:121,8,0,0
BRDA:127,9,0,0
BRDA:157,10,0,0
BRDA:158,11,0,0
BRDA:162,12,0,0
BRDA:168,13,0,0
BRDA:177,14,0,0
BRDA:197,15,0,0
BRDA:198,16,0,0
BRDA:198,16,1,0
BRDA:198,16,2,0
BRDA:218,17,0,0
BRDA:218,17,1,0
BRDA:265,18,0,0
BRDA:285,19,0,0
BRDA:307,20,0,0
BRDA:307,20,1,0
BRF:27
BRH:0
end_of_record
TN:
SF:apps/backend-ts/src/diagnostics/glm.ts
FN:13,runGLM
FN:61,(anonymous_1)
FN:125,(anonymous_2)
FN:136,(anonymous_3)
FN:137,(anonymous_4)
FN:138,(anonymous_5)
FN:149,(anonymous_6)
FN:150,(anonymous_7)
FN:153,(anonymous_8)
FNF:9
FNH:0
FNDA:0,runGLM
FNDA:0,(anonymous_1)
FNDA:0,(anonymous_2)
FNDA:0,(anonymous_3)
FNDA:0,(anonymous_4)
FNDA:0,(anonymous_5)
FNDA:0,(anonymous_6)
FNDA:0,(anonymous_7)
FNDA:0,(anonymous_8)
DA:14,0
DA:16,0
DA:18,0
DA:19,0
DA:26,0
DA:27,0
DA:33,0
DA:41,0
DA:42,0
DA:48,0
DA:56,0
DA:57,0
DA:58,0
DA:59,0
DA:61,0
DA:62,0
DA:68,0
DA:76,0
DA:83,0
DA:84,0
DA:85,0
DA:86,0
DA:88,0
DA:94,0
DA:102,0
DA:103,0
DA:109,0
DA:116,0
DA:124,0
DA:125,0
DA:126,0
DA:127,0
DA:128,0
DA:130,0
DA:136,0
DA:137,0
DA:138,0
DA:140,0
DA:144,0
DA:148,0
DA:150,0
DA:151,0
DA:154,0
DA:155,0
LF:44
LH:0
BRDA:26,0,0,0
BRDA:26,0,1,0
BRDA:26,1,0,0
BRDA:26,1,1,0
BRDA:41,2,0,0
BRDA:41,2,1,0
BRDA:61,3,0,0
BRDA:61,3,1,0
BRDA:90,4,0,0
BRDA:90,4,1,0
BRDA:102,5,0,0
BRDA:102,5,1,0
BRDA:102,6,0,0
BRDA:102,6,1,0
BRDA:119,7,0,0
BRDA:119,7,1,0
BRDA:126,8,0,0
BRDA:126,8,1,0
BRDA:126,9,0,0
BRDA:126,9,1,0
BRDA:128,10,0,0
BRDA:128,10,1,0
BRDA:128,11,0,0
BRDA:128,11,1,0
BRDA:151,12,0,0
BRDA:151,12,1,0
BRF:26
BRH:0
end_of_record
TN:
SF:apps/backend-ts/src/handlers/example-modern-handler.ts
FN:16,sendEmailV2
FN:39,listInboxV2
FN:55,kbliLookupV2
FNF:3
FNH:0
FNDA:0,sendEmailV2
FNDA:0,listInboxV2
FNDA:0,kbliLookupV2
DA:17,0
DA:19,0
DA:20,0
DA:25,0
DA:40,0
DA:43,0
DA:56,0
DA:58,0
DA:59,0
DA:64,0
DA:76,0
DA:88,0
LF:12
LH:0
BRDA:19,0,0,0
BRDA:19,1,0,0
BRDA:19,1,1,0
BRDA:19,1,2,0
BRDA:40,2,0,0
BRDA:58,3,0,0
BRDA:58,4,0,0
BRDA:58,4,1,0
BRDA:65,5,0,0
BRDA:65,5,1,0
BRF:10
BRH:0
end_of_record
TN:
SF:apps/backend-ts/src/handlers/ai-services/advanced-ai.ts
FN:8,aiAnticipate
FN:74,aiLearn
FN:122,xaiExplain
FNF:3
FNH:0
FNDA:0,aiAnticipate
FNDA:0,aiLearn
FNDA:0,xaiExplain
DA:1,9
DA:2,9
DA:3,9
DA:8,9
DA:9,0
DA:11,0
DA:12,0
DA:16,0
DA:31,0
DA:32,0
DA:36,0
DA:37,0
DA:38,0
DA:40,0
DA:41,0
DA:51,0
DA:52,0
DA:58,0
DA:60,0
DA:67,0
DA:74,9
DA:75,0
DA:77,0
DA:78,0
DA:81,0
DA:96,0
DA:97,0
DA:98,0
DA:100,0
DA:115,0
DA:122,9
DA:123,0
DA:125,0
DA:126,0
DA:129,0
DA:132,0
DA:158,0
DA:159,0
DA:171,0
DA:172,0
DA:173,0
DA:174,0
DA:176,0
DA:180,0
LF:44
LH:6
BRDA:9,0,0,0
BRDA:11,1,0,0
BRDA:11,2,0,0
BRDA:11,2,1,0
BRDA:18,3,0,0
BRDA:18,3,1,0
BRDA:19,4,0,0
BRDA:19,4,1,0
BRDA:21,5,0,0
BRDA:21,5,1,0
BRDA:37,6,0,0
BRDA:37,6,1,0
BRDA:38,7,0,0
BRDA:38,7,1,0
BRDA:38,7,2,0
BRDA:41,8,0,0
BRDA:41,8,1,0
BRDA:51,9,0,0
BRDA:51,9,1,0
BRDA:53,10,0,0
BRDA:53,10,1,0
BRDA:53,10,2,0
BRDA:58,11,0,0
BRDA:58,11,1,0
BRDA:64,12,0,0
BRDA:64,12,1,0
BRDA:75,13,0,0
BRDA:77,14,0,0
BRDA:77,15,0,0
BRDA:77,15,1,0
BRDA:77,15,2,0
BRDA:84,16,0,0
BRDA:84,16,1,0
BRDA:85,17,0,0
BRDA:85,17,1,0
BRDA:86,18,0,0
BRDA:86,18,1,0
BRDA:98,19,0,0
BRDA:98,19,1,0
BRDA:103,20,0,0
BRDA:103,20,1,0
BRDA:103,20,2,0
BRDA:105,21,0,0
BRDA:105,21,1,0
BRDA:125,22,0,0
BRDA:135,23,0,0
BRDA:135,23,1,0
BRDA:136,24,0,0
BRDA:136,24,1,0
BRDA:144,25,0,0
BRDA:144,25,1,0
BRDA:158,26,0,0
BRDA:158,27,0,0
BRDA:158,27,1,0
BRDA:163,28,0,0
BRDA:163,28,1,0
BRDA:173,29,0,0
BRDA:173,29,1,0
BRDA:174,30,0,0
BRDA:174,30,1,0
BRDA:174,30,2,0
BRF:61
BRH:0
end_of_record
TN:
SF:apps/backend-ts/src/handlers/ai-services/ai-bridge.ts
FN:20,zantaraCallDevAI
FN:78,zantaraOrchestrateWorkflow
FN:97,(anonymous_3)
FN:131,zantaraGetConversationHistory
FN:157,zantaraGetSharedContext
FN:183,zantaraClearWorkflow
FNF:6
FNH:0
FNDA:0,zantaraCallDevAI
FNDA:0,zantaraOrchestrateWorkflow
FNDA:0,(anonymous_3)
FNDA:0,zantaraGetConversationHistory
FNDA:0,zantaraGetSharedContext
FNDA:0,zantaraClearWorkflow
DA:6,13
DA:7,0
DA:20,13
DA:21,0
DA:22,0
DA:27,0
DA:36,0
DA:38,0
DA:39,0
DA:44,0
DA:51,0
DA:56,0
DA:63,0
DA:68,0
DA:78,13
DA:86,0
DA:87,0
DA:92,0
DA:97,0
DA:99,0
DA:105,0
DA:115,0
DA:120,0
DA:131,13
DA:132,0
DA:133,0
DA:135,0
DA:141,0
DA:146,0
DA:157,13
DA:158,0
DA:159,0
DA:161,0
DA:167,0
DA:172,0
DA:183,13
DA:184,0
DA:185,0
DA:187,0
DA:191,0
DA:196,0
DA:201,0
LF:42
LH:6
BRDA:33,0,0,0
BRDA:33,0,1,0
BRDA:38,1,0,0
BRDA:38,1,1,0
BRF:4
BRH:0
end_of_record
TN:
SF:apps/backend-ts/src/handlers/ai-services/ai.ts
FN:44,checkIdentityRecognition
FN:59,(anonymous_2)
FN:74,aiChat
FN:95,(anonymous_4)
FN:109,(anonymous_5)
FN:130,(anonymous_6)
FN:137,(anonymous_7)
FN:151,(anonymous_8)
FN:181,(anonymous_9)
FN:219,(anonymous_10)
FN:260,getAIModels
FN:320,generateEmbeddings
FN:351,(anonymous_13)
FN:382,getCompletions
FNF:14
FNH:0
FNDA:0,checkIdentityRecognition
FNDA:0,(anonymous_2)
FNDA:0,aiChat
FNDA:0,(anonymous_4)
FNDA:0,(anonymous_5)
FNDA:0,(anonymous_6)
FNDA:0,(anonymous_7)
FNDA:0,(anonymous_8)
FNDA:0,(anonymous_9)
FNDA:0,(anonymous_10)
FNDA:0,getAIModels
FNDA:0,generateEmbeddings
FNDA:0,(anonymous_13)
FNDA:0,getCompletions
DA:7,22
DA:8,0
DA:9,0
DA:10,0
DA:16,0
DA:45,0
DA:47,0
DA:49,0
DA:50,0
DA:58,0
DA:61,0
DA:64,0
DA:65,0
DA:68,0
DA:74,22
DA:75,0
DA:76,0
DA:77,0
DA:78,0
DA:80,0
DA:82,0
DA:84,0
DA:95,0
DA:98,0
DA:109,0
DA:112,0
DA:113,0
DA:115,0
DA:116,0
DA:117,0
DA:120,0
DA:121,0
DA:122,0
DA:124,0
DA:125,0
DA:128,0
DA:129,0
DA:130,0
DA:131,0
DA:135,0
DA:136,0
DA:137,0
DA:138,0
DA:142,0
DA:143,0
DA:149,0
DA:150,0
DA:152,0
DA:153,0
DA:157,0
DA:158,0
DA:163,0
DA:167,0
DA:168,0
DA:169,0
DA:172,0
DA:181,0
DA:183,0
DA:188,0
DA:192,0
DA:200,0
DA:201,0
DA:202,0
DA:205,0
DA:219,0
DA:221,0
DA:236,0
DA:238,0
DA:241,0
DA:260,22
DA:261,0
DA:262,0
DA:264,0
DA:297,0
DA:305,0
DA:306,0
DA:320,22
DA:321,0
DA:323,0
DA:324,0
DA:327,0
DA:328,0
DA:334,0
DA:335,0
DA:341,0
DA:342,0
DA:350,0
DA:351,0
DA:353,0
DA:355,0
DA:369,0
DA:370,0
DA:382,22
DA:392,0
DA:394,0
DA:395,0
DA:398,0
DA:399,0
DA:405,0
DA:406,0
DA:413,0
DA:414,0
DA:420,0
DA:421,0
DA:428,0
DA:429,0
DA:435,0
DA:436,0
DA:437,0
DA:455,0
DA:457,0
DA:471,0
DA:472,0
LF:113
LH:5
BRDA:58,0,0,0
BRDA:61,1,0,0
BRDA:61,1,1,0
BRDA:75,2,0,0
BRDA:75,3,0,0
BRDA:75,3,1,0
BRDA:76,4,0,0
BRDA:76,4,1,0
BRDA:77,5,0,0
BRDA:77,5,1,0
BRDA:77,5,2,0
BRDA:78,6,0,0
BRDA:78,6,1,0
BRDA:88,7,0,0
BRDA:88,7,1,0
BRDA:90,8,0,0
BRDA:90,8,1,0
BRDA:91,9,0,0
BRDA:91,9,1,0
BRDA:92,10,0,0
BRDA:92,10,1,0
BRDA:116,11,0,0
BRDA:116,11,1,0
BRDA:117,12,0,0
BRDA:117,12,1,0
BRDA:120,13,0,0
BRDA:124,14,0,0
BRDA:124,15,0,0
BRDA:124,15,1,0
BRDA:128,16,0,0
BRDA:128,17,0,0
BRDA:128,17,1,0
BRDA:135,18,0,0
BRDA:135,19,0,0
BRDA:135,19,1,0
BRDA:149,20,0,0
BRDA:152,21,0,0
BRDA:152,21,1,0
BRDA:159,22,0,0
BRDA:159,22,1,0
BRDA:168,23,0,0
BRDA:188,24,0,0
BRDA:188,24,1,0
BRDA:194,25,0,0
BRDA:194,25,1,0
BRDA:200,26,0,0
BRDA:200,27,0,0
BRDA:200,27,1,0
BRDA:202,28,0,0
BRDA:202,28,1,0
BRDA:202,28,2,0
BRDA:211,29,0,0
BRDA:211,29,1,0
BRDA:212,30,0,0
BRDA:212,30,1,0
BRDA:214,31,0,0
BRDA:214,31,1,0
BRDA:214,31,2,0
BRDA:215,32,0,0
BRDA:215,32,1,0
BRDA:216,33,0,0
BRDA:216,33,1,0
BRDA:224,34,0,0
BRDA:224,34,1,0
BRDA:225,35,0,0
BRDA:225,35,1,0
BRDA:226,36,0,0
BRDA:226,36,1,0
BRDA:227,37,0,0
BRDA:227,37,1,0
BRDA:228,38,0,0
BRDA:228,38,1,0
BRDA:228,38,2,0
BRDA:308,39,0,0
BRDA:308,39,1,0
BRDA:321,40,0,0
BRDA:321,41,0,0
BRDA:321,41,1,0
BRDA:327,42,0,0
BRDA:327,43,0,0
BRDA:327,43,1,0
BRDA:334,44,0,0
BRDA:341,45,0,0
BRDA:372,46,0,0
BRDA:372,46,1,0
BRDA:385,47,0,0
BRDA:386,48,0,0
BRDA:387,49,0,0
BRDA:388,50,0,0
BRDA:390,51,0,0
BRDA:391,52,0,0
BRDA:392,53,0,0
BRDA:392,53,1,0
BRDA:398,54,0,0
BRDA:398,55,0,0
BRDA:398,55,1,0
BRDA:405,56,0,0
BRDA:413,57,0,0
BRDA:413,58,0,0
BRDA:413,58,1,0
BRDA:420,59,0,0
BRDA:420,60,0,0
BRDA:420,60,1,0
BRDA:428,61,0,0
BRDA:435,62,0,0
BRDA:435,63,0,0
BRDA:435,63,1,0
BRDA:439,64,0,0
BRDA:439,64,1,0
BRDA:439,64,2,0
BRDA:444,65,0,0
BRDA:444,65,1,0
BRDA:445,66,0,0
BRDA:445,66,1,0
BRDA:461,67,0,0
BRDA:461,67,1,0
BRDA:474,68,0,0
BRDA:474,68,1,0
BRF:118
BRH:0
end_of_record
TN:
SF:apps/backend-ts/src/handlers/ai-services/creative.ts
FN:35,(anonymous_0)
FN:60,getVisionService
FN:63,(anonymous_2)
FN:82,visionAnalyzeImage
FN:104,(anonymous_4)
FN:139,(anonymous_5)
FN:146,(anonymous_6)
FN:153,(anonymous_7)
FN:165,(anonymous_8)
FN:184,visionExtractDocuments
FN:234,(anonymous_10)
FN:250,speechTranscribe
FN:291,(anonymous_12)
FN:309,speechSynthesize
FN:369,languageAnalyzeSentiment
FNF:15
FNH:0
FNDA:0,(anonymous_0)
FNDA:0,getVisionService
FNDA:0,(anonymous_2)
FNDA:0,visionAnalyzeImage
FNDA:0,(anonymous_4)
FNDA:0,(anonymous_5)
FNDA:0,(anonymous_6)
FNDA:0,(anonymous_7)
FNDA:0,(anonymous_8)
FNDA:0,visionExtractDocuments
FNDA:0,(anonymous_10)
FNDA:0,speechTranscribe
FNDA:0,(anonymous_12)
FNDA:0,speechSynthesize
FNDA:0,languageAnalyzeSentiment
DA:35,0
DA:36,0
DA:37,0
DA:38,0
DA:39,0
DA:40,0
DA:41,0
DA:61,0
DA:62,0
DA:63,0
DA:68,0
DA:69,0
DA:72,0
DA:77,0
DA:78,0
DA:88,0
DA:90,0
DA:91,0
DA:94,0
DA:95,0
DA:96,0
DA:98,0
DA:100,0
DA:104,0
DA:112,0
DA:121,0
DA:122,0
DA:125,0
DA:126,0
DA:128,0
DA:139,0
DA:146,0
DA:153,0
DA:165,0
DA:179,0
DA:180,0
DA:185,0
DA:187,0
DA:188,0
DA:191,0
DA:193,0
DA:200,0
DA:203,0
DA:219,0
DA:220,0
DA:222,0
DA:223,0
DA:224,0
DA:225,0
DA:229,0
DA:234,0
DA:241,0
DA:242,0
DA:251,0
DA:253,0
DA:254,0
DA:257,0
DA:258,0
DA:259,0
DA:261,0
DA:263,0
DA:271,0
DA:276,0
DA:285,0
DA:286,0
DA:289,0
DA:291,0
DA:293,0
DA:304,0
DA:305,0
DA:310,0
DA:312,0
DA:313,0
DA:316,0
DA:317,0
DA:318,0
DA:320,0
DA:331,0
DA:340,0
DA:341,0
DA:344,0
DA:346,0
DA:360,0
DA:361,0
DA:370,0
DA:372,0
DA:373,0
DA:376,0
DA:377,0
DA:378,0
DA:380,0
DA:387,0
DA:396,0
DA:397,0
DA:400,0
DA:401,0
DA:403,0
DA:431,0
DA:432,0
DA:437,0
LF:100
LH:0
BRDA:35,0,0,0
BRDA:35,0,1,0
BRDA:68,1,0,0
BRDA:86,2,0,0
BRDA:87,3,0,0
BRDA:88,4,0,0
BRDA:88,4,1,0
BRDA:90,5,0,0
BRDA:90,6,0,0
BRDA:90,6,1,0
BRDA:98,7,0,0
BRDA:98,7,1,0
BRDA:121,8,0,0
BRDA:126,9,0,0
BRDA:126,9,1,0
BRDA:138,10,0,0
BRDA:138,10,1,0
BRDA:145,11,0,0
BRDA:145,11,1,0
BRDA:152,12,0,0
BRDA:152,12,1,0
BRDA:164,13,0,0
BRDA:164,13,1,0
BRDA:185,14,0,0
BRDA:185,15,0,0
BRDA:185,15,1,0
BRDA:187,16,0,0
BRDA:187,17,0,0
BRDA:187,17,1,0
BRDA:200,18,0,0
BRDA:200,18,1,0
BRDA:219,19,0,0
BRDA:219,19,1,0
BRDA:222,20,0,0
BRDA:222,21,0,0
BRDA:222,21,1,0
BRDA:225,22,0,0
BRDA:225,22,1,0
BRDA:233,23,0,0
BRDA:233,23,1,0
BRDA:251,24,0,0
BRDA:251,25,0,0
BRDA:251,25,1,0
BRDA:253,26,0,0
BRDA:253,27,0,0
BRDA:253,27,1,0
BRDA:261,28,0,0
BRDA:261,28,1,0
BRDA:285,29,0,0
BRDA:291,30,0,0
BRDA:291,30,1,0
BRDA:291,31,0,0
BRDA:291,31,1,0
BRDA:295,32,0,0
BRDA:295,32,1,0
BRDA:296,33,0,0
BRDA:296,33,1,0
BRDA:310,34,0,0
BRDA:310,35,0,0
BRDA:310,36,0,0
BRDA:310,36,1,0
BRDA:312,37,0,0
BRDA:340,38,0,0
BRDA:370,39,0,0
BRDA:370,39,1,0
BRDA:372,40,0,0
BRDA:396,41,0,0
BRDA:401,42,0,0
BRDA:401,42,1,0
BRDA:405,43,0,0
BRDA:405,43,1,0
BRDA:406,44,0,0
BRDA:406,44,1,0
BRDA:408,45,0,0
BRDA:408,45,1,0
BRDA:408,46,0,0
BRDA:408,46,1,0
BRDA:410,47,0,0
BRDA:410,47,1,0
BRDA:410,48,0,0
BRDA:410,48,1,0
BRDA:416,49,0,0
BRDA:416,49,1,0
BRDA:416,50,0,0
BRDA:416,50,1,0
BRDA:416,51,0,0
BRDA:416,51,1,0
BRDA:416,52,0,0
BRDA:416,52,1,0
BRDA:418,53,0,0
BRDA:418,53,1,0
BRDA:418,54,0,0
BRDA:418,54,1,0
BRDA:420,55,0,0
BRDA:420,55,1,0
BRDA:420,56,0,0
BRDA:420,56,1,0
BRDA:423,57,0,0
BRDA:423,57,1,0
BRDA:423,58,0,0
BRDA:423,58,1,0
BRF:101
BRH:0
end_of_record
TN:
SF:apps/backend-ts/src/handlers/ai-services/imagine-art-handler.ts
FN:32,aiImageGenerate
FN:94,aiImageUpscale
FN:130,aiImageTest
FNF:3
FNH:0
FNDA:0,aiImageGenerate
FNDA:0,aiImageUpscale
FNDA:0,aiImageTest
DA:6,9
DA:7,0
DA:8,0
DA:9,0
DA:32,9
DA:33,0
DA:41,0
DA:43,0
DA:44,0
DA:47,0
DA:53,0
DA:55,0
DA:64,0
DA:66,0
DA:79,0
DA:80,0
DA:94,9
DA:95,0
DA:96,0
DA:98,0
DA:99,0
DA:102,0
DA:104,0
DA:106,0
DA:110,0
DA:112,0
DA:122,0
DA:123,0
DA:130,9
DA:131,0
DA:132,0
DA:133,0
DA:135,0
DA:141,0
DA:142,0
LF:35
LH:4
BRDA:36,0,0,0
BRDA:37,1,0,0
BRDA:40,2,0,0
BRDA:43,3,0,0
BRDA:98,4,0,0
BRF:5
BRH:0
end_of_record
TN:
SF:apps/backend-ts/src/handlers/ai-services/registry.ts
FN:20,registerAIServicesHandlers
FNF:1
FNH:0
FNDA:0,registerAIServicesHandlers
DA:22,0
DA:34,0
DA:48,0
DA:64,0
DA:65,0
DA:66,0
DA:76,0
DA:89,0
DA:92,0
LF:9
LH:0
BRDA:64,0,0,0
BRDA:64,1,0,0
BRDA:64,1,1,0
BRF:3
BRH:0
end_of_record
TN:
SF:apps/backend-ts/src/handlers/ai-services/zantara-llama.ts
FN:28,zantaraChat
FN:44,(anonymous_2)
FN:115,(anonymous_3)
FN:118,(anonymous_4)
FNF:4
FNH:0
FNDA:0,zantaraChat
FNDA:0,(anonymous_2)
FNDA:0,(anonymous_3)
FNDA:0,(anonymous_4)
DA:7,3
DA:8,0
DA:9,0
DA:10,0
DA:13,0
DA:28,3
DA:29,0
DA:30,0
DA:33,0
DA:34,0
DA:35,0
DA:37,0
DA:41,0
DA:43,0
DA:44,0
DA:46,0
DA:60,0
DA:62,0
DA:63,0
DA:66,0
DA:68,0
DA:69,0
DA:72,0
DA:74,0
DA:83,0
DA:86,0
DA:88,0
DA:89,0
DA:104,0
DA:105,0
DA:106,0
DA:109,0
DA:111,0
DA:112,0
DA:114,0
DA:116,0
DA:117,0
DA:119,0
DA:120,0
DA:122,0
DA:126,0
DA:130,0
DA:131,0
DA:136,0
DA:142,0
DA:152,0
DA:155,0
LF:47
LH:2
BRDA:29,0,0,0
BRDA:34,1,0,0
BRDA:34,1,1,0
BRDA:35,2,0,0
BRDA:35,2,1,0
BRDA:62,3,0,0
BRDA:68,4,0,0
BRDA:69,5,0,0
BRDA:69,5,1,0
BRDA:76,6,0,0
BRDA:76,6,1,0
BRDA:78,7,0,0
BRDA:78,7,1,0
BRDA:98,8,0,0
BRDA:98,8,1,0
BRDA:104,9,0,0
BRDA:111,10,0,0
BRDA:112,11,0,0
BRDA:112,11,1,0
BRDA:116,12,0,0
BRDA:116,13,0,0
BRDA:116,13,1,0
BRDA:119,14,0,0
BRDA:119,15,0,0
BRDA:119,15,1,0
BRDA:122,16,0,0
BRDA:122,16,1,0
BRDA:122,16,2,0
BRDA:126,17,0,0
BRDA:126,17,1,0
BRDA:126,17,2,0
BRDA:130,18,0,0
BRDA:143,19,0,0
BRDA:143,19,1,0
BRF:34
BRH:0
end_of_record
TN:
SF:apps/backend-ts/src/handlers/analytics/analytics.ts
FN:11,(anonymous_0)
FN:20,(anonymous_1)
FN:51,(anonymous_2)
FN:52,(anonymous_3)
FN:53,(anonymous_4)
FN:62,(anonymous_5)
FN:102,(anonymous_6)
FN:153,(anonymous_7)
FN:198,(anonymous_8)
FN:199,(anonymous_9)
FN:200,(anonymous_10)
FN:209,(anonymous_11)
FNF:12
FNH:12
FNDA:3,(anonymous_0)
FNDA:3,(anonymous_1)
FNDA:21,(anonymous_2)
FNDA:21,(anonymous_3)
FNDA:21,(anonymous_4)
FNDA:2,(anonymous_5)
FNDA:2,(anonymous_6)
FNDA:2,(anonymous_7)
FNDA:8,(anonymous_8)
FNDA:8,(anonymous_9)
FNDA:8,(anonymous_10)
FNDA:2,(anonymous_11)
DA:2,1
DA:7,1
DA:16,3
DA:20,3
DA:21,3
DA:22,3
DA:32,3
DA:33,21
DA:40,3
DA:43,3
DA:45,3
DA:51,21
DA:52,21
DA:53,21
DA:63,2
DA:65,2
DA:67,2
DA:90,2
DA:103,2
DA:105,2
DA:140,2
DA:154,2
DA:156,2
DA:191,2
DA:198,8
DA:199,8
DA:200,8
DA:215,2
DA:217,2
DA:250,2
LF:30
LH:30
BRDA:13,0,0,2
BRDA:14,1,0,2
BRDA:15,2,0,2
BRDA:63,3,0,1
BRDA:103,4,0,1
BRDA:103,5,0,1
BRDA:103,6,0,1
BRDA:154,7,0,1
BRDA:154,8,0,1
BRDA:154,9,0,1
BRDA:211,10,0,1
BRDA:212,11,0,1
BRDA:213,12,0,1
BRDA:214,13,0,1
BRF:14
BRH:14
end_of_record
TN:
SF:apps/backend-ts/src/handlers/analytics/daily-drive-recap.ts
FN:38,initDrive
FN:43,getDailyFileName
FN:50,findDailyFile
FN:88,readDailyFileContent
FN:103,createDailyTemplate
FN:151,updateSummaryCounters
FN:198,addActivityToSection
FN:254,(anonymous_7)
FN:274,(anonymous_8)
FN:284,createOrUpdateDailyFile
FN:337,updateDailyRecap
FN:415,getCurrentDailyRecap
FNF:12
FNH:0
FNDA:0,initDrive
FNDA:0,getDailyFileName
FNDA:0,findDailyFile
FNDA:0,readDailyFileContent
FNDA:0,createDailyTemplate
FNDA:0,updateSummaryCounters
FNDA:0,addActivityToSection
FNDA:0,(anonymous_7)
FNDA:0,(anonymous_8)
FNDA:0,createOrUpdateDailyFile
FNDA:0,updateDailyRecap
FNDA:0,getCurrentDailyRecap
DA:8,0
DA:17,0
DA:35,0
DA:39,0
DA:44,0
DA:45,0
DA:46,0
DA:55,0
DA:56,0
DA:59,0
DA:60,0
DA:62,0
DA:65,0
DA:66,0
DA:67,0
DA:69,0
DA:74,0
DA:75,0
DA:76,0
DA:77,0
DA:80,0
DA:82,0
DA:83,0
DA:89,0
DA:90,0
DA:95,0
DA:97,0
DA:98,0
DA:104,0
DA:105,0
DA:112,0
DA:152,0
DA:153,0
DA:155,0
DA:156,0
DA:157,0
DA:159,0
DA:160,0
DA:161,0
DA:164,0
DA:165,0
DA:166,0
DA:169,0
DA:170,0
DA:171,0
DA:172,0
DA:175,0
DA:176,0
DA:177,0
DA:178,0
DA:181,0
DA:182,0
DA:183,0
DA:184,0
DA:187,0
DA:188,0
DA:189,0
DA:190,0
DA:194,0
DA:204,0
DA:205,0
DA:211,0
DA:212,0
DA:215,0
DA:222,0
DA:223,0
DA:225,0
DA:226,0
DA:227,0
DA:229,0
DA:230,0
DA:232,0
DA:233,0
DA:234,0
DA:236,0
DA:243,0
DA:244,0
DA:247,0
DA:251,0
DA:253,0
DA:255,0
DA:263,0
DA:264,0
DA:265,0
DA:269,0
DA:270,0
DA:274,0
DA:275,0
DA:276,0
DA:280,0
DA:289,0
DA:290,0
DA:292,0
DA:293,0
DA:295,0
DA:296,0
DA:298,0
DA:306,0
DA:307,0
DA:310,0
DA:316,0
DA:325,0
DA:328,0
DA:331,0
DA:332,0
DA:338,0
DA:340,0
DA:342,0
DA:343,0
DA:350,0
DA:351,0
DA:353,0
DA:355,0
DA:356,0
DA:358,0
DA:362,0
DA:365,0
DA:373,0
DA:375,0
DA:377,0
DA:378,0
DA:384,0
DA:398,0
DA:405,0
DA:406,0
DA:416,0
DA:418,0
DA:419,0
DA:426,0
DA:427,0
DA:428,0
DA:430,0
DA:431,0
DA:432,0
DA:443,0
DA:451,0
LF:136
LH:0
BRDA:43,0,0,0
BRDA:46,1,0,0
BRDA:46,1,1,0
BRDA:53,2,0,0
BRDA:60,3,0,0
BRDA:60,4,0,0
BRDA:60,4,1,0
BRDA:67,5,0,0
BRDA:74,6,0,0
BRDA:74,7,0,0
BRDA:74,7,1,0
BRDA:95,8,0,0
BRDA:95,8,1,0
BRDA:103,9,0,0
BRDA:115,10,0,0
BRDA:115,10,1,0
BRDA:115,11,0,0
BRDA:115,11,1,0
BRDA:157,12,0,0
BRDA:159,13,0,0
BRDA:164,14,0,0
BRDA:164,15,0,0
BRDA:164,15,1,0
BRDA:169,16,0,0
BRDA:169,17,0,0
BRDA:169,17,1,0
BRDA:169,17,2,0
BRDA:171,18,0,0
BRDA:171,18,1,0
BRDA:175,19,0,0
BRDA:175,20,0,0
BRDA:175,20,1,0
BRDA:175,20,2,0
BRDA:177,21,0,0
BRDA:177,21,1,0
BRDA:181,22,0,0
BRDA:181,23,0,0
BRDA:181,23,1,0
BRDA:181,23,2,0
BRDA:183,24,0,0
BRDA:183,24,1,0
BRDA:187,25,0,0
BRDA:187,26,0,0
BRDA:187,26,1,0
BRDA:187,26,2,0
BRDA:189,27,0,0
BRDA:189,27,1,0
BRDA:205,28,0,0
BRDA:205,28,1,0
BRDA:223,29,0,0
BRDA:227,30,0,0
BRDA:229,31,0,0
BRDA:234,32,0,0
BRDA:236,33,0,0
BRDA:237,34,0,0
BRDA:237,34,1,0
BRDA:237,34,2,0
BRDA:237,34,3,0
BRDA:237,34,4,0
BRDA:251,35,0,0
[...]
FNDA:0,(anonymous_4)
FNDA:0,(anonymous_5)
FNDA:0,(anonymous_6)
FNDA:0,(anonymous_7)
FNDA:0,(anonymous_8)
FNDA:0,(anonymous_9)
FNDA:0,(anonymous_10)
FNDA:0,(anonymous_11)
FNDA:0,(anonymous_12)
FNDA:0,(anonymous_13)
FNDA:0,(anonymous_14)
FNDA:0,(anonymous_15)
FNDA:0,(anonymous_16)
FNDA:0,(anonymous_17)
FNDA:0,(anonymous_18)
FNDA:0,(anonymous_19)
FNDA:0,(anonymous_20)
FNDA:0,(anonymous_21)
FNDA:0,setupIOSCompatibleWebSocket
DA:39,0
DA:44,0
DA:53,0
DA:75,0
DA:76,0
DA:83,0
DA:84,0
DA:92,0
DA:93,0
DA:94,0
DA:95,0
DA:97,0
DA:98,0
DA:101,0
DA:102,0
DA:103,0
DA:106,0
DA:107,0
DA:110,0
DA:114,0
DA:115,0
DA:116,0
DA:117,0
DA:120,0
DA:123,0
DA:133,0
DA:135,0
DA:138,0
DA:141,0
DA:151,0
DA:152,0
DA:153,0
DA:160,0
DA:161,0
DA:162,0
DA:163,0
DA:165,0
DA:172,0
DA:173,0
DA:174,0
DA:177,0
DA:178,0
DA:183,0
DA:184,0
DA:185,0
DA:189,0
DA:190,0
DA:191,0
DA:193,0
DA:199,0
DA:200,0
DA:201,0
DA:205,0
DA:212,0
DA:214,0
DA:215,0
DA:216,0
DA:218,0
DA:219,0
DA:221,0
DA:222,0
DA:223,0
DA:227,0
DA:228,0
DA:229,0
DA:234,0
DA:235,0
DA:236,0
DA:241,0
DA:256,0
DA:264,0
DA:265,0
DA:266,0
DA:267,0
DA:269,0
DA:272,0
DA:282,0
DA:283,0
DA:286,0
DA:287,0
DA:290,0
DA:291,0
DA:292,0
DA:294,0
DA:302,0
DA:309,0
DA:316,0
DA:317,0
DA:319,0
DA:320,0
DA:321,0
DA:332,0
LF:92
LH:0
BRDA:43,0,0,0
BRDA:45,1,0,0
BRDA:45,1,1,0
BRDA:46,2,0,0
BRDA:46,2,1,0
BRDA:47,3,0,0
BRDA:47,3,1,0
BRDA:48,4,0,0
BRDA:48,4,1,0
BRDA:49,5,0,0
BRDA:49,5,1,0
BRDA:55,6,0,0
BRDA:55,6,1,0
BRDA:94,7,0,0
BRDA:94,7,1,0
BRDA:97,8,0,0
BRDA:106,9,0,0
BRDA:120,10,0,0
BRDA:120,10,1,0
BRDA:147,11,0,0
BRDA:147,11,1,0
BRDA:155,12,0,0
BRDA:155,12,1,0
BRDA:161,13,0,0
BRDA:161,13,1,0
BRDA:177,14,0,0
BRDA:177,15,0,0
BRDA:177,15,1,0
BRDA:195,16,0,0
BRDA:195,16,1,0
BRDA:212,17,0,0
BRDA:221,18,0,0
BRDA:221,19,0,0
BRDA:221,19,1,0
BRDA:228,20,0,0
BRDA:234,21,0,0
BRDA:234,22,0,0
BRDA:234,22,1,0
BRDA:265,23,0,0
BRDA:266,24,0,0
BRDA:267,25,0,0
BRDA:269,26,0,0
BRDA:269,26,1,0
BRDA:286,27,0,0
BRDA:292,28,0,0
BRDA:292,29,0,0
BRDA:292,29,1,0
BRDA:316,30,0,0
BRF:48
BRH:0
end_of_record
TN:
SF:apps/backend-ts/src/services/persistent-team/EnhancedTeamHandler.ts
FN:31,(anonymous_0)
FN:36,(anonymous_1)
FN:45,(anonymous_2)
FN:87,(anonymous_3)
FN:143,(anonymous_4)
FN:166,(anonymous_5)
FN:186,(anonymous_6)
FN:189,(anonymous_7)
FN:197,(anonymous_8)
FN:200,(anonymous_9)
FN:207,(anonymous_10)
FN:210,(anonymous_11)
FN:217,(anonymous_12)
FN:230,(anonymous_13)
FN:247,(anonymous_14)
FN:277,(anonymous_15)
FN:291,(anonymous_16)
FN:305,(anonymous_17)
FN:345,(anonymous_18)
FN:358,(anonymous_19)
FN:385,(anonymous_20)
FN:402,(anonymous_21)
FN:429,(anonymous_22)
FN:450,(anonymous_23)
FN:491,(anonymous_24)
FNF:25
FNH:0
FNDA:0,(anonymous_0)
FNDA:0,(anonymous_1)
FNDA:0,(anonymous_2)
FNDA:0,(anonymous_3)
FNDA:0,(anonymous_4)
FNDA:0,(anonymous_5)
FNDA:0,(anonymous_6)
FNDA:0,(anonymous_7)
FNDA:0,(anonymous_8)
FNDA:0,(anonymous_9)
FNDA:0,(anonymous_10)
FNDA:0,(anonymous_11)
FNDA:0,(anonymous_12)
FNDA:0,(anonymous_13)
FNDA:0,(anonymous_14)
FNDA:0,(anonymous_15)
FNDA:0,(anonymous_16)
FNDA:0,(anonymous_17)
FNDA:0,(anonymous_18)
FNDA:0,(anonymous_19)
FNDA:0,(anonymous_20)
FNDA:0,(anonymous_21)
FNDA:0,(anonymous_22)
FNDA:0,(anonymous_23)
FNDA:0,(anonymous_24)
DA:32,0
DA:33,0
DA:37,0
DA:38,0
DA:46,0
DA:48,0
DA:54,0
DA:55,0
DA:59,0
DA:60,0
DA:63,0
DA:64,0
DA:67,0
DA:71,0
DA:73,0
DA:74,0
DA:91,0
DA:93,0
DA:94,0
DA:102,0
DA:103,0
DA:106,0
DA:109,0
DA:112,0
DA:113,0
DA:117,0
DA:118,0
DA:122,0
DA:123,0
DA:127,0
DA:128,0
DA:131,0
DA:144,0
DA:146,0
DA:148,0
DA:149,0
DA:151,0
DA:152,0
DA:154,0
DA:155,0
DA:157,0
DA:161,0
DA:163,0
DA:167,0
DA:170,0
DA:171,0
DA:175,0
DA:176,0
DA:180,0
DA:181,0
DA:183,0
DA:187,0
DA:189,0
DA:190,0
DA:191,0
DA:194,0
DA:198,0
DA:200,0
DA:201,0
DA:204,0
DA:208,0
DA:210,0
DA:211,0
DA:214,0
DA:218,0
DA:220,0
DA:221,0
DA:224,0
DA:227,0
DA:231,0
DA:234,0
DA:235,0
DA:238,0
DA:248,0
DA:265,0
DA:278,0
DA:288,0
DA:292,0
DA:298,0
DA:306,0
DA:307,0
DA:309,0
DA:310,0
DA:314,0
DA:317,0
DA:324,0
DA:337,0
DA:338,0
DA:346,0
DA:347,0
DA:350,0
DA:351,0
DA:355,0
DA:358,0
DA:368,0
DA:377,0
DA:378,0
DA:386,0
DA:387,0
DA:389,0
DA:390,0
DA:394,0
DA:397,0
DA:402,0
DA:412,0
DA:421,0
DA:422,0
DA:430,0
DA:431,0
DA:433,0
DA:438,0
DA:439,0
DA:451,0
DA:452,0
DA:454,0
DA:455,0
DA:459,0
DA:463,0
DA:474,0
DA:479,0
DA:480,0
DA:492,0
LF:122
LH:0
BRDA:54,0,0,0
BRDA:59,1,0,0
BRDA:63,2,0,0
BRDA:93,3,0,0
BRDA:112,4,0,0
BRDA:117,5,0,0
BRDA:122,6,0,0
BRDA:127,7,0,0
BRDA:146,8,0,0
BRDA:146,8,1,0
BRDA:146,8,2,0
BRDA:146,8,3,0
BRDA:170,9,0,0
BRDA:170,10,0,0
BRDA:170,10,1,0
BRDA:175,11,0,0
BRDA:175,12,0,0
BRDA:175,12,1,0
BRDA:180,13,0,0
BRDA:180,13,1,0
BRDA:220,14,0,0
BRDA:231,15,0,0
BRDA:231,15,1,0
BRDA:234,16,0,0
BRDA:241,17,0,0
BRDA:241,17,1,0
BRDA:242,18,0,0
BRDA:242,18,1,0
BRDA:288,19,0,0
BRDA:288,19,1,0
BRDA:298,20,0,0
BRDA:298,20,1,0
BRDA:309,21,0,0
BRDA:309,22,0,0
BRDA:309,22,1,0
BRDA:309,22,2,0
BRDA:350,23,0,0
BRDA:350,23,1,0
BRDA:373,24,0,0
BRDA:373,24,1,0
BRDA:387,25,0,0
BRDA:389,26,0,0
BRDA:454,27,0,0
BRDA:454,28,0,0
BRDA:454,28,1,0
BRDA:454,28,2,0
BRDA:454,28,3,0
BRDA:454,28,4,0
BRF:48
BRH:0
end_of_record
TN:
SF:apps/backend-ts/src/services/persistent-team/TeamKnowledgeEngine.ts
FN:111,(anonymous_0)
FN:121,(anonymous_1)
FN:136,(anonymous_2)
FN:181,(anonymous_3)
FN:227,(anonymous_4)
FN:243,(anonymous_5)
FN:268,(anonymous_6)
FN:285,(anonymous_7)
FN:314,(anonymous_8)
FN:330,(anonymous_9)
FN:355,(anonymous_10)
FN:376,(anonymous_11)
FN:396,(anonymous_12)
FN:438,(anonymous_13)
FN:451,(anonymous_14)
FN:488,(anonymous_15)
FN:515,(anonymous_16)
FN:535,(anonymous_17)
FN:554,(anonymous_18)
FN:579,(anonymous_19)
FN:600,(anonymous_20)
FN:612,(anonymous_21)
FN:638,(anonymous_22)
FN:650,(anonymous_23)
FN:654,(anonymous_24)
FN:658,(anonymous_25)
FN:693,(anonymous_26)
FN:712,(anonymous_27)
FN:729,(anonymous_28)
FN:754,(anonymous_29)
FN:787,(anonymous_30)
FN:809,(anonymous_31)
FN:819,(anonymous_32)
FN:843,(anonymous_33)
FN:854,(anonymous_34)
FN:859,(anonymous_35)
FN:863,(anonymous_36)
FN:867,(anonymous_37)
FNF:38
FNH:0
FNDA:0,(anonymous_0)
FNDA:0,(anonymous_1)
FNDA:0,(anonymous_2)
FNDA:0,(anonymous_3)
FNDA:0,(anonymous_4)
FNDA:0,(anonymous_5)
FNDA:0,(anonymous_6)
FNDA:0,(anonymous_7)
FNDA:0,(anonymous_8)
FNDA:0,(anonymous_9)
FNDA:0,(anonymous_10)
FNDA:0,(anonymous_11)
FNDA:0,(anonymous_12)
FNDA:0,(anonymous_13)
FNDA:0,(anonymous_14)
FNDA:0,(anonymous_15)
FNDA:0,(anonymous_16)
FNDA:0,(anonymous_17)
FNDA:0,(anonymous_18)
FNDA:0,(anonymous_19)
FNDA:0,(anonymous_20)
FNDA:0,(anonymous_21)
FNDA:0,(anonymous_22)
FNDA:0,(anonymous_23)
FNDA:0,(anonymous_24)
FNDA:0,(anonymous_25)
FNDA:0,(anonymous_26)
FNDA:0,(anonymous_27)
FNDA:0,(anonymous_28)
FNDA:0,(anonymous_29)
FNDA:0,(anonymous_30)
FNDA:0,(anonymous_31)
FNDA:0,(anonymous_32)
FNDA:0,(anonymous_33)
FNDA:0,(anonymous_34)
FNDA:0,(anonymous_35)
FNDA:0,(anonymous_36)
FNDA:0,(anonymous_37)
DA:112,0
DA:123,0
DA:124,0
DA:125,0
DA:126,0
DA:128,0
DA:137,0
DA:138,0
DA:139,0
DA:143,0
DA:145,0
DA:146,0
DA:159,0
DA:160,0
DA:163,0
DA:166,0
DA:168,0
DA:177,0
DA:182,0
DA:183,0
DA:184,0
DA:195,0
DA:197,0
DA:198,0
DA:201,0
DA:202,0
DA:223,0
DA:228,0
DA:229,0
DA:230,0
DA:241,0
DA:243,0
DA:264,0
DA:269,0
DA:270,0
DA:271,0
DA:283,0
DA:285,0
DA:306,0
DA:315,0
DA:316,0
DA:317,0
DA:328,0
DA:330,0
DA:351,0
DA:356,0
DA:357,0
DA:358,0
DA:365,0
DA:367,0
DA:368,0
DA:369,0
DA:372,0
DA:374,0
DA:376,0
DA:388,0
DA:401,0
DA:402,0
DA:404,0
DA:411,0
DA:412,0
DA:415,0
DA:421,0
DA:422,0
DA:425,0
DA:436,0
DA:437,0
DA:438,0
DA:441,0
DA:447,0
DA:454,0
DA:455,0
DA:456,0
DA:465,0
DA:480,0
DA:481,0
DA:484,0
DA:489,0
DA:490,0
DA:491,0
DA:499,0
DA:511,0
DA:516,0
DA:517,0
DA:518,0
DA:525,0
DA:527,0
DA:536,0
DA:537,0
DA:538,0
DA:552,0
DA:554,0
DA:575,0
DA:585,0
DA:586,0
DA:588,0
DA:589,0
DA:590,0
DA:593,0
DA:598,0
DA:599,0
DA:600,0
DA:601,0
DA:605,0
DA:610,0
DA:611,0
DA:612,0
DA:613,0
DA:619,0
DA:620,0
DA:621,0
DA:623,0
DA:630,0
DA:639,0
DA:651,0
DA:655,0
DA:664,0
DA:666,0
DA:679,0
DA:680,0
DA:682,0
DA:683,0
DA:688,0
DA:689,0
DA:693,0
DA:704,0
DA:706,0
DA:714,0
DA:715,0
DA:716,0
DA:718,0
DA:720,0
DA:722,0
DA:731,0
DA:732,0
DA:735,0
DA:736,0
DA:738,0
DA:739,0
DA:742,0
DA:743,0
DA:744,0
DA:745,0
DA:751,0
DA:772,0
DA:775,0
DA:778,0
DA:780,0
DA:794,0
DA:795,0
DA:796,0
DA:807,0
DA:809,0
DA:815,0
DA:827,0
DA:828,0
DA:829,0
DA:841,0
DA:843,0
DA:850,0
DA:855,0
DA:856,0
DA:860,0
DA:864,0
DA:868,0
LF:165
LH:0
BRDA:145,0,0,0
BRDA:197,1,0,0
BRDA:210,2,0,0
BRDA:210,2,1,0
BRDA:211,3,0,0
BRDA:211,3,1,0
BRDA:212,4,0,0
BRDA:212,4,1,0
BRDA:214,5,0,0
BRDA:214,5,1,0
BRDA:215,6,0,0
BRDA:215,6,1,0
BRDA:251,7,0,0
BRDA:251,7,1,0
BRDA:252,8,0,0
BRDA:252,8,1,0
BRDA:253,9,0,0
BRDA:253,9,1,0
BRDA:255,10,0,0
BRDA:255,10,1,0
BRDA:256,11,0,0
BRDA:256,11,1,0
BRDA:293,12,0,0
BRDA:293,12,1,0
BRDA:294,13,0,0
BRDA:294,13,1,0
BRDA:295,14,0,0
BRDA:295,14,1,0
BRDA:297,15,0,0
BRDA:297,15,1,0
BRDA:298,16,0,0
BRDA:298,16,1,0
BRDA:338,17,0,0
BRDA:338,17,1,0
BRDA:339,18,0,0
BRDA:339,18,1,0
BRDA:340,19,0,0
BRDA:340,19,1,0
BRDA:342,20,0,0
BRDA:342,20,1,0
BRDA:343,21,0,0
BRDA:343,21,1,0
BRDA:367,22,0,0
BRDA:383,23,0,0
BRDA:383,23,1,0
BRDA:480,24,0,0
BRDA:480,25,0,0
BRDA:480,25,1,0
BRDA:535,26,0,0
BRDA:562,27,0,0
BRDA:562,27,1,0
BRDA:563,28,0,0
BRDA:563,28,1,0
BRDA:564,29,0,0
BRDA:564,29,1,0
BRDA:566,30,0,0
BRDA:566,30,1,0
BRDA:567,31,0,0
BRDA:567,31,1,0
BRDA:621,32,0,0
BRDA:621,32,1,0
BRDA:682,33,0,0
BRDA:688,34,0,0
BRDA:714,35,0,0
BRDA:714,36,0,0
BRDA:714,36,1,0
BRDA:716,37,0,0
BRDA:720,38,0,0
BRDA:738,39,0,0
BRDA:738,40,0,0
BRDA:738,40,1,0
BRDA:742,41,0,0
BRDA:744,42,0,0
BRDA:744,43,0,0
BRDA:744,43,1,0
BRDA:772,44,0,0
BRDA:772,44,1,0
BRDA:778,45,0,0
BRDA:778,45,1,0
BRDA:810,46,0,0
BRDA:810,46,1,0
BRDA:856,47,0,0
BRDA:856,47,1,0
BRF:83
BRH:0
end_of_record
TN:
SF:apps/backend-ts/src/services/vector/chroma.ts
FN:6,chromaStore
FN:14,(anonymous_1)
FNF:2
FNH:0
FNDA:0,chromaStore
FNDA:0,(anonymous_1)
DA:8,0
DA:10,0
DA:12,0
DA:15,0
DA:17,0
DA:18,0
DA:20,0
DA:21,0
LF:8
LH:0
BRDA:8,0,0,0
BRDA:8,0,1,0
BRF:2
BRH:0
end_of_record
TN:
SF:apps/backend-ts/src/services/vector/memory-vector.ts
FN:8,memoryVectorStore
FN:16,(anonymous_1)
FN:21,(anonymous_2)
FN:27,(anonymous_3)
FN:31,(anonymous_4)
FN:32,(anonymous_5)
FN:33,(anonymous_6)
FN:34,(anonymous_7)
FN:35,(anonymous_8)
FN:40,(anonymous_9)
FN:43,(anonymous_10)
FN:44,(anonymous_11)
FNF:12
FNH:0
FNDA:0,memoryVectorStore
FNDA:0,(anonymous_1)
FNDA:0,(anonymous_2)
FNDA:0,(anonymous_3)
FNDA:0,(anonymous_4)
FNDA:0,(anonymous_5)
FNDA:0,(anonymous_6)
FNDA:0,(anonymous_7)
FNDA:0,(anonymous_8)
FNDA:0,(anonymous_9)
FNDA:0,(anonymous_10)
FNDA:0,(anonymous_11)
DA:9,0
DA:10,0
DA:12,0
DA:14,0
DA:17,0
DA:18,0
DA:22,0
DA:23,0
DA:24,0
DA:28,0
DA:32,0
DA:33,0
DA:34,0
DA:35,0
DA:36,0
DA:37,0
DA:40,0
DA:44,0
DA:45,0
LF:19
LH:0
BRDA:28,0,0,0
BRDA:28,0,1,0
BRDA:31,1,0,0
BRDA:33,2,0,0
BRDA:33,2,1,0
BRDA:36,3,0,0
BRDA:36,3,1,0
BRF:7
BRH:0
end_of_record
TN:
SF:apps/backend-ts/src/services/vector/qdrant.ts
FN:8,qdrantStore
FN:13,(anonymous_1)
FN:17,(anonymous_2)
FN:25,qdrantLegacyStore
FN:30,(anonymous_4)
FN:34,(anonymous_5)
FNF:6
FNH:0
FNDA:0,qdrantStore
FNDA:0,(anonymous_1)
FNDA:0,(anonymous_2)
FNDA:0,qdrantLegacyStore
FNDA:0,(anonymous_4)
FNDA:0,(anonymous_5)
DA:9,0
DA:11,0
DA:14,0
DA:15,0
DA:18,0
DA:19,0
DA:26,0
DA:28,0
DA:31,0
DA:32,0
DA:35,0
DA:36,0
LF:12
LH:0
BRF:0
BRH:0
end_of_record
TN:
SF:apps/backend-ts/src/services/zero-tools/bash.ts
FN:42,bashZero
FN:53,(anonymous_1)
FN:72,(anonymous_2)
FN:113,gitStatusZero
FN:120,gitDiffZero
FN:128,gitLogZero
FN:135,npmRunZero
FN:142,healthCheckZero
FN:148,(anonymous_8)
FN:150,(anonymous_9)
FN:153,(anonymous_10)
FN:156,(anonymous_11)
FNF:12
FNH:0
FNDA:0,bashZero
FNDA:0,(anonymous_1)
FNDA:0,(anonymous_2)
FNDA:0,gitStatusZero
FNDA:0,gitDiffZero
FNDA:0,gitLogZero
FNDA:0,npmRunZero
FNDA:0,healthCheckZero
FNDA:0,(anonymous_8)
FNDA:0,(anonymous_9)
FNDA:0,(anonymous_10)
FNDA:0,(anonymous_11)
DA:9,0
DA:11,0
DA:14,0
DA:49,0
DA:51,0
DA:52,0
DA:53,0
DA:56,0
DA:57,0
DA:64,0
DA:72,0
DA:73,0
DA:79,0
DA:81,0
DA:93,0
DA:100,0
DA:114,0
DA:121,0
DA:122,0
DA:129,0
DA:136,0
DA:143,0
DA:148,0
DA:150,0
DA:152,0
DA:153,0
DA:156,0
LF:27
LH:0
BRDA:11,0,0,0
BRDA:11,0,1,0
BRDA:44,1,0,0
BRDA:51,2,0,0
BRDA:51,2,1,0
BRDA:53,3,0,0
BRDA:53,3,1,0
BRDA:56,4,0,0
BRDA:72,5,0,0
BRDA:79,6,0,0
BRDA:79,6,1,0
BRDA:83,7,0,0
BRDA:83,7,1,0
BRDA:89,8,0,0
BRDA:89,8,1,0
BRDA:121,9,0,0
BRDA:121,9,1,0
BRDA:128,10,0,0
BRF:18
BRH:0
end_of_record
TN:
SF:apps/backend-ts/src/services/zero-tools/deployment.ts
FN:31,deployBackendZero
FN:47,(anonymous_1)
FN:79,deployRagZero
FN:94,(anonymous_3)
FN:126,checkWorkflowStatusZero
FN:157,listRecentDeploymentsZero
FN:182,(anonymous_6)
FNF:7
FNH:0
FNDA:0,deployBackendZero
FNDA:0,(anonymous_1)
FNDA:0,deployRagZero
FNDA:0,(anonymous_3)
FNDA:0,checkWorkflowStatusZero
FNDA:0,listRecentDeploymentsZero
FNDA:0,(anonymous_6)
DA:8,0
DA:9,0
DA:10,0
DA:32,0
DA:33,0
DA:34,0
DA:37,0
DA:39,0
DA:47,0
DA:49,0
DA:56,0
DA:58,0
DA:59,0
DA:60,0
DA:61,0
DA:63,0
DA:64,0
DA:67,0
DA:69,0
DA:80,0
DA:81,0
DA:82,0
DA:85,0
DA:87,0
DA:94,0
DA:96,0
DA:103,0
DA:105,0
DA:106,0
DA:107,0
DA:108,0
DA:110,0
DA:111,0
DA:114,0
DA:116,0
DA:127,0
DA:128,0
DA:129,0
DA:132,0
DA:134,0
DA:140,0
DA:147,0
DA:169,0
DA:170,0
DA:171,0
DA:174,0
DA:176,0
DA:182,0
DA:190,0
DA:198,0
DA:199,0
DA:202,0
DA:205,0
DA:210,0
LF:54
LH:0
BRDA:33,0,0,0
BRDA:59,1,0,0
BRDA:63,2,0,0
BRDA:81,3,0,0
BRDA:106,4,0,0
BRDA:110,5,0,0
BRDA:128,6,0,0
BRDA:157,7,0,0
BRDA:170,8,0,0
BRDA:192,9,0,0
BRDA:192,9,1,0
BRDA:193,10,0,0
BRDA:193,10,1,0
BRDA:198,11,0,0
BRF:14
BRH:0
end_of_record
TN:
SF:apps/backend-ts/src/services/zero-tools/filesystem.ts
FN:35,readFileZero
FN:65,editFileZero
FN:115,writeFileZero
FN:136,globZero
FN:163,listDirectoryZero
FN:181,escapeRegex
FNF:6
FNH:0
FNDA:0,readFileZero
FNDA:0,editFileZero
FNDA:0,writeFileZero
FNDA:0,globZero
FNDA:0,listDirectoryZero
FNDA:0,escapeRegex
DA:9,0
DA:36,0
DA:37,0
DA:40,0
DA:41,0
DA:44,0
DA:45,0
DA:46,0
DA:48,0
DA:55,0
DA:71,0
DA:72,0
DA:74,0
DA:75,0
DA:78,0
DA:81,0
DA:83,0
DA:84,0
DA:87,0
DA:88,0
DA:92,0
DA:93,0
DA:95,0
DA:98,0
DA:100,0
DA:105,0
DA:119,0
DA:120,0
DA:122,0
DA:123,0
DA:126,0
DA:127,0
DA:129,0
DA:137,0
DA:139,0
DA:141,0
DA:147,0
DA:153,0
DA:166,0
DA:167,0
DA:169,0
DA:170,0
DA:173,0
DA:174,0
DA:176,0
DA:182,0
LF:46
LH:0
BRDA:9,0,0,0
BRDA:9,0,1,0
BRDA:40,1,0,0
BRDA:57,2,0,0
BRDA:57,2,1,0
BRDA:69,3,0,0
BRDA:74,4,0,0
BRDA:81,5,0,0
BRDA:81,5,1,0
BRDA:83,6,0,0
BRDA:87,7,0,0
BRDA:87,8,0,0
BRDA:87,8,1,0
BRDA:92,9,0,0
BRDA:92,9,1,0
BRDA:102,10,0,0
BRDA:102,10,1,0
BRDA:122,11,0,0
BRDA:164,12,0,0
BRDA:169,13,0,0
BRF:20
BRH:0
end_of_record
TN:
SF:apps/backend-ts/src/services/zero-tools/index.ts
FN:257,executeZeroTool
FNF:1
FNH:0
FNDA:0,executeZeroTool
DA:37,0
DA:258,0
DA:261,0
DA:264,0
DA:272,0
DA:275,0
DA:278,0
DA:282,0
DA:288,0
DA:291,0
DA:294,0
DA:297,0
DA:300,0
DA:304,0
DA:307,0
DA:310,0
DA:313,0
DA:316,0
LF:18
LH:0
BRDA:258,0,0,0
BRDA:258,0,1,0
BRDA:258,0,2,0
BRDA:258,0,3,0
BRDA:258,0,4,0
BRDA:258,0,5,0
BRDA:258,0,6,0
BRDA:258,0,7,0
BRDA:258,0,8,0
BRDA:258,0,9,0
BRDA:258,0,10,0
BRDA:258,0,11,0
BRDA:258,0,12,0
BRDA:258,0,13,0
BRDA:258,0,14,0
BRDA:258,0,15,0
BRF:16
BRH:0
end_of_record
TN:
SF:apps/backend-ts/src/utils/errors.ts
FNF:0
FNH:0
DA:1,18
DA:2,18
DA:3,18
DA:4,18
DA:5,18
LF:5
LH:5
BRF:0
BRH:0
end_of_record
TN:
SF:apps/backend-ts/src/utils/handlers-list.ts
FN:16,(anonymous_0)
FN:21,(anonymous_1)
FN:42,extractHandlers
FN:75,(anonymous_3)
FN:81,(anonymous_4)
FN:87,getHandlersList
FN:111,(anonymous_6)
FN:131,getHandlerInfo
FN:134,(anonymous_8)
FN:153,handlerExists
FN:156,(anonymous_10)
FNF:11
FNH:0
FNDA:0,(anonymous_0)
FNDA:0,(anonymous_1)
FNDA:0,extractHandlers
FNDA:0,(anonymous_3)
FNDA:0,(anonymous_4)
FNDA:0,getHandlersList
FNDA:0,(anonymous_6)
FNDA:0,getHandlerInfo
FNDA:0,(anonymous_8)
FNDA:0,handlerExists
FNDA:0,(anonymous_10)
DA:16,0
DA:17,0
DA:18,0
DA:21,0
DA:22,0
DA:23,0
DA:27,0
DA:35,0
DA:36,0
DA:37,0
DA:44,0
DA:45,0
DA:47,0
DA:48,0
DA:49,0
DA:51,0
DA:54,0
DA:56,0
DA:60,0
DA:63,0
DA:64,0
DA:65,0
DA:66,0
DA:68,0
DA:72,0
DA:73,0
DA:74,0
DA:75,0
DA:76,0
DA:77,0
DA:81,0
DA:89,0
DA:90,0
DA:91,0
DA:94,0
DA:95,0
DA:98,0
DA:99,0
DA:100,0
DA:101,0
DA:103,0
DA:107,0
DA:109,0
DA:110,0
DA:111,0
DA:112,0
DA:115,0
DA:116,0
DA:118,0
DA:119,0
DA:121,0
DA:123,0
DA:124,0
DA:132,0
DA:133,0
DA:134,0
DA:136,0
DA:138,0
DA:139,0
DA:140,0
DA:142,0
DA:144,0
DA:146,0
DA:154,0
DA:155,0
DA:156,0
DA:158,0
LF:67
LH:0
BRDA:17,0,0,0
BRDA:22,1,0,0
BRDA:65,2,0,0
BRDA:65,2,1,0
BRDA:66,3,0,0
BRDA:66,3,1,0
BRDA:68,4,0,0
BRDA:68,4,1,0
BRDA:75,5,0,0
BRDA:75,6,0,0
BRDA:75,6,1,0
BRDA:76,7,0,0
BRDA:76,7,1,0
BRDA:90,8,0,0
BRDA:90,9,0,0
BRDA:90,9,1,0
BRDA:100,10,0,0
BRDA:136,11,0,0
BRDA:139,12,0,0
BRF:19
BRH:0
end_of_record
TN:
SF:apps/backend-ts/src/utils/hash.ts
FN:3,createHash
FN:7,stableHash
FNF:2
FNH:0
FNDA:0,createHash
FNDA:0,stableHash
DA:4,0
DA:8,0
DA:9,0
LF:3
LH:0
BRF:0
BRH:0
end_of_record
TN:
SF:apps/backend-ts/src/utils/logging.ts
FN:7,(anonymous_0)
FN:11,(anonymous_1)
FN:20,(anonymous_2)
FN:24,(anonymous_3)
FNF:4
FNH:0
FNDA:0,(anonymous_0)
FNDA:0,(anonymous_1)
FNDA:0,(anonymous_2)
FNDA:0,(anonymous_3)
DA:7,0
DA:8,0
DA:11,0
DA:12,0
DA:17,0
DA:20,0
DA:21,0
DA:24,0
DA:25,0
DA:29,0
LF:10
LH:0
BRF:0
BRH:0
end_of_record
TN:
SF:apps/backend-ts/src/utils/pubsub.ts
FN:18,getRedisConfig
FN:20,(anonymous_1)
FN:44,createRedisClient
FN:48,(anonymous_3)
FN:53,(anonymous_4)
FN:57,(anonymous_5)
FN:62,(anonymous_6)
FN:165,(anonymous_7)
FN:184,(anonymous_8)
FN:189,(anonymous_9)
FN:197,(anonymous_10)
FN:212,(anonymous_11)
FN:220,(anonymous_12)
FN:228,(anonymous_13)
FN:241,(anonymous_14)
FN:252,(anonymous_15)
FN:272,notifyUser
FN:282,queueAIJob
FN:289,publishAIResult
FN:296,invalidateCache
FN:307,sendChatMessage
FN:314,trackEvent
FN:322,(anonymous_22)
FN:327,(anonymous_23)
FNF:24
FNH:0
FNDA:0,getRedisConfig
FNDA:0,(anonymous_1)
FNDA:0,createRedisClient
FNDA:0,(anonymous_3)
FNDA:0,(anonymous_4)
FNDA:0,(anonymous_5)
FNDA:0,(anonymous_6)
FNDA:0,(anonymous_7)
FNDA:0,(anonymous_8)
FNDA:0,(anonymous_9)
FNDA:0,(anonymous_10)
FNDA:0,(anonymous_11)
FNDA:0,(anonymous_12)
FNDA:0,(anonymous_13)
FNDA:0,(anonymous_14)
FNDA:0,(anonymous_15)
FNDA:0,notifyUser
FNDA:0,queueAIJob
FNDA:0,publishAIResult
FNDA:0,invalidateCache
FNDA:0,sendChatMessage
FNDA:0,trackEvent
FNDA:0,(anonymous_22)
FNDA:0,(anonymous_23)
DA:15,0
DA:19,0
DA:21,0
DA:22,0
DA:23,0
DA:25,0
DA:34,0
DA:35,0
DA:40,0
DA:45,0
DA:46,0
DA:48,0
DA:49,0
DA:53,0
DA:54,0
DA:57,0
DA:58,0
DA:62,0
DA:63,0
DA:64,0
DA:67,0
DA:69,0
DA:70,0
DA:75,0
DA:78,0
DA:81,0
DA:82,0
DA:88,0
DA:166,0
DA:167,0
DA:168,0
DA:170,0
DA:171,0
DA:172,0
DA:173,0
DA:174,0
DA:176,0
DA:177,0
DA:185,0
DA:186,0
DA:187,0
DA:189,0
DA:190,0
DA:191,0
DA:192,0
DA:194,0
DA:197,0
DA:198,0
DA:199,0
DA:200,0
DA:201,0
DA:203,0
DA:216,0
DA:217,0
DA:218,0
DA:220,0
DA:221,0
DA:222,0
DA:223,0
DA:225,0
DA:228,0
DA:229,0
DA:230,0
DA:231,0
DA:233,0
DA:242,0
DA:243,0
DA:245,0
DA:246,0
DA:253,0
DA:254,0
DA:256,0
DA:257,0
DA:259,0
DA:260,0
DA:273,0
DA:283,0
DA:290,0
DA:297,0
DA:308,0
DA:315,0
DA:322,0
DA:323,0
DA:324,0
DA:327,0
DA:328,0
DA:329,0
LF:87
LH:0
BRDA:21,0,0,0
BRDA:34,1,0,0
BRDA:34,2,0,0
BRDA:34,2,1,0
BRDA:75,3,0,0
BRDA:75,3,1,0
BRDA:78,4,0,0
BRDA:78,4,1,0
BRDA:81,5,0,0
BRDA:166,6,0,0
BRDA:185,7,0,0
BRDA:190,8,0,0
BRDA:198,9,0,0
BRDA:216,10,0,0
BRDA:221,11,0,0
BRDA:242,12,0,0
BRDA:253,13,0,0
BRDA:256,14,0,0
BRDA:259,15,0,0
BRDA:259,16,0,0
BRDA:259,16,1,0
BRDA:317,17,0,0
BRDA:317,17,1,0
BRF:23
BRH:0
end_of_record
TN:
SF:apps/backend-ts/src/utils/response.ts
FN:4,ok
FN:8,err
FNF:2
FNH:2
FNDA:155,ok
FNDA:10,err
DA:4,20
DA:5,155
DA:8,20
DA:9,10
LF:4
LH:4
BRF:0
BRH:0
end_of_record
TN:
SF:apps/backend-ts/src/utils/retry.ts
FN:1,withRetry
FN:14,(anonymous_1)
FNF:2
FNH:0
FNDA:0,withRetry
FNDA:0,(anonymous_1)
DA:5,0
DA:7,0
DA:8,0
DA:9,0
DA:11,0
DA:12,0
DA:14,0
DA:18,0
LF:8
LH:0
BRDA:3,0,0,0
BRDA:5,1,0,0
BRDA:5,2,0,0
BRDA:11,3,0,0
BRF:4
BRH:0
end_of_record
TN:
SF:apps/backend-ts/src/utils/text.ts
FN:1,cleanMarkdown
FN:16,toPlainIfEnabled
FNF:2
FNH:0
FNDA:0,cleanMarkdown
FNDA:0,toPlainIfEnabled
DA:2,0
DA:3,0
DA:4,0
DA:12,0
DA:18,0
DA:21,0
LF:6
LH:0
BRDA:2,0,0,0
BRDA:18,1,0,0
BRDA:18,1,1,0
BRDA:18,1,2,0
BRDA:21,2,0,0
BRDA:21,2,1,0
BRF:6
BRH:0
end_of_record
