TN:
SF:apps/backend-ts/src/server-debug.ts
FN:10,(anonymous_0)
FN:75,(anonymous_1)
FN:90,(anonymous_2)
FN:91,(anonymous_3)
FN:115,(anonymous_4)
FN:116,(anonymous_5)
FN:130,(anonymous_6)
FN:131,(anonymous_7)
FN:142,(anonymous_8)
FN:142,(anonymous_9)
FN:148,startServer
FN:218,(anonymous_11)
FN:226,(anonymous_12)
FN:253,(anonymous_13)
FN:356,(anonymous_14)
FN:366,(anonymous_15)
FN:396,(anonymous_16)
FN:416,(anonymous_17)
FN:425,gracefulShutdown
FN:428,(anonymous_19)
FN:435,(anonymous_20)
FN:441,(anonymous_21)
FN:442,(anonymous_22)
FN:449,(anonymous_23)
FNF:24
FNH:0
FNDA:0,(anonymous_0)
FNDA:0,(anonymous_1)
FNDA:0,(anonymous_2)
FNDA:0,(anonymous_3)
FNDA:0,(anonymous_4)
FNDA:0,(anonymous_5)
FNDA:0,(anonymous_6)
FNDA:0,(anonymous_7)
FNDA:0,(anonymous_8)
FNDA:0,(anonymous_9)
FNDA:0,startServer
FNDA:0,(anonymous_11)
FNDA:0,(anonymous_12)
FNDA:0,(anonymous_13)
FNDA:0,(anonymous_14)
FNDA:0,(anonymous_15)
FNDA:0,(anonymous_16)
FNDA:0,(anonymous_17)
FNDA:0,gracefulShutdown
FNDA:0,(anonymous_19)
FNDA:0,(anonymous_20)
FNDA:0,(anonymous_21)
FNDA:0,(anonymous_22)
FNDA:0,(anonymous_23)
DA:10,0
DA:11,0
DA:12,0
DA:13,0
DA:15,0
DA:19,0
DA:20,0
DA:21,0
DA:22,0
DA:28,0
DA:29,0
DA:30,0
DA:35,0
DA:36,0
DA:37,0
DA:38,0
DA:40,0
DA:42,0
DA:47,0
DA:50,0
DA:54,0
DA:55,0
DA:56,0
DA:57,0
DA:59,0
DA:60,0
DA:61,0
DA:69,0
DA:70,0
DA:71,0
DA:72,0
DA:74,0
DA:75,0
DA:76,0
DA:77,0
DA:78,0
DA:79,0
DA:83,0
DA:84,0
DA:85,0
DA:86,0
DA:87,0
DA:89,0
DA:90,0
DA:91,0
DA:96,0
DA:97,0
DA:98,0
DA:99,0
DA:101,0
DA:102,0
DA:108,0
DA:109,0
DA:110,0
DA:111,0
DA:112,0
DA:114,0
DA:115,0
DA:116,0
DA:123,0
DA:124,0
DA:125,0
DA:126,0
DA:127,0
DA:129,0
DA:130,0
DA:131,0
DA:136,0
DA:137,0
DA:138,0
DA:139,0
DA:141,0
DA:142,0
DA:145,0
DA:149,0
DA:152,0
DA:153,0
DA:154,0
DA:155,0
DA:157,0
DA:164,0
DA:165,0
DA:168,0
DA:169,0
DA:172,0
DA:174,0
DA:175,0
DA:176,0
DA:178,0
DA:181,0
DA:182,0
DA:183,0
DA:185,0
DA:188,0
DA:189,0
DA:190,0
DA:191,0
DA:193,0
DA:196,0
DA:197,0
DA:198,0
DA:200,0
DA:203,0
DA:204,0
DA:205,0
DA:207,0
DA:210,0
DA:211,0
DA:212,0
DA:214,0
DA:218,0
DA:219,0
DA:220,0
DA:223,0
DA:226,0
DA:227,0
DA:246,0
DA:249,0
DA:250,0
DA:253,0
DA:254,0
DA:264,0
DA:267,0
DA:270,0
DA:271,0
DA:272,0
DA:273,0
DA:275,0
DA:279,0
DA:280,0
DA:281,0
DA:282,0
DA:284,0
DA:288,0
DA:289,0
DA:290,0
DA:291,0
DA:293,0
DA:297,0
DA:298,0
DA:299,0
DA:300,0
DA:302,0
DA:324,0
DA:325,0
DA:326,0
DA:327,0
DA:329,0
DA:333,0
DA:334,0
DA:335,0
DA:336,0
DA:338,0
DA:342,0
DA:343,0
DA:344,0
DA:345,0
DA:347,0
DA:350,0
DA:353,0
DA:356,0
DA:357,0
DA:358,0
DA:366,0
DA:367,0
DA:374,0
DA:377,0
DA:378,0
DA:381,0
DA:382,0
DA:383,0
DA:384,0
DA:386,0
DA:389,0
DA:393,0
DA:394,0
DA:396,0
DA:397,0
DA:398,0
DA:399,0
DA:400,0
DA:401,0
DA:402,0
DA:403,0
DA:404,0
DA:405,0
DA:406,0
DA:407,0
DA:409,0
DA:410,0
DA:412,0
DA:416,0
DA:417,0
DA:418,0
DA:419,0
DA:421,0
DA:426,0
DA:428,0
DA:429,0
DA:430,0
DA:431,0
DA:435,0
DA:436,0
DA:437,0
DA:441,0
DA:442,0
DA:444,0
DA:448,0
DA:449,0
DA:450,0
DA:451,0
DA:452,0
DA:453,0
DA:454,0
DA:455,0
DA:456,0
DA:459,0
LF:217
LH:0
BRDA:342,0,0,0
BRDA:342,0,1,0
BRDA:361,1,0,0
BRDA:361,1,1,0
BRDA:381,2,0,0
BRDA:381,2,1,0
BRDA:381,3,0,0
BRDA:381,3,1,0
BRDA:393,4,0,0
BRDA:393,4,1,0
BRDA:393,4,2,0
BRDA:406,5,0,0
BRDA:409,6,0,0
BRDA:418,7,0,0
BRF:14
BRH:0
end_of_record
TN:
SF:apps/backend-ts/src/server-incremental.ts
FN:13,startIncrementalServer
FN:45,(anonymous_1)
FN:66,(anonymous_2)
FN:93,(anonymous_3)
FN:94,(anonymous_4)
FN:153,(anonymous_5)
FN:199,(anonymous_6)
FN:199,(anonymous_7)
FN:421,(anonymous_8)
FN:435,(anonymous_9)
FN:474,(anonymous_10)
FN:510,(anonymous_11)
FN:524,(anonymous_12)
FN:529,(anonymous_13)
FN:531,(anonymous_14)
FN:537,(anonymous_15)
FN:539,(anonymous_16)
FN:549,(anonymous_17)
FNF:18
FNH:0
FNDA:0,startIncrementalServer
FNDA:0,(anonymous_1)
FNDA:0,(anonymous_2)
FNDA:0,(anonymous_3)
FNDA:0,(anonymous_4)
FNDA:0,(anonymous_5)
FNDA:0,(anonymous_6)
FNDA:0,(anonymous_7)
FNDA:0,(anonymous_8)
FNDA:0,(anonymous_9)
FNDA:0,(anonymous_10)
FNDA:0,(anonymous_11)
FNDA:0,(anonymous_12)
FNDA:0,(anonymous_13)
FNDA:0,(anonymous_14)
FNDA:0,(anonymous_15)
FNDA:0,(anonymous_16)
FNDA:0,(anonymous_17)
DA:9,0
DA:10,0
DA:14,0
DA:15,0
DA:17,0
DA:20,0
DA:21,0
DA:26,0
DA:27,0
DA:28,0
DA:33,0
DA:39,0
DA:40,0
DA:41,0
DA:42,0
DA:44,0
DA:45,0
DA:46,0
DA:47,0
DA:49,0
DA:50,0
DA:51,0
DA:52,0
DA:53,0
DA:55,0
DA:60,0
DA:61,0
DA:62,0
DA:63,0
DA:65,0
DA:66,0
DA:70,0
DA:71,0
DA:72,0
DA:73,0
DA:75,0
DA:81,0
DA:86,0
DA:87,0
DA:88,0
DA:89,0
DA:90,0
DA:92,0
DA:93,0
DA:94,0
DA:95,0
DA:103,0
DA:104,0
DA:105,0
DA:107,0
DA:113,0
DA:117,0
DA:118,0
DA:119,0
DA:120,0
DA:122,0
DA:123,0
DA:127,0
DA:128,0
DA:129,0
DA:130,0
DA:132,0
DA:135,0
DA:141,0
DA:147,0
DA:148,0
DA:149,0
DA:150,0
DA:152,0
DA:153,0
DA:157,0
DA:158,0
DA:159,0
DA:161,0
DA:165,0
DA:166,0
DA:167,0
DA:168,0
DA:170,0
DA:171,0
DA:175,0
DA:176,0
DA:177,0
DA:178,0
DA:180,0
DA:183,0
DA:189,0
DA:193,0
DA:194,0
DA:195,0
DA:196,0
DA:198,0
DA:199,0
DA:201,0
DA:205,0
DA:206,0
DA:211,0
DA:212,0
DA:213,0
DA:215,0
DA:221,0
DA:225,0
DA:226,0
DA:227,0
DA:228,0
DA:230,0
DA:231,0
DA:235,0
DA:236,0
DA:237,0
DA:238,0
DA:240,0
DA:243,0
DA:249,0
DA:253,0
DA:254,0
DA:255,0
DA:256,0
DA:258,0
DA:259,0
DA:263,0
DA:264,0
DA:265,0
DA:266,0
DA:268,0
DA:271,0
DA:277,0
DA:281,0
DA:282,0
DA:283,0
DA:284,0
DA:286,0
DA:287,0
DA:291,0
DA:292,0
DA:293,0
DA:294,0
DA:296,0
DA:299,0
DA:305,0
DA:309,0
DA:312,0
DA:314,0
DA:315,0
DA:319,0
DA:320,0
DA:321,0
DA:322,0
DA:324,0
DA:327,0
DA:333,0
DA:337,0
DA:340,0
DA:342,0
DA:343,0
DA:347,0
DA:348,0
DA:349,0
DA:350,0
DA:352,0
DA:355,0
DA:361,0
DA:365,0
DA:366,0
DA:367,0
DA:368,0
DA:370,0
DA:371,0
DA:375,0
DA:376,0
DA:377,0
DA:378,0
DA:380,0
DA:383,0
DA:389,0
DA:393,0
DA:394,0
DA:395,0
DA:396,0
DA:398,0
DA:399,0
DA:403,0
DA:404,0
DA:405,0
DA:406,0
DA:410,0
DA:413,0
DA:421,0
DA:422,0
DA:423,0
DA:424,0
DA:432,0
DA:433,0
DA:435,0
DA:436,0
DA:474,0
DA:475,0
DA:508,0
DA:510,0
DA:511,0
DA:512,0
DA:513,0
DA:514,0
DA:515,0
DA:516,0
DA:517,0
DA:518,0
DA:519,0
DA:520,0
DA:521,0
DA:524,0
DA:525,0
DA:526,0
DA:529,0
DA:530,0
DA:531,0
DA:532,0
DA:533,0
DA:537,0
DA:538,0
DA:539,0
DA:540,0
DA:541,0
DA:545,0
DA:549,0
DA:550,0
DA:551,0
LF:227
LH:0
BRDA:15,0,0,0
BRDA:15,0,1,0
BRDA:46,1,0,0
BRDA:52,2,0,0
BRDA:127,3,0,0
BRDA:127,3,1,0
BRDA:175,4,0,0
BRDA:175,4,1,0
BRDA:202,5,0,0
BRDA:202,5,1,0
BRDA:202,5,2,0
BRDA:235,6,0,0
BRDA:235,6,1,0
BRDA:263,7,0,0
BRDA:263,7,1,0
BRDA:291,8,0,0
BRDA:291,8,1,0
BRDA:319,9,0,0
BRDA:319,9,1,0
BRDA:347,10,0,0
BRDA:347,10,1,0
BRDA:375,11,0,0
BRDA:375,11,1,0
BRDA:403,12,0,0
BRDA:403,12,1,0
BRDA:422,13,0,0
BRDA:422,13,1,0
BRDA:468,14,0,0
BRDA:468,14,1,0
BRDA:469,15,0,0
BRDA:469,15,1,0
BRF:31
BRH:0
end_of_record
TN:
SF:apps/backend-ts/src/server-minimal.ts
FN:37,(anonymous_0)
FN:55,(anonymous_1)
FN:75,(anonymous_2)
FN:84,(anonymous_3)
FN:103,(anonymous_4)
FN:117,(anonymous_5)
FN:127,(anonymous_6)
FN:132,(anonymous_7)
FN:134,(anonymous_8)
FN:140,(anonymous_9)
FN:142,(anonymous_10)
FNF:11
FNH:0
FNDA:0,(anonymous_0)
FNDA:0,(anonymous_1)
FNDA:0,(anonymous_2)
FNDA:0,(anonymous_3)
FNDA:0,(anonymous_4)
FNDA:0,(anonymous_5)
FNDA:0,(anonymous_6)
FNDA:0,(anonymous_7)
FNDA:0,(anonymous_8)
FNDA:0,(anonymous_9)
FNDA:0,(anonymous_10)
DA:6,0
DA:7,0
DA:11,0
DA:13,0
DA:14,0
DA:16,0
DA:19,0
DA:20,0
DA:25,0
DA:31,0
DA:32,0
DA:33,0
DA:34,0
DA:36,0
DA:37,0
DA:38,0
DA:39,0
DA:40,0
DA:41,0
DA:42,0
DA:44,0
DA:49,0
DA:50,0
DA:51,0
DA:52,0
DA:54,0
DA:55,0
DA:59,0
DA:60,0
DA:61,0
DA:62,0
DA:64,0
DA:70,0
DA:71,0
DA:72,0
DA:75,0
DA:76,0
DA:77,0
DA:84,0
DA:85,0
DA:103,0
DA:104,0
DA:115,0
DA:117,0
DA:118,0
DA:119,0
DA:120,0
DA:121,0
DA:122,0
DA:123,0
DA:124,0
DA:127,0
DA:128,0
DA:129,0
DA:132,0
DA:133,0
DA:134,0
DA:135,0
DA:136,0
DA:140,0
DA:141,0
DA:142,0
DA:143,0
DA:144,0
DA:148,0
LF:65
LH:0
BRDA:14,0,0,0
BRDA:14,0,1,0
BRDA:41,1,0,0
BRDA:97,2,0,0
BRDA:97,2,1,0
BRDA:98,3,0,0
BRDA:98,3,1,0
BRF:7
BRH:0
end_of_record
TN:
SF:apps/backend-ts/src/server.ts
FN:46,registerV3OmegaServices
FN:142,startServer
FN:241,(anonymous_2)
FN:254,(anonymous_3)
FN:271,(anonymous_4)
FN:293,(anonymous_5)
FN:298,(anonymous_6)
FN:311,(anonymous_7)
FN:361,(anonymous_8)
FN:399,(anonymous_9)
FN:429,(anonymous_10)
FN:475,(anonymous_11)
FN:511,(anonymous_12)
FN:521,(anonymous_13)
FN:544,(anonymous_14)
FN:554,gracefulShutdown
FN:558,(anonymous_16)
FN:594,(anonymous_17)
FN:600,(anonymous_18)
FN:601,(anonymous_19)
FN:605,(anonymous_20)
FNF:21
FNH:0
FNDA:0,registerV3OmegaServices
FNDA:0,startServer
FNDA:0,(anonymous_2)
FNDA:0,(anonymous_3)
FNDA:0,(anonymous_4)
FNDA:0,(anonymous_5)
FNDA:0,(anonymous_6)
FNDA:0,(anonymous_7)
FNDA:0,(anonymous_8)
FNDA:0,(anonymous_9)
FNDA:0,(anonymous_10)
FNDA:0,(anonymous_11)
FNDA:0,(anonymous_12)
FNDA:0,(anonymous_13)
FNDA:0,(anonymous_14)
FNDA:0,gracefulShutdown
FNDA:0,(anonymous_16)
FNDA:0,(anonymous_17)
FNDA:0,(anonymous_18)
FNDA:0,(anonymous_19)
FNDA:0,(anonymous_20)
DA:48,0
DA:96,0
DA:97,0
DA:102,0
DA:114,0
DA:126,0
DA:138,0
DA:144,0
DA:147,0
DA:148,0
DA:149,0
DA:150,0
DA:152,0
DA:153,0
DA:157,0
DA:159,0
DA:162,0
DA:165,0
DA:167,0
DA:169,0
DA:170,0
DA:174,0
DA:175,0
DA:176,0
DA:177,0
DA:178,0
DA:181,0
DA:182,0
DA:183,0
DA:186,0
DA:187,0
DA:192,0
DA:193,0
DA:194,0
DA:202,0
DA:203,0
DA:206,0
DA:209,0
DA:212,0
DA:215,0
DA:218,0
DA:219,0
DA:222,0
DA:225,0
DA:228,0
DA:229,0
DA:230,0
DA:234,0
DA:235,0
DA:238,0
DA:241,0
DA:242,0
DA:243,0
DA:247,0
DA:250,0
DA:251,0
DA:254,0
DA:255,0
DA:265,0
DA:268,0
DA:271,0
DA:272,0
DA:288,0
DA:289,0
DA:290,0
DA:293,0
DA:294,0
DA:298,0
DA:311,0
DA:312,0
DA:313,0
DA:315,0
DA:316,0
DA:322,0
DA:324,0
DA:325,0
DA:345,0
DA:352,0
DA:353,0
DA:361,0
DA:362,0
DA:363,0
DA:365,0
DA:366,0
DA:372,0
DA:374,0
DA:375,0
DA:383,0
DA:390,0
DA:391,0
DA:399,0
DA:400,0
DA:401,0
DA:403,0
DA:404,0
DA:410,0
DA:412,0
DA:420,0
DA:421,0
DA:429,0
DA:430,0
DA:431,0
DA:433,0
DA:434,0
DA:440,0
DA:453,0
DA:455,0
DA:465,0
DA:466,0
DA:475,0
DA:476,0
DA:488,0
DA:489,0
DA:492,0
DA:493,0
DA:494,0
DA:498,0
DA:499,0
DA:500,0
DA:503,0
DA:504,0
DA:505,0
DA:508,0
DA:511,0
DA:512,0
DA:513,0
DA:521,0
DA:522,0
DA:530,0
DA:533,0
DA:536,0
DA:538,0
DA:539,0
DA:541,0
DA:544,0
DA:545,0
DA:546,0
DA:547,0
DA:548,0
DA:549,0
DA:555,0
DA:558,0
DA:559,0
DA:562,0
DA:563,0
DA:564,0
DA:565,0
DA:566,0
DA:567,0
DA:570,0
DA:571,0
DA:572,0
DA:573,0
DA:576,0
DA:581,0
DA:582,0
DA:589,0
DA:590,0
DA:594,0
DA:595,0
DA:596,0
DA:600,0
DA:601,0
DA:605,0
DA:606,0
DA:607,0
LF:166
LH:0
BRDA:174,0,0,0
BRDA:176,1,0,0
BRDA:181,2,0,0
BRDA:192,3,0,0
BRDA:228,4,0,0
BRDA:315,5,0,0
BRDA:324,6,0,0
BRDA:324,6,1,0
BRDA:365,7,0,0
BRDA:374,8,0,0
BRDA:374,8,1,0
BRDA:403,9,0,0
BRDA:431,10,0,0
BRDA:433,11,0,0
BRDA:433,12,0,0
BRDA:433,12,1,0
BRDA:433,12,2,0
BRDA:444,13,0,0
BRDA:444,13,1,0
BRDA:445,14,0,0
BRDA:445,14,1,0
BRDA:446,15,0,0
BRDA:446,15,1,0
BRDA:447,16,0,0
BRDA:447,16,1,0
BRDA:516,17,0,0
BRDA:516,17,1,0
BRDA:530,18,0,0
BRDA:530,18,1,0
BRDA:530,18,2,0
BRDA:536,19,0,0
BRDA:536,19,1,0
BRDA:548,20,0,0
BRDA:562,21,0,0
BRDA:564,22,0,0
BRDA:570,23,0,0
BRDA:581,24,0,0
BRF:37
BRH:0
end_of_record
TN:
SF:apps/backend-ts/src/websocket.ts
FN:13,setupWebSocket
FN:26,(anonymous_1)
FN:36,(anonymous_2)
FN:51,(anonymous_3)
FN:56,(anonymous_4)
FN:61,(anonymous_5)
FN:68,(anonymous_6)
FN:85,setupRedisBridge
FN:89,(anonymous_8)
FN:97,(anonymous_9)
FN:104,(anonymous_10)
FN:111,(anonymous_11)
FN:122,closeWebSocket
FN:123,(anonymous_13)
FN:124,(anonymous_14)
FNF:15
FNH:0
FNDA:0,setupWebSocket
FNDA:0,(anonymous_1)
FNDA:0,(anonymous_2)
FNDA:0,(anonymous_3)
FNDA:0,(anonymous_4)
FNDA:0,(anonymous_5)
FNDA:0,(anonymous_6)
FNDA:0,setupRedisBridge
FNDA:0,(anonymous_8)
FNDA:0,(anonymous_9)
FNDA:0,(anonymous_10)
FNDA:0,(anonymous_11)
FNDA:0,closeWebSocket
FNDA:0,(anonymous_13)
FNDA:0,(anonymous_14)
DA:14,0
DA:23,0
DA:26,0
DA:27,0
DA:28,0
DA:29,0
DA:31,0
DA:32,0
DA:36,0
DA:37,0
DA:38,0
DA:41,0
DA:44,0
DA:51,0
DA:52,0
DA:56,0
DA:57,0
DA:61,0
DA:62,0
DA:63,0
DA:64,0
DA:68,0
DA:69,0
DA:70,0
DA:75,0
DA:77,0
DA:79,0
DA:87,0
DA:90,0
DA:91,0
DA:92,0
DA:97,0
DA:98,0
DA:99,0
DA:100,0
DA:104,0
DA:105,0
DA:106,0
DA:107,0
DA:111,0
DA:112,0
DA:113,0
DA:116,0
DA:123,0
DA:124,0
DA:125,0
DA:126,0
LF:47
LH:0
BRDA:16,0,0,0
BRDA:16,0,1,0
BRDA:28,1,0,0
BRF:3
BRH:0
end_of_record
TN:
SF:apps/backend-ts/src/agents/bali-zero-services.ts
FN:326,(anonymous_0)
FN:341,(anonymous_1)
FN:368,(anonymous_2)
FN:416,(anonymous_3)
FN:454,(anonymous_4)
FN:466,(anonymous_5)
FN:480,(anonymous_6)
FN:493,(anonymous_7)
FNF:8
FNH:0
FNDA:0,(anonymous_0)
FNDA:0,(anonymous_1)
FNDA:0,(anonymous_2)
FNDA:0,(anonymous_3)
FNDA:0,(anonymous_4)
FNDA:0,(anonymous_5)
FNDA:0,(anonymous_6)
FNDA:0,(anonymous_7)
DA:9,0
DA:327,0
DA:328,0
DA:330,0
DA:342,0
DA:344,0
DA:350,0
DA:352,0
DA:353,0
DA:355,0
DA:356,0
DA:358,0
DA:359,0
DA:361,0
DA:362,0
DA:365,0
DA:369,0
DA:413,0
DA:417,0
DA:451,0
DA:455,0
DA:463,0
DA:467,0
DA:481,0
DA:494,0
LF:25
LH:0
BRDA:342,0,0,0
BRDA:342,0,1,0
BRDA:344,1,0,0
BRDA:345,2,0,0
BRDA:345,2,1,0
BRDA:345,2,2,0
BRDA:345,2,3,0
BRDA:352,3,0,0
BRDA:352,4,0,0
BRDA:352,4,1,0
BRDA:352,4,2,0
BRDA:355,5,0,0
BRDA:355,6,0,0
BRDA:355,6,1,0
BRDA:355,6,2,0
BRDA:358,7,0,0
BRDA:358,8,0,0
BRDA:358,8,1,0
BRDA:358,8,2,0
BRDA:361,9,0,0
BRDA:361,10,0,0
BRDA:361,10,1,0
BRDA:361,10,2,0
BRDA:413,11,0,0
BRDA:413,11,1,0
BRDA:451,12,0,0
BRDA:451,12,1,0
BRDA:463,13,0,0
BRDA:463,13,1,0
BRF:29
BRH:0
end_of_record
TN:
SF:apps/backend-ts/src/agents/eye-kbli.ts
FN:389,(anonymous_1)
FN:410,(anonymous_2)
FN:414,(anonymous_3)
FN:417,(anonymous_4)
FN:420,(anonymous_5)
FN:427,(anonymous_6)
FN:458,(anonymous_7)
FN:474,(anonymous_8)
FN:485,(anonymous_9)
FN:496,(anonymous_10)
FN:522,(anonymous_11)
FN:531,(anonymous_12)
FNF:12
FNH:0
FNDA:0,(anonymous_1)
FNDA:0,(anonymous_2)
FNDA:0,(anonymous_3)
FNDA:0,(anonymous_4)
FNDA:0,(anonymous_5)
FNDA:0,(anonymous_6)
FNDA:0,(anonymous_7)
FNDA:0,(anonymous_8)
FNDA:0,(anonymous_9)
FNDA:0,(anonymous_10)
FNDA:0,(anonymous_11)
FNDA:0,(anonymous_12)
DA:11,2
DA:16,2
DA:80,2
DA:158,2
DA:220,2
DA:255,2
DA:288,2
DA:332,2
DA:390,0
DA:391,0
DA:395,0
DA:412,0
DA:414,0
DA:415,0
DA:417,0
DA:418,0
DA:420,0
DA:421,0
DA:424,0
DA:428,0
DA:430,0
DA:436,0
DA:445,0
DA:451,0
DA:459,0
DA:475,0
DA:486,0
DA:493,0
DA:497,0
DA:516,0
DA:525,0
DA:533,0
LF:32
LH:8
BRDA:412,0,0,0
BRDA:412,0,1,0
BRDA:414,1,0,0
BRDA:417,2,0,0
BRDA:420,3,0,0
BRDA:428,4,0,0
BRDA:428,4,1,0
BRDA:428,4,2,0
BRDA:428,4,3,0
BRDA:493,5,0,0
BRDA:493,5,1,0
BRDA:516,6,0,0
BRDA:516,6,1,0
BRF:13
BRH:0
end_of_record
TN:
SF:apps/backend-ts/src/agents/legal-architect.ts
FN:324,(anonymous_1)
FN:344,(anonymous_2)
FN:358,(anonymous_3)
FN:393,(anonymous_4)
FN:397,(anonymous_5)
FN:409,(anonymous_6)
FN:424,(anonymous_7)
FN:431,(anonymous_8)
FN:438,(anonymous_9)
FNF:9
FNH:0
FNDA:0,(anonymous_1)
FNDA:0,(anonymous_2)
FNDA:0,(anonymous_3)
FNDA:0,(anonymous_4)
FNDA:0,(anonymous_5)
FNDA:0,(anonymous_6)
FNDA:0,(anonymous_7)
FNDA:0,(anonymous_8)
FNDA:0,(anonymous_9)
DA:15,2
DA:16,2
DA:325,0
DA:326,0
DA:327,0
DA:329,0
DA:345,0
DA:347,0
DA:348,0
DA:349,0
DA:350,0
DA:351,0
DA:352,0
DA:353,0
DA:355,0
DA:359,0
DA:390,0
DA:394,0
DA:398,0
DA:399,0
DA:406,0
DA:410,0
DA:411,0
DA:414,0
DA:415,0
DA:418,0
DA:425,0
DA:432,0
DA:439,0
LF:29
LH:2
BRDA:345,0,0,0
BRDA:345,0,1,0
BRDA:347,1,0,0
BRDA:348,2,0,0
BRDA:349,3,0,0
BRDA:350,4,0,0
BRDA:351,5,0,0
BRDA:352,6,0,0
BRDA:352,7,0,0
BRDA:352,7,1,0
BRDA:353,8,0,0
BRDA:353,9,0,0
BRDA:353,9,1,0
BRDA:390,10,0,0
BRDA:390,10,1,0
BRDA:394,11,0,0
BRDA:394,11,1,0
BRDA:398,12,0,0
BRDA:410,13,0,0
BRDA:410,14,0,0
BRDA:410,14,1,0
BRDA:414,15,0,0
BRF:22
BRH:0
end_of_record
TN:
SF:apps/backend-ts/src/agents/property-sage.ts
FN:313,(anonymous_1)
FN:330,(anonymous_2)
FN:333,(anonymous_3)
FN:336,(anonymous_4)
FN:339,(anonymous_5)
FN:342,(anonymous_6)
FN:349,(anonymous_7)
FN:365,(anonymous_8)
FN:383,(anonymous_9)
FN:394,(anonymous_10)
FN:402,(anonymous_11)
FN:422,(anonymous_12)
FN:435,(anonymous_13)
FN:446,(anonymous_14)
FN:475,(anonymous_15)
FNF:15
FNH:0
FNDA:0,(anonymous_1)
FNDA:0,(anonymous_2)
FNDA:0,(anonymous_3)
FNDA:0,(anonymous_4)
FNDA:0,(anonymous_5)
FNDA:0,(anonymous_6)
FNDA:0,(anonymous_7)
FNDA:0,(anonymous_8)
FNDA:0,(anonymous_9)
FNDA:0,(anonymous_10)
FNDA:0,(anonymous_11)
FNDA:0,(anonymous_12)
FNDA:0,(anonymous_13)
FNDA:0,(anonymous_14)
FNDA:0,(anonymous_15)
DA:11,2
DA:16,2
DA:84,2
DA:193,2
DA:232,2
DA:275,2
DA:314,0
DA:315,0
DA:317,0
DA:331,0
DA:333,0
DA:334,0
DA:336,0
DA:337,0
DA:339,0
DA:340,0
DA:342,0
DA:343,0
DA:346,0
DA:351,0
DA:352,0
DA:353,0
DA:355,0
DA:356,0
DA:358,0
DA:359,0
DA:362,0
DA:366,0
DA:368,0
DA:369,0
DA:376,0
DA:384,0
DA:386,0
DA:388,0
DA:390,0
DA:395,0
DA:403,0
DA:406,0
DA:413,0
DA:418,0
DA:423,0
DA:424,0
DA:425,0
DA:427,0
DA:429,0
DA:430,0
DA:432,0
DA:436,0
DA:438,0
DA:440,0
DA:442,0
DA:447,0
DA:449,0
DA:457,0
DA:465,0
DA:476,0
DA:483,0
DA:484,0
DA:489,0
LF:59
LH:6
BRDA:331,0,0,0
BRDA:331,0,1,0
BRDA:333,1,0,0
BRDA:336,2,0,0
BRDA:339,3,0,0
BRDA:342,4,0,0
BRDA:351,5,0,0
BRDA:351,5,1,0
BRDA:352,6,0,0
BRDA:352,6,1,0
BRDA:353,7,0,0
BRDA:353,7,1,0
BRDA:355,8,0,0
BRDA:355,9,0,0
BRDA:355,9,1,0
BRDA:355,9,2,0
BRDA:358,10,0,0
BRDA:358,11,0,0
BRDA:358,11,1,0
BRDA:358,11,2,0
BRDA:368,12,0,0
BRDA:384,13,0,0
BRDA:384,13,1,0
BRDA:384,13,2,0
BRDA:403,14,0,0
BRDA:403,14,1,0
BRDA:403,14,2,0
BRDA:403,14,3,0
BRDA:403,14,4,0
BRDA:423,15,0,0
BRDA:424,16,0,0
BRDA:429,17,0,0
BRDA:436,18,0,0
BRDA:436,18,1,0
BRDA:436,18,2,0
BRDA:447,19,0,0
BRDA:447,19,1,0
BRDA:447,19,2,0
BRDA:483,20,0,0
BRF:39
BRH:0
end_of_record
TN:
SF:apps/backend-ts/src/agents/tax-genius.ts
FN:357,(anonymous_1)
FN:400,(anonymous_2)
FN:413,(anonymous_3)
FN:435,(anonymous_4)
FN:440,(anonymous_5)
FN:444,(anonymous_6)
FN:452,(anonymous_7)
FN:475,(anonymous_8)
FN:489,(anonymous_9)
FN:505,(anonymous_10)
FNF:10
FNH:0
FNDA:0,(anonymous_1)
FNDA:0,(anonymous_2)
FNDA:0,(anonymous_3)
FNDA:0,(anonymous_4)
FNDA:0,(anonymous_5)
FNDA:0,(anonymous_6)
FNDA:0,(anonymous_7)
FNDA:0,(anonymous_8)
FNDA:0,(anonymous_9)
FNDA:0,(anonymous_10)
DA:11,2
DA:12,2
DA:40,2
DA:93,2
DA:144,2
DA:196,2
DA:264,2
DA:298,2
DA:360,0
DA:402,0
DA:414,0
DA:437,0
DA:441,0
DA:445,0
DA:453,0
DA:476,0
DA:490,0
DA:506,0
LF:18
LH:8
BRF:0
BRH:0
end_of_record
TN:
SF:apps/backend-ts/src/agents/visa-oracle.ts
FN:2135,(anonymous_1)
FN:2153,(anonymous_2)
FN:2190,(anonymous_3)
FN:2235,(anonymous_4)
FN:2254,(anonymous_5)
FN:2266,(anonymous_6)
FNF:6
FNH:0
FNDA:0,(anonymous_1)
FNDA:0,(anonymous_2)
FNDA:0,(anonymous_3)
FNDA:0,(anonymous_4)
FNDA:0,(anonymous_5)
FNDA:0,(anonymous_6)
DA:8,2
DA:9,2
DA:2136,0
DA:2137,0
DA:2139,0
DA:2154,0
DA:2155,0
DA:2158,0
DA:2159,0
DA:2161,0
DA:2162,0
DA:2164,0
DA:2165,0
DA:2167,0
DA:2168,0
DA:2170,0
DA:2171,0
DA:2175,0
DA:2176,0
DA:2180,0
DA:2181,0
DA:2183,0
DA:2184,0
DA:2187,0
DA:2191,0
DA:2232,0
DA:2236,0
DA:2238,0
DA:2239,0
DA:2241,0
DA:2242,0
DA:2244,0
DA:2245,0
DA:2248,0
DA:2255,0
DA:2268,0
DA:2275,0
DA:2276,0
DA:2277,0
DA:2278,0
DA:2283,0
LF:41
LH:2
BRDA:2154,0,0,0
BRDA:2154,0,1,0
BRDA:2155,1,0,0
BRDA:2155,1,1,0
BRDA:2158,2,0,0
BRDA:2158,3,0,0
BRDA:2158,3,1,0
BRDA:2158,3,2,0
BRDA:2161,4,0,0
BRDA:2161,5,0,0
BRDA:2161,5,1,0
BRDA:2164,6,0,0
BRDA:2164,7,0,0
BRDA:2164,7,1,0
BRDA:2167,8,0,0
BRDA:2167,9,0,0
BRDA:2167,9,1,0
BRDA:2167,9,2,0
BRDA:2170,10,0,0
BRDA:2170,11,0,0
BRDA:2170,11,1,0
BRDA:2175,12,0,0
BRDA:2175,13,0,0
BRDA:2175,13,1,0
BRDA:2176,14,0,0
BRDA:2176,14,1,0
BRDA:2180,15,0,0
BRDA:2180,16,0,0
BRDA:2180,16,1,0
BRDA:2183,17,0,0
BRDA:2183,18,0,0
BRDA:2183,18,1,0
BRDA:2232,19,0,0
BRDA:2232,19,1,0
BRDA:2238,20,0,0
BRDA:2241,21,0,0
BRDA:2244,22,0,0
BRDA:2277,23,0,0
BRF:38
BRH:0
end_of_record
TN:
SF:apps/backend-ts/src/app-gateway/app-bootstrap.ts
FN:6,genSessionId
FN:10,buildBootstrapResponse
FNF:2
FNH:0
FNDA:0,genSessionId
FNDA:0,buildBootstrapResponse
DA:7,0
DA:11,0
DA:12,0
DA:13,0
DA:28,0
DA:29,0
DA:35,0
DA:46,0
LF:8
LH:0
BRF:0
BRH:0
end_of_record
TN:
SF:apps/backend-ts/src/app-gateway/app-events.ts
FN:13,remember
FN:15,(anonymous_1)
FN:18,checkIdem
FN:25,originAllowed
FN:31,(anonymous_4)
FN:36,handleAppEvent
FNF:6
FNH:0
FNDA:0,remember
FNDA:0,(anonymous_1)
FNDA:0,checkIdem
FNDA:0,originAllowed
FNDA:0,(anonymous_4)
FNDA:0,handleAppEvent
DA:10,0
DA:11,0
DA:14,0
DA:15,0
DA:19,0
DA:20,0
DA:21,0
DA:22,0
DA:26,0
DA:31,0
DA:33,0
DA:39,0
DA:40,0
DA:41,0
DA:42,0
DA:43,0
DA:45,0
DA:48,0
DA:49,0
DA:50,0
DA:54,0
DA:55,0
DA:56,0
DA:57,0
DA:61,0
DA:62,0
DA:65,0
DA:67,0
DA:69,0
DA:70,0
DA:71,0
DA:76,0
DA:81,0
DA:84,0
DA:87,0
DA:88,0
DA:89,0
DA:90,0
DA:94,0
DA:101,0
DA:102,0
DA:103,0
DA:111,0
DA:115,0
DA:127,0
DA:131,0
DA:138,0
DA:143,0
DA:151,0
DA:152,0
DA:158,0
DA:160,0
DA:161,0
DA:162,0
DA:165,0
DA:166,0
DA:170,0
DA:172,0
DA:178,0
DA:185,0
DA:187,0
DA:189,0
DA:190,0
DA:191,0
DA:197,0
DA:198,0
DA:201,0
DA:202,0
DA:208,0
DA:209,0
DA:212,0
DA:219,0
DA:222,0
DA:229,0
DA:230,0
DA:240,0
DA:248,0
DA:249,0
DA:250,0
LF:79
LH:0
BRDA:19,0,0,0
BRDA:21,1,0,0
BRDA:21,2,0,0
BRDA:21,2,1,0
BRDA:27,3,0,0
BRDA:27,3,1,0
BRDA:33,4,0,0
BRDA:33,4,1,0
BRDA:40,5,0,0
BRDA:42,6,0,0
BRDA:42,6,1,0
BRDA:42,6,2,0
BRDA:48,7,0,0
BRDA:48,7,1,0
BRDA:49,8,0,0
BRDA:55,9,0,0
BRDA:55,9,1,0
BRDA:56,10,0,0
BRDA:56,11,0,0
BRDA:56,11,1,0
BRDA:56,11,2,0
BRDA:62,12,0,0
BRDA:70,13,0,0
BRDA:78,14,0,0
BRDA:78,14,1,0
BRDA:87,15,0,0
BRDA:87,15,1,0
BRDA:88,16,0,0
BRDA:88,16,1,0
BRDA:88,16,2,0
BRDA:89,17,0,0
BRDA:102,18,0,0
BRDA:120,19,0,0
BRDA:120,19,1,0
BRDA:127,20,0,0
BRDA:127,20,1,0
BRDA:127,20,2,0
BRDA:138,21,0,0
BRDA:139,22,0,0
BRDA:139,22,1,0
BRDA:139,22,2,0
BRDA:151,23,0,0
BRDA:158,24,0,0
BRDA:158,24,1,0
BRDA:160,25,0,0
BRDA:160,25,1,0
BRDA:161,26,0,0
BRDA:165,27,0,0
BRDA:187,28,0,0
BRDA:187,28,1,0
BRDA:189,29,0,0
BRDA:189,29,1,0
BRDA:190,30,0,0
BRDA:201,31,0,0
BRDA:225,32,0,0
BRDA:225,32,1,0
BRDA:229,33,0,0
BRDA:235,34,0,0
BRDA:235,34,1,0
BRDA:243,35,0,0
BRDA:243,35,1,0
BRDA:249,36,0,0
BRF:62
BRH:0
end_of_record
TN:
SF:apps/backend-ts/src/app-gateway/capability-map.ts
FNF:0
FNH:0
DA:9,0
LF:1
LH:0
BRF:0
BRH:0
end_of_record
TN:
SF:apps/backend-ts/src/app-gateway/param-normalizer.ts
FN:3,normalizeParams
FNF:1
FNH:0
FNDA:0,normalizeParams
DA:4,0
DA:5,0
DA:7,0
DA:8,0
DA:9,0
DA:12,0
DA:16,0
DA:20,0
DA:23,0
DA:26,0
LF:10
LH:0
BRDA:5,0,0,0
BRDA:5,0,1,0
BRDA:5,0,2,0
BRDA:5,0,3,0
BRDA:5,0,4,0
BRDA:7,1,0,0
BRDA:7,1,1,0
BRDA:7,1,2,0
BRDA:9,2,0,0
BRDA:9,2,1,0
BRDA:20,3,0,0
BRDA:20,3,1,0
BRDA:23,4,0,0
BRDA:23,4,1,0
BRDA:26,5,0,0
BRDA:26,5,1,0
BRF:16
BRH:0
end_of_record
TN:
SF:apps/backend-ts/src/app-gateway/session-store.ts
FN:18,cleanup
FN:26,createSession
FN:47,getSession
FN:51,persistSessionFirestore
FNF:4
FNH:0
FNDA:0,cleanup
FNDA:0,createSession
FNDA:0,getSession
FNDA:0,persistSessionFirestore
DA:15,0
DA:16,0
DA:19,0
DA:20,0
DA:21,0
DA:24,0
DA:27,0
DA:33,0
DA:34,0
DA:43,0
DA:44,0
DA:48,0
DA:52,0
DA:53,0
DA:54,0
DA:57,0
LF:16
LH:0
BRDA:21,0,0,0
BRDA:33,1,0,0
BRDA:33,1,1,0
BRDA:33,2,0,0
BRDA:33,2,1,0
BRDA:41,3,0,0
BRDA:41,3,1,0
BRDA:48,4,0,0
BRDA:48,4,1,0
BRDA:57,5,0,0
BRDA:57,5,1,0
BRF:11
BRH:0
end_of_record
TN:
SF:apps/backend-ts/src/app-gateway/types.ts
FNF:0
FNH:0
DA:3,0
DA:23,0
DA:32,0
LF:3
LH:0
BRF:0
BRH:0
end_of_record
TN:
SF:apps/backend-ts/src/app-gateway/vector-provider.ts
FN:11,makeVectorStore
FNF:1
FNH:0
FNDA:0,makeVectorStore
DA:12,0
DA:14,0
DA:16,0
DA:19,0
DA:21,0
DA:24,0
DA:26,0
DA:29,0
LF:8
LH:0
BRDA:12,0,0,0
BRDA:12,0,1,0
BRDA:14,1,0,0
BRDA:19,2,0,0
BRDA:24,3,0,0
BRF:5
BRH:0
end_of_record
TN:
SF:apps/backend-ts/src/config/cache-config.ts
FN:91,(anonymous_0)
FN:106,(anonymous_1)
FN:123,(anonymous_2)
FN:135,(anonymous_3)
FN:148,(anonymous_4)
FNF:5
FNH:0
FNDA:0,(anonymous_0)
FNDA:0,(anonymous_1)
FNDA:0,(anonymous_2)
FNDA:0,(anonymous_3)
FNDA:0,(anonymous_4)
DA:13,0
DA:85,0
DA:86,0
DA:92,0
DA:93,0
DA:95,0
DA:96,0
DA:97,0
DA:100,0
DA:107,0
DA:110,0
DA:111,0
DA:114,0
DA:115,0
DA:117,0
DA:124,0
DA:125,0
DA:126,0
DA:127,0
DA:136,0
DA:145,0
DA:148,0
LF:22
LH:0
BRDA:93,0,0,0
BRDA:95,1,0,0
BRDA:110,2,0,0
BRDA:110,3,0,0
BRDA:110,3,1,0
BRDA:110,3,2,0
BRDA:114,4,0,0
BRDA:114,4,1,0
BRDA:126,5,0,0
BRF:9
BRH:0
end_of_record
TN:
SF:apps/backend-ts/src/config/flags.ts
FN:45,envBool
FN:55,getFlags
FN:64,computeFlagsETag
FNF:3
FNH:2
FNDA:304,envBool
FNDA:19,getFlags
FNDA:0,computeFlagsETag
DA:1,1
DA:24,5
DA:46,304
DA:47,304
DA:48,0
DA:49,0
DA:50,0
DA:52,304
DA:55,19
DA:57,19
DA:58,19
DA:59,304
DA:61,19
DA:64,0
DA:65,0
DA:66,0
DA:67,0
DA:69,0
LF:18
LH:10
BRDA:47,0,0,0
BRDA:49,1,0,0
BRDA:49,2,0,0
BRDA:49,2,1,0
BRDA:49,2,2,0
BRDA:50,3,0,0
BRDA:50,4,0,0
BRDA:50,4,1,0
BRDA:50,4,2,0
BRF:9
BRH:0
end_of_record
TN:
SF:apps/backend-ts/src/core/handler-registry.ts
FN:51,(anonymous_4)
FN:72,(anonymous_5)
FN:99,(anonymous_6)
FN:117,(anonymous_7)
FN:124,(anonymous_8)
FN:131,(anonymous_9)
FN:169,(anonymous_10)
FN:176,(anonymous_11)
FN:178,(anonymous_12)
FN:179,(anonymous_13)
FN:186,(anonymous_14)
FN:197,(anonymous_15)
FN:199,(anonymous_16)
FN:206,(anonymous_17)
FN:234,Handler
FN:235,(anonymous_19)
FNF:16
FNH:2
FNDA:3,(anonymous_4)
FNDA:0,(anonymous_5)
FNDA:0,(anonymous_6)
FNDA:0,(anonymous_7)
FNDA:0,(anonymous_8)
FNDA:0,(anonymous_9)
FNDA:2,(anonymous_10)
FNDA:0,(anonymous_11)
FNDA:0,(anonymous_12)
FNDA:0,(anonymous_13)
FNDA:0,(anonymous_14)
FNDA:0,(anonymous_15)
FNDA:0,(anonymous_16)
FNDA:0,(anonymous_17)
FNDA:0,Handler
FNDA:0,(anonymous_19)
DA:14,3
DA:46,0
DA:47,3
DA:48,3
DA:52,3
DA:73,0
DA:74,0
DA:75,0
DA:79,0
DA:80,0
DA:82,0
DA:83,0
DA:104,0
DA:105,0
DA:118,0
DA:125,0
DA:132,0
DA:134,0
DA:135,0
DA:138,0
DA:139,0
DA:143,0
DA:144,0
DA:148,0
DA:149,0
DA:150,0
DA:151,0
DA:153,0
DA:154,0
DA:157,0
DA:159,0
DA:160,0
DA:162,0
DA:170,2
DA:177,0
DA:178,0
DA:179,0
DA:187,0
DA:189,0
DA:190,0
DA:193,0
DA:197,0
DA:199,0
DA:207,0
DA:209,0
DA:210,0
DA:213,0
DA:218,3
DA:234,0
DA:235,0
DA:236,0
DA:239,0
DA:246,0
LF:53
LH:6
BRDA:51,0,0,0
BRDA:73,1,0,0
BRDA:74,2,0,0
BRDA:82,3,0,0
BRDA:102,4,0,0
BRDA:134,5,0,0
BRDA:138,6,0,0
BRDA:143,7,0,0
BRDA:144,8,0,0
BRDA:144,8,1,0
BRDA:153,9,0,0
BRDA:153,10,0,0
BRDA:153,10,1,0
BRDA:159,11,0,0
BRDA:190,12,0,0
BRDA:190,12,1,0
BRDA:234,13,0,0
BRDA:242,14,0,0
BRDA:242,14,1,0
BRF:19
BRH:0
end_of_record
TN:
SF:apps/backend-ts/src/core/load-all-handlers.ts
FN:15,loadAllHandlers
FN:74,getAllHandlers
FN:82,(anonymous_2)
FNF:3
FNH:0
FNDA:0,loadAllHandlers
FNDA:0,getAllHandlers
FNDA:0,(anonymous_2)
DA:16,0
DA:18,0
DA:20,0
DA:23,0
DA:26,0
DA:29,0
DA:32,0
DA:35,0
DA:38,0
DA:44,0
DA:47,0
DA:50,0
DA:53,0
DA:57,0
DA:58,0
DA:59,0
DA:60,0
DA:61,0
DA:63,0
DA:65,0
DA:66,0
DA:75,0
DA:82,0
DA:83,0
DA:84,0
LF:25
LH:0
BRF:0
BRH:0
end_of_record
TN:
SF:apps/backend-ts/src/core/migrate-handlers.ts
FN:98,generateMigrationPlan
FN:106,(anonymous_1)
FN:106,(anonymous_2)
FN:127,(anonymous_3)
FN:144,generateRouterImports
FN:165,printMigrationPlan
FNF:6
FNH:0
FNDA:0,generateMigrationPlan
FNDA:0,(anonymous_1)
FNDA:0,(anonymous_2)
FNDA:0,(anonymous_3)
FNDA:0,generateRouterImports
FNDA:0,printMigrationPlan
DA:37,0
DA:99,0
DA:101,0
DA:102,0
DA:103,0
DA:106,0
DA:107,0
DA:108,0
DA:111,0
DA:114,0
DA:115,0
DA:116,0
DA:117,0
DA:121,0
DA:125,0
DA:126,0
DA:127,0
DA:128,0
DA:129,0
DA:130,0
DA:131,0
DA:132,0
DA:133,0
DA:134,0
DA:135,0
DA:138,0
DA:145,0
DA:147,0
DA:148,0
DA:149,0
DA:151,0
DA:152,0
DA:153,0
DA:156,0
DA:157,0
DA:159,0
DA:166,0
DA:167,0
DA:169,0
DA:170,0
DA:174,0
LF:41
LH:0
BRF:0
BRH:0
end_of_record
TN:
SF:apps/backend-ts/src/core/zantara-orchestrator.ts
FN:69,(anonymous_1)
FN:124,(anonymous_2)
FN:147,(anonymous_3)
FN:212,(anonymous_4)
FN:239,(anonymous_5)
FN:240,(anonymous_6)
FN:259,(anonymous_7)
FN:265,(anonymous_8)
FN:278,(anonymous_9)
FN:300,(anonymous_10)
FN:311,(anonymous_11)
FN:338,(anonymous_12)
FN:400,(anonymous_13)
FN:437,(anonymous_14)
FN:475,(anonymous_15)
FN:488,(anonymous_16)
FN:496,(anonymous_17)
FNF:17
FNH:0
FNDA:0,(anonymous_1)
FNDA:0,(anonymous_2)
FNDA:0,(anonymous_3)
FNDA:0,(anonymous_4)
FNDA:0,(anonymous_5)
FNDA:0,(anonymous_6)
FNDA:0,(anonymous_7)
FNDA:0,(anonymous_8)
FNDA:0,(anonymous_9)
FNDA:0,(anonymous_10)
FNDA:0,(anonymous_11)
FNDA:0,(anonymous_12)
FNDA:0,(anonymous_13)
FNDA:0,(anonymous_14)
FNDA:0,(anonymous_15)
FNDA:0,(anonymous_16)
FNDA:0,(anonymous_17)
DA:8,2
DA:9,2
DA:10,2
DA:11,2
DA:12,2
DA:13,2
DA:14,2
DA:32,2
DA:34,2
DA:58,2
DA:71,0
DA:72,0
DA:73,0
DA:74,0
DA:75,0
DA:76,0
DA:77,0
DA:87,0
DA:91,0
DA:92,0
DA:93,0
DA:94,0
DA:95,0
DA:106,0
DA:109,0
DA:112,0
DA:115,0
DA:118,0
DA:125,0
DA:127,0
DA:128,0
DA:129,0
DA:130,0
DA:131,0
DA:132,0
DA:134,0
DA:135,0
DA:136,0
DA:137,0
DA:138,0
DA:139,0
DA:141,0
DA:148,0
DA:149,0
DA:158,0
DA:164,0
DA:168,0
DA:174,0
DA:175,0
DA:178,0
DA:184,0
DA:187,0
DA:193,0
DA:197,0
DA:203,0
DA:206,0
DA:213,0
DA:215,0
DA:217,0
DA:218,0
DA:219,0
DA:221,0
DA:223,0
DA:224,0
DA:226,0
DA:227,0
DA:230,0
DA:233,0
DA:240,0
DA:241,0
DA:242,0
DA:244,0
DA:245,0
DA:246,0
DA:253,0
DA:254,0
DA:258,0
DA:259,0
DA:271,0
DA:272,0
DA:275,0
DA:278,0
DA:279,0
DA:283,0
DA:284,0
DA:285,0
DA:286,0
DA:288,0
DA:289,0
DA:290,0
DA:293,0
DA:294,0
DA:295,0
DA:300,0
DA:301,0
DA:302,0
DA:305,0
DA:312,0
DA:313,0
DA:315,0
DA:317,0
DA:319,0
DA:320,0
DA:321,0
DA:322,0
DA:323,0
DA:325,0
DA:327,0
DA:329,0
DA:331,0
DA:332,0
DA:339,0
DA:340,0
DA:344,0
DA:345,0
DA:346,0
DA:347,0
DA:348,0
DA:349,0
DA:350,0
DA:351,0
DA:352,0
DA:353,0
DA:354,0
DA:355,0
DA:356,0
DA:357,0
DA:358,0
DA:359,0
DA:360,0
DA:361,0
DA:362,0
DA:363,0
DA:364,0
DA:365,0
DA:369,0
DA:370,0
DA:374,0
DA:375,0
DA:376,0
DA:377,0
DA:378,0
DA:379,0
DA:380,0
DA:381,0
DA:382,0
DA:385,0
DA:386,0
DA:401,0
DA:402,0
DA:409,0
DA:410,0
DA:417,0
DA:418,0
DA:426,0
DA:438,0
DA:460,0
DA:461,0
DA:463,0
DA:464,0
DA:465,0
DA:467,0
DA:469,0
DA:476,0
DA:482,0
DA:498,0
LF:166
LH:10
BRDA:73,0,0,0
BRDA:73,1,0,0
BRDA:73,1,1,0
BRDA:76,2,0,0
BRDA:87,3,0,0
BRDA:88,4,0,0
BRDA:88,4,1,0
BRDA:88,4,2,0
BRDA:91,5,0,0
BRDA:91,5,1,0
BRDA:94,6,0,0
BRDA:125,7,0,0
BRDA:125,7,1,0
BRDA:134,8,0,0
BRDA:135,9,0,0
BRDA:136,10,0,0
BRDA:137,11,0,0
BRDA:138,12,0,0
BRDA:139,13,0,0
BRDA:158,14,0,0
BRDA:159,15,0,0
BRDA:159,15,1,0
BRDA:159,15,2,0
BRDA:159,15,3,0
BRDA:168,16,0,0
BRDA:169,17,0,0
BRDA:169,17,1,0
BRDA:169,17,2,0
BRDA:169,17,3,0
BRDA:178,18,0,0
BRDA:179,19,0,0
BRDA:179,19,1,0
BRDA:179,19,2,0
BRDA:179,19,3,0
BRDA:187,20,0,0
BRDA:188,21,0,0
BRDA:188,21,1,0
BRDA:188,21,2,0
BRDA:188,21,3,0
BRDA:197,22,0,0
BRDA:198,23,0,0
BRDA:198,23,1,0
BRDA:198,23,2,0
BRDA:198,23,3,0
BRDA:215,24,0,0
BRDA:215,24,1,0
BRDA:215,24,2,0
BRDA:215,24,3,0
BRDA:218,25,0,0
BRDA:242,26,0,0
BRDA:249,27,0,0
BRDA:249,27,1,0
BRDA:250,28,0,0
BRDA:250,28,1,0
BRDA:271,29,0,0
BRDA:279,30,0,0
BRDA:283,31,0,0
BRDA:283,31,1,0
BRDA:288,32,0,0
BRDA:301,33,0,0
BRDA:312,34,0,0
BRDA:339,35,0,0
BRDA:339,35,1,0
BRDA:340,36,0,0
BRDA:340,36,1,0
BRDA:346,37,0,0
BRDA:346,37,1,0
BRDA:347,38,0,0
BRDA:347,38,1,0
BRDA:348,39,0,0
BRDA:348,39,1,0
BRDA:349,40,0,0
BRDA:349,40,1,0
BRDA:351,41,0,0
BRDA:351,41,1,0
BRDA:352,42,0,0
BRDA:352,42,1,0
BRDA:353,43,0,0
BRDA:353,43,1,0
BRDA:354,44,0,0
BRDA:354,44,1,0
BRDA:356,45,0,0
BRDA:356,45,1,0
BRDA:357,46,0,0
BRDA:357,46,1,0
BRDA:358,47,0,0
BRDA:358,47,1,0
BRDA:359,48,0,0
BRDA:359,48,1,0
BRDA:361,49,0,0
BRDA:362,50,0,0
BRDA:362,50,1,0
BRDA:363,51,0,0
BRDA:363,51,1,0
BRDA:364,52,0,0
BRDA:364,52,1,0
BRDA:369,53,0,0
BRDA:375,54,0,0
BRDA:375,54,1,0
BRDA:377,55,0,0
BRDA:377,55,1,0
BRDA:379,56,0,0
BRDA:379,56,1,0
BRDA:381,57,0,0
BRDA:381,58,0,0
BRDA:381,58,1,0
BRDA:401,59,0,0
BRDA:409,60,0,0
BRDA:417,61,0,0
BRDA:460,62,0,0
BRDA:460,62,1,0
BRDA:461,63,0,0
BRDA:461,63,1,0
BRDA:463,64,0,0
BRDA:467,65,0,0
BRDA:467,65,1,0
BRDA:482,66,0,0
BRDA:482,66,1,0
BRF:118
BRH:0
end_of_record
TN:
SF:apps/backend-ts/src/diagnostics/glm.ts
FN:13,runGLM
FN:61,(anonymous_1)
FN:125,(anonymous_2)
FN:136,(anonymous_3)
FN:137,(anonymous_4)
FN:138,(anonymous_5)
FN:149,(anonymous_6)
FN:150,(anonymous_7)
FN:153,(anonymous_8)
FNF:9
FNH:0
FNDA:0,runGLM
FNDA:0,(anonymous_1)
FNDA:0,(anonymous_2)
FNDA:0,(anonymous_3)
FNDA:0,(anonymous_4)
FNDA:0,(anonymous_5)
FNDA:0,(anonymous_6)
FNDA:0,(anonymous_7)
FNDA:0,(anonymous_8)
DA:14,0
DA:16,0
DA:18,0
DA:19,0
DA:26,0
DA:27,0
DA:33,0
DA:41,0
DA:42,0
DA:48,0
DA:56,0
DA:57,0
DA:58,0
DA:59,0
DA:61,0
DA:62,0
DA:68,0
DA:76,0
DA:83,0
DA:84,0
DA:85,0
DA:86,0
DA:88,0
DA:94,0
DA:102,0
DA:103,0
DA:109,0
DA:116,0
DA:124,0
DA:125,0
DA:126,0
DA:127,0
DA:128,0
DA:130,0
DA:136,0
DA:137,0
DA:138,0
DA:140,0
DA:144,0
DA:148,0
DA:150,0
DA:151,0
DA:154,0
DA:155,0
LF:44
LH:0
BRDA:26,0,0,0
BRDA:26,0,1,0
BRDA:26,1,0,0
BRDA:26,1,1,0
BRDA:41,2,0,0
BRDA:41,2,1,0
BRDA:61,3,0,0
BRDA:61,3,1,0
BRDA:90,4,0,0
BRDA:90,4,1,0
BRDA:102,5,0,0
BRDA:102,5,1,0
BRDA:102,6,0,0
BRDA:102,6,1,0
BRDA:126,7,0,0
BRDA:126,7,1,0
BRDA:126,8,0,0
BRDA:126,8,1,0
BRDA:128,9,0,0
BRDA:128,9,1,0
BRDA:128,10,0,0
BRDA:128,10,1,0
BRDA:151,11,0,0
BRDA:151,11,1,0
BRF:24
BRH:0
end_of_record
TN:
SF:apps/backend-ts/src/handlers/example-modern-handler.ts
FN:16,sendEmailV2
FN:39,listInboxV2
FN:55,kbliLookupV2
FNF:3
FNH:0
FNDA:0,sendEmailV2
FNDA:0,listInboxV2
FNDA:0,kbliLookupV2
DA:17,0
DA:19,0
DA:20,0
DA:25,0
DA:40,0
DA:43,0
DA:56,0
DA:58,0
DA:59,0
DA:64,0
DA:76,0
DA:88,0
LF:12
LH:0
BRDA:19,0,0,0
BRDA:19,1,0,0
BRDA:19,1,1,0
BRDA:19,1,2,0
BRDA:40,2,0,0
BRDA:58,3,0,0
BRDA:58,4,0,0
BRDA:58,4,1,0
BRDA:65,5,0,0
BRDA:65,5,1,0
BRF:10
BRH:0
end_of_record
TN:
SF:apps/backend-ts/src/handlers/ai-services/advanced-ai.ts
FN:8,aiAnticipate
FN:74,aiLearn
FN:122,xaiExplain
FNF:3
FNH:3
FNDA:4,aiAnticipate
FNDA:4,aiLearn
FNDA:4,xaiExplain
DA:1,3
DA:2,3
DA:3,3
DA:8,6
DA:9,4
DA:11,4
DA:12,3
DA:16,1
DA:31,1
DA:32,1
DA:36,1
DA:37,1
DA:38,1
DA:40,1
DA:41,1
DA:51,0
DA:52,0
DA:58,1
DA:60,1
DA:67,0
DA:74,6
DA:75,4
DA:77,4
DA:78,3
DA:81,1
DA:96,1
DA:97,1
DA:98,0
DA:100,0
DA:115,0
DA:122,6
DA:123,4
DA:125,4
DA:126,3
DA:129,1
DA:132,1
DA:158,1
DA:159,1
DA:171,1
DA:172,1
DA:173,0
DA:174,0
DA:176,0
DA:180,0
LF:44
LH:34
BRDA:9,0,0,4
BRDA:11,1,0,3
BRDA:11,2,0,4
BRDA:11,2,1,3
BRDA:18,3,0,1
BRDA:18,3,1,0
BRDA:19,4,0,1
BRDA:19,4,1,0
BRDA:21,5,0,0
BRDA:21,5,1,1
BRDA:37,6,0,1
BRDA:37,6,1,0
BRDA:38,7,0,1
BRDA:38,7,1,0
BRDA:38,7,2,0
BRDA:41,8,0,0
BRDA:41,8,1,1
BRDA:51,9,0,0
BRDA:51,9,1,0
BRDA:53,10,0,0
BRDA:53,10,1,0
BRDA:53,10,2,0
BRDA:58,11,0,1
BRDA:58,11,1,0
BRDA:64,12,0,1
BRDA:64,12,1,0
BRDA:75,13,0,3
BRDA:77,14,0,3
BRDA:77,15,0,4
BRDA:77,15,1,3
BRDA:77,15,2,3
BRDA:84,16,0,1
BRDA:84,16,1,0
BRDA:85,17,0,0
BRDA:85,17,1,1
BRDA:86,18,0,0
BRDA:86,18,1,1
BRDA:98,19,0,0
BRDA:98,19,1,0
BRDA:103,20,0,0
BRDA:103,20,1,0
BRDA:103,20,2,0
BRDA:105,21,0,0
BRDA:105,21,1,0
BRDA:125,22,0,3
BRDA:135,23,0,1
BRDA:135,23,1,1
BRDA:136,24,0,1
BRDA:136,24,1,1
BRDA:144,25,0,1
BRDA:144,25,1,0
BRDA:158,26,0,1
BRDA:158,27,0,1
BRDA:158,27,1,1
BRDA:163,28,0,0
BRDA:163,28,1,1
BRDA:173,29,0,0
BRDA:173,29,1,0
BRDA:174,30,0,0
BRDA:174,30,1,0
BRDA:174,30,2,0
BRF:61
BRH:30
end_of_record
TN:
SF:apps/backend-ts/src/handlers/ai-services/ai-bridge.ts
FN:20,zantaraCallDevAI
FN:78,zantaraOrchestrateWorkflow
FN:97,(anonymous_9)
FN:131,zantaraGetConversationHistory
FN:157,zantaraGetSharedContext
FN:183,zantaraClearWorkflow
FNF:6
FNH:6
FNDA:3,zantaraCallDevAI
FNDA:3,zantaraOrchestrateWorkflow
FNDA:4,(anonymous_9)
FNDA:3,zantaraGetConversationHistory
FNDA:3,zantaraGetSharedContext
FNDA:3,zantaraClearWorkflow
DA:6,3
DA:7,3
DA:20,5
DA:21,3
DA:22,3
DA:27,2
DA:36,2
DA:38,2
DA:39,2
DA:44,2
DA:51,0
DA:56,0
DA:63,1
DA:68,1
DA:78,5
DA:86,3
DA:87,3
DA:92,2
DA:97,4
DA:99,2
DA:105,2
DA:115,1
DA:120,1
DA:131,5
DA:132,3
DA:133,3
DA:135,3
DA:141,0
DA:146,0
DA:157,3
DA:158,3
DA:159,3
DA:161,3
DA:167,0
DA:172,0
DA:183,3
DA:184,3
DA:185,3
DA:187,3
DA:191,3
DA:196,0
DA:201,0
LF:42
LH:34
BRDA:33,0,0,2
BRDA:33,0,1,2
BRDA:38,1,0,2
BRDA:38,1,1,0
BRF:4
BRH:3
end_of_record
TN:
SF:apps/backend-ts/src/handlers/ai-services/ai.ts
FN:44,checkIdentityRecognition
FN:59,(anonymous_7)
FN:74,aiChat
FN:95,(anonymous_9)
FN:109,(anonymous_10)
FN:130,(anonymous_11)
FN:137,(anonymous_12)
FN:151,(anonymous_13)
FN:181,(anonymous_14)
FN:219,(anonymous_15)
FN:260,getAIModels
FN:320,generateEmbeddings
FN:351,(anonymous_18)
FN:382,getCompletions
FNF:14
FNH:3
FNDA:21,checkIdentityRecognition
FNDA:185,(anonymous_7)
FNDA:21,aiChat
FNDA:0,(anonymous_9)
FNDA:0,(anonymous_10)
FNDA:0,(anonymous_11)
FNDA:0,(anonymous_12)
FNDA:0,(anonymous_13)
FNDA:0,(anonymous_14)
FNDA:0,(anonymous_15)
FNDA:0,getAIModels
FNDA:0,generateEmbeddings
FNDA:0,(anonymous_18)
FNDA:0,getCompletions
DA:7,7
DA:8,7
DA:9,7
DA:10,7
DA:16,7
DA:45,21
DA:47,20
DA:49,47
DA:50,47
DA:58,47
DA:61,185
DA:64,13
DA:65,13
DA:68,7
DA:74,23
DA:75,21
DA:76,21
DA:77,21
DA:78,21
DA:80,21
DA:82,21
DA:84,21
DA:95,0
DA:98,21
DA:109,0
DA:112,21
DA:113,21
DA:115,21
DA:116,21
DA:117,21
DA:120,21
DA:121,6
DA:122,6
DA:124,6
DA:125,6
DA:128,6
DA:129,0
DA:130,0
DA:131,0
DA:135,6
DA:136,0
DA:137,0
DA:138,0
DA:142,6
DA:143,6
DA:149,21
DA:150,0
DA:152,0
DA:153,0
DA:157,0
DA:158,0
DA:163,0
DA:167,21
DA:168,20
DA:169,13
DA:172,13
DA:181,0
DA:183,13
DA:188,7
DA:192,7
DA:200,5
DA:201,5
DA:202,5
DA:205,5
DA:219,0
DA:221,5
DA:236,0
DA:238,1
DA:241,1
DA:260,0
DA:261,0
DA:262,0
DA:264,0
DA:297,0
DA:305,0
DA:306,0
DA:320,0
DA:321,0
DA:323,0
DA:324,0
DA:327,0
DA:328,0
DA:334,0
DA:335,0
DA:341,0
DA:342,0
DA:350,0
DA:351,0
DA:353,0
DA:355,0
DA:369,0
DA:370,0
DA:382,0
DA:392,0
DA:394,0
DA:395,0
DA:398,0
DA:399,0
DA:405,0
DA:406,0
DA:413,0
DA:414,0
DA:420,0
DA:421,0
DA:428,0
DA:429,0
DA:435,0
DA:436,0
DA:437,0
DA:455,0
DA:457,0
DA:471,0
DA:472,0
LF:113
LH:52
BRDA:58,0,0,13
BRDA:61,1,0,185
BRDA:61,1,1,172
BRDA:75,2,0,19
BRDA:75,3,0,21
BRDA:75,3,1,0
BRDA:76,4,0,21
BRDA:76,4,1,14
BRDA:77,5,0,21
BRDA:77,5,1,19
BRDA:77,5,2,19
BRDA:78,6,0,21
BRDA:78,6,1,3
BRDA:88,7,0,21
BRDA:88,7,1,21
BRDA:90,8,0,21
BRDA:90,8,1,21
BRDA:91,9,0,21
BRDA:91,9,1,21
BRDA:92,10,0,21
BRDA:92,10,1,21
BRDA:116,11,0,21
BRDA:116,11,1,15
BRDA:117,12,0,21
BRDA:117,12,1,21
BRDA:120,13,0,6
BRDA:124,14,0,6
BRDA:124,15,0,6
BRDA:124,15,1,6
BRDA:128,16,0,0
BRDA:128,17,0,6
BRDA:128,17,1,0
BRDA:135,18,0,0
BRDA:135,19,0,6
BRDA:135,19,1,0
BRDA:149,20,0,0
BRDA:152,21,0,0
BRDA:152,21,1,0
BRDA:159,22,0,0
BRDA:159,22,1,0
BRDA:168,23,0,13
BRDA:188,24,0,0
BRDA:188,24,1,7
BRDA:194,25,0,7
BRDA:194,25,1,7
BRDA:200,26,0,5
BRDA:200,27,0,5
BRDA:200,27,1,5
BRDA:202,28,0,5
BRDA:202,28,1,0
BRDA:202,28,2,0
BRDA:211,29,0,5
BRDA:211,29,1,0
BRDA:212,30,0,5
BRDA:212,30,1,0
BRDA:214,31,0,5
BRDA:214,31,1,0
BRDA:214,31,2,0
BRDA:215,32,0,5
BRDA:215,32,1,0
BRDA:216,33,0,5
BRDA:216,33,1,5
BRDA:224,34,0,5
BRDA:224,34,1,0
BRDA:225,35,0,5
BRDA:225,35,1,0
BRDA:226,36,0,5
BRDA:226,36,1,0
BRDA:227,37,0,5
BRDA:227,37,1,5
BRDA:228,38,0,5
BRDA:228,38,1,0
BRDA:228,38,2,0
BRDA:308,39,0,0
BRDA:308,39,1,0
BRDA:321,40,0,0
BRDA:321,41,0,0
BRDA:321,41,1,0
BRDA:327,42,0,0
BRDA:327,43,0,0
BRDA:327,43,1,0
BRDA:334,44,0,0
BRDA:341,45,0,0
BRDA:372,46,0,0
BRDA:372,46,1,0
BRDA:385,47,0,0
BRDA:386,48,0,0
BRDA:387,49,0,0
BRDA:388,50,0,0
BRDA:390,51,0,0
BRDA:391,52,0,0
BRDA:392,53,0,0
BRDA:392,53,1,0
BRDA:398,54,0,0
BRDA:398,55,0,0
BRDA:398,55,1,0
BRDA:405,56,0,0
BRDA:413,57,0,0
BRDA:413,58,0,0
BRDA:413,58,1,0
BRDA:420,59,0,0
BRDA:420,60,0,0
BRDA:420,60,1,0
BRDA:428,61,0,0
BRDA:435,62,0,0
BRDA:435,63,0,0
BRDA:435,63,1,0
BRDA:439,64,0,0
BRDA:439,64,1,0
BRDA:439,64,2,0
BRDA:444,65,0,0
BRDA:444,65,1,0
BRDA:445,66,0,0
BRDA:445,66,1,0
BRDA:461,67,0,0
BRDA:461,67,1,0
BRDA:474,68,0,0
BRDA:474,68,1,0
BRF:118
BRH:50
end_of_record
TN:
SF:apps/backend-ts/src/handlers/ai-services/creative.ts
FN:60,getVisionService
FN:63,(anonymous_11)
FN:82,visionAnalyzeImage
FN:104,(anonymous_13)
FN:139,(anonymous_14)
FN:146,(anonymous_15)
FN:153,(anonymous_16)
FN:165,(anonymous_17)
FN:184,visionExtractDocuments
FN:234,(anonymous_19)
FN:250,speechTranscribe
FN:291,(anonymous_21)
FN:309,speechSynthesize
FN:369,languageAnalyzeSentiment
FNF:14
FNH:6
FNDA:5,getVisionService
FNDA:0,(anonymous_11)
FNDA:5,visionAnalyzeImage
FNDA:0,(anonymous_13)
FNDA:0,(anonymous_14)
FNDA:0,(anonymous_15)
FNDA:0,(anonymous_16)
FNDA:0,(anonymous_17)
FNDA:4,visionExtractDocuments
FNDA:0,(anonymous_19)
FNDA:4,speechTranscribe
FNDA:0,(anonymous_21)
FNDA:4,speechSynthesize
FNDA:4,languageAnalyzeSentiment
DA:3,3
DA:4,3
DA:5,3
DA:35,3
DA:54,3
DA:61,5
DA:62,5
DA:63,0
DA:68,5
DA:69,5
DA:72,0
DA:77,5
DA:78,5
DA:82,4
DA:88,5
DA:90,5
DA:91,3
DA:94,2
DA:95,2
DA:96,0
DA:98,0
DA:100,0
DA:104,0
DA:112,0
DA:121,0
DA:122,0
DA:125,0
DA:126,0
DA:128,0
DA:139,0
DA:146,0
DA:153,0
DA:165,0
DA:179,2
DA:180,2
DA:184,4
DA:185,4
DA:187,4
DA:188,3
DA:191,1
DA:193,1
DA:200,0
DA:203,0
DA:219,0
DA:220,0
DA:222,0
DA:223,0
DA:224,0
DA:225,0
DA:229,0
DA:234,0
DA:241,1
DA:242,1
DA:250,4
DA:251,4
DA:253,4
DA:254,3
DA:257,1
DA:258,1
DA:259,0
DA:261,0
DA:263,0
DA:271,0
DA:276,0
DA:285,0
DA:286,0
DA:289,0
DA:291,0
DA:293,0
DA:304,1
DA:305,1
DA:309,4
DA:310,4
DA:312,4
DA:313,3
DA:316,1
DA:317,1
DA:318,0
DA:320,0
DA:331,0
DA:340,0
DA:341,0
DA:344,0
DA:346,0
DA:360,1
DA:361,1
DA:369,4
DA:370,4
DA:372,4
DA:373,3
DA:376,1
DA:377,1
DA:378,0
DA:380,0
DA:387,0
DA:396,0
DA:397,0
DA:400,0
DA:401,0
DA:403,0
DA:431,1
DA:432,1
DA:437,3
LF:103
LH:52
BRDA:68,0,0,5
BRDA:86,1,0,3
BRDA:87,2,0,4
BRDA:88,3,0,5
BRDA:88,3,1,0
BRDA:90,4,0,3
BRDA:90,5,0,5
BRDA:90,5,1,5
BRDA:98,6,0,0
BRDA:98,6,1,0
BRDA:121,7,0,0
BRDA:126,8,0,0
BRDA:126,8,1,0
BRDA:138,9,0,0
BRDA:138,9,1,0
BRDA:145,10,0,0
BRDA:145,10,1,0
BRDA:152,11,0,0
BRDA:152,11,1,0
BRDA:164,12,0,0
BRDA:164,12,1,0
BRDA:185,13,0,3
BRDA:185,14,0,4
BRDA:185,14,1,0
BRDA:187,15,0,3
BRDA:187,16,0,4
BRDA:187,16,1,4
BRDA:200,17,0,0
BRDA:200,17,1,0
BRDA:219,18,0,0
BRDA:219,18,1,0
BRDA:222,19,0,0
BRDA:222,20,0,0
BRDA:222,20,1,0
BRDA:225,21,0,0
BRDA:225,21,1,0
BRDA:233,22,0,0
BRDA:233,22,1,0
BRDA:251,23,0,3
BRDA:251,24,0,4
BRDA:251,24,1,0
BRDA:253,25,0,3
BRDA:253,26,0,4
BRDA:253,26,1,4
BRDA:261,27,0,0
BRDA:261,27,1,0
BRDA:285,28,0,0
BRDA:291,29,0,0
BRDA:291,29,1,0
BRDA:291,30,0,0
BRDA:291,30,1,0
BRDA:295,31,0,0
BRDA:295,31,1,0
BRDA:296,32,0,0
BRDA:296,32,1,0
BRDA:310,33,0,3
BRDA:310,34,0,3
BRDA:310,35,0,4
BRDA:310,35,1,0
BRDA:312,36,0,3
BRDA:340,37,0,0
BRDA:370,38,0,4
BRDA:370,38,1,0
BRDA:372,39,0,3
BRDA:396,40,0,0
BRDA:401,41,0,0
BRDA:401,41,1,0
BRDA:405,42,0,0
BRDA:405,42,1,0
BRDA:406,43,0,0
BRDA:406,43,1,0
BRDA:408,44,0,0
BRDA:408,44,1,0
BRDA:408,45,0,0
BRDA:408,45,1,0
BRDA:410,46,0,0
BRDA:410,46,1,0
BRDA:410,47,0,0
BRDA:410,47,1,0
BRDA:416,48,0,0
BRDA:416,48,1,0
BRDA:416,49,0,0
BRDA:416,49,1,0
BRDA:416,50,0,0
BRDA:416,50,1,0
BRDA:416,51,0,0
BRDA:416,51,1,0
BRDA:418,52,0,0
BRDA:418,52,1,0
BRDA:418,53,0,0
BRDA:418,53,1,0
BRDA:420,54,0,0
BRDA:420,54,1,0
BRDA:420,55,0,0
BRDA:420,55,1,0
BRDA:423,56,0,0
BRDA:423,56,1,0
BRDA:423,57,0,0
BRDA:423,57,1,0
BRF:99
BRH:23
end_of_record
TN:
SF:apps/backend-ts/src/handlers/ai-services/imagine-art-handler.ts
FN:32,aiImageGenerate
FN:94,aiImageUpscale
FN:130,aiImageTest
FNF:3
FNH:3
FNDA:4,aiImageGenerate
FNDA:4,aiImageUpscale
FNDA:3,aiImageTest
DA:6,3
DA:7,3
DA:8,3
DA:9,3
DA:32,6
DA:33,4
DA:41,4
DA:43,4
DA:44,3
DA:47,1
DA:53,1
DA:55,1
DA:64,1
DA:66,1
DA:79,3
DA:80,3
DA:94,6
DA:95,4
DA:96,4
DA:98,4
DA:99,3
DA:102,1
DA:104,1
DA:106,1
DA:110,1
DA:112,1
DA:122,3
DA:123,3
DA:130,5
DA:131,3
DA:132,3
DA:133,3
DA:135,0
DA:141,3
DA:142,3
LF:35
LH:34
BRDA:36,0,0,4
BRDA:37,1,0,4
BRDA:40,2,0,4
BRDA:43,3,0,3
BRDA:98,4,0,3
BRF:5
BRH:5
end_of_record
TN:
SF:apps/backend-ts/src/handlers/ai-services/registry.ts
FN:20,registerAIServicesHandlers
FNF:1
FNH:0
FNDA:0,registerAIServicesHandlers
DA:22,0
DA:34,0
DA:48,0
DA:64,0
DA:65,0
DA:66,0
DA:76,0
DA:89,0
DA:92,0
LF:9
LH:0
BRDA:64,0,0,0
BRDA:64,1,0,0
BRDA:64,1,1,0
BRF:3
BRH:0
end_of_record
TN:
SF:apps/backend-ts/src/handlers/ai-services/zantara-llama.ts
FN:28,zantaraChat
FN:44,(anonymous_3)
FN:115,(anonymous_4)
FN:118,(anonymous_5)
FNF:4
FNH:1
FNDA:11,zantaraChat
FNDA:0,(anonymous_3)
FNDA:0,(anonymous_4)
FNDA:0,(anonymous_5)
DA:7,8
DA:8,8
DA:9,8
DA:10,8
DA:13,8
DA:28,11
DA:29,11
DA:30,3
DA:33,8
DA:34,8
DA:35,8
DA:37,8
DA:41,8
DA:43,8
DA:44,8
DA:46,8
DA:60,6
DA:62,6
DA:63,0
DA:66,6
DA:68,6
DA:69,0
DA:72,6
DA:74,6
DA:83,0
DA:86,0
DA:88,0
DA:89,0
DA:104,0
DA:105,0
DA:106,0
DA:109,0
DA:111,0
DA:112,0
DA:114,0
DA:116,0
DA:117,0
DA:119,0
DA:120,0
DA:122,0
DA:126,0
DA:130,0
DA:131,0
DA:136,0
DA:142,0
DA:152,0
DA:155,0
LF:47
LH:22
BRDA:29,0,0,3
BRDA:34,1,0,8
BRDA:34,1,1,0
BRDA:35,2,0,8
BRDA:35,2,1,8
BRDA:62,3,0,0
BRDA:68,4,0,0
BRDA:69,5,0,0
BRDA:69,5,1,0
BRDA:76,6,0,6
BRDA:76,6,1,0
BRDA:78,7,0,6
BRDA:78,7,1,0
BRDA:98,8,0,0
BRDA:98,8,1,0
BRDA:104,9,0,0
BRDA:111,10,0,0
BRDA:112,11,0,0
BRDA:112,11,1,0
BRDA:116,12,0,0
BRDA:116,13,0,0
BRDA:116,13,1,0
BRDA:119,14,0,0
BRDA:119,15,0,0
BRDA:119,15,1,0
BRDA:122,16,0,0
BRDA:122,16,1,0
BRDA:122,16,2,0
BRDA:126,17,0,0
BRDA:126,17,1,0
BRDA:126,17,2,0
BRDA:130,18,0,0
BRDA:143,19,0,0
BRDA:143,19,1,0
BRF:34
BRH:6
end_of_record
TN:
SF:apps/backend-ts/src/handlers/analytics/analytics.ts
FN:11,(anonymous_1)
FN:20,(anonymous_2)
FN:51,(anonymous_3)
FN:52,(anonymous_4)
FN:53,(anonymous_5)
FN:62,(anonymous_6)
FN:102,(anonymous_7)
FN:153,(anonymous_8)
FN:198,(anonymous_9)
FN:199,(anonymous_10)
FN:200,(anonymous_11)
FN:209,(anonymous_12)
FNF:12
FNH:12
FNDA:3,(anonymous_1)
FNDA:3,(anonymous_2)
FNDA:21,(anonymous_3)
FNDA:21,(anonymous_4)
FNDA:21,(anonymous_5)
FNDA:2,(anonymous_6)
FNDA:2,(anonymous_7)
FNDA:2,(anonymous_8)
FNDA:8,(anonymous_9)
FNDA:8,(anonymous_10)
FNDA:8,(anonymous_11)
FNDA:2,(anonymous_12)
DA:2,3
DA:7,15
DA:16,3
DA:20,3
DA:21,3
DA:22,3
DA:32,3
DA:33,21
DA:40,3
DA:43,3
DA:45,3
DA:51,21
DA:52,21
DA:53,21
DA:63,2
DA:65,2
DA:67,2
DA:90,2
DA:103,2
DA:105,2
DA:140,2
DA:154,2
DA:156,2
DA:191,2
DA:198,8
DA:199,8
DA:200,8
DA:215,2
DA:217,2
DA:250,2
LF:30
LH:30
BRDA:13,0,0,2
BRDA:14,1,0,2
BRDA:15,2,0,2
BRDA:63,3,0,1
BRDA:103,4,0,1
BRDA:103,5,0,1
BRDA:103,6,0,1
BRDA:154,7,0,1
BRDA:154,8,0,1
BRDA:154,9,0,1
BRDA:211,10,0,1
BRDA:212,11,0,1
BRDA:213,12,0,1
BRDA:214,13,0,1
BRF:14
BRH:14
end_of_record
TN:
SF:apps/backend-ts/src/handlers/analytics/daily-drive-recap.ts
FN:38,initDrive
FN:43,getDailyFileName
FN:50,findDailyFile
FN:88,readDailyFileContent
FN:103,createDailyTemplate
FN:151,updateSummaryCounters
FN:198,addActivityToSection
FN:254,(anonymous_11)
FN:274,(anonymous_12)
FN:284,createOrUpdateDailyFile
FN:337,updateDailyRecap
FN:415,getCurrentDailyRecap
FNF:12
FNH:0
FNDA:0,initDrive
FNDA:0,getDailyFileName
FNDA:0,findDailyFile
FNDA:0,readDailyFileContent
FNDA:0,createDailyTemplate
FNDA:0,updateSummaryCounters
FNDA:0,addActivityToSection
FNDA:0,(anonymous_11)
FNDA:0,(anonymous_12)
FNDA:0,createOrUpdateDailyFile
FNDA:0,updateDailyRecap
FNDA:0,getCurrentDailyRecap
DA:3,2
DA:4,2
DA:5,2
DA:6,2
DA:8,2
DA:17,2
DA:35,2
DA:39,0
DA:44,0
DA:45,0
DA:46,0
DA:55,0
DA:56,0
DA:59,0
DA:60,0
DA:62,0
DA:65,0
DA:66,0
DA:67,0
DA:69,0
DA:74,0
DA:75,0
DA:76,0
DA:77,0
DA:80,0
DA:82,0
DA:83,0
DA:89,0
DA:90,0
DA:95,0
DA:97,0
DA:98,0
DA:104,0
DA:105,0
DA:112,0
DA:152,0
DA:153,0
DA:155,0
DA:156,0
DA:157,0
DA:159,0
DA:160,0
DA:161,0
DA:164,0
DA:165,0
DA:166,0
DA:169,0
DA:170,0
DA:171,0
DA:172,0
DA:175,0
DA:176,0
DA:177,0
DA:178,0
DA:181,0
DA:182,0
DA:183,0
DA:184,0
DA:187,0
DA:188,0
DA:189,0
DA:190,0
DA:194,0
DA:204,0
DA:205,0
DA:211,0
DA:212,0
DA:215,0
DA:222,0
DA:223,0
DA:225,0
DA:226,0
DA:227,0
DA:229,0
DA:230,0
DA:232,0
DA:233,0
DA:234,0
DA:236,0
DA:243,0
DA:244,0
DA:247,0
DA:251,0
DA:253,0
DA:255,0
DA:263,0
DA:264,0
DA:265,0
DA:269,0
DA:270,0
DA:274,0
DA:275,0
DA:276,0
DA:280,0
DA:289,0
DA:290,0
DA:292,0
DA:293,0
DA:295,0
DA:296,0
DA:298,0
DA:306,0
DA:307,0
DA:310,0
DA:316,0
DA:325,0
DA:328,0
DA:331,0
DA:332,0
DA:337,4
DA:338,0
DA:340,0
DA:342,0
DA:343,0
DA:350,0
DA:351,0
DA:353,0
DA:355,0
DA:356,0
DA:358,0
DA:362,0
DA:365,0
DA:373,0
DA:375,0
DA:377,0
DA:378,0
DA:384,0
DA:398,0
DA:405,0
DA:406,0
DA:415,4
DA:416,0
DA:418,0
DA:419,0
DA:426,0
DA:427,0
DA:428,0
DA:430,0
DA:431,0
DA:432,0
DA:443,0
DA:451,0
LF:142
LH:9
BRDA:43,0,0,0
BRDA:46,1,0,0
BRDA:46,1,1,0
BRDA:53,2,0,0
BRDA:60,3,0,0
BRDA:60,4,0,0
BRDA:60,4,1,0
BRDA:67,5,0,0
BRDA:74,6,0,0
BRDA:74,7,0,0
BRDA:74,7,1,0
BRDA:95,8,0,0
BRDA:95,8,1,0
BRDA:103,9,0,0
BRDA:115,10,0,0
BRDA:115,10,1,0
BRDA:115,11,0,0
BRDA:115,11,1,0
BRDA:157,12,0,0
BRDA:159,13,0,0
BRDA:164,14,0,0
BRDA:164,15,0,0
BRDA:164,15,1,0
BRDA:169,16,0,0
BRDA:169,17,0,0
BRDA:169,17,1,0
BRDA:169,17,2,0
BRDA:171,18,0,0
BRDA:171,18,1,0
BRDA:175,19,0,0
BRDA:175,20,0,0
BRDA:175,20,1,0
BRDA:175,20,2,0
BRDA:177,21,0,0
BRDA:177,21,1,0
BRDA:181,22,0,0
BRDA:181,23,0,0
BRDA:181,23,1,0
BRDA:181,23,2,0
BRDA:183,24,0,0
BRDA:183,24,1,0
BRDA:187,25,0,0
BRDA:187,26,0,0
BRDA:187,26,1,0
BRDA:187,26,2,0
BRDA:189,27,0,0
BRDA:189,27,1,0
BRDA:205,28,0,0
BRDA:205,28,1,0
BRDA:223,29,0,0
BRDA:227,30,0,0
BRDA:229,31,0,0
BRDA:234,32,0,0
BRDA:236,33,0,0
BRDA:237,34,0,0
BRDA:237,34,1,0
BRDA:237,34,2,0
BRDA:237,34,3,0
BRDA:237,34,4,0
BRDA:251,35,0,0
BRDA:251,36,0,0
BRDA:251,36,1,0
BRDA:255,37,0,0
BRDA:255,37,1,0
BRDA:255,37,2,0
BRDA:255,37,3,0
BRDA:255,37,4,0
BRDA:255,37,5,0
BRDA:263,38,0,0
BRDA:275,39,0,0
BRDA:290,40,0,0
BRDA:296,41,0,0
BRDA:296,41,1,0
BRDA:342,42,0,0
BRDA:355,43,0,0
BRDA:355,43,1,0
BRDA:369,44,0,0
BRDA:369,44,1,0
BRDA:375,45,0,0
BRDA:375,45,1,0
BRDA:390,46,0,0
BRDA:390,46,1,0
BRDA:418,47,0,0
BRDA:418,48,0,0
BRDA:418,48,1,0
BRDA:430,49,0,0
BRDA:430,49,1,0
BRF:87
BRH:0
end_of_record
TN:
SF:apps/backend-ts/src/handlers/analytics/dashboard-analytics.ts
FN:62,(anonymous_8)
FN:70,(anonymous_9)
FN:111,(anonymous_10)
FN:112,(anonymous_11)
FN:113,(anonymous_12)
FN:134,(anonymous_13)
FN:154,(anonymous_14)
FN:191,(anonymous_15)
FN:202,(anonymous_16)
FN:242,(anonymous_17)
FN:245,(anonymous_18)
FN:261,(anonymous_19)
FN:272,(anonymous_20)
FN:291,(anonymous_21)
FN:321,dashboardMain
FN:345,dashboardConversations
FN:364,dashboardServices
FN:373,(anonymous_25)
FN:393,dashboardHandlers
FN:405,(anonymous_27)
FN:409,(anonymous_28)
FN:419,dashboardHealth
FN:440,dashboardUsers
FN:454,(anonymous_31)
FNF:24
FNH:23
FNDA:3,(anonymous_8)
FNDA:6,(anonymous_9)
FNDA:12,(anonymous_10)
FNDA:12,(anonymous_11)
FNDA:12,(anonymous_12)
FNDA:6,(anonymous_13)
FNDA:12,(anonymous_14)
FNDA:6,(anonymous_15)
FNDA:6,(anonymous_16)
FNDA:0,(anonymous_17)
FNDA:6,(anonymous_18)
FNDA:6,(anonymous_19)
FNDA:6,(anonymous_20)
FNDA:3,(anonymous_21)
FNDA:3,dashboardMain
FNDA:3,dashboardConversations
FNDA:3,dashboardServices
FNDA:9,(anonymous_25)
FNDA:3,dashboardHandlers
FNDA:3,(anonymous_27)
FNDA:3,(anonymous_28)
FNDA:3,dashboardHealth
FNDA:3,dashboardUsers
FNDA:3,(anonymous_31)
DA:2,3
DA:3,3
DA:4,3
DA:59,3
DA:60,3
DA:63,3
DA:64,3
DA:66,2
DA:71,6
DA:72,6
DA:73,6
DA:74,6
DA:76,6
DA:88,6
DA:89,6
DA:91,6
DA:92,6
DA:95,6
DA:97,6
DA:98,6
DA:100,6
DA:101,6
DA:103,6
DA:104,6
DA:107,6
DA:108,6
DA:109,6
DA:111,12
DA:112,12
DA:113,12
DA:115,6
DA:116,6
DA:117,6
DA:120,6
DA:124,6
DA:126,0
DA:131,6
DA:135,6
DA:146,6
DA:147,6
DA:149,6
DA:154,6
DA:155,12
DA:156,12
DA:158,12
DA:159,0
DA:161,12
DA:162,0
DA:164,12
DA:165,0
DA:167,12
DA:168,0
DA:170,12
DA:171,0
DA:173,12
DA:174,0
DA:176,12
DA:177,0
DA:179,12
DA:180,0
DA:184,0
DA:188,6
DA:192,6
DA:194,6
DA:195,6
DA:196,6
DA:202,6
DA:203,6
DA:204,6
DA:206,6
DA:207,6
DA:217,6
DA:218,6
DA:220,6
DA:221,0
DA:224,6
DA:225,0
DA:230,6
DA:231,6
DA:234,0
DA:238,6
DA:242,6
DA:246,6
DA:247,6
DA:249,6
DA:262,6
DA:264,6
DA:265,6
DA:266,6
DA:272,6
DA:273,6
DA:274,6
DA:284,0
DA:288,6
DA:292,3
DA:300,3
DA:318,3
DA:321,5
DA:322,3
DA:323,3
DA:325,3
DA:340,0
DA:345,5
DA:346,3
DA:347,3
DA:349,3
DA:359,0
DA:364,5
DA:365,3
DA:366,3
DA:368,3
DA:373,9
DA:375,3
DA:388,0
DA:393,5
DA:394,3
DA:395,3
DA:397,3
DA:405,3
DA:409,3
DA:414,0
DA:419,5
DA:420,3
DA:421,3
DA:423,3
DA:435,0
DA:440,5
DA:441,3
DA:442,3
DA:443,3
DA:445,3
DA:454,3
DA:459,0
LF:133
LH:113
BRDA:88,0,0,6
BRDA:146,1,0,6
BRDA:156,2,0,12
BRDA:156,2,1,12
BRDA:158,3,0,0
BRDA:158,4,0,12
BRDA:158,4,1,12
BRDA:161,5,0,0
BRDA:161,6,0,12
BRDA:161,6,1,12
BRDA:164,7,0,0
BRDA:164,8,0,12
BRDA:164,8,1,12
BRDA:167,9,0,0
BRDA:167,10,0,12
BRDA:167,10,1,12
BRDA:170,11,0,0
BRDA:173,12,0,0
BRDA:173,13,0,12
BRDA:173,13,1,12
BRDA:176,14,0,0
BRDA:176,15,0,12
BRDA:176,15,1,0
BRDA:179,16,0,0
BRDA:194,17,0,6
BRDA:204,18,0,6
BRDA:204,18,1,6
BRDA:206,19,0,6
BRDA:220,20,0,0
BRDA:220,21,0,6
BRDA:220,21,1,6
BRDA:224,22,0,0
BRDA:230,23,0,6
BRDA:230,24,0,6
BRDA:230,24,1,0
BRDA:255,25,0,6
BRDA:255,25,1,0
BRDA:261,26,0,0
BRDA:264,27,0,6
BRDA:276,28,0,6
BRDA:276,28,1,0
BRDA:276,28,2,0
BRDA:277,29,0,6
BRDA:277,29,1,0
BRDA:278,30,0,6
BRDA:278,30,1,0
BRDA:279,31,0,6
BRDA:279,31,1,0
BRDA:280,32,0,6
BRDA:280,32,1,0
BRDA:309,33,0,3
BRDA:309,33,1,0
BRDA:328,34,0,3
BRDA:328,34,1,0
BRDA:353,35,0,3
BRDA:353,35,1,0
BRDA:354,36,0,3
BRDA:354,36,1,0
BRDA:355,37,0,3
BRDA:355,37,1,0
BRDA:379,38,0,3
BRDA:379,38,1,0
BRDA:380,39,0,0
BRDA:380,39,1,3
BRDA:382,40,0,0
BRDA:382,40,1,3
BRDA:402,41,0,3
BRDA:402,41,1,0
BRDA:404,42,0,3
BRDA:404,42,1,0
BRDA:408,43,0,3
BRDA:408,43,1,0
BRDA:430,44,0,3
BRDA:430,44,1,0
BRDA:432,45,0,0
BRDA:432,45,1,3
BRDA:442,46,0,3
BRDA:442,46,1,2
BRDA:450,47,0,3
BRDA:450,47,1,0
BRDA:451,48,0,3
BRDA:451,48,1,0
BRDA:453,49,0,3
BRDA:453,49,1,0
BRF:84
BRH:48
end_of_record
TN:
SF:apps/backend-ts/src/handlers/analytics/registry.ts
FN:19,registerAnalyticsHandlers
FNF:1
FNH:0
FNDA:0,registerAnalyticsHandlers
DA:21,0
DA:22,0
DA:23,0
DA:33,0
DA:47,0
DA:48,0
DA:49,0
DA:59,0
DA:68,0
DA:71,0
LF:10
LH:0
BRDA:21,0,0,0
BRDA:21,1,0,0
BRDA:21,1,1,0
BRDA:47,2,0,0
BRDA:47,3,0,0
BRDA:47,3,1,0
BRF:6
BRH:0
end_of_record
TN:
SF:apps/backend-ts/src/handlers/analytics/weekly-report.ts
FN:17,getGmailService
FN:22,getUserConversations
FN:35,(anonymous_9)
FN:46,aggregateDailyConversations
FN:49,(anonymous_11)
FN:61,generateQualitativeAnalysis
FN:69,(anonymous_13)
FN:93,(anonymous_14)
FN:102,(anonymous_15)
FN:104,(anonymous_16)
FN:108,(anonymous_17)
FN:109,(anonymous_18)
FN:145,generatePerspective
FN:164,(anonymous_20)
FN:170,(anonymous_21)
FN:171,(anonymous_22)
FN:197,generateRecommendations
FN:235,extractKeyHighlights
FN:238,(anonymous_25)
FN:260,calculateAverageResponseTime
FN:261,(anonymous_27)
FN:261,(anonymous_28)
FN:265,(anonymous_29)
FN:270,countSuccessfulResolutions
FN:272,(anonymous_31)
FN:277,identifyFollowUps
FN:280,(anonymous_33)
FN:296,formatEmailReport
FN:327,(anonymous_35)
FN:355,(anonymous_36)
FN:365,(anonymous_37)
FN:378,(anonymous_38)
FN:402,sendEmailToZero
FN:446,saveReportToDrive
FN:478,generateWeeklyReport
FN:530,archiveProcessedConversations
FN:535,(anonymous_43)
FN:555,scheduleWeeklyReport
FN:571,getNextSunday
FN:581,generateMonthlyReport
FN:629,generateMonthlyAnalysis
FN:658,(anonymous_48)
FN:664,(anonymous_49)
FN:694,getWeeklyBreakdown
FN:697,(anonymous_51)
FN:710,calculateMonthlyTrends
FN:718,(anonymous_53)
FN:718,(anonymous_54)
FN:729,(anonymous_55)
FN:735,analyzeServiceEvolution
FN:738,(anonymous_57)
FN:758,(anonymous_58)
FN:763,(anonymous_59)
FN:773,(anonymous_60)
FN:778,analyzeClientPatterns
FN:783,(anonymous_62)
FN:803,(anonymous_63)
FN:812,calculateMonthlyPerformance
FN:814,(anonymous_65)
FN:818,(anonymous_66)
FN:821,(anonymous_67)
FN:832,(anonymous_68)
FN:838,(anonymous_69)
FN:843,generateExecutiveSummary
FN:880,extractWeekFocus
FN:883,(anonymous_72)
FN:888,(anonymous_73)
FN:894,calculateWeekEfficiency
FN:898,(anonymous_75)
FN:905,generateMonthlyStrategicRecommendations
FN:942,generateNextMonthPriorities
FN:950,(anonymous_78)
FN:967,formatMonthlyExecutiveReport
FN:1009,(anonymous_80)
FN:1022,(anonymous_81)
FN:1057,(anonymous_82)
FN:1091,(anonymous_83)
FN:1098,(anonymous_84)
FN:1120,sendMonthlyReportToZero
FN:1163,scheduleMonthlyReport
FNF:80
FNH:6
FNDA:0,getGmailService
FNDA:42,getUserConversations
FNDA:0,(anonymous_9)
FNDA:0,aggregateDailyConversations
FNDA:0,(anonymous_11)
FNDA:0,generateQualitativeAnalysis
FNDA:0,(anonymous_13)
FNDA:0,(anonymous_14)
FNDA:0,(anonymous_15)
FNDA:0,(anonymous_16)
FNDA:0,(anonymous_17)
FNDA:0,(anonymous_18)
FNDA:0,generatePerspective
FNDA:0,(anonymous_20)
FNDA:0,(anonymous_21)
FNDA:0,(anonymous_22)
FNDA:0,generateRecommendations
FNDA:0,extractKeyHighlights
FNDA:0,(anonymous_25)
FNDA:0,calculateAverageResponseTime
FNDA:0,(anonymous_27)
FNDA:0,(anonymous_28)
FNDA:0,(anonymous_29)
FNDA:0,countSuccessfulResolutions
FNDA:0,(anonymous_31)
FNDA:0,identifyFollowUps
FNDA:0,(anonymous_33)
FNDA:0,formatEmailReport
FNDA:0,(anonymous_35)
FNDA:0,(anonymous_36)
FNDA:0,(anonymous_37)
FNDA:0,(anonymous_38)
FNDA:0,sendEmailToZero
FNDA:0,saveReportToDrive
FNDA:3,generateWeeklyReport
FNDA:0,archiveProcessedConversations
FNDA:0,(anonymous_43)
FNDA:3,scheduleWeeklyReport
FNDA:3,getNextSunday
FNDA:3,generateMonthlyReport
FNDA:0,generateMonthlyAnalysis
FNDA:0,(anonymous_48)
FNDA:0,(anonymous_49)
FNDA:0,getWeeklyBreakdown
FNDA:0,(anonymous_51)
FNDA:0,calculateMonthlyTrends
FNDA:0,(anonymous_53)
FNDA:0,(anonymous_54)
FNDA:0,(anonymous_55)
FNDA:0,analyzeServiceEvolution
FNDA:0,(anonymous_57)
FNDA:0,(anonymous_58)
FNDA:0,(anonymous_59)
FNDA:0,(anonymous_60)
FNDA:0,analyzeClientPatterns
FNDA:0,(anonymous_62)
FNDA:0,(anonymous_63)
FNDA:0,calculateMonthlyPerformance
FNDA:0,(anonymous_65)
FNDA:0,(anonymous_66)
FNDA:0,(anonymous_67)
FNDA:0,(anonymous_68)
FNDA:0,(anonymous_69)
FNDA:0,generateExecutiveSummary
FNDA:0,extractWeekFocus
FNDA:0,(anonymous_72)
FNDA:0,(anonymous_73)
FNDA:0,calculateWeekEfficiency
FNDA:0,(anonymous_75)
FNDA:0,generateMonthlyStrategicRecommendations
FNDA:0,generateNextMonthPriorities
FNDA:0,(anonymous_78)
FNDA:0,formatMonthlyExecutiveReport
FNDA:0,(anonymous_80)
FNDA:0,(anonymous_81)
FNDA:0,(anonymous_82)
FNDA:0,(anonymous_83)
FNDA:0,(anonymous_84)
FNDA:0,sendMonthlyReportToZero
FNDA:3,scheduleMonthlyReport
DA:3,3
DA:4,3
DA:5,3
DA:6,3
DA:9,3
DA:10,3
DA:11,3
DA:14,3
DA:18,0
DA:23,42
DA:24,42
DA:25,0
DA:27,0
DA:35,0
DA:40,42
DA:41,42
DA:47,0
DA:49,0
DA:50,0
DA:51,0
DA:52,0
DA:54,0
DA:57,0
DA:62,0
DA:65,0
DA:66,0
DA:67,0
DA:69,0
DA:71,0
DA:74,0
DA:75,0
DA:78,0
DA:79,0
DA:80,0
DA:81,0
DA:82,0
DA:83,0
DA:84,0
DA:85,0
DA:86,0
DA:87,0
DA:91,0
DA:92,0
DA:93,0
DA:94,0
DA:95,0
DA:96,0
DA:101,0
DA:102,0
DA:104,0
DA:107,0
DA:108,0
DA:109,0
DA:112,0
DA:141,0
DA:151,0
DA:154,0
DA:155,0
DA:156,0
DA:157,0
DA:158,0
DA:160,0
DA:164,0
DA:165,0
DA:166,0
DA:170,0
DA:171,0
DA:173,0
DA:174,0
DA:175,0
DA:176,0
DA:180,0
DA:181,0
DA:182,0
DA:183,0
DA:185,0
DA:189,0
DA:190,0
DA:193,0
DA:202,0
DA:205,0
DA:206,0
DA:209,0
DA:210,0
DA:213,0
DA:214,0
DA:218,0
DA:219,0
DA:222,0
DA:223,0
DA:227,0
DA:228,0
DA:231,0
DA:236,0
DA:238,0
DA:239,0
DA:242,0
DA:243,0
DA:245,0
DA:246,0
DA:248,0
DA:249,0
DA:251,0
DA:252,0
DA:256,0
DA:261,0
DA:263,0
DA:265,0
DA:266,0
DA:271,0
DA:272,0
DA:278,0
DA:280,0
DA:281,0
DA:282,0
DA:288,0
DA:292,0
DA:297,0
DA:327,0
DA:328,0
DA:355,0
DA:365,0
DA:378,0
DA:388,0
DA:398,0
DA:403,0
DA:404,0
DA:405,0
DA:406,0
DA:409,0
DA:412,0
DA:422,0
DA:428,0
DA:435,0
DA:436,0
DA:438,0
DA:441,0
DA:447,0
DA:448,0
DA:449,0
DA:450,0
DA:453,0
DA:458,0
DA:463,0
DA:469,0
DA:470,0
DA:472,0
DA:473,0
DA:478,3
DA:479,3
DA:482,3
DA:483,3
DA:484,3
DA:486,3
DA:489,3
DA:490,21
DA:493,21
DA:495,21
DA:497,0
DA:498,0
DA:501,0
DA:504,0
DA:509,3
DA:510,0
DA:511,0
DA:513,0
DA:514,0
DA:521,3
DA:522,3
DA:531,0
DA:532,0
DA:533,0
DA:535,0
DA:536,0
DA:537,0
DA:543,0
DA:544,0
DA:547,0
DA:548,0
DA:550,0
DA:555,3
DA:556,3
DA:559,3
DA:560,0
DA:561,0
DA:563,3
DA:572,3
DA:573,3
DA:574,3
DA:575,3
DA:576,3
DA:577,3
DA:581,3
DA:582,3
DA:585,3
DA:586,3
DA:587,3
DA:589,3
DA:592,3
DA:593,21
DA:596,21
DA:598,21
DA:600,0
DA:601,0
DA:606,3
DA:607,0
DA:608,0
DA:610,0
DA:611,0
DA:621,3
DA:630,0
DA:633,0
DA:636,0
DA:639,0
DA:642,0
DA:645,0
DA:648,0
DA:650,0
DA:658,0
DA:664,0
DA:695,0
DA:697,0
DA:698,0
DA:699,0
DA:700,0
DA:701,0
DA:702,0
DA:706,0
DA:711,0
DA:712,0
DA:715,0
DA:717,0
DA:718,0
DA:722,0
DA:726,0
DA:729,0
DA:736,0
DA:738,0
DA:739,0
DA:740,0
DA:742,0
DA:743,0
DA:746,0
DA:747,0
DA:748,0
DA:752,0
DA:753,0
DA:755,0
DA:756,0
DA:758,0
DA:759,0
DA:760,0
DA:763,0
DA:764,0
DA:765,0
DA:768,0
DA:773,0
DA:779,0
DA:780,0
DA:781,0
DA:783,0
DA:784,0
DA:787,0
DA:788,0
DA:789,0
DA:790,0
DA:793,0
DA:794,0
DA:796,0
DA:797,0
DA:801,0
DA:803,0
DA:813,0
DA:814,0
DA:818,0
DA:820,0
DA:821,0
DA:822,0
DA:823,0
DA:824,0
DA:827,0
DA:828,0
DA:832,0
DA:834,0
DA:838,0
DA:849,0
DA:851,0
DA:853,0
DA:854,0
DA:855,0
DA:856,0
DA:858,0
DA:861,0
DA:862,0
DA:865,0
DA:866,0
DA:867,0
DA:868,0
DA:869,0
DA:870,0
DA:872,0
DA:873,0
DA:876,0
DA:881,0
DA:883,0
DA:884,0
DA:885,0
DA:888,0
DA:890,0
DA:895,0
DA:897,0
DA:898,0
DA:901,0
DA:911,0
DA:914,0
DA:915,0
DA:919,0
DA:920,0
DA:923,0
DA:924,0
DA:928,0
DA:929,0
DA:933,0
DA:934,0
DA:935,0
DA:938,0
DA:943,0
DA:946,0
DA:947,0
DA:950,0
DA:951,0
DA:955,0
DA:956,0
DA:960,0
DA:961,0
DA:963,0
DA:968,0
DA:970,0
DA:1008,0
DA:1009,0
DA:1013,0
DA:1022,0
DA:1024,0
DA:1026,0
DA:1057,0
DA:1091,0
DA:1098,0
DA:1104,0
DA:1116,0
DA:1122,0
DA:1125,0
DA:1126,0
DA:1127,0
DA:1128,0
DA:1131,0
DA:1141,0
DA:1147,0
DA:1154,0
DA:1155,0
DA:1157,0
DA:1158,0
DA:1163,3
DA:1164,3
DA:1165,3
DA:1167,3
DA:1168,0
DA:1169,0
DA:1171,3
DA:1172,3
DA:1180,3
LF:370
LH:54
BRDA:51,0,0,0
BRDA:71,1,0,0
BRDA:71,1,1,0
BRDA:75,2,0,0
BRDA:75,2,1,0
BRDA:78,3,0,0
BRDA:78,3,1,0
BRDA:79,4,0,0
BRDA:79,5,0,0
BRDA:79,5,1,0
BRDA:80,6,0,0
BRDA:80,7,0,0
BRDA:80,7,1,0
BRDA:81,8,0,0
BRDA:81,8,1,0
BRDA:82,9,0,0
BRDA:82,10,0,0
BRDA:82,10,1,0
BRDA:83,11,0,0
BRDA:83,11,1,0
BRDA:84,12,0,0
BRDA:84,13,0,0
BRDA:84,13,1,0
BRDA:85,14,0,0
BRDA:85,14,1,0
BRDA:86,15,0,0
BRDA:86,16,0,0
BRDA:86,16,1,0
BRDA:87,17,0,0
BRDA:87,17,1,0
BRDA:94,18,0,0
BRDA:155,19,0,0
BRDA:155,19,1,0
BRDA:157,20,0,0
BRDA:157,20,1,0
BRDA:165,21,0,0
BRDA:170,22,0,0
BRDA:170,22,1,0
BRDA:171,23,0,0
BRDA:171,23,1,0
BRDA:173,24,0,0
BRDA:173,24,1,0
BRDA:175,25,0,0
BRDA:180,26,0,0
BRDA:180,26,1,0
BRDA:182,27,0,0
BRDA:182,27,1,0
BRDA:189,28,0,0
BRDA:189,29,0,0
BRDA:189,29,1,0
BRDA:205,30,0,0
BRDA:205,31,0,0
BRDA:205,31,1,0
BRDA:209,32,0,0
BRDA:209,33,0,0
BRDA:209,33,1,0
BRDA:213,34,0,0
BRDA:213,35,0,0
BRDA:213,35,1,0
BRDA:218,36,0,0
BRDA:222,37,0,0
BRDA:227,38,0,0
BRDA:231,39,0,0
BRDA:231,39,1,0
BRDA:239,40,0,0
BRDA:239,40,1,0
BRDA:242,41,0,0
BRDA:242,42,0,0
BRDA:242,42,1,0
BRDA:245,43,0,0
BRDA:245,44,0,0
BRDA:245,44,1,0
BRDA:248,45,0,0
BRDA:248,46,0,0
BRDA:248,46,1,0
BRDA:251,47,0,0
BRDA:251,48,0,0
BRDA:251,48,1,0
BRDA:261,49,0,0
BRDA:261,49,1,0
BRDA:263,50,0,0
BRDA:272,51,0,0
BRDA:272,51,1,0
BRDA:272,51,2,0
BRDA:281,52,0,0
BRDA:281,52,1,0
BRDA:282,53,0,0
BRDA:283,54,0,0
BRDA:283,54,1,0
BRDA:283,54,2,0
BRDA:283,54,3,0
BRDA:360,55,0,0
BRDA:360,55,1,0
BRDA:373,56,0,0
BRDA:373,56,1,0
BRDA:405,57,0,0
BRDA:449,58,0,0
BRDA:455,59,0,0
BRDA:455,59,1,0
BRDA:495,60,0,0
BRDA:509,61,0,0
BRDA:509,61,1,3
BRDA:559,62,0,0
BRDA:559,62,1,3
BRDA:573,63,0,3
BRDA:573,63,1,0
BRDA:598,64,0,0
BRDA:606,65,0,0
BRDA:698,66,0,0
BRDA:701,67,0,0
BRDA:701,68,0,0
BRDA:701,68,1,0
BRDA:711,69,0,0
BRDA:711,69,1,0
BRDA:712,70,0,0
BRDA:712,70,1,0
BRDA:715,71,0,0
BRDA:715,71,1,0
BRDA:718,72,0,0
BRDA:718,72,1,0
BRDA:718,73,0,0
BRDA:718,73,1,0
BRDA:722,74,0,0
BRDA:722,74,1,0
BRDA:722,75,0,0
BRDA:722,75,1,0
BRDA:722,76,0,0
BRDA:722,76,1,0
BRDA:742,77,0,0
BRDA:748,78,0,0
BRDA:748,78,1,0
BRDA:752,79,0,0
BRDA:752,79,1,0
BRDA:753,80,0,0
BRDA:753,80,1,0
BRDA:759,81,0,0
BRDA:759,81,1,0
BRDA:760,82,0,0
BRDA:764,83,0,0
BRDA:764,83,1,0
BRDA:765,84,0,0
BRDA:773,85,0,0
BRDA:773,85,1,0
BRDA:784,86,0,0
BRDA:784,86,1,0
BRDA:787,87,0,0
BRDA:787,88,0,0
BRDA:787,88,1,0
BRDA:788,89,0,0
BRDA:788,90,0,0
BRDA:788,90,1,0
BRDA:789,91,0,0
BRDA:789,92,0,0
BRDA:789,92,1,0
BRDA:790,93,0,0
BRDA:790,94,0,0
BRDA:790,94,1,0
BRDA:793,95,0,0
BRDA:793,96,0,0
BRDA:793,96,1,0
BRDA:796,97,0,0
BRDA:796,98,0,0
BRDA:796,98,1,0
BRDA:796,98,2,0
BRDA:807,99,0,0
BRDA:807,99,1,0
BRDA:814,100,0,0
BRDA:814,100,1,0
BRDA:818,101,0,0
BRDA:818,101,1,0
BRDA:818,102,0,0
BRDA:818,102,1,0
BRDA:822,103,0,0
BRDA:827,104,0,0
BRDA:828,105,0,0
BRDA:828,105,1,0
BRDA:837,106,0,0
BRDA:837,106,1,0
BRDA:853,107,0,0
BRDA:853,107,1,0
BRDA:855,108,0,0
BRDA:855,108,1,0
BRDA:862,109,0,0
BRDA:862,109,1,0
BRDA:865,110,0,0
BRDA:865,110,1,0
BRDA:868,111,0,0
BRDA:868,111,1,0
BRDA:885,112,0,0
BRDA:885,112,1,0
BRDA:890,113,0,0
BRDA:890,113,1,0
BRDA:895,114,0,0
BRDA:898,115,0,0
BRDA:898,115,1,0
BRDA:914,116,0,0
BRDA:919,117,0,0
BRDA:923,118,0,0
BRDA:928,119,0,0
BRDA:933,120,0,0
BRDA:938,121,0,0
BRDA:938,121,1,0
BRDA:946,122,0,0
BRDA:955,123,0,0
BRDA:1024,124,0,0
BRDA:1024,124,1,0
BRDA:1024,125,0,0
BRDA:1024,125,1,0
BRDA:1072,126,0,0
BRDA:1072,126,1,0
BRDA:1079,127,0,0
BRDA:1079,127,1,0
BRDA:1127,128,0,0
BRDA:1167,129,0,0
BRDA:1167,129,1,3
BRF:215
BRH:4
end_of_record
TN:
SF:apps/backend-ts/src/handlers/auth/registry.ts
FN:11,registerAuthHandlers
FNF:1
FNH:0
FNDA:0,registerAuthHandlers
DA:13,0
DA:24,0
DA:27,0
LF:3
LH:0
BRF:0
BRH:0
end_of_record
TN:
SF:apps/backend-ts/src/handlers/auth/team-login-secure.ts
FN:241,checkRateLimit
FN:284,recordFailedAttempt
FN:298,clearLoginAttempts
FN:305,resetLoginAttempts
FN:324,teamLoginSecure
FN:420,verifyToken
FN:432,getTeamMemberList
FN:433,(anonymous_13)
FN:445,getPermissionsForRole
FN:470,getPersonalizedResponse
FNF:10
FNH:5
FNDA:0,checkRateLimit
FNDA:0,recordFailedAttempt
FNDA:0,clearLoginAttempts
FNDA:2,resetLoginAttempts
FNDA:4,teamLoginSecure
FNDA:2,verifyToken
FNDA:1,getTeamMemberList
FNDA:22,(anonymous_13)
FNDA:0,getPermissionsForRole
FNDA:0,getPersonalizedResponse
DA:7,3
DA:8,3
DA:9,3
DA:10,3
DA:11,3
DA:14,3
DA:15,3
DA:16,3
DA:17,3
DA:26,3
DA:29,3
DA:242,0
DA:243,0
DA:245,0
DA:246,0
DA:250,0
DA:251,0
DA:252,0
DA:260,0
DA:261,0
DA:262,0
DA:266,0
DA:267,0
DA:268,0
DA:270,0
DA:271,0
DA:278,0
DA:285,0
DA:286,0
DA:288,0
DA:289,0
DA:291,0
DA:299,0
DA:305,4
DA:306,2
DA:308,2
DA:309,2
DA:312,0
DA:313,0
DA:315,0
DA:324,6
DA:325,4
DA:328,4
DA:329,4
DA:332,0
DA:333,0
DA:337,0
DA:338,0
DA:339,0
DA:340,0
DA:344,0
DA:345,0
DA:346,0
DA:347,0
DA:348,0
DA:352,0
DA:353,0
DA:354,0
DA:355,0
DA:359,0
DA:361,0
DA:362,0
DA:363,0
DA:364,0
DA:366,0
DA:367,0
DA:375,0
DA:378,0
DA:391,0
DA:394,0
DA:397,0
DA:399,0
DA:420,2
DA:421,2
DA:422,2
DA:423,0
DA:425,2
DA:432,1
DA:433,22
DA:446,0
DA:464,0
DA:471,0
DA:478,0
LF:83
LH:25
BRDA:14,0,0,3
BRDA:14,0,1,3
BRDA:245,1,0,0
BRDA:250,2,0,0
BRDA:250,3,0,0
BRDA:250,3,1,0
BRDA:260,4,0,0
BRDA:260,5,0,0
BRDA:260,5,1,0
BRDA:266,6,0,0
BRDA:288,7,0,0
BRDA:288,7,1,0
BRDA:306,8,0,2
BRDA:306,8,1,0
BRDA:308,9,0,2
BRDA:325,10,0,4
BRDA:325,10,1,0
BRDA:328,11,0,4
BRDA:328,12,0,4
BRDA:328,12,1,0
BRDA:332,13,0,0
BRDA:338,14,0,0
BRDA:340,15,0,0
BRDA:340,15,1,0
BRDA:346,16,0,0
BRDA:352,17,0,0
BRDA:361,18,0,0
BRDA:364,19,0,0
BRDA:364,19,1,0
BRDA:368,20,0,0
BRDA:368,20,1,0
BRDA:409,21,0,0
BRDA:409,21,1,0
BRDA:438,22,0,22
BRDA:438,22,1,14
BRDA:464,23,0,0
BRDA:464,23,1,0
BRDA:478,24,0,0
BRDA:478,24,1,0
BRDA:478,24,2,0
BRF:40
BRH:9
end_of_record
TN:
SF:apps/backend-ts/src/handlers/auth/team-login.ts
FN:271,teamLogin
FN:344,getPermissionsForRole
FN:369,validateSession
FN:385,getTeamMembers
FN:386,(anonymous_10)
FN:398,logoutSession
FNF:6
FNH:6
FNDA:5,teamLogin
FNDA:3,getPermissionsForRole
FNDA:2,validateSession
FNDA:6,getTeamMembers
FNDA:132,(anonymous_10)
FNDA:2,logoutSession
DA:6,3
DA:7,3
DA:8,3
DA:9,3
DA:12,3
DA:266,3
DA:271,7
DA:272,5
DA:274,5
DA:275,2
DA:279,3
DA:280,3
DA:281,9
DA:285,3
DA:286,3
DA:290,3
DA:291,0
DA:295,3
DA:296,3
DA:304,3
DA:307,3
DA:308,3
DA:321,3
DA:323,3
DA:345,3
DA:363,3
DA:369,2
DA:370,2
DA:371,2
DA:372,2
DA:376,0
DA:377,0
DA:379,0
DA:385,6
DA:386,132
DA:398,2
DA:399,2
DA:400,2
DA:401,0
DA:402,0
DA:403,0
DA:405,2
LF:42
LH:35
BRDA:272,0,0,5
BRDA:272,0,1,0
BRDA:274,1,0,2
BRDA:281,2,0,3
BRDA:282,3,0,9
BRDA:282,3,1,6
BRDA:290,4,0,0
BRDA:307,5,0,3
BRDA:307,5,1,3
BRDA:363,6,0,3
BRDA:363,6,1,0
BRDA:371,7,0,2
BRDA:400,8,0,0
BRF:13
BRH:9
end_of_record
TN:
SF:apps/backend-ts/src/handlers/bali-zero/advisory.ts
FN:142,resolveKey
FN:152,documentPrepare
FN:168,assistantRoute
FNF:3
FNH:3
FNDA:6,resolveKey
FNDA:3,documentPrepare
FNDA:3,assistantRoute
DA:1,3
DA:2,3
DA:13,3
DA:124,3
DA:134,3
DA:143,6
DA:144,6
DA:145,2
DA:146,2
DA:147,2
DA:148,2
DA:149,2
DA:152,3
DA:153,3
DA:154,3
DA:155,0
DA:158,3
DA:168,3
DA:169,3
DA:170,3
DA:171,3
DA:173,3
LF:22
LH:21
BRDA:143,0,0,6
BRDA:143,0,1,2
BRDA:144,1,0,4
BRDA:145,2,0,0
BRDA:145,3,0,2
BRDA:145,3,1,2
BRDA:146,4,0,0
BRDA:147,5,0,0
BRDA:147,6,0,2
BRDA:147,6,1,2
BRDA:148,7,0,0
BRDA:152,8,0,0
BRDA:154,9,0,0
BRDA:161,10,0,3
BRDA:161,10,1,0
BRDA:162,11,0,3
BRDA:162,11,1,0
BRDA:168,12,0,0
BRDA:170,13,0,3
BRDA:170,13,1,0
BRDA:171,14,0,3
BRDA:171,14,1,2
BRDA:177,15,0,1
BRDA:177,15,1,2
BRDA:178,16,0,0
BRDA:178,16,1,1
BRF:26
BRH:15
end_of_record
TN:
SF:apps/backend-ts/src/handlers/bali-zero/bali-zero-pricing.ts
FN:210,baliZeroPricing
FN:251,(anonymous_4)
FN:253,(anonymous_5)
FN:292,baliZeroQuickPrice
FN:307,(anonymous_7)
FN:309,(anonymous_8)
FNF:6
FNH:6
FNDA:35,baliZeroPricing
FNDA:28,(anonymous_4)
FNDA:160,(anonymous_5)
FNDA:9,baliZeroQuickPrice
FNDA:49,(anonymous_7)
FNDA:280,(anonymous_8)
DA:15,4
DA:16,4
DA:18,4
DA:25,4
DA:210,39
DA:211,35
DA:213,34
DA:214,34
DA:222,34
DA:224,7
DA:225,7
DA:226,7
DA:228,3
DA:229,3
DA:231,0
DA:232,0
DA:234,2
DA:235,2
DA:237,2
DA:238,2
DA:241,20
DA:242,20
DA:246,34
DA:247,4
DA:248,4
DA:251,4
DA:252,28
DA:253,28
DA:254,160
DA:259,2
DA:260,2
DA:266,4
DA:267,2
DA:268,2
DA:270,2
DA:275,34
DA:281,34
DA:283,0
DA:292,13
DA:293,9
DA:295,9
DA:296,2
DA:303,7
DA:304,7
DA:305,7
DA:307,7
DA:308,49
DA:309,49
DA:310,280
DA:311,5
DA:312,5
DA:318,7
DA:319,5
DA:326,2
LF:54
LH:51
BRDA:222,0,0,7
BRDA:222,0,1,3
BRDA:222,0,2,0
BRDA:222,0,3,2
BRDA:222,0,4,2
BRDA:222,0,5,20
BRDA:222,0,6,20
BRDA:246,1,0,4
BRDA:252,2,0,28
BRDA:252,3,0,28
BRDA:252,3,1,28
BRDA:252,3,2,28
BRDA:254,4,0,2
BRDA:255,5,0,160
BRDA:255,5,1,158
BRDA:255,5,2,138
BRDA:259,6,0,2
BRDA:266,7,0,2
BRDA:266,7,1,2
BRDA:295,8,0,2
BRDA:308,9,0,49
BRDA:308,10,0,49
BRDA:308,10,1,49
BRDA:308,10,2,49
BRDA:310,11,0,5
BRDA:318,12,0,5
BRDA:318,12,1,2
BRF:27
BRH:26
end_of_record
TN:
SF:apps/backend-ts/src/handlers/bali-zero/kbli-complete.ts
FN:532,searchKBLIComplete
FN:536,(anonymous_5)
FN:537,(anonymous_6)
FN:566,kbliLookupComplete
FN:622,(anonymous_8)
FN:685,kbliBusinessAnalysis
FN:770,countTotalCodes
FN:772,(anonymous_11)
FN:777,getLicensingPath
FN:787,getProcessingTimeline
FN:797,getLocationRequirements
FN:807,getInvestmentAdvice
FN:816,getAlternativeSuggestions
FN:835,calculateCombinedAnalysis
FN:836,(anonymous_18)
FN:842,(anonymous_19)
FN:850,(anonymous_20)
FN:851,(anonymous_21)
FN:861,(anonymous_22)
FN:865,getRiskScore
FN:875,getRiskLevelFromScore
FN:885,getCombinedTimeline
FN:886,(anonymous_26)
FN:890,getRecommendedServices
FN:893,(anonymous_28)
FNF:25
FNH:25
FNDA:10,searchKBLIComplete
FNDA:80,(anonymous_5)
FNDA:300,(anonymous_6)
FNDA:20,kbliLookupComplete
FNDA:4,(anonymous_8)
FNDA:7,kbliBusinessAnalysis
FNDA:4,countTotalCodes
FNDA:32,(anonymous_11)
FNDA:18,getLicensingPath
FNDA:10,getProcessingTimeline
FNDA:5,getLocationRequirements
FNDA:5,getInvestmentAdvice
FNDA:1,getAlternativeSuggestions
FNDA:5,calculateCombinedAnalysis
FNDA:7,(anonymous_18)
FNDA:6,(anonymous_19)
FNDA:6,(anonymous_20)
FNDA:6,(anonymous_21)
FNDA:6,(anonymous_22)
FNDA:12,getRiskScore
FNDA:8,getRiskLevelFromScore
FNDA:4,getCombinedTimeline
FNDA:6,(anonymous_26)
FNDA:5,getRecommendedServices
FNDA:7,(anonymous_28)
DA:5,3
DA:12,3
DA:81,3
DA:91,3
DA:104,3
DA:533,10
DA:534,10
DA:536,10
DA:537,80
DA:538,300
DA:545,8
DA:550,10
DA:566,20
DA:567,20
DA:568,20
DA:570,19
DA:572,19
DA:574,14
DA:575,57
DA:576,12
DA:577,12
DA:602,2
DA:612,5
DA:614,1
DA:617,1
DA:622,4
DA:634,4
DA:636,3
DA:638,3
DA:655,1
DA:677,1
DA:678,1
DA:685,7
DA:686,7
DA:687,7
DA:689,7
DA:690,2
DA:696,5
DA:698,5
DA:700,5
DA:701,7
DA:702,7
DA:704,7
DA:705,6
DA:723,6
DA:725,1
DA:735,5
DA:737,5
DA:758,0
DA:759,0
DA:771,4
DA:772,32
DA:778,18
DA:784,18
DA:788,10
DA:794,10
DA:799,5
DA:808,5
DA:817,1
DA:825,1
DA:826,1
DA:827,5
DA:828,0
DA:832,1
DA:836,7
DA:838,5
DA:839,1
DA:842,4
DA:844,6
DA:847,6
DA:850,6
DA:851,6
DA:853,4
DA:861,6
DA:866,12
DA:872,12
DA:876,8
DA:882,8
DA:886,6
DA:887,4
DA:891,5
DA:893,5
DA:894,7
DA:895,6
DA:896,6
DA:898,6
DA:899,0
DA:902,6
DA:903,6
DA:906,6
DA:907,6
DA:911,5
LF:92
LH:88
BRDA:538,0,0,8
BRDA:539,1,0,300
BRDA:539,1,1,300
BRDA:539,1,2,297
BRDA:539,1,3,292
BRDA:539,1,4,292
BRDA:568,2,0,20
BRDA:568,2,1,0
BRDA:570,3,0,19
BRDA:570,3,1,17
BRDA:570,3,2,3
BRDA:570,3,3,2
BRDA:572,4,0,14
BRDA:575,5,0,12
BRDA:590,6,0,9
BRDA:590,6,1,3
BRDA:612,7,0,1
BRDA:612,8,0,5
BRDA:612,8,1,1
BRDA:634,9,0,3
BRDA:634,10,0,4
BRDA:634,10,1,2
BRDA:636,11,0,3
BRDA:636,11,1,1
BRDA:641,12,0,3
BRDA:641,12,1,1
BRDA:680,13,0,0
BRDA:680,13,1,0
BRDA:687,14,0,7
BRDA:687,14,1,0
BRDA:689,15,0,2
BRDA:689,16,0,7
BRDA:689,16,1,6
BRDA:704,17,0,6
BRDA:704,17,1,1
BRDA:717,18,0,5
BRDA:717,18,1,1
BRDA:718,19,0,5
BRDA:718,19,1,1
BRDA:761,20,0,0
BRDA:761,20,1,0
BRDA:784,21,0,18
BRDA:784,21,1,0
BRDA:794,22,0,10
BRDA:794,22,1,0
BRDA:801,23,0,5
BRDA:801,23,1,0
BRDA:812,24,0,5
BRDA:812,24,1,5
BRDA:827,25,0,0
BRDA:838,26,0,1
BRDA:844,27,0,5
BRDA:844,27,1,1
BRDA:847,28,0,6
BRDA:847,28,1,0
BRDA:859,29,0,0
BRDA:859,29,1,4
BRDA:872,30,0,12
BRDA:872,30,1,0
BRDA:882,31,0,8
BRDA:882,31,1,0
BRDA:894,32,0,6
BRDA:898,33,0,0
BRDA:902,34,0,6
BRDA:902,35,0,6
BRDA:902,35,1,6
BRF:66
BRH:51
end_of_record
TN:
SF:apps/backend-ts/src/handlers/bali-zero/kbli.ts
FN:207,searchKBLI
FN:211,(anonymous_5)
FN:212,(anonymous_6)
FN:228,kbliLookup
FN:284,(anonymous_8)
FN:299,kbliRequirements
FN:324,(anonymous_10)
FNF:7
FNH:2
FNDA:0,searchKBLI
FNDA:0,(anonymous_5)
FNDA:0,(anonymous_6)
FNDA:3,kbliLookup
FNDA:15,(anonymous_8)
FNDA:0,kbliRequirements
FNDA:0,(anonymous_10)
DA:1,3
DA:5,3
DA:208,0
DA:209,0
DA:211,0
DA:212,0
DA:213,0
DA:219,0
DA:224,0
DA:228,3
DA:229,3
DA:230,3
DA:232,3
DA:234,0
DA:235,0
DA:236,0
DA:245,0
DA:254,3
DA:256,0
DA:265,3
DA:267,0
DA:268,0
DA:279,3
DA:284,15
DA:291,0
DA:292,0
DA:299,0
DA:300,0
DA:301,0
DA:303,0
DA:304,0
DA:310,0
DA:312,0
DA:313,0
DA:324,0
DA:332,0
DA:355,0
DA:356,0
LF:38
LH:10
BRDA:213,0,0,0
BRDA:214,1,0,0
BRDA:214,1,1,0
BRDA:214,1,2,0
BRDA:214,1,3,0
BRDA:230,2,0,3
BRDA:230,2,1,3
BRDA:232,3,0,0
BRDA:235,4,0,0
BRDA:254,5,0,0
BRDA:254,6,0,3
BRDA:254,6,1,0
BRDA:265,7,0,0
BRDA:294,8,0,0
BRDA:294,8,1,0
BRDA:301,9,0,0
BRDA:301,9,1,0
BRDA:303,10,0,0
BRDA:312,11,0,0
BRDA:329,12,0,0
BRDA:329,12,1,0
BRDA:358,13,0,0
BRDA:358,13,1,0
BRF:23
BRH:3
end_of_record
TN:
SF:apps/backend-ts/src/handlers/bali-zero/oracle-universal.ts
FN:25,oracleUniversalQuery
FN:75,oracleCollections
FNF:2
FNH:2
FNDA:3,oracleUniversalQuery
FNDA:1,oracleCollections
DA:8,3
DA:9,3
DA:10,3
DA:12,3
DA:25,5
DA:26,3
DA:27,2
DA:30,1
DA:31,1
DA:45,1
DA:46,0
DA:49,1
DA:51,1
DA:55,1
DA:67,0
DA:68,0
DA:75,3
DA:76,1
DA:77,1
DA:84,1
DA:85,0
DA:88,1
DA:90,1
DA:96,0
DA:97,0
LF:25
LH:19
BRDA:26,0,0,2
BRDA:38,1,0,1
BRDA:38,1,1,1
BRDA:45,2,0,0
BRDA:84,3,0,0
BRF:5
BRH:3
end_of_record
TN:
SF:apps/backend-ts/src/handlers/bali-zero/oracle.ts
FN:100,resolveService
FN:110,deriveAdjustments
FN:117,(anonymous_6)
FN:131,timelineSummary
FN:138,oracleSimulate
FN:177,oracleAnalyze
FN:233,oraclePredict
FN:246,(anonymous_11)
FNF:8
FNH:8
FNDA:34,resolveService
FNDA:34,deriveAdjustments
FNDA:34,(anonymous_6)
FNDA:26,timelineSummary
FNDA:17,oracleSimulate
FNDA:8,oracleAnalyze
FNDA:9,oraclePredict
FNDA:36,(anonymous_11)
DA:1,3
DA:2,3
DA:3,3
DA:26,3
DA:101,34
DA:102,34
DA:103,25
DA:104,15
DA:105,9
DA:106,3
DA:107,1
DA:111,34
DA:112,34
DA:114,34
DA:115,34
DA:117,34
DA:118,34
DA:119,26
DA:120,23
DA:124,34
DA:128,34
DA:132,26
DA:133,22
DA:134,9
DA:135,0
DA:138,19
DA:139,17
DA:140,0
DA:141,0
DA:144,17
DA:145,17
DA:146,17
DA:147,0
DA:151,17
DA:152,17
DA:157,17
DA:159,17
DA:177,10
DA:178,8
DA:179,0
DA:180,0
DA:183,8
DA:184,8
DA:186,8
DA:188,8
DA:233,11
DA:234,9
DA:235,0
DA:236,0
DA:239,9
DA:240,9
DA:241,9
DA:243,9
DA:244,9
DA:246,36
DA:253,9
LF:56
LH:48
BRDA:101,0,0,34
BRDA:101,0,1,1
BRDA:102,1,0,9
BRDA:103,2,0,10
BRDA:103,3,0,25
BRDA:103,3,1,16
BRDA:104,4,0,6
BRDA:105,5,0,6
BRDA:106,6,0,2
BRDA:106,7,0,3
BRDA:106,7,1,1
BRDA:111,8,0,34
BRDA:111,8,1,22
BRDA:112,9,0,34
BRDA:112,9,1,21
BRDA:114,10,0,6
BRDA:114,10,1,28
BRDA:114,11,0,4
BRDA:114,11,1,24
BRDA:115,12,0,6
BRDA:115,12,1,28
BRDA:115,13,0,6
BRDA:115,13,1,22
BRDA:118,14,0,8
BRDA:118,15,0,34
BRDA:118,15,1,28
BRDA:119,16,0,3
BRDA:119,17,0,26
BRDA:119,17,1,5
BRDA:125,18,0,6
BRDA:125,18,1,28
BRDA:125,19,0,6
BRDA:125,19,1,22
BRDA:126,20,0,6
BRDA:126,20,1,28
BRDA:132,21,0,4
BRDA:133,22,0,13
BRDA:134,23,0,9
BRDA:138,24,0,0
BRDA:139,25,0,0
BRDA:141,26,0,0
BRDA:141,27,0,0
BRDA:141,27,1,0
BRDA:146,28,0,0
BRDA:161,29,0,17
BRDA:161,29,1,15
BRDA:162,30,0,17
BRDA:162,30,1,16
BRDA:177,31,0,0
BRDA:178,32,0,0
BRDA:180,33,0,0
BRDA:180,34,0,0
BRDA:180,34,1,0
BRDA:194,35,0,1
BRDA:194,35,1,7
BRDA:203,36,0,1
BRDA:203,36,1,7
BRDA:226,37,0,3
BRDA:226,37,1,5
BRDA:226,38,0,2
BRDA:226,38,1,3
BRDA:227,39,0,3
BRDA:227,39,1,5
BRDA:227,40,0,8
BRDA:227,40,1,5
BRDA:233,41,0,0
BRDA:234,42,0,0
BRDA:236,43,0,0
BRDA:236,44,0,0
BRDA:236,44,1,0
BRDA:250,45,0,36
BRDA:250,45,1,27
BRDA:267,46,0,2
BRDA:267,46,1,7
BRDA:268,47,0,2
BRDA:268,47,1,7
BRF:76
BRH:60
end_of_record
TN:
SF:apps/backend-ts/src/handlers/bali-zero/pricing-invoices.ts
FN:49,generateInvoiceData
FN:90,generateInvoice
FN:153,getInvoiceDetails
FN:223,getInvoiceHistory
FN:246,(anonymous_10)
FN:250,(anonymous_11)
FN:264,(anonymous_12)
FN:265,(anonymous_13)
FN:266,(anonymous_14)
FN:268,(anonymous_15)
FN:284,downloadInvoice
FN:319,calculateInvoiceTotals
FNF:12
FNH:0
FNDA:0,generateInvoiceData
FNDA:0,generateInvoice
FNDA:0,getInvoiceDetails
FNDA:0,getInvoiceHistory
FNDA:0,(anonymous_10)
FNDA:0,(anonymous_11)
FNDA:0,(anonymous_12)
FNDA:0,(anonymous_13)
FNDA:0,(anonymous_14)
FNDA:0,(anonymous_15)
FNDA:0,downloadInvoice
FNDA:0,calculateInvoiceTotals
DA:12,2
DA:13,2
DA:14,2
DA:16,2
DA:28,2
DA:50,0
DA:62,0
DA:65,0
DA:67,0
DA:69,0
DA:70,0
DA:72,0
DA:73,0
DA:74,0
DA:76,0
DA:90,2
DA:91,0
DA:92,0
DA:93,0
DA:95,0
DA:97,0
DA:142,0
DA:144,0
DA:145,0
DA:153,2
DA:154,0
DA:155,0
DA:157,0
DA:158,0
DA:164,0
DA:167,0
DA:180,0
DA:213,0
DA:215,0
DA:216,0
DA:223,2
DA:224,0
DA:225,0
DA:226,0
DA:229,0
DA:230,0
DA:238,0
DA:239,0
DA:240,0
DA:241,0
DA:246,0
DA:248,0
DA:250,0
DA:264,0
DA:265,0
DA:266,0
DA:268,0
DA:273,0
DA:275,0
DA:276,0
DA:284,2
DA:285,0
DA:286,0
DA:288,0
DA:289,0
DA:294,0
DA:296,0
DA:309,0
DA:311,0
DA:312,0
DA:319,2
DA:320,0
DA:321,0
DA:323,0
DA:324,0
DA:336,0
DA:338,0
DA:339,0
DA:341,0
DA:342,0
DA:343,0
DA:344,0
DA:351,0
DA:352,0
DA:354,0
DA:372,0
DA:374,0
DA:375,0
LF:83
LH:10
BRDA:62,0,0,0
BRDA:62,0,1,0
BRDA:67,1,0,0
BRDA:67,1,1,0
BRDA:84,2,0,0
BRDA:84,2,1,0
BRDA:155,3,0,0
BRDA:155,3,1,0
BRDA:157,4,0,0
BRDA:194,5,0,0
BRDA:194,5,1,0
BRDA:203,6,0,0
BRDA:203,6,1,0
BRDA:204,7,0,0
BRDA:204,7,1,0
BRDA:209,8,0,0
BRDA:209,8,1,0
BRDA:225,9,0,0
BRDA:225,9,1,0
BRDA:246,10,0,0
BRDA:246,10,1,0
BRDA:286,11,0,0
BRDA:286,12,0,0
BRDA:286,12,1,0
BRDA:288,13,0,0
BRDA:321,14,0,0
BRDA:321,15,0,0
BRDA:321,15,1,0
BRDA:323,16,0,0
BRDA:323,17,0,0
BRDA:323,17,1,0
BRDA:342,18,0,0
BRDA:342,18,1,0
BRF:33
BRH:0
end_of_record
TN:
SF:apps/backend-ts/src/handlers/bali-zero/pricing-subscription.ts
FN:140,getSubscriptionPlans
FN:169,(anonymous_5)
FN:213,getSubscriptionDetails
FN:261,calculateSubscriptionRenewal
FNF:4
FNH:0
FNDA:0,getSubscriptionPlans
FNDA:0,(anonymous_5)
FNDA:0,getSubscriptionDetails
FNDA:0,calculateSubscriptionRenewal
DA:12,2
DA:13,2
DA:14,2
DA:16,2
DA:22,2
DA:28,2
DA:140,2
DA:141,0
DA:142,0
DA:143,0
DA:148,0
DA:154,0
DA:156,0
DA:157,0
DA:158,0
DA:165,0
DA:169,0
DA:170,0
DA:177,0
DA:180,0
DA:181,0
DA:187,0
DA:193,0
DA:199,0
DA:201,0
DA:202,0
DA:213,2
DA:214,0
DA:215,0
DA:216,0
DA:219,0
DA:220,0
DA:221,0
DA:222,0
DA:223,0
DA:227,0
DA:228,0
DA:234,0
DA:250,0
DA:252,0
DA:253,0
DA:261,2
DA:262,0
DA:263,0
DA:265,0
DA:266,0
DA:271,0
DA:272,0
DA:275,0
DA:276,0
DA:277,0
DA:278,0
DA:279,0
DA:280,0
DA:283,0
DA:287,0
DA:296,0
DA:297,0
LF:58
LH:9
BRDA:142,0,0,0
BRDA:142,0,1,0
BRDA:154,1,0,0
BRDA:154,1,1,0
BRDA:157,2,0,0
BRDA:157,2,1,0
BRDA:160,3,0,0
BRDA:160,3,1,0
BRDA:162,4,0,0
BRDA:162,4,1,0
BRDA:174,5,0,0
BRDA:174,5,1,0
BRDA:221,6,0,0
BRDA:227,7,0,0
BRDA:236,8,0,0
BRDA:236,8,1,0
BRDA:263,9,0,0
BRDA:263,9,1,0
BRDA:265,10,0,0
BRDA:265,11,0,0
BRDA:265,11,1,0
BRDA:275,12,0,0
BRDA:275,12,1,0
BRDA:277,13,0,0
BRDA:277,13,1,0
BRDA:279,14,0,0
BRDA:293,15,0,0
BRDA:293,15,1,0
BRF:28
BRH:0
end_of_record
TN:
SF:apps/backend-ts/src/handlers/bali-zero/pricing-upgrade.ts
FN:59,calculateUpgradeCost
FN:173,processUpgrade
FN:225,getUpgradeOptions
FN:239,(anonymous_7)
FN:250,(anonymous_8)
FNF:5
FNH:0
FNDA:0,calculateUpgradeCost
FNDA:0,processUpgrade
FNDA:0,getUpgradeOptions
FNDA:0,(anonymous_7)
FNDA:0,(anonymous_8)
DA:12,2
DA:13,2
DA:14,2
DA:16,2
DA:24,2
DA:31,2
DA:59,2
DA:60,0
DA:61,0
DA:62,0
DA:65,0
DA:66,0
DA:67,0
DA:69,0
DA:70,0
DA:76,0
DA:77,0
DA:85,0
DA:86,0
DA:89,0
DA:90,0
DA:91,0
DA:92,0
DA:94,0
DA:97,0
DA:98,0
DA:99,0
DA:101,0
DA:138,0
DA:139,0
DA:141,0
DA:142,0
DA:146,0
DA:147,0
DA:151,0
DA:152,0
DA:156,0
DA:157,0
DA:162,0
DA:164,0
DA:165,0
DA:173,2
DA:174,0
DA:175,0
DA:176,0
DA:183,0
DA:184,0
DA:185,0
DA:188,0
DA:190,0
DA:214,0
DA:216,0
DA:217,0
DA:225,2
DA:226,0
DA:227,0
DA:229,0
DA:230,0
DA:236,0
DA:237,0
DA:239,0
DA:246,0
DA:250,0
DA:257,0
DA:258,0
LF:65
LH:9
BRDA:69,0,0,0
BRDA:76,1,0,0
BRDA:76,2,0,0
BRDA:76,2,1,0
BRDA:90,3,0,0
BRDA:90,3,1,0
BRDA:106,4,0,0
BRDA:106,4,1,0
BRDA:131,5,0,0
BRDA:131,5,1,0
BRDA:132,6,0,0
BRDA:132,6,1,0
BRDA:141,7,0,0
BRDA:146,8,0,0
BRDA:151,9,0,0
[...]
FN:84,(anonymous_2)
FN:90,(anonymous_3)
FN:92,(anonymous_4)
FN:114,(anonymous_5)
FN:151,(anonymous_6)
FN:160,(anonymous_7)
FN:172,(anonymous_8)
FN:183,(anonymous_9)
FN:189,(anonymous_10)
FN:199,(anonymous_11)
FN:211,(anonymous_12)
FN:214,(anonymous_13)
FN:218,(anonymous_14)
FN:249,(anonymous_15)
FN:264,(anonymous_16)
FN:278,(anonymous_17)
FN:283,(anonymous_18)
FN:290,(anonymous_19)
FN:308,(anonymous_20)
FN:315,(anonymous_21)
FN:328,setupIOSCompatibleWebSocket
FNF:23
FNH:0
FNDA:0,(anonymous_0)
FNDA:0,(anonymous_1)
FNDA:0,(anonymous_2)
FNDA:0,(anonymous_3)
FNDA:0,(anonymous_4)
FNDA:0,(anonymous_5)
FNDA:0,(anonymous_6)
FNDA:0,(anonymous_7)
FNDA:0,(anonymous_8)
FNDA:0,(anonymous_9)
FNDA:0,(anonymous_10)
FNDA:0,(anonymous_11)
FNDA:0,(anonymous_12)
FNDA:0,(anonymous_13)
FNDA:0,(anonymous_14)
FNDA:0,(anonymous_15)
FNDA:0,(anonymous_16)
FNDA:0,(anonymous_17)
FNDA:0,(anonymous_18)
FNDA:0,(anonymous_19)
FNDA:0,(anonymous_20)
FNDA:0,(anonymous_21)
FNDA:0,setupIOSCompatibleWebSocket
DA:39,0
DA:44,0
DA:53,0
DA:75,0
DA:76,0
DA:83,0
DA:84,0
DA:92,0
DA:93,0
DA:94,0
DA:95,0
DA:97,0
DA:98,0
DA:101,0
DA:102,0
DA:103,0
DA:106,0
DA:107,0
DA:110,0
DA:114,0
DA:115,0
DA:116,0
DA:117,0
DA:120,0
DA:123,0
DA:133,0
DA:135,0
DA:138,0
DA:141,0
DA:151,0
DA:152,0
DA:153,0
DA:160,0
DA:161,0
DA:162,0
DA:163,0
DA:165,0
DA:172,0
DA:173,0
DA:174,0
DA:177,0
DA:178,0
DA:183,0
DA:184,0
DA:185,0
DA:189,0
DA:190,0
DA:191,0
DA:193,0
DA:199,0
DA:200,0
DA:201,0
DA:205,0
DA:212,0
DA:214,0
DA:215,0
DA:216,0
DA:218,0
DA:219,0
DA:221,0
DA:222,0
DA:223,0
DA:227,0
DA:228,0
DA:229,0
DA:234,0
DA:235,0
DA:236,0
DA:241,0
DA:256,0
DA:264,0
DA:265,0
DA:266,0
DA:267,0
DA:269,0
DA:272,0
DA:282,0
DA:283,0
DA:286,0
DA:287,0
DA:290,0
DA:291,0
DA:292,0
DA:294,0
DA:302,0
DA:309,0
DA:316,0
DA:317,0
DA:319,0
DA:320,0
DA:321,0
DA:332,0
LF:92
LH:0
BRDA:43,0,0,0
BRDA:45,1,0,0
BRDA:45,1,1,0
BRDA:46,2,0,0
BRDA:46,2,1,0
BRDA:47,3,0,0
BRDA:47,3,1,0
BRDA:48,4,0,0
BRDA:48,4,1,0
BRDA:49,5,0,0
BRDA:49,5,1,0
BRDA:55,6,0,0
BRDA:55,6,1,0
BRDA:94,7,0,0
BRDA:94,7,1,0
BRDA:97,8,0,0
BRDA:106,9,0,0
BRDA:120,10,0,0
BRDA:120,10,1,0
BRDA:147,11,0,0
BRDA:147,11,1,0
BRDA:155,12,0,0
BRDA:155,12,1,0
BRDA:161,13,0,0
BRDA:161,13,1,0
BRDA:177,14,0,0
BRDA:177,15,0,0
BRDA:177,15,1,0
BRDA:195,16,0,0
BRDA:195,16,1,0
BRDA:212,17,0,0
BRDA:221,18,0,0
BRDA:221,19,0,0
BRDA:221,19,1,0
BRDA:228,20,0,0
BRDA:234,21,0,0
BRDA:234,22,0,0
BRDA:234,22,1,0
BRDA:265,23,0,0
BRDA:266,24,0,0
BRDA:267,25,0,0
BRDA:269,26,0,0
BRDA:269,26,1,0
BRDA:286,27,0,0
BRDA:292,28,0,0
BRDA:292,29,0,0
BRDA:292,29,1,0
BRDA:316,30,0,0
BRF:48
BRH:0
end_of_record
TN:
SF:apps/backend-ts/src/services/persistent-team/EnhancedTeamHandler.ts
FN:31,(anonymous_0)
FN:36,(anonymous_1)
FN:45,(anonymous_2)
FN:87,(anonymous_3)
FN:143,(anonymous_4)
FN:166,(anonymous_5)
FN:186,(anonymous_6)
FN:189,(anonymous_7)
FN:197,(anonymous_8)
FN:200,(anonymous_9)
FN:207,(anonymous_10)
FN:210,(anonymous_11)
FN:217,(anonymous_12)
FN:230,(anonymous_13)
FN:247,(anonymous_14)
FN:277,(anonymous_15)
FN:291,(anonymous_16)
FN:305,(anonymous_17)
FN:345,(anonymous_18)
FN:358,(anonymous_19)
FN:385,(anonymous_20)
FN:402,(anonymous_21)
FN:429,(anonymous_22)
FN:450,(anonymous_23)
FN:492,(anonymous_24)
FNF:25
FNH:0
FNDA:0,(anonymous_0)
FNDA:0,(anonymous_1)
FNDA:0,(anonymous_2)
FNDA:0,(anonymous_3)
FNDA:0,(anonymous_4)
FNDA:0,(anonymous_5)
FNDA:0,(anonymous_6)
FNDA:0,(anonymous_7)
FNDA:0,(anonymous_8)
FNDA:0,(anonymous_9)
FNDA:0,(anonymous_10)
FNDA:0,(anonymous_11)
FNDA:0,(anonymous_12)
FNDA:0,(anonymous_13)
FNDA:0,(anonymous_14)
FNDA:0,(anonymous_15)
FNDA:0,(anonymous_16)
FNDA:0,(anonymous_17)
FNDA:0,(anonymous_18)
FNDA:0,(anonymous_19)
FNDA:0,(anonymous_20)
FNDA:0,(anonymous_21)
FNDA:0,(anonymous_22)
FNDA:0,(anonymous_23)
FNDA:0,(anonymous_24)
DA:32,0
DA:33,0
DA:37,0
DA:38,0
DA:46,0
DA:48,0
DA:54,0
DA:55,0
DA:59,0
DA:60,0
DA:63,0
DA:64,0
DA:67,0
DA:71,0
DA:73,0
DA:74,0
DA:91,0
DA:93,0
DA:94,0
DA:102,0
DA:103,0
DA:106,0
DA:109,0
DA:112,0
DA:113,0
DA:117,0
DA:118,0
DA:122,0
DA:123,0
DA:127,0
DA:128,0
DA:131,0
DA:144,0
DA:146,0
DA:148,0
DA:149,0
DA:151,0
DA:152,0
DA:154,0
DA:155,0
DA:157,0
DA:161,0
DA:163,0
DA:167,0
DA:170,0
DA:171,0
DA:175,0
DA:176,0
DA:180,0
DA:181,0
DA:183,0
DA:187,0
DA:189,0
DA:190,0
DA:191,0
DA:194,0
DA:198,0
DA:200,0
DA:201,0
DA:204,0
DA:208,0
DA:210,0
DA:211,0
DA:214,0
DA:218,0
DA:220,0
DA:221,0
DA:224,0
DA:227,0
DA:231,0
DA:234,0
DA:235,0
DA:238,0
DA:248,0
DA:265,0
DA:278,0
DA:288,0
DA:292,0
DA:298,0
DA:306,0
DA:307,0
DA:309,0
DA:310,0
DA:314,0
DA:317,0
DA:324,0
DA:337,0
DA:338,0
DA:346,0
DA:347,0
DA:350,0
DA:351,0
DA:355,0
DA:358,0
DA:368,0
DA:377,0
DA:378,0
DA:386,0
DA:387,0
DA:389,0
DA:390,0
DA:394,0
DA:397,0
DA:402,0
DA:412,0
DA:421,0
DA:422,0
DA:430,0
DA:431,0
DA:433,0
DA:438,0
DA:439,0
DA:451,0
DA:453,0
DA:455,0
DA:456,0
DA:460,0
DA:464,0
DA:475,0
DA:480,0
DA:481,0
DA:493,0
LF:122
LH:0
BRDA:54,0,0,0
BRDA:59,1,0,0
BRDA:63,2,0,0
BRDA:93,3,0,0
BRDA:112,4,0,0
BRDA:117,5,0,0
BRDA:122,6,0,0
BRDA:127,7,0,0
BRDA:146,8,0,0
BRDA:146,8,1,0
BRDA:146,8,2,0
BRDA:146,8,3,0
BRDA:170,9,0,0
BRDA:170,10,0,0
BRDA:170,10,1,0
BRDA:175,11,0,0
BRDA:175,12,0,0
BRDA:175,12,1,0
BRDA:180,13,0,0
BRDA:180,13,1,0
BRDA:220,14,0,0
BRDA:231,15,0,0
BRDA:231,15,1,0
BRDA:234,16,0,0
BRDA:241,17,0,0
BRDA:241,17,1,0
BRDA:242,18,0,0
BRDA:242,18,1,0
BRDA:288,19,0,0
BRDA:288,19,1,0
BRDA:298,20,0,0
BRDA:298,20,1,0
BRDA:309,21,0,0
BRDA:309,22,0,0
BRDA:309,22,1,0
BRDA:309,22,2,0
BRDA:350,23,0,0
BRDA:350,23,1,0
BRDA:373,24,0,0
BRDA:373,24,1,0
BRDA:387,25,0,0
BRDA:389,26,0,0
BRDA:455,27,0,0
BRDA:455,28,0,0
BRDA:455,28,1,0
BRDA:455,28,2,0
BRDA:455,28,3,0
BRDA:455,28,4,0
BRF:48
BRH:0
end_of_record
TN:
SF:apps/backend-ts/src/services/persistent-team/TeamKnowledgeEngine.ts
FN:111,(anonymous_0)
FN:121,(anonymous_1)
FN:136,(anonymous_2)
FN:181,(anonymous_3)
FN:227,(anonymous_4)
FN:243,(anonymous_5)
FN:268,(anonymous_6)
FN:285,(anonymous_7)
FN:314,(anonymous_8)
FN:330,(anonymous_9)
FN:355,(anonymous_10)
FN:376,(anonymous_11)
FN:396,(anonymous_12)
FN:438,(anonymous_13)
FN:451,(anonymous_14)
FN:488,(anonymous_15)
FN:515,(anonymous_16)
FN:535,(anonymous_17)
FN:554,(anonymous_18)
FN:579,(anonymous_19)
FN:600,(anonymous_20)
FN:612,(anonymous_21)
FN:638,(anonymous_22)
FN:650,(anonymous_23)
FN:654,(anonymous_24)
FN:658,(anonymous_25)
FN:693,(anonymous_26)
FN:712,(anonymous_27)
FN:729,(anonymous_28)
FN:754,(anonymous_29)
FN:787,(anonymous_30)
FN:809,(anonymous_31)
FN:819,(anonymous_32)
FN:843,(anonymous_33)
FN:854,(anonymous_34)
FN:859,(anonymous_35)
FN:863,(anonymous_36)
FN:867,(anonymous_37)
FNF:38
FNH:0
FNDA:0,(anonymous_0)
FNDA:0,(anonymous_1)
FNDA:0,(anonymous_2)
FNDA:0,(anonymous_3)
FNDA:0,(anonymous_4)
FNDA:0,(anonymous_5)
FNDA:0,(anonymous_6)
FNDA:0,(anonymous_7)
FNDA:0,(anonymous_8)
FNDA:0,(anonymous_9)
FNDA:0,(anonymous_10)
FNDA:0,(anonymous_11)
FNDA:0,(anonymous_12)
FNDA:0,(anonymous_13)
FNDA:0,(anonymous_14)
FNDA:0,(anonymous_15)
FNDA:0,(anonymous_16)
FNDA:0,(anonymous_17)
FNDA:0,(anonymous_18)
FNDA:0,(anonymous_19)
FNDA:0,(anonymous_20)
FNDA:0,(anonymous_21)
FNDA:0,(anonymous_22)
FNDA:0,(anonymous_23)
FNDA:0,(anonymous_24)
FNDA:0,(anonymous_25)
FNDA:0,(anonymous_26)
FNDA:0,(anonymous_27)
FNDA:0,(anonymous_28)
FNDA:0,(anonymous_29)
FNDA:0,(anonymous_30)
FNDA:0,(anonymous_31)
FNDA:0,(anonymous_32)
FNDA:0,(anonymous_33)
FNDA:0,(anonymous_34)
FNDA:0,(anonymous_35)
FNDA:0,(anonymous_36)
FNDA:0,(anonymous_37)
DA:112,0
DA:123,0
DA:124,0
DA:125,0
DA:126,0
DA:128,0
DA:137,0
DA:138,0
DA:139,0
DA:143,0
DA:145,0
DA:146,0
DA:159,0
DA:160,0
DA:163,0
DA:166,0
DA:168,0
DA:177,0
DA:182,0
DA:183,0
DA:184,0
DA:195,0
DA:197,0
DA:198,0
DA:201,0
DA:202,0
DA:223,0
DA:228,0
DA:229,0
DA:230,0
DA:241,0
DA:243,0
DA:264,0
DA:269,0
DA:270,0
DA:271,0
DA:283,0
DA:285,0
DA:306,0
DA:315,0
DA:316,0
DA:317,0
DA:328,0
DA:330,0
DA:351,0
DA:356,0
DA:357,0
DA:358,0
DA:365,0
DA:367,0
DA:368,0
DA:369,0
DA:372,0
DA:374,0
DA:376,0
DA:388,0
DA:401,0
DA:402,0
DA:404,0
DA:411,0
DA:412,0
DA:415,0
DA:421,0
DA:422,0
DA:425,0
DA:436,0
DA:437,0
DA:438,0
DA:441,0
DA:447,0
DA:454,0
DA:455,0
DA:456,0
DA:465,0
DA:480,0
DA:481,0
DA:484,0
DA:489,0
DA:490,0
DA:491,0
DA:499,0
DA:511,0
DA:516,0
DA:517,0
DA:518,0
DA:525,0
DA:527,0
DA:536,0
DA:537,0
DA:538,0
DA:552,0
DA:554,0
DA:575,0
DA:585,0
DA:586,0
DA:588,0
DA:589,0
DA:590,0
DA:593,0
DA:598,0
DA:599,0
DA:600,0
DA:601,0
DA:605,0
DA:610,0
DA:611,0
DA:612,0
DA:613,0
DA:619,0
DA:620,0
DA:621,0
DA:623,0
DA:630,0
DA:639,0
DA:651,0
DA:655,0
DA:664,0
DA:666,0
DA:679,0
DA:680,0
DA:682,0
DA:683,0
DA:688,0
DA:689,0
DA:693,0
DA:704,0
DA:706,0
DA:714,0
DA:715,0
DA:716,0
DA:718,0
DA:720,0
DA:722,0
DA:731,0
DA:732,0
DA:735,0
DA:736,0
DA:738,0
DA:739,0
DA:742,0
DA:743,0
DA:744,0
DA:745,0
DA:751,0
DA:772,0
DA:775,0
DA:778,0
DA:780,0
DA:794,0
DA:795,0
DA:796,0
DA:807,0
DA:809,0
DA:815,0
DA:827,0
DA:828,0
DA:829,0
DA:841,0
DA:843,0
DA:850,0
DA:855,0
DA:856,0
DA:860,0
DA:864,0
DA:868,0
LF:165
LH:0
BRDA:145,0,0,0
BRDA:197,1,0,0
BRDA:210,2,0,0
BRDA:210,2,1,0
BRDA:211,3,0,0
BRDA:211,3,1,0
BRDA:212,4,0,0
BRDA:212,4,1,0
BRDA:214,5,0,0
BRDA:214,5,1,0
BRDA:215,6,0,0
BRDA:215,6,1,0
BRDA:251,7,0,0
BRDA:251,7,1,0
BRDA:252,8,0,0
BRDA:252,8,1,0
BRDA:253,9,0,0
BRDA:253,9,1,0
BRDA:255,10,0,0
BRDA:255,10,1,0
BRDA:256,11,0,0
BRDA:256,11,1,0
BRDA:293,12,0,0
BRDA:293,12,1,0
BRDA:294,13,0,0
BRDA:294,13,1,0
BRDA:295,14,0,0
BRDA:295,14,1,0
BRDA:297,15,0,0
BRDA:297,15,1,0
BRDA:298,16,0,0
BRDA:298,16,1,0
BRDA:338,17,0,0
BRDA:338,17,1,0
BRDA:339,18,0,0
BRDA:339,18,1,0
BRDA:340,19,0,0
BRDA:340,19,1,0
BRDA:342,20,0,0
BRDA:342,20,1,0
BRDA:343,21,0,0
BRDA:343,21,1,0
BRDA:367,22,0,0
BRDA:383,23,0,0
BRDA:383,23,1,0
BRDA:480,24,0,0
BRDA:480,25,0,0
BRDA:480,25,1,0
BRDA:535,26,0,0
BRDA:562,27,0,0
BRDA:562,27,1,0
BRDA:563,28,0,0
BRDA:563,28,1,0
BRDA:564,29,0,0
BRDA:564,29,1,0
BRDA:566,30,0,0
BRDA:566,30,1,0
BRDA:567,31,0,0
BRDA:567,31,1,0
BRDA:621,32,0,0
BRDA:621,32,1,0
BRDA:682,33,0,0
BRDA:688,34,0,0
BRDA:714,35,0,0
BRDA:714,36,0,0
BRDA:714,36,1,0
BRDA:716,37,0,0
BRDA:720,38,0,0
BRDA:738,39,0,0
BRDA:738,40,0,0
BRDA:738,40,1,0
BRDA:742,41,0,0
BRDA:744,42,0,0
BRDA:744,43,0,0
BRDA:744,43,1,0
BRDA:772,44,0,0
BRDA:772,44,1,0
BRDA:778,45,0,0
BRDA:778,45,1,0
BRDA:810,46,0,0
BRDA:810,46,1,0
BRDA:856,47,0,0
BRDA:856,47,1,0
BRF:83
BRH:0
end_of_record
TN:
SF:apps/backend-ts/src/services/vector/chroma.ts
FN:6,chromaStore
FN:14,(anonymous_1)
FNF:2
FNH:0
FNDA:0,chromaStore
FNDA:0,(anonymous_1)
DA:8,0
DA:10,0
DA:12,0
DA:15,0
DA:17,0
DA:18,0
DA:20,0
DA:21,0
LF:8
LH:0
BRDA:8,0,0,0
BRDA:8,0,1,0
BRF:2
BRH:0
end_of_record
TN:
SF:apps/backend-ts/src/services/vector/memory-vector.ts
FN:8,memoryVectorStore
FN:16,(anonymous_1)
FN:21,(anonymous_2)
FN:27,(anonymous_3)
FN:31,(anonymous_4)
FN:32,(anonymous_5)
FN:33,(anonymous_6)
FN:34,(anonymous_7)
FN:35,(anonymous_8)
FN:40,(anonymous_9)
FN:43,(anonymous_10)
FN:44,(anonymous_11)
FNF:12
FNH:0
FNDA:0,memoryVectorStore
FNDA:0,(anonymous_1)
FNDA:0,(anonymous_2)
FNDA:0,(anonymous_3)
FNDA:0,(anonymous_4)
FNDA:0,(anonymous_5)
FNDA:0,(anonymous_6)
FNDA:0,(anonymous_7)
FNDA:0,(anonymous_8)
FNDA:0,(anonymous_9)
FNDA:0,(anonymous_10)
FNDA:0,(anonymous_11)
DA:9,0
DA:10,0
DA:12,0
DA:14,0
DA:17,0
DA:18,0
DA:22,0
DA:23,0
DA:24,0
DA:28,0
DA:32,0
DA:33,0
DA:34,0
DA:35,0
DA:36,0
DA:37,0
DA:40,0
DA:44,0
DA:45,0
LF:19
LH:0
BRDA:28,0,0,0
BRDA:28,0,1,0
BRDA:31,1,0,0
BRDA:33,2,0,0
BRDA:33,2,1,0
BRDA:36,3,0,0
BRDA:36,3,1,0
BRF:7
BRH:0
end_of_record
TN:
SF:apps/backend-ts/src/services/vector/qdrant.ts
FN:8,qdrantStore
FN:13,(anonymous_1)
FN:17,(anonymous_2)
FN:25,qdrantLegacyStore
FN:30,(anonymous_4)
FN:34,(anonymous_5)
FNF:6
FNH:0
FNDA:0,qdrantStore
FNDA:0,(anonymous_1)
FNDA:0,(anonymous_2)
FNDA:0,qdrantLegacyStore
FNDA:0,(anonymous_4)
FNDA:0,(anonymous_5)
DA:9,0
DA:11,0
DA:14,0
DA:15,0
DA:18,0
DA:19,0
DA:26,0
DA:28,0
DA:31,0
DA:32,0
DA:35,0
DA:36,0
LF:12
LH:0
BRF:0
BRH:0
end_of_record
TN:
SF:apps/backend-ts/src/services/zero-tools/bash.ts
FN:42,bashZero
FN:53,(anonymous_1)
FN:72,(anonymous_2)
FN:113,gitStatusZero
FN:120,gitDiffZero
FN:128,gitLogZero
FN:135,npmRunZero
FN:142,healthCheckZero
FN:148,(anonymous_8)
FN:150,(anonymous_9)
FN:153,(anonymous_10)
FN:156,(anonymous_11)
FNF:12
FNH:0
FNDA:0,bashZero
FNDA:0,(anonymous_1)
FNDA:0,(anonymous_2)
FNDA:0,gitStatusZero
FNDA:0,gitDiffZero
FNDA:0,gitLogZero
FNDA:0,npmRunZero
FNDA:0,healthCheckZero
FNDA:0,(anonymous_8)
FNDA:0,(anonymous_9)
FNDA:0,(anonymous_10)
FNDA:0,(anonymous_11)
DA:9,0
DA:11,0
DA:14,0
DA:49,0
DA:51,0
DA:52,0
DA:53,0
DA:56,0
DA:57,0
DA:64,0
DA:72,0
DA:73,0
DA:79,0
DA:81,0
DA:93,0
DA:100,0
DA:114,0
DA:121,0
DA:122,0
DA:129,0
DA:136,0
DA:143,0
DA:148,0
DA:150,0
DA:152,0
DA:153,0
DA:156,0
LF:27
LH:0
BRDA:11,0,0,0
BRDA:11,0,1,0
BRDA:44,1,0,0
BRDA:51,2,0,0
BRDA:51,2,1,0
BRDA:53,3,0,0
BRDA:53,3,1,0
BRDA:56,4,0,0
BRDA:72,5,0,0
BRDA:79,6,0,0
BRDA:79,6,1,0
BRDA:83,7,0,0
BRDA:83,7,1,0
BRDA:89,8,0,0
BRDA:89,8,1,0
BRDA:121,9,0,0
BRDA:121,9,1,0
BRDA:128,10,0,0
BRF:18
BRH:0
end_of_record
TN:
SF:apps/backend-ts/src/services/zero-tools/deployment.ts
FN:31,deployBackendZero
FN:47,(anonymous_1)
FN:79,deployRagZero
FN:94,(anonymous_3)
FN:126,checkWorkflowStatusZero
FN:157,listRecentDeploymentsZero
FN:182,(anonymous_6)
FNF:7
FNH:0
FNDA:0,deployBackendZero
FNDA:0,(anonymous_1)
FNDA:0,deployRagZero
FNDA:0,(anonymous_3)
FNDA:0,checkWorkflowStatusZero
FNDA:0,listRecentDeploymentsZero
FNDA:0,(anonymous_6)
DA:8,0
DA:9,0
DA:10,0
DA:32,0
DA:33,0
DA:34,0
DA:37,0
DA:39,0
DA:47,0
DA:49,0
DA:56,0
DA:58,0
DA:59,0
DA:60,0
DA:61,0
DA:63,0
DA:64,0
DA:67,0
DA:69,0
DA:80,0
DA:81,0
DA:82,0
DA:85,0
DA:87,0
DA:94,0
DA:96,0
DA:103,0
DA:105,0
DA:106,0
DA:107,0
DA:108,0
DA:110,0
DA:111,0
DA:114,0
DA:116,0
DA:127,0
DA:128,0
DA:129,0
DA:132,0
DA:134,0
DA:140,0
DA:147,0
DA:169,0
DA:170,0
DA:171,0
DA:174,0
DA:176,0
DA:182,0
DA:190,0
DA:198,0
DA:199,0
DA:202,0
DA:205,0
DA:210,0
LF:54
LH:0
BRDA:33,0,0,0
BRDA:59,1,0,0
BRDA:63,2,0,0
BRDA:81,3,0,0
BRDA:106,4,0,0
BRDA:110,5,0,0
BRDA:128,6,0,0
BRDA:157,7,0,0
BRDA:170,8,0,0
BRDA:192,9,0,0
BRDA:192,9,1,0
BRDA:193,10,0,0
BRDA:193,10,1,0
BRDA:198,11,0,0
BRF:14
BRH:0
end_of_record
TN:
SF:apps/backend-ts/src/services/zero-tools/filesystem.ts
FN:35,readFileZero
FN:65,editFileZero
FN:115,writeFileZero
FN:136,globZero
FN:163,listDirectoryZero
FN:181,escapeRegex
FNF:6
FNH:0
FNDA:0,readFileZero
FNDA:0,editFileZero
FNDA:0,writeFileZero
FNDA:0,globZero
FNDA:0,listDirectoryZero
FNDA:0,escapeRegex
DA:9,0
DA:36,0
DA:37,0
DA:40,0
DA:41,0
DA:44,0
DA:45,0
DA:46,0
DA:48,0
DA:55,0
DA:71,0
DA:72,0
DA:74,0
DA:75,0
DA:78,0
DA:81,0
DA:83,0
DA:84,0
DA:87,0
DA:88,0
DA:92,0
DA:93,0
DA:95,0
DA:98,0
DA:100,0
DA:105,0
DA:119,0
DA:120,0
DA:122,0
DA:123,0
DA:126,0
DA:127,0
DA:129,0
DA:137,0
DA:139,0
DA:141,0
DA:147,0
DA:153,0
DA:166,0
DA:167,0
DA:169,0
DA:170,0
DA:173,0
DA:174,0
DA:176,0
DA:182,0
LF:46
LH:0
BRDA:9,0,0,0
BRDA:9,0,1,0
BRDA:40,1,0,0
BRDA:57,2,0,0
BRDA:57,2,1,0
BRDA:69,3,0,0
BRDA:74,4,0,0
BRDA:81,5,0,0
BRDA:81,5,1,0
BRDA:83,6,0,0
BRDA:87,7,0,0
BRDA:87,8,0,0
BRDA:87,8,1,0
BRDA:92,9,0,0
BRDA:92,9,1,0
BRDA:102,10,0,0
BRDA:102,10,1,0
BRDA:122,11,0,0
BRDA:164,12,0,0
BRDA:169,13,0,0
BRF:20
BRH:0
end_of_record
TN:
SF:apps/backend-ts/src/utils/errors.ts
FNF:0
FNH:0
DA:1,0
DA:2,196
DA:3,0
DA:4,0
DA:5,0
LF:5
LH:1
BRF:0
BRH:0
end_of_record
TN:
SF:apps/backend-ts/src/utils/handlers-list.ts
FN:16,(anonymous_0)
FN:21,(anonymous_1)
FN:42,extractHandlers
FN:75,(anonymous_3)
FN:81,(anonymous_4)
FN:87,getHandlersList
FN:111,(anonymous_6)
FN:131,getHandlerInfo
FN:134,(anonymous_8)
FN:153,handlerExists
FN:156,(anonymous_10)
FNF:11
FNH:0
FNDA:0,(anonymous_0)
FNDA:0,(anonymous_1)
FNDA:0,extractHandlers
FNDA:0,(anonymous_3)
FNDA:0,(anonymous_4)
FNDA:0,getHandlersList
FNDA:0,(anonymous_6)
FNDA:0,getHandlerInfo
FNDA:0,(anonymous_8)
FNDA:0,handlerExists
FNDA:0,(anonymous_10)
DA:16,0
DA:17,0
DA:18,0
DA:21,0
DA:22,0
DA:23,0
DA:27,0
DA:35,0
DA:36,0
DA:37,0
DA:44,0
DA:45,0
DA:47,0
DA:48,0
DA:49,0
DA:51,0
DA:54,0
DA:56,0
DA:60,0
DA:63,0
DA:64,0
DA:65,0
DA:66,0
DA:68,0
DA:72,0
DA:73,0
DA:74,0
DA:75,0
DA:76,0
DA:77,0
DA:81,0
DA:89,0
DA:90,0
DA:91,0
DA:94,0
DA:95,0
DA:98,0
DA:99,0
DA:100,0
DA:101,0
DA:103,0
DA:107,0
DA:109,0
DA:110,0
DA:111,0
DA:112,0
DA:115,0
DA:116,0
DA:118,0
DA:119,0
DA:121,0
DA:123,0
DA:124,0
DA:132,0
DA:133,0
DA:134,0
DA:136,0
DA:138,0
DA:139,0
DA:140,0
DA:142,0
DA:144,0
DA:146,0
DA:154,0
DA:155,0
DA:156,0
DA:158,0
LF:67
LH:0
BRDA:17,0,0,0
BRDA:22,1,0,0
BRDA:65,2,0,0
BRDA:65,2,1,0
BRDA:66,3,0,0
BRDA:66,3,1,0
BRDA:68,4,0,0
BRDA:68,4,1,0
BRDA:75,5,0,0
BRDA:75,6,0,0
BRDA:75,6,1,0
BRDA:76,7,0,0
BRDA:76,7,1,0
BRDA:90,8,0,0
BRDA:90,9,0,0
BRDA:90,9,1,0
BRDA:100,10,0,0
BRDA:136,11,0,0
BRDA:139,12,0,0
BRF:19
BRH:0
end_of_record
TN:
SF:apps/backend-ts/src/utils/hash.ts
FN:3,createHash
FN:7,stableHash
FNF:2
FNH:0
FNDA:0,createHash
FNDA:0,stableHash
DA:4,0
DA:8,0
DA:9,0
LF:3
LH:0
BRF:0
BRH:0
end_of_record
TN:
SF:apps/backend-ts/src/utils/logging.ts
FN:7,(anonymous_0)
FN:11,(anonymous_1)
FN:20,(anonymous_2)
FN:24,(anonymous_3)
FNF:4
FNH:0
FNDA:0,(anonymous_0)
FNDA:0,(anonymous_1)
FNDA:0,(anonymous_2)
FNDA:0,(anonymous_3)
DA:7,0
DA:8,0
DA:11,0
DA:12,0
DA:17,0
DA:20,0
DA:21,0
DA:24,0
DA:25,0
DA:29,0
LF:10
LH:0
BRF:0
BRH:0
end_of_record
TN:
SF:apps/backend-ts/src/utils/pubsub.ts
FN:18,getRedisConfig
FN:20,(anonymous_1)
FN:44,createRedisClient
FN:48,(anonymous_3)
FN:53,(anonymous_4)
FN:57,(anonymous_5)
FN:62,(anonymous_6)
FN:165,(anonymous_7)
FN:184,(anonymous_8)
FN:189,(anonymous_9)
FN:197,(anonymous_10)
FN:212,(anonymous_11)
FN:220,(anonymous_12)
FN:228,(anonymous_13)
FN:241,(anonymous_14)
FN:252,(anonymous_15)
FN:272,notifyUser
FN:282,queueAIJob
FN:289,publishAIResult
FN:296,invalidateCache
FN:307,sendChatMessage
FN:314,trackEvent
FN:322,(anonymous_22)
FN:327,(anonymous_23)
FNF:24
FNH:0
FNDA:0,getRedisConfig
FNDA:0,(anonymous_1)
FNDA:0,createRedisClient
FNDA:0,(anonymous_3)
FNDA:0,(anonymous_4)
FNDA:0,(anonymous_5)
FNDA:0,(anonymous_6)
FNDA:0,(anonymous_7)
FNDA:0,(anonymous_8)
FNDA:0,(anonymous_9)
FNDA:0,(anonymous_10)
FNDA:0,(anonymous_11)
FNDA:0,(anonymous_12)
FNDA:0,(anonymous_13)
FNDA:0,(anonymous_14)
FNDA:0,(anonymous_15)
FNDA:0,notifyUser
FNDA:0,queueAIJob
FNDA:0,publishAIResult
FNDA:0,invalidateCache
FNDA:0,sendChatMessage
FNDA:0,trackEvent
FNDA:0,(anonymous_22)
FNDA:0,(anonymous_23)
DA:15,0
DA:19,0
DA:21,0
DA:22,0
DA:23,0
DA:25,0
DA:34,0
DA:35,0
DA:40,0
DA:45,0
DA:46,0
DA:48,0
DA:49,0
DA:53,0
DA:54,0
DA:57,0
DA:58,0
DA:62,0
DA:63,0
DA:64,0
DA:67,0
DA:69,0
DA:70,0
DA:75,0
DA:78,0
DA:81,0
DA:82,0
DA:88,0
DA:166,0
DA:167,0
DA:168,0
DA:170,0
DA:171,0
DA:172,0
DA:173,0
DA:174,0
DA:176,0
DA:177,0
DA:185,0
DA:186,0
DA:187,0
DA:189,0
DA:190,0
DA:191,0
DA:192,0
DA:194,0
DA:197,0
DA:198,0
DA:199,0
DA:200,0
DA:201,0
DA:203,0
DA:216,0
DA:217,0
DA:218,0
DA:220,0
DA:221,0
DA:222,0
DA:223,0
DA:225,0
DA:228,0
DA:229,0
DA:230,0
DA:231,0
DA:233,0
DA:242,0
DA:243,0
DA:245,0
DA:246,0
DA:253,0
DA:254,0
DA:256,0
DA:257,0
DA:259,0
DA:260,0
DA:273,0
DA:283,0
DA:290,0
DA:297,0
DA:308,0
DA:315,0
DA:322,0
DA:323,0
DA:324,0
DA:327,0
DA:328,0
DA:329,0
LF:87
LH:0
BRDA:21,0,0,0
BRDA:34,1,0,0
BRDA:34,2,0,0
BRDA:34,2,1,0
BRDA:75,3,0,0
BRDA:75,3,1,0
BRDA:78,4,0,0
BRDA:78,4,1,0
BRDA:81,5,0,0
BRDA:166,6,0,0
BRDA:185,7,0,0
BRDA:190,8,0,0
BRDA:198,9,0,0
BRDA:216,10,0,0
BRDA:221,11,0,0
BRDA:242,12,0,0
BRDA:253,13,0,0
BRDA:256,14,0,0
BRDA:259,15,0,0
BRDA:259,16,0,0
BRDA:259,16,1,0
BRDA:317,17,0,0
BRDA:317,17,1,0
BRF:23
BRH:0
end_of_record
TN:
SF:apps/backend-ts/src/utils/response.ts
FN:4,ok
FN:8,err
FNF:2
FNH:2
FNDA:231,ok
FNDA:22,err
DA:4,231
DA:5,231
DA:8,22
DA:9,22
LF:4
LH:4
BRF:0
BRH:0
end_of_record
TN:
SF:apps/backend-ts/src/utils/retry.ts
FN:1,withRetry
FN:14,(anonymous_1)
FNF:2
FNH:0
FNDA:0,withRetry
FNDA:0,(anonymous_1)
DA:5,0
DA:7,0
DA:8,0
DA:9,0
DA:11,0
DA:12,0
DA:14,0
DA:18,0
LF:8
LH:0
BRDA:3,0,0,0
BRDA:5,1,0,0
BRDA:5,2,0,0
BRDA:11,3,0,0
BRF:4
BRH:0
end_of_record
TN:
SF:apps/backend-ts/src/utils/text.ts
FN:1,cleanMarkdown
FN:16,toPlainIfEnabled
FNF:2
FNH:0
FNDA:0,cleanMarkdown
FNDA:0,toPlainIfEnabled
DA:2,0
DA:3,0
DA:4,0
DA:12,0
DA:18,0
DA:21,0
LF:6
LH:0
BRDA:2,0,0,0
BRDA:18,1,0,0
BRDA:18,1,1,0
BRDA:18,1,2,0
BRDA:21,2,0,0
BRDA:21,2,1,0
BRF:6
BRH:0
end_of_record
